[0.037s] Invoking command in '/home/yusuf/Guzergah_SDT/build/openslam_gmapping': CMAKE_PREFIX_PATH=${CMAKE_PREFIX_PATH}:/opt/ros/humble /usr/bin/cmake --build /home/yusuf/Guzergah_SDT/build/openslam_gmapping -- -j8 -l8
[0.128s] [ 13%] Built target sensor_base
[0.128s] [ 27%] Built target utils
[0.216s] [ 40%] Built target sensor_range
[0.222s] [ 54%] Built target sensor_odometry
[0.359s] [ 77%] Built target scanmatcher
[0.482s] [100%] Built target gridfastslam
[0.552s] Invoked command in '/home/yusuf/Guzergah_SDT/build/openslam_gmapping' returned '0': CMAKE_PREFIX_PATH=${CMAKE_PREFIX_PATH}:/opt/ros/humble /usr/bin/cmake --build /home/yusuf/Guzergah_SDT/build/openslam_gmapping -- -j8 -l8
[0.644s] Invoking command in '/home/yusuf/Guzergah_SDT/build/openslam_gmapping': CMAKE_PREFIX_PATH=${CMAKE_PREFIX_PATH}:/opt/ros/humble /usr/bin/cmake --install /home/yusuf/Guzergah_SDT/build/openslam_gmapping
[0.657s] -- Install configuration: ""
[0.657s] -- Up-to-date: /home/yusuf/Guzergah_SDT/install/openslam_gmapping/share/openslam_gmapping/environment/library_path.sh
[0.660s] -- Up-to-date: /home/yusuf/Guzergah_SDT/install/openslam_gmapping/share/openslam_gmapping/environment/library_path.dsv
[0.661s] -- Up-to-date: /home/yusuf/Guzergah_SDT/install/openslam_gmapping/include/
[0.666s] -- Up-to-date: /home/yusuf/Guzergah_SDT/install/openslam_gmapping/include//gmapping
[0.667s] -- Up-to-date: /home/yusuf/Guzergah_SDT/install/openslam_gmapping/include//gmapping/gridfastslam
[0.667s] -- Up-to-date: /home/yusuf/Guzergah_SDT/install/openslam_gmapping/include//gmapping/gridfastslam/gridslamprocessor.h
[0.667s] -- Up-to-date: /home/yusuf/Guzergah_SDT/install/openslam_gmapping/include//gmapping/gridfastslam/gridslamprocessor.hxx
[0.667s] -- Up-to-date: /home/yusuf/Guzergah_SDT/install/openslam_gmapping/include//gmapping/gridfastslam/motionmodel.h
[0.668s] -- Up-to-date: /home/yusuf/Guzergah_SDT/install/openslam_gmapping/include//gmapping/particlefilter
[0.668s] -- Up-to-date: /home/yusuf/Guzergah_SDT/install/openslam_gmapping/include//gmapping/particlefilter/particlefilter.h
[0.669s] -- Up-to-date: /home/yusuf/Guzergah_SDT/install/openslam_gmapping/include//gmapping/grid
[0.669s] -- Up-to-date: /home/yusuf/Guzergah_SDT/install/openslam_gmapping/include//gmapping/grid/map.h
[0.669s] -- Up-to-date: /home/yusuf/Guzergah_SDT/install/openslam_gmapping/include//gmapping/grid/array2d.h
[0.669s] -- Up-to-date: /home/yusuf/Guzergah_SDT/install/openslam_gmapping/include//gmapping/grid/harray2d.h
[0.670s] -- Up-to-date: /home/yusuf/Guzergah_SDT/install/openslam_gmapping/include//gmapping/grid/accessstate.h
[0.670s] -- Up-to-date: /home/yusuf/Guzergah_SDT/install/openslam_gmapping/include//gmapping/sensor
[0.673s] -- Up-to-date: /home/yusuf/Guzergah_SDT/install/openslam_gmapping/include//gmapping/sensor/sensor_base
[0.674s] -- Up-to-date: /home/yusuf/Guzergah_SDT/install/openslam_gmapping/include//gmapping/sensor/sensor_base/sensor.h
[0.675s] -- Up-to-date: /home/yusuf/Guzergah_SDT/install/openslam_gmapping/include//gmapping/sensor/sensor_base/sensorreading.h
[0.682s] -- Up-to-date: /home/yusuf/Guzergah_SDT/install/openslam_gmapping/include//gmapping/sensor/sensor_range
[0.684s] -- Up-to-date: /home/yusuf/Guzergah_SDT/install/openslam_gmapping/include//gmapping/sensor/sensor_range/rangereading.h
[0.685s] -- Up-to-date: /home/yusuf/Guzergah_SDT/install/openslam_gmapping/include//gmapping/sensor/sensor_range/rangesensor.h
[0.688s] -- Up-to-date: /home/yusuf/Guzergah_SDT/install/openslam_gmapping/include//gmapping/sensor/sensor_odometry
[0.690s] -- Up-to-date: /home/yusuf/Guzergah_SDT/install/openslam_gmapping/include//gmapping/sensor/sensor_odometry/odometryreading.h
[0.691s] -- Up-to-date: /home/yusuf/Guzergah_SDT/install/openslam_gmapping/include//gmapping/sensor/sensor_odometry/odometrysensor.h
[0.692s] -- Up-to-date: /home/yusuf/Guzergah_SDT/install/openslam_gmapping/include//gmapping/scanmatcher
[0.692s] -- Up-to-date: /home/yusuf/Guzergah_SDT/install/openslam_gmapping/include//gmapping/scanmatcher/scanmatcher.h
[0.693s] -- Up-to-date: /home/yusuf/Guzergah_SDT/install/openslam_gmapping/include//gmapping/scanmatcher/icp.h
[0.694s] -- Up-to-date: /home/yusuf/Guzergah_SDT/install/openslam_gmapping/include//gmapping/scanmatcher/smmap.h
[0.695s] -- Up-to-date: /home/yusuf/Guzergah_SDT/install/openslam_gmapping/include//gmapping/log
[0.695s] -- Up-to-date: /home/yusuf/Guzergah_SDT/install/openslam_gmapping/include//gmapping/log/configuration.h
[0.696s] -- Up-to-date: /home/yusuf/Guzergah_SDT/install/openslam_gmapping/include//gmapping/log/sensorlog.h
[0.696s] -- Up-to-date: /home/yusuf/Guzergah_SDT/install/openslam_gmapping/include//gmapping/utils
[0.697s] -- Up-to-date: /home/yusuf/Guzergah_SDT/install/openslam_gmapping/include//gmapping/utils/commandline.h
[0.698s] -- Up-to-date: /home/yusuf/Guzergah_SDT/install/openslam_gmapping/include//gmapping/utils/point.h
[0.698s] -- Up-to-date: /home/yusuf/Guzergah_SDT/install/openslam_gmapping/include//gmapping/utils/autoptr.h
[0.698s] -- Up-to-date: /home/yusuf/Guzergah_SDT/install/openslam_gmapping/include//gmapping/utils/macro_params.h
[0.699s] -- Up-to-date: /home/yusuf/Guzergah_SDT/install/openslam_gmapping/include//gmapping/utils/stat.h
[0.699s] -- Up-to-date: /home/yusuf/Guzergah_SDT/install/openslam_gmapping/include//gmapping/utils/gvalues.h
[0.699s] -- Up-to-date: /home/yusuf/Guzergah_SDT/install/openslam_gmapping/share/ament_index/resource_index/package_run_dependencies/openslam_gmapping
[0.699s] -- Up-to-date: /home/yusuf/Guzergah_SDT/install/openslam_gmapping/share/ament_index/resource_index/parent_prefix_path/openslam_gmapping
[0.699s] -- Up-to-date: /home/yusuf/Guzergah_SDT/install/openslam_gmapping/share/openslam_gmapping/environment/ament_prefix_path.sh
[0.700s] -- Up-to-date: /home/yusuf/Guzergah_SDT/install/openslam_gmapping/share/openslam_gmapping/environment/ament_prefix_path.dsv
[0.700s] -- Up-to-date: /home/yusuf/Guzergah_SDT/install/openslam_gmapping/share/openslam_gmapping/environment/path.sh
[0.700s] -- Up-to-date: /home/yusuf/Guzergah_SDT/install/openslam_gmapping/share/openslam_gmapping/environment/path.dsv
[0.700s] -- Up-to-date: /home/yusuf/Guzergah_SDT/install/openslam_gmapping/share/openslam_gmapping/local_setup.bash
[0.700s] -- Up-to-date: /home/yusuf/Guzergah_SDT/install/openslam_gmapping/share/openslam_gmapping/local_setup.sh
[0.700s] -- Up-to-date: /home/yusuf/Guzergah_SDT/install/openslam_gmapping/share/openslam_gmapping/local_setup.zsh
[0.701s] -- Up-to-date: /home/yusuf/Guzergah_SDT/install/openslam_gmapping/share/openslam_gmapping/local_setup.dsv
[0.701s] -- Installing: /home/yusuf/Guzergah_SDT/install/openslam_gmapping/share/openslam_gmapping/package.dsv
[0.701s] -- Up-to-date: /home/yusuf/Guzergah_SDT/install/openslam_gmapping/share/ament_index/resource_index/packages/openslam_gmapping
[0.702s] -- Up-to-date: /home/yusuf/Guzergah_SDT/install/openslam_gmapping/share/openslam_gmapping/cmake/ament_cmake_export_libraries-extras.cmake
[0.702s] -- Up-to-date: /home/yusuf/Guzergah_SDT/install/openslam_gmapping/share/openslam_gmapping/cmake/ament_cmake_export_include_directories-extras.cmake
[0.702s] -- Up-to-date: /home/yusuf/Guzergah_SDT/install/openslam_gmapping/share/openslam_gmapping/cmake/openslam_gmappingConfig.cmake
[0.702s] -- Up-to-date: /home/yusuf/Guzergah_SDT/install/openslam_gmapping/share/openslam_gmapping/cmake/openslam_gmappingConfig-version.cmake
[0.702s] -- Up-to-date: /home/yusuf/Guzergah_SDT/install/openslam_gmapping/share/openslam_gmapping/package.xml
[0.703s] -- Up-to-date: /home/yusuf/Guzergah_SDT/install/openslam_gmapping/lib/libgridfastslam.a
[0.703s] -- Up-to-date: /home/yusuf/Guzergah_SDT/install/openslam_gmapping/lib/libscanmatcher.a
[0.703s] -- Up-to-date: /home/yusuf/Guzergah_SDT/install/openslam_gmapping/share/openslam_gmapping/environment/library_path.sh
[0.704s] -- Up-to-date: /home/yusuf/Guzergah_SDT/install/openslam_gmapping/share/openslam_gmapping/environment/library_path.dsv
[0.704s] -- Up-to-date: /home/yusuf/Guzergah_SDT/install/openslam_gmapping/lib/libsensor_base.a
[0.704s] -- Up-to-date: /home/yusuf/Guzergah_SDT/install/openslam_gmapping/share/openslam_gmapping/environment/library_path.sh
[0.704s] -- Up-to-date: /home/yusuf/Guzergah_SDT/install/openslam_gmapping/share/openslam_gmapping/environment/library_path.dsv
[0.704s] -- Up-to-date: /home/yusuf/Guzergah_SDT/install/openslam_gmapping/lib/libsensor_odometry.a
[0.704s] -- Up-to-date: /home/yusuf/Guzergah_SDT/install/openslam_gmapping/lib/libsensor_range.a
[0.705s] -- Up-to-date: /home/yusuf/Guzergah_SDT/install/openslam_gmapping/lib/libutils.a
[0.705s] -- Up-to-date: /home/yusuf/Guzergah_SDT/install/openslam_gmapping/share/openslam_gmapping/environment/library_path.sh
[0.705s] -- Up-to-date: /home/yusuf/Guzergah_SDT/install/openslam_gmapping/share/openslam_gmapping/environment/library_path.dsv
[0.707s] Invoked command in '/home/yusuf/Guzergah_SDT/build/openslam_gmapping' returned '0': CMAKE_PREFIX_PATH=${CMAKE_PREFIX_PATH}:/opt/ros/humble /usr/bin/cmake --install /home/yusuf/Guzergah_SDT/build/openslam_gmapping
