[0.156s] Invoking command in '/home/yusuf/Guzergah_SDT/src/build/nav2_msgs': AMENT_PREFIX_PATH=/home/yusuf/Guzergah_SDT/src/install/nav2_common:${AMENT_PREFIX_PATH} CMAKE_PREFIX_PATH=/home/yusuf/Guzergah_SDT/src/install/nav2_common:/home/yusuf/Guzergah_SDT/install/slam_gmapping:/home/yusuf/Guzergah_SDT/install/openslam_gmapping:/home/yusuf/Guzergah_SDT/install/rf2o_laser_odometry:/home/yusuf/Guzergah_SDT/install/sdt_project:/home/yusuf/usb_cam/install/usb_cam:/home/yusuf/turtlebot3_ws/install/turtlebot3_simulations:/home/yusuf/turtlebot3_ws/install/turtlebot3_gazebo:/home/yusuf/turtlebot3_ws/install/turtlebot3_fake_node:/opt/ros/humble PYTHONPATH=/home/yusuf/Guzergah_SDT/src/install/nav2_common/local/lib/python3.10/dist-packages:${PYTHONPATH} /usr/bin/cmake /home/yusuf/Guzergah_SDT/src/navigation2/nav2_msgs -DCMAKE_INSTALL_PREFIX=/home/yusuf/Guzergah_SDT/src/install/nav2_msgs
[0.517s] -- The C compiler identification is GNU 12.3.0
[0.762s] -- The CXX compiler identification is GNU 12.3.0
[0.809s] -- Detecting C compiler ABI info
[1.198s] -- Detecting C compiler ABI info - done
[1.231s] -- Check for working C compiler: /usr/bin/cc - skipped
[1.231s] -- Detecting C compile features
[1.235s] -- Detecting C compile features - done
[1.244s] -- Detecting CXX compiler ABI info
[1.651s] -- Detecting CXX compiler ABI info - done
[1.684s] -- Check for working CXX compiler: /usr/bin/c++ - skipped
[1.685s] -- Detecting CXX compile features
[1.687s] -- Detecting CXX compile features - done
[1.706s] -- Found ament_cmake: 1.3.10 (/opt/ros/humble/share/ament_cmake/cmake)
[2.489s] -- Found Python3: /usr/bin/python3 (found version "3.10.12") found components: Interpreter 
[2.911s] -- Found nav2_common: 1.1.16 (/home/yusuf/Guzergah_SDT/src/install/nav2_common/share/nav2_common/cmake)
[2.920s] -- Found builtin_interfaces: 1.2.1 (/opt/ros/humble/share/builtin_interfaces/cmake)
[3.087s] -- Found rosidl_generator_c: 3.1.5 (/opt/ros/humble/share/rosidl_generator_c/cmake)
[3.147s] -- Found rosidl_adapter: 3.1.5 (/opt/ros/humble/share/rosidl_adapter/cmake)
[3.194s] -- Found rosidl_generator_cpp: 3.1.5 (/opt/ros/humble/share/rosidl_generator_cpp/cmake)
[3.254s] -- Using all available rosidl_typesupport_c: rosidl_typesupport_fastrtps_c;rosidl_typesupport_introspection_c
[3.344s] -- Using all available rosidl_typesupport_cpp: rosidl_typesupport_fastrtps_cpp;rosidl_typesupport_introspection_cpp
[3.425s] -- Found nav_msgs: 4.2.4 (/opt/ros/humble/share/nav_msgs/cmake)
[3.636s] -- Found rosidl_default_generators: 1.2.0 (/opt/ros/humble/share/rosidl_default_generators/cmake)
[3.681s] -- Found action_msgs: 1.2.1 (/opt/ros/humble/share/action_msgs/cmake)
[3.841s] -- Setting build type to Release as none was specified.
[11.683s] -- Found ament_cmake_ros: 0.10.0 (/opt/ros/humble/share/ament_cmake_ros/cmake)
[18.380s] -- Using all available rosidl_typesupport_c: rosidl_typesupport_fastrtps_c;rosidl_typesupport_introspection_c
[28.543s] -- Using all available rosidl_typesupport_cpp: rosidl_typesupport_fastrtps_cpp;rosidl_typesupport_introspection_cpp
[29.517s] -- Found PythonInterp: /usr/bin/python3 (found suitable version "3.10.12", minimum required is "3.6") 
[29.576s] -- Found python_cmake_module: 0.10.0 (/opt/ros/humble/share/python_cmake_module/cmake)
[29.978s] -- Found PythonLibs: /usr/lib/x86_64-linux-gnu/libpython3.10.so (found suitable version "3.10.12", minimum required is "3.5") 
[29.979s] -- Using PYTHON_EXECUTABLE: /usr/bin/python3
[29.979s] -- Using PYTHON_INCLUDE_DIRS: /usr/include/python3.10
[29.979s] -- Using PYTHON_LIBRARIES: /usr/lib/x86_64-linux-gnu/libpython3.10.so
[32.247s] -- Found PythonExtra: .so  
