[0.095s] DEBUG:colcon:Command line arguments: ['/usr/bin/colcon', 'build']
[0.095s] DEBUG:colcon:Parsed command line arguments: Namespace(log_base=None, log_level=None, verb_name='build', build_base='build', install_base='install', merge_install=False, symlink_install=False, test_result_base=None, continue_on_error=False, executor='parallel', parallel_workers=8, event_handlers=None, ignore_user_meta=False, metas=['./colcon.meta'], base_paths=['.'], packages_ignore=None, packages_ignore_regex=None, paths=None, packages_up_to=None, packages_up_to_regex=None, packages_above=None, packages_above_and_dependencies=None, packages_above_depth=None, packages_select_by_dep=None, packages_skip_by_dep=None, packages_skip_up_to=None, packages_select_build_failed=False, packages_skip_build_finished=False, packages_select_test_failures=False, packages_skip_test_passed=False, packages_select=None, packages_skip=None, packages_select_regex=None, packages_skip_regex=None, packages_start=None, packages_end=None, allow_overriding=[], cmake_args=None, cmake_target=None, cmake_target_skip_unavailable=False, cmake_clean_cache=False, cmake_clean_first=False, cmake_force_configure=False, ament_cmake_args=None, catkin_cmake_args=None, catkin_skip_building_tests=False, mixin_files=None, mixin=None, verb_parser=<colcon_mixin.mixin.mixin_argument.MixinArgumentDecorator object at 0x72527ad3f670>, verb_extension=<colcon_core.verb.build.BuildVerb object at 0x72527ad3ef80>, main=<bound method BuildVerb.main of <colcon_core.verb.build.BuildVerb object at 0x72527ad3ef80>>, mixin_verb=('build',))
[0.269s] Level 1:colcon.colcon_core.package_discovery:discover_packages(colcon_meta) check parameters
[0.269s] Level 1:colcon.colcon_core.package_discovery:discover_packages(recursive) check parameters
[0.269s] Level 1:colcon.colcon_core.package_discovery:discover_packages(ignore) check parameters
[0.269s] Level 1:colcon.colcon_core.package_discovery:discover_packages(path) check parameters
[0.269s] Level 1:colcon.colcon_core.package_discovery:discover_packages(colcon_meta) discover
[0.269s] Level 1:colcon.colcon_core.package_discovery:discover_packages(recursive) discover
[0.269s] INFO:colcon.colcon_core.package_discovery:Crawling recursively for packages in '/home/yusuf/Guzergah_SDT'
[0.269s] Level 1:colcon.colcon_core.package_identification:_identify(.) by extensions ['ignore', 'ignore_ament_install']
[0.270s] Level 1:colcon.colcon_core.package_identification:_identify(.) by extension 'ignore'
[0.270s] Level 1:colcon.colcon_core.package_identification:_identify(.) by extension 'ignore_ament_install'
[0.270s] Level 1:colcon.colcon_core.package_identification:_identify(.) by extensions ['colcon_pkg']
[0.270s] Level 1:colcon.colcon_core.package_identification:_identify(.) by extension 'colcon_pkg'
[0.270s] Level 1:colcon.colcon_core.package_identification:_identify(.) by extensions ['colcon_meta']
[0.270s] Level 1:colcon.colcon_core.package_identification:_identify(.) by extension 'colcon_meta'
[0.270s] Level 1:colcon.colcon_core.package_identification:_identify(.) by extensions ['ros']
[0.270s] Level 1:colcon.colcon_core.package_identification:_identify(.) by extension 'ros'
[0.281s] Level 1:colcon.colcon_core.package_identification:_identify(.) by extensions ['cmake', 'python']
[0.281s] Level 1:colcon.colcon_core.package_identification:_identify(.) by extension 'cmake'
[0.281s] Level 1:colcon.colcon_core.package_identification:_identify(.) by extension 'python'
[0.281s] Level 1:colcon.colcon_core.package_identification:_identify(.) by extensions ['python_setup_py']
[0.281s] Level 1:colcon.colcon_core.package_identification:_identify(.) by extension 'python_setup_py'
[0.281s] Level 1:colcon.colcon_core.package_identification:_identify(build) by extensions ['ignore', 'ignore_ament_install']
[0.281s] Level 1:colcon.colcon_core.package_identification:_identify(build) by extension 'ignore'
[0.281s] Level 1:colcon.colcon_core.package_identification:_identify(build) ignored
[0.282s] Level 1:colcon.colcon_core.package_identification:_identify(install) by extensions ['ignore', 'ignore_ament_install']
[0.282s] Level 1:colcon.colcon_core.package_identification:_identify(install) by extension 'ignore'
[0.282s] Level 1:colcon.colcon_core.package_identification:_identify(install) ignored
[0.282s] Level 1:colcon.colcon_core.package_identification:_identify(line_follow) by extensions ['ignore', 'ignore_ament_install']
[0.282s] Level 1:colcon.colcon_core.package_identification:_identify(line_follow) by extension 'ignore'
[0.282s] Level 1:colcon.colcon_core.package_identification:_identify(line_follow) by extension 'ignore_ament_install'
[0.282s] Level 1:colcon.colcon_core.package_identification:_identify(line_follow) by extensions ['colcon_pkg']
[0.282s] Level 1:colcon.colcon_core.package_identification:_identify(line_follow) by extension 'colcon_pkg'
[0.282s] Level 1:colcon.colcon_core.package_identification:_identify(line_follow) by extensions ['colcon_meta']
[0.282s] Level 1:colcon.colcon_core.package_identification:_identify(line_follow) by extension 'colcon_meta'
[0.282s] Level 1:colcon.colcon_core.package_identification:_identify(line_follow) by extensions ['ros']
[0.282s] Level 1:colcon.colcon_core.package_identification:_identify(line_follow) by extension 'ros'
[0.282s] Level 1:colcon.colcon_core.package_identification:_identify(line_follow) by extensions ['cmake', 'python']
[0.282s] Level 1:colcon.colcon_core.package_identification:_identify(line_follow) by extension 'cmake'
[0.282s] Level 1:colcon.colcon_core.package_identification:_identify(line_follow) by extension 'python'
[0.282s] Level 1:colcon.colcon_core.package_identification:_identify(line_follow) by extensions ['python_setup_py']
[0.282s] Level 1:colcon.colcon_core.package_identification:_identify(line_follow) by extension 'python_setup_py'
[0.283s] Level 1:colcon.colcon_core.package_identification:_identify(log) by extensions ['ignore', 'ignore_ament_install']
[0.283s] Level 1:colcon.colcon_core.package_identification:_identify(log) by extension 'ignore'
[0.283s] Level 1:colcon.colcon_core.package_identification:_identify(log) ignored
[0.283s] Level 1:colcon.colcon_core.package_identification:_identify(src) by extensions ['ignore', 'ignore_ament_install']
[0.283s] Level 1:colcon.colcon_core.package_identification:_identify(src) by extension 'ignore'
[0.283s] Level 1:colcon.colcon_core.package_identification:_identify(src) by extension 'ignore_ament_install'
[0.283s] Level 1:colcon.colcon_core.package_identification:_identify(src) by extensions ['colcon_pkg']
[0.283s] Level 1:colcon.colcon_core.package_identification:_identify(src) by extension 'colcon_pkg'
[0.283s] Level 1:colcon.colcon_core.package_identification:_identify(src) by extensions ['colcon_meta']
[0.283s] Level 1:colcon.colcon_core.package_identification:_identify(src) by extension 'colcon_meta'
[0.283s] Level 1:colcon.colcon_core.package_identification:_identify(src) by extensions ['ros']
[0.283s] Level 1:colcon.colcon_core.package_identification:_identify(src) by extension 'ros'
[0.283s] Level 1:colcon.colcon_core.package_identification:_identify(src) by extensions ['cmake', 'python']
[0.283s] Level 1:colcon.colcon_core.package_identification:_identify(src) by extension 'cmake'
[0.283s] Level 1:colcon.colcon_core.package_identification:_identify(src) by extension 'python'
[0.283s] Level 1:colcon.colcon_core.package_identification:_identify(src) by extensions ['python_setup_py']
[0.283s] Level 1:colcon.colcon_core.package_identification:_identify(src) by extension 'python_setup_py'
[0.283s] Level 1:colcon.colcon_core.package_identification:_identify(src/build) by extensions ['ignore', 'ignore_ament_install']
[0.284s] Level 1:colcon.colcon_core.package_identification:_identify(src/build) by extension 'ignore'
[0.284s] Level 1:colcon.colcon_core.package_identification:_identify(src/build) ignored
[0.284s] Level 1:colcon.colcon_core.package_identification:_identify(src/install) by extensions ['ignore', 'ignore_ament_install']
[0.284s] Level 1:colcon.colcon_core.package_identification:_identify(src/install) by extension 'ignore'
[0.284s] Level 1:colcon.colcon_core.package_identification:_identify(src/install) ignored
[0.284s] Level 1:colcon.colcon_core.package_identification:_identify(src/log) by extensions ['ignore', 'ignore_ament_install']
[0.284s] Level 1:colcon.colcon_core.package_identification:_identify(src/log) by extension 'ignore'
[0.284s] Level 1:colcon.colcon_core.package_identification:_identify(src/log) ignored
[0.284s] Level 1:colcon.colcon_core.package_identification:_identify(src/rf2o_laser_odometry) by extensions ['ignore', 'ignore_ament_install']
[0.284s] Level 1:colcon.colcon_core.package_identification:_identify(src/rf2o_laser_odometry) by extension 'ignore'
[0.284s] Level 1:colcon.colcon_core.package_identification:_identify(src/rf2o_laser_odometry) by extension 'ignore_ament_install'
[0.284s] Level 1:colcon.colcon_core.package_identification:_identify(src/rf2o_laser_odometry) by extensions ['colcon_pkg']
[0.284s] Level 1:colcon.colcon_core.package_identification:_identify(src/rf2o_laser_odometry) by extension 'colcon_pkg'
[0.284s] Level 1:colcon.colcon_core.package_identification:_identify(src/rf2o_laser_odometry) by extensions ['colcon_meta']
[0.285s] Level 1:colcon.colcon_core.package_identification:_identify(src/rf2o_laser_odometry) by extension 'colcon_meta'
[0.285s] Level 1:colcon.colcon_core.package_identification:_identify(src/rf2o_laser_odometry) by extensions ['ros']
[0.285s] Level 1:colcon.colcon_core.package_identification:_identify(src/rf2o_laser_odometry) by extension 'ros'
[0.288s] DEBUG:colcon.colcon_core.package_identification:Package 'src/rf2o_laser_odometry' with type 'ros.ament_cmake' and name 'rf2o_laser_odometry'
[0.288s] Level 1:colcon.colcon_core.package_identification:_identify(src/sdt_project) by extensions ['ignore', 'ignore_ament_install']
[0.288s] Level 1:colcon.colcon_core.package_identification:_identify(src/sdt_project) by extension 'ignore'
[0.288s] Level 1:colcon.colcon_core.package_identification:_identify(src/sdt_project) by extension 'ignore_ament_install'
[0.288s] Level 1:colcon.colcon_core.package_identification:_identify(src/sdt_project) by extensions ['colcon_pkg']
[0.288s] Level 1:colcon.colcon_core.package_identification:_identify(src/sdt_project) by extension 'colcon_pkg'
[0.288s] Level 1:colcon.colcon_core.package_identification:_identify(src/sdt_project) by extensions ['colcon_meta']
[0.288s] Level 1:colcon.colcon_core.package_identification:_identify(src/sdt_project) by extension 'colcon_meta'
[0.288s] Level 1:colcon.colcon_core.package_identification:_identify(src/sdt_project) by extensions ['ros']
[0.288s] Level 1:colcon.colcon_core.package_identification:_identify(src/sdt_project) by extension 'ros'
[0.289s] DEBUG:colcon.colcon_core.package_identification:Package 'src/sdt_project' with type 'ros.ament_cmake' and name 'sdt_project'
[0.289s] Level 1:colcon.colcon_core.package_discovery:discover_packages(recursive) using defaults
[0.289s] Level 1:colcon.colcon_core.package_discovery:discover_packages(ignore) discover
[0.289s] Level 1:colcon.colcon_core.package_discovery:discover_packages(ignore) using defaults
[0.289s] Level 1:colcon.colcon_core.package_discovery:discover_packages(path) discover
[0.289s] Level 1:colcon.colcon_core.package_discovery:discover_packages(path) using defaults
[0.320s] Level 1:colcon.colcon_core.package_discovery:discover_packages(prefix_path) check parameters
[0.320s] Level 1:colcon.colcon_core.package_discovery:discover_packages(prefix_path) discover
[0.322s] DEBUG:colcon.colcon_installed_package_information.package_discovery:Found 1 installed packages in /home/yusuf/slam_gmapping_Humble/slam_gmapping/install
[0.322s] DEBUG:colcon.colcon_installed_package_information.package_discovery:Found 1 installed packages in /home/yusuf/sllidar_ros2/install
[0.322s] DEBUG:colcon.colcon_installed_package_information.package_discovery:Found 1 installed packages in /home/yusuf/usb_cam/install
[0.323s] DEBUG:colcon.colcon_installed_package_information.package_discovery:Found 3 installed packages in /home/yusuf/turtlebot3_ws/install
[0.323s] DEBUG:colcon.colcon_installed_package_information.package_discovery:Found 2 installed packages in /home/yusuf/Guzergah_SDT/install
[0.325s] DEBUG:colcon.colcon_installed_package_information.package_discovery:Found 396 installed packages in /opt/ros/humble
[0.326s] Level 1:colcon.colcon_core.package_discovery:discover_packages(prefix_path) using defaults
[0.366s] Level 5:colcon.colcon_core.verb:set package 'rf2o_laser_odometry' build argument 'cmake_args' from command line to 'None'
[0.366s] Level 5:colcon.colcon_core.verb:set package 'rf2o_laser_odometry' build argument 'cmake_target' from command line to 'None'
[0.366s] Level 5:colcon.colcon_core.verb:set package 'rf2o_laser_odometry' build argument 'cmake_target_skip_unavailable' from command line to 'False'
[0.366s] Level 5:colcon.colcon_core.verb:set package 'rf2o_laser_odometry' build argument 'cmake_clean_cache' from command line to 'False'
[0.366s] Level 5:colcon.colcon_core.verb:set package 'rf2o_laser_odometry' build argument 'cmake_clean_first' from command line to 'False'
[0.366s] Level 5:colcon.colcon_core.verb:set package 'rf2o_laser_odometry' build argument 'cmake_force_configure' from command line to 'False'
[0.366s] Level 5:colcon.colcon_core.verb:set package 'rf2o_laser_odometry' build argument 'ament_cmake_args' from command line to 'None'
[0.366s] Level 5:colcon.colcon_core.verb:set package 'rf2o_laser_odometry' build argument 'catkin_cmake_args' from command line to 'None'
[0.366s] Level 5:colcon.colcon_core.verb:set package 'rf2o_laser_odometry' build argument 'catkin_skip_building_tests' from command line to 'False'
[0.366s] DEBUG:colcon.colcon_core.verb:Building package 'rf2o_laser_odometry' with the following arguments: {'ament_cmake_args': None, 'build_base': '/home/yusuf/Guzergah_SDT/build/rf2o_laser_odometry', 'catkin_cmake_args': None, 'catkin_skip_building_tests': False, 'cmake_args': None, 'cmake_clean_cache': False, 'cmake_clean_first': False, 'cmake_force_configure': False, 'cmake_target': None, 'cmake_target_skip_unavailable': False, 'install_base': '/home/yusuf/Guzergah_SDT/install/rf2o_laser_odometry', 'merge_install': False, 'path': '/home/yusuf/Guzergah_SDT/src/rf2o_laser_odometry', 'symlink_install': False, 'test_result_base': None}
[0.367s] Level 5:colcon.colcon_core.verb:set package 'sdt_project' build argument 'cmake_args' from command line to 'None'
[0.367s] Level 5:colcon.colcon_core.verb:set package 'sdt_project' build argument 'cmake_target' from command line to 'None'
[0.367s] Level 5:colcon.colcon_core.verb:set package 'sdt_project' build argument 'cmake_target_skip_unavailable' from command line to 'False'
[0.367s] Level 5:colcon.colcon_core.verb:set package 'sdt_project' build argument 'cmake_clean_cache' from command line to 'False'
[0.367s] Level 5:colcon.colcon_core.verb:set package 'sdt_project' build argument 'cmake_clean_first' from command line to 'False'
[0.367s] Level 5:colcon.colcon_core.verb:set package 'sdt_project' build argument 'cmake_force_configure' from command line to 'False'
[0.367s] Level 5:colcon.colcon_core.verb:set package 'sdt_project' build argument 'ament_cmake_args' from command line to 'None'
[0.367s] Level 5:colcon.colcon_core.verb:set package 'sdt_project' build argument 'catkin_cmake_args' from command line to 'None'
[0.367s] Level 5:colcon.colcon_core.verb:set package 'sdt_project' build argument 'catkin_skip_building_tests' from command line to 'False'
[0.367s] DEBUG:colcon.colcon_core.verb:Building package 'sdt_project' with the following arguments: {'ament_cmake_args': None, 'build_base': '/home/yusuf/Guzergah_SDT/build/sdt_project', 'catkin_cmake_args': None, 'catkin_skip_building_tests': False, 'cmake_args': None, 'cmake_clean_cache': False, 'cmake_clean_first': False, 'cmake_force_configure': False, 'cmake_target': None, 'cmake_target_skip_unavailable': False, 'install_base': '/home/yusuf/Guzergah_SDT/install/sdt_project', 'merge_install': False, 'path': '/home/yusuf/Guzergah_SDT/src/sdt_project', 'symlink_install': False, 'test_result_base': None}
[0.367s] INFO:colcon.colcon_core.executor:Executing jobs using 'parallel' executor
[0.369s] DEBUG:colcon.colcon_parallel_executor.executor.parallel:run_until_complete
[0.369s] INFO:colcon.colcon_ros.task.ament_cmake.build:Building ROS package in '/home/yusuf/Guzergah_SDT/src/rf2o_laser_odometry' with build type 'ament_cmake'
[0.369s] INFO:colcon.colcon_cmake.task.cmake.build:Building CMake package in '/home/yusuf/Guzergah_SDT/src/rf2o_laser_odometry'
[0.371s] INFO:colcon.colcon_core.plugin_system:Skipping extension 'colcon_core.shell.bat': Not used on non-Windows systems
[0.372s] INFO:colcon.colcon_core.shell:Skip shell extension 'powershell' for command environment: Not usable outside of PowerShell
[0.372s] DEBUG:colcon.colcon_core.shell:Skip shell extension 'dsv' for command environment
[0.377s] INFO:colcon.colcon_ros.task.ament_cmake.build:Building ROS package in '/home/yusuf/Guzergah_SDT/src/sdt_project' with build type 'ament_cmake'
[0.377s] INFO:colcon.colcon_cmake.task.cmake.build:Building CMake package in '/home/yusuf/Guzergah_SDT/src/sdt_project'
[0.378s] INFO:colcon.colcon_core.shell:Skip shell extension 'powershell' for command environment: Not usable outside of PowerShell
[0.378s] DEBUG:colcon.colcon_core.shell:Skip shell extension 'dsv' for command environment
[0.393s] DEBUG:colcon.colcon_core.event_handler.log_command:Invoking command in '/home/yusuf/Guzergah_SDT/build/rf2o_laser_odometry': CMAKE_PREFIX_PATH=${CMAKE_PREFIX_PATH}:/opt/ros/humble /usr/bin/cmake --build /home/yusuf/Guzergah_SDT/build/rf2o_laser_odometry -- -j8 -l8
[0.399s] DEBUG:colcon.colcon_core.event_handler.log_command:Invoking command in '/home/yusuf/Guzergah_SDT/build/sdt_project': CMAKE_PREFIX_PATH=${CMAKE_PREFIX_PATH}:/opt/ros/humble /usr/bin/cmake --build /home/yusuf/Guzergah_SDT/build/sdt_project -- -j8 -l8
[0.510s] DEBUG:colcon.colcon_core.event_handler.log_command:Invoked command in '/home/yusuf/Guzergah_SDT/build/rf2o_laser_odometry' returned '0': CMAKE_PREFIX_PATH=${CMAKE_PREFIX_PATH}:/opt/ros/humble /usr/bin/cmake --build /home/yusuf/Guzergah_SDT/build/rf2o_laser_odometry -- -j8 -l8
[0.561s] DEBUG:colcon.colcon_core.event_handler.log_command:Invoking command in '/home/yusuf/Guzergah_SDT/build/rf2o_laser_odometry': CMAKE_PREFIX_PATH=${CMAKE_PREFIX_PATH}:/opt/ros/humble /usr/bin/cmake --install /home/yusuf/Guzergah_SDT/build/rf2o_laser_odometry
[0.574s] Level 1:colcon.colcon_core.environment:create_environment_scripts_only(rf2o_laser_odometry)
[0.575s] DEBUG:colcon.colcon_core.event_handler.log_command:Invoked command in '/home/yusuf/Guzergah_SDT/build/rf2o_laser_odometry' returned '0': CMAKE_PREFIX_PATH=${CMAKE_PREFIX_PATH}:/opt/ros/humble /usr/bin/cmake --install /home/yusuf/Guzergah_SDT/build/rf2o_laser_odometry
[0.578s] Level 1:colcon.colcon_core.environment:checking '/home/yusuf/Guzergah_SDT/install/rf2o_laser_odometry' for CMake module files
[0.578s] Level 1:colcon.colcon_core.environment:checking '/home/yusuf/Guzergah_SDT/install/rf2o_laser_odometry' for CMake config files
[0.579s] Level 1:colcon.colcon_core.shell:create_environment_hook('rf2o_laser_odometry', 'cmake_prefix_path')
[0.579s] INFO:colcon.colcon_core.shell:Creating environment hook '/home/yusuf/Guzergah_SDT/install/rf2o_laser_odometry/share/rf2o_laser_odometry/hook/cmake_prefix_path.ps1'
[0.580s] INFO:colcon.colcon_core.shell:Creating environment descriptor '/home/yusuf/Guzergah_SDT/install/rf2o_laser_odometry/share/rf2o_laser_odometry/hook/cmake_prefix_path.dsv'
[0.580s] INFO:colcon.colcon_core.shell:Creating environment hook '/home/yusuf/Guzergah_SDT/install/rf2o_laser_odometry/share/rf2o_laser_odometry/hook/cmake_prefix_path.sh'
[0.581s] Level 1:colcon.colcon_core.environment:checking '/home/yusuf/Guzergah_SDT/install/rf2o_laser_odometry/lib'
[0.582s] Level 1:colcon.colcon_core.environment:checking '/home/yusuf/Guzergah_SDT/install/rf2o_laser_odometry/bin'
[0.582s] Level 1:colcon.colcon_core.environment:checking '/home/yusuf/Guzergah_SDT/install/rf2o_laser_odometry/lib/pkgconfig/rf2o_laser_odometry.pc'
[0.582s] Level 1:colcon.colcon_core.environment:checking '/home/yusuf/Guzergah_SDT/install/rf2o_laser_odometry/lib/python3.10/site-packages'
[0.582s] Level 1:colcon.colcon_core.environment:checking '/home/yusuf/Guzergah_SDT/install/rf2o_laser_odometry/bin'
[0.583s] INFO:colcon.colcon_core.shell:Creating package script '/home/yusuf/Guzergah_SDT/install/rf2o_laser_odometry/share/rf2o_laser_odometry/package.ps1'
[0.584s] INFO:colcon.colcon_core.shell:Creating package descriptor '/home/yusuf/Guzergah_SDT/install/rf2o_laser_odometry/share/rf2o_laser_odometry/package.dsv'
[0.585s] INFO:colcon.colcon_core.shell:Creating package script '/home/yusuf/Guzergah_SDT/install/rf2o_laser_odometry/share/rf2o_laser_odometry/package.sh'
[0.587s] INFO:colcon.colcon_core.shell:Creating package script '/home/yusuf/Guzergah_SDT/install/rf2o_laser_odometry/share/rf2o_laser_odometry/package.bash'
[0.587s] INFO:colcon.colcon_core.shell:Creating package script '/home/yusuf/Guzergah_SDT/install/rf2o_laser_odometry/share/rf2o_laser_odometry/package.zsh'
[0.588s] Level 1:colcon.colcon_core.environment:create_file_with_runtime_dependencies(/home/yusuf/Guzergah_SDT/install/rf2o_laser_odometry/share/colcon-core/packages/rf2o_laser_odometry)
[0.632s] Level 1:colcon.colcon_core.environment:create_environment_scripts_only(rf2o_laser_odometry)
[0.632s] Level 1:colcon.colcon_core.environment:checking '/home/yusuf/Guzergah_SDT/install/rf2o_laser_odometry' for CMake module files
[0.634s] Level 1:colcon.colcon_core.environment:checking '/home/yusuf/Guzergah_SDT/install/rf2o_laser_odometry' for CMake config files
[0.634s] Level 1:colcon.colcon_core.shell:create_environment_hook('rf2o_laser_odometry', 'cmake_prefix_path')
[0.635s] INFO:colcon.colcon_core.shell:Creating environment hook '/home/yusuf/Guzergah_SDT/install/rf2o_laser_odometry/share/rf2o_laser_odometry/hook/cmake_prefix_path.ps1'
[0.635s] INFO:colcon.colcon_core.shell:Creating environment descriptor '/home/yusuf/Guzergah_SDT/install/rf2o_laser_odometry/share/rf2o_laser_odometry/hook/cmake_prefix_path.dsv'
[0.636s] INFO:colcon.colcon_core.shell:Creating environment hook '/home/yusuf/Guzergah_SDT/install/rf2o_laser_odometry/share/rf2o_laser_odometry/hook/cmake_prefix_path.sh'
[0.637s] Level 1:colcon.colcon_core.environment:checking '/home/yusuf/Guzergah_SDT/install/rf2o_laser_odometry/lib'
[0.637s] Level 1:colcon.colcon_core.environment:checking '/home/yusuf/Guzergah_SDT/install/rf2o_laser_odometry/bin'
[0.637s] Level 1:colcon.colcon_core.environment:checking '/home/yusuf/Guzergah_SDT/install/rf2o_laser_odometry/lib/pkgconfig/rf2o_laser_odometry.pc'
[0.637s] Level 1:colcon.colcon_core.environment:checking '/home/yusuf/Guzergah_SDT/install/rf2o_laser_odometry/lib/python3.10/site-packages'
[0.638s] Level 1:colcon.colcon_core.environment:checking '/home/yusuf/Guzergah_SDT/install/rf2o_laser_odometry/bin'
[0.638s] INFO:colcon.colcon_core.shell:Creating package script '/home/yusuf/Guzergah_SDT/install/rf2o_laser_odometry/share/rf2o_laser_odometry/package.ps1'
[0.639s] INFO:colcon.colcon_core.shell:Creating package descriptor '/home/yusuf/Guzergah_SDT/install/rf2o_laser_odometry/share/rf2o_laser_odometry/package.dsv'
[0.640s] INFO:colcon.colcon_core.shell:Creating package script '/home/yusuf/Guzergah_SDT/install/rf2o_laser_odometry/share/rf2o_laser_odometry/package.sh'
[0.641s] INFO:colcon.colcon_core.shell:Creating package script '/home/yusuf/Guzergah_SDT/install/rf2o_laser_odometry/share/rf2o_laser_odometry/package.bash'
[0.641s] INFO:colcon.colcon_core.shell:Creating package script '/home/yusuf/Guzergah_SDT/install/rf2o_laser_odometry/share/rf2o_laser_odometry/package.zsh'
[0.642s] Level 1:colcon.colcon_core.environment:create_file_with_runtime_dependencies(/home/yusuf/Guzergah_SDT/install/rf2o_laser_odometry/share/colcon-core/packages/rf2o_laser_odometry)
[0.915s] DEBUG:colcon.colcon_core.event_handler.log_command:Invoked command in '/home/yusuf/Guzergah_SDT/build/sdt_project' returned '0': CMAKE_PREFIX_PATH=${CMAKE_PREFIX_PATH}:/opt/ros/humble /usr/bin/cmake --build /home/yusuf/Guzergah_SDT/build/sdt_project -- -j8 -l8
[1.008s] DEBUG:colcon.colcon_core.event_handler.log_command:Invoking command in '/home/yusuf/Guzergah_SDT/build/sdt_project': CMAKE_PREFIX_PATH=${CMAKE_PREFIX_PATH}:/opt/ros/humble /usr/bin/cmake --install /home/yusuf/Guzergah_SDT/build/sdt_project
[1.076s] Level 1:colcon.colcon_core.environment:create_environment_scripts_only(sdt_project)
[1.076s] Level 1:colcon.colcon_core.environment:checking '/home/yusuf/Guzergah_SDT/install/sdt_project' for CMake module files
[1.077s] DEBUG:colcon.colcon_core.event_handler.log_command:Invoked command in '/home/yusuf/Guzergah_SDT/build/sdt_project' returned '0': CMAKE_PREFIX_PATH=${CMAKE_PREFIX_PATH}:/opt/ros/humble /usr/bin/cmake --install /home/yusuf/Guzergah_SDT/build/sdt_project
[1.078s] Level 1:colcon.colcon_core.environment:checking '/home/yusuf/Guzergah_SDT/install/sdt_project' for CMake config files
[1.078s] Level 1:colcon.colcon_core.shell:create_environment_hook('sdt_project', 'cmake_prefix_path')
[1.078s] INFO:colcon.colcon_core.shell:Creating environment hook '/home/yusuf/Guzergah_SDT/install/sdt_project/share/sdt_project/hook/cmake_prefix_path.ps1'
[1.079s] INFO:colcon.colcon_core.shell:Creating environment descriptor '/home/yusuf/Guzergah_SDT/install/sdt_project/share/sdt_project/hook/cmake_prefix_path.dsv'
[1.079s] INFO:colcon.colcon_core.shell:Creating environment hook '/home/yusuf/Guzergah_SDT/install/sdt_project/share/sdt_project/hook/cmake_prefix_path.sh'
[1.080s] Level 1:colcon.colcon_core.environment:checking '/home/yusuf/Guzergah_SDT/install/sdt_project/lib'
[1.080s] Level 1:colcon.colcon_core.shell:create_environment_hook('sdt_project', 'ld_library_path_lib')
[1.080s] INFO:colcon.colcon_core.shell:Creating environment hook '/home/yusuf/Guzergah_SDT/install/sdt_project/share/sdt_project/hook/ld_library_path_lib.ps1'
[1.080s] INFO:colcon.colcon_core.shell:Creating environment descriptor '/home/yusuf/Guzergah_SDT/install/sdt_project/share/sdt_project/hook/ld_library_path_lib.dsv'
[1.081s] INFO:colcon.colcon_core.shell:Creating environment hook '/home/yusuf/Guzergah_SDT/install/sdt_project/share/sdt_project/hook/ld_library_path_lib.sh'
[1.081s] Level 1:colcon.colcon_core.environment:checking '/home/yusuf/Guzergah_SDT/install/sdt_project/bin'
[1.081s] Level 1:colcon.colcon_core.environment:checking '/home/yusuf/Guzergah_SDT/install/sdt_project/lib/pkgconfig/sdt_project.pc'
[1.081s] Level 1:colcon.colcon_core.environment:checking '/home/yusuf/Guzergah_SDT/install/sdt_project/lib/python3.10/site-packages'
[1.082s] Level 1:colcon.colcon_core.environment:checking '/home/yusuf/Guzergah_SDT/install/sdt_project/bin'
[1.082s] INFO:colcon.colcon_core.shell:Creating package script '/home/yusuf/Guzergah_SDT/install/sdt_project/share/sdt_project/package.ps1'
[1.083s] INFO:colcon.colcon_core.shell:Creating package descriptor '/home/yusuf/Guzergah_SDT/install/sdt_project/share/sdt_project/package.dsv'
[1.083s] INFO:colcon.colcon_core.shell:Creating package script '/home/yusuf/Guzergah_SDT/install/sdt_project/share/sdt_project/package.sh'
[1.083s] INFO:colcon.colcon_core.shell:Creating package script '/home/yusuf/Guzergah_SDT/install/sdt_project/share/sdt_project/package.bash'
[1.084s] INFO:colcon.colcon_core.shell:Creating package script '/home/yusuf/Guzergah_SDT/install/sdt_project/share/sdt_project/package.zsh'
[1.084s] Level 1:colcon.colcon_core.environment:create_file_with_runtime_dependencies(/home/yusuf/Guzergah_SDT/install/sdt_project/share/colcon-core/packages/sdt_project)
[1.180s] Level 1:colcon.colcon_core.environment:create_environment_scripts_only(sdt_project)
[1.181s] Level 1:colcon.colcon_core.environment:checking '/home/yusuf/Guzergah_SDT/install/sdt_project' for CMake module files
[1.182s] Level 1:colcon.colcon_core.environment:checking '/home/yusuf/Guzergah_SDT/install/sdt_project' for CMake config files
[1.182s] Level 1:colcon.colcon_core.shell:create_environment_hook('sdt_project', 'cmake_prefix_path')
[1.183s] INFO:colcon.colcon_core.shell:Creating environment hook '/home/yusuf/Guzergah_SDT/install/sdt_project/share/sdt_project/hook/cmake_prefix_path.ps1'
[1.184s] INFO:colcon.colcon_core.shell:Creating environment descriptor '/home/yusuf/Guzergah_SDT/install/sdt_project/share/sdt_project/hook/cmake_prefix_path.dsv'
[1.184s] INFO:colcon.colcon_core.shell:Creating environment hook '/home/yusuf/Guzergah_SDT/install/sdt_project/share/sdt_project/hook/cmake_prefix_path.sh'
[1.185s] Level 1:colcon.colcon_core.environment:checking '/home/yusuf/Guzergah_SDT/install/sdt_project/lib'
[1.185s] Level 1:colcon.colcon_core.shell:create_environment_hook('sdt_project', 'ld_library_path_lib')
[1.186s] INFO:colcon.colcon_core.shell:Creating environment hook '/home/yusuf/Guzergah_SDT/install/sdt_project/share/sdt_project/hook/ld_library_path_lib.ps1'
[1.187s] INFO:colcon.colcon_core.shell:Creating environment descriptor '/home/yusuf/Guzergah_SDT/install/sdt_project/share/sdt_project/hook/ld_library_path_lib.dsv'
[1.187s] INFO:colcon.colcon_core.shell:Creating environment hook '/home/yusuf/Guzergah_SDT/install/sdt_project/share/sdt_project/hook/ld_library_path_lib.sh'
[1.188s] Level 1:colcon.colcon_core.environment:checking '/home/yusuf/Guzergah_SDT/install/sdt_project/bin'
[1.188s] Level 1:colcon.colcon_core.environment:checking '/home/yusuf/Guzergah_SDT/install/sdt_project/lib/pkgconfig/sdt_project.pc'
[1.188s] Level 1:colcon.colcon_core.environment:checking '/home/yusuf/Guzergah_SDT/install/sdt_project/lib/python3.10/site-packages'
[1.189s] Level 1:colcon.colcon_core.environment:checking '/home/yusuf/Guzergah_SDT/install/sdt_project/bin'
[1.189s] INFO:colcon.colcon_core.shell:Creating package script '/home/yusuf/Guzergah_SDT/install/sdt_project/share/sdt_project/package.ps1'
[1.190s] INFO:colcon.colcon_core.shell:Creating package descriptor '/home/yusuf/Guzergah_SDT/install/sdt_project/share/sdt_project/package.dsv'
[1.191s] INFO:colcon.colcon_core.shell:Creating package script '/home/yusuf/Guzergah_SDT/install/sdt_project/share/sdt_project/package.sh'
[1.192s] INFO:colcon.colcon_core.shell:Creating package script '/home/yusuf/Guzergah_SDT/install/sdt_project/share/sdt_project/package.bash'
[1.192s] INFO:colcon.colcon_core.shell:Creating package script '/home/yusuf/Guzergah_SDT/install/sdt_project/share/sdt_project/package.zsh'
[1.193s] Level 1:colcon.colcon_core.environment:create_file_with_runtime_dependencies(/home/yusuf/Guzergah_SDT/install/sdt_project/share/colcon-core/packages/sdt_project)
[1.193s] DEBUG:colcon.colcon_parallel_executor.executor.parallel:closing loop
[1.193s] DEBUG:colcon.colcon_parallel_executor.executor.parallel:loop closed
[1.194s] DEBUG:colcon.colcon_parallel_executor.executor.parallel:run_until_complete finished with '0'
[1.194s] DEBUG:colcon.colcon_core.event_reactor:joining thread
[1.200s] INFO:colcon.colcon_core.plugin_system:Skipping extension 'colcon_notification.desktop_notification.terminal_notifier': Not used on non-Darwin systems
[1.200s] INFO:colcon.colcon_core.plugin_system:Skipping extension 'colcon_notification.desktop_notification.win32': Not used on non-Windows systems
[1.200s] INFO:colcon.colcon_notification.desktop_notification:Sending desktop notification using 'notify2'
[1.216s] DEBUG:colcon.colcon_core.event_reactor:joined thread
[1.217s] INFO:colcon.colcon_core.shell:Creating prefix script '/home/yusuf/Guzergah_SDT/install/local_setup.ps1'
[1.218s] INFO:colcon.colcon_core.shell:Creating prefix util module '/home/yusuf/Guzergah_SDT/install/_local_setup_util_ps1.py'
[1.221s] INFO:colcon.colcon_core.shell:Creating prefix chain script '/home/yusuf/Guzergah_SDT/install/setup.ps1'
[1.224s] INFO:colcon.colcon_core.shell:Creating prefix script '/home/yusuf/Guzergah_SDT/install/local_setup.sh'
[1.225s] INFO:colcon.colcon_core.shell:Creating prefix util module '/home/yusuf/Guzergah_SDT/install/_local_setup_util_sh.py'
[1.225s] INFO:colcon.colcon_core.shell:Creating prefix chain script '/home/yusuf/Guzergah_SDT/install/setup.sh'
[1.227s] INFO:colcon.colcon_core.shell:Creating prefix script '/home/yusuf/Guzergah_SDT/install/local_setup.bash'
[1.228s] INFO:colcon.colcon_core.shell:Creating prefix chain script '/home/yusuf/Guzergah_SDT/install/setup.bash'
[1.229s] INFO:colcon.colcon_core.shell:Creating prefix script '/home/yusuf/Guzergah_SDT/install/local_setup.zsh'
[1.230s] INFO:colcon.colcon_core.shell:Creating prefix chain script '/home/yusuf/Guzergah_SDT/install/setup.zsh'
