[0.245s] DEBUG:colcon:Command line arguments: ['/usr/bin/colcon', 'build']
[0.245s] DEBUG:colcon:Parsed command line arguments: Namespace(log_base=None, log_level=None, verb_name='build', build_base='build', install_base='install', merge_install=False, symlink_install=False, test_result_base=None, continue_on_error=False, executor='parallel', parallel_workers=8, event_handlers=None, ignore_user_meta=False, metas=['./colcon.meta'], base_paths=['.'], packages_ignore=None, packages_ignore_regex=None, paths=None, packages_up_to=None, packages_up_to_regex=None, packages_above=None, packages_above_and_dependencies=None, packages_above_depth=None, packages_select_by_dep=None, packages_skip_by_dep=None, packages_skip_up_to=None, packages_select_build_failed=False, packages_skip_build_finished=False, packages_select_test_failures=False, packages_skip_test_passed=False, packages_select=None, packages_skip=None, packages_select_regex=None, packages_skip_regex=None, packages_start=None, packages_end=None, allow_overriding=[], cmake_args=None, cmake_target=None, cmake_target_skip_unavailable=False, cmake_clean_cache=False, cmake_clean_first=False, cmake_force_configure=False, ament_cmake_args=None, catkin_cmake_args=None, catkin_skip_building_tests=False, verb_parser=<colcon_defaults.argument_parser.defaults.DefaultArgumentsDecorator object at 0x7221cd4f9a20>, verb_extension=<colcon_core.verb.build.BuildVerb object at 0x7221cd4f95d0>, main=<bound method BuildVerb.main of <colcon_core.verb.build.BuildVerb object at 0x7221cd4f95d0>>)
[0.650s] Level 1:colcon.colcon_core.package_discovery:discover_packages(colcon_meta) check parameters
[0.650s] Level 1:colcon.colcon_core.package_discovery:discover_packages(recursive) check parameters
[0.650s] Level 1:colcon.colcon_core.package_discovery:discover_packages(ignore) check parameters
[0.650s] Level 1:colcon.colcon_core.package_discovery:discover_packages(path) check parameters
[0.650s] Level 1:colcon.colcon_core.package_discovery:discover_packages(colcon_meta) discover
[0.650s] Level 1:colcon.colcon_core.package_discovery:discover_packages(recursive) discover
[0.651s] INFO:colcon.colcon_core.package_discovery:Crawling recursively for packages in '/home/yusuf/Guzergah_SDT'
[0.651s] Level 1:colcon.colcon_core.package_identification:_identify(.) by extensions ['ignore', 'ignore_ament_install']
[0.651s] Level 1:colcon.colcon_core.package_identification:_identify(.) by extension 'ignore'
[0.651s] Level 1:colcon.colcon_core.package_identification:_identify(.) by extension 'ignore_ament_install'
[0.652s] Level 1:colcon.colcon_core.package_identification:_identify(.) by extensions ['colcon_pkg']
[0.652s] Level 1:colcon.colcon_core.package_identification:_identify(.) by extension 'colcon_pkg'
[0.652s] Level 1:colcon.colcon_core.package_identification:_identify(.) by extensions ['colcon_meta']
[0.652s] Level 1:colcon.colcon_core.package_identification:_identify(.) by extension 'colcon_meta'
[0.652s] Level 1:colcon.colcon_core.package_identification:_identify(.) by extensions ['ros']
[0.652s] Level 1:colcon.colcon_core.package_identification:_identify(.) by extension 'ros'
[0.676s] Level 1:colcon.colcon_core.package_identification:_identify(.) by extensions ['cmake', 'python']
[0.677s] Level 1:colcon.colcon_core.package_identification:_identify(.) by extension 'cmake'
[0.677s] Level 1:colcon.colcon_core.package_identification:_identify(.) by extension 'python'
[0.677s] Level 1:colcon.colcon_core.package_identification:_identify(.) by extensions ['python_setup_py']
[0.677s] Level 1:colcon.colcon_core.package_identification:_identify(.) by extension 'python_setup_py'
[0.677s] Level 1:colcon.colcon_core.package_identification:_identify(build) by extensions ['ignore', 'ignore_ament_install']
[0.677s] Level 1:colcon.colcon_core.package_identification:_identify(build) by extension 'ignore'
[0.677s] Level 1:colcon.colcon_core.package_identification:_identify(build) ignored
[0.678s] Level 1:colcon.colcon_core.package_identification:_identify(install) by extensions ['ignore', 'ignore_ament_install']
[0.678s] Level 1:colcon.colcon_core.package_identification:_identify(install) by extension 'ignore'
[0.678s] Level 1:colcon.colcon_core.package_identification:_identify(install) ignored
[0.679s] Level 1:colcon.colcon_core.package_identification:_identify(log) by extensions ['ignore', 'ignore_ament_install']
[0.679s] Level 1:colcon.colcon_core.package_identification:_identify(log) by extension 'ignore'
[0.679s] Level 1:colcon.colcon_core.package_identification:_identify(log) ignored
[0.679s] Level 1:colcon.colcon_core.package_identification:_identify(src) by extensions ['ignore', 'ignore_ament_install']
[0.679s] Level 1:colcon.colcon_core.package_identification:_identify(src) by extension 'ignore'
[0.680s] Level 1:colcon.colcon_core.package_identification:_identify(src) by extension 'ignore_ament_install'
[0.680s] Level 1:colcon.colcon_core.package_identification:_identify(src) by extensions ['colcon_pkg']
[0.680s] Level 1:colcon.colcon_core.package_identification:_identify(src) by extension 'colcon_pkg'
[0.680s] Level 1:colcon.colcon_core.package_identification:_identify(src) by extensions ['colcon_meta']
[0.680s] Level 1:colcon.colcon_core.package_identification:_identify(src) by extension 'colcon_meta'
[0.680s] Level 1:colcon.colcon_core.package_identification:_identify(src) by extensions ['ros']
[0.680s] Level 1:colcon.colcon_core.package_identification:_identify(src) by extension 'ros'
[0.680s] Level 1:colcon.colcon_core.package_identification:_identify(src) by extensions ['cmake', 'python']
[0.680s] Level 1:colcon.colcon_core.package_identification:_identify(src) by extension 'cmake'
[0.680s] Level 1:colcon.colcon_core.package_identification:_identify(src) by extension 'python'
[0.681s] Level 1:colcon.colcon_core.package_identification:_identify(src) by extensions ['python_setup_py']
[0.681s] Level 1:colcon.colcon_core.package_identification:_identify(src) by extension 'python_setup_py'
[0.681s] Level 1:colcon.colcon_core.package_identification:_identify(src/sdt_project) by extensions ['ignore', 'ignore_ament_install']
[0.681s] Level 1:colcon.colcon_core.package_identification:_identify(src/sdt_project) by extension 'ignore'
[0.681s] Level 1:colcon.colcon_core.package_identification:_identify(src/sdt_project) by extension 'ignore_ament_install'
[0.681s] Level 1:colcon.colcon_core.package_identification:_identify(src/sdt_project) by extensions ['colcon_pkg']
[0.681s] Level 1:colcon.colcon_core.package_identification:_identify(src/sdt_project) by extension 'colcon_pkg'
[0.681s] Level 1:colcon.colcon_core.package_identification:_identify(src/sdt_project) by extensions ['colcon_meta']
[0.681s] Level 1:colcon.colcon_core.package_identification:_identify(src/sdt_project) by extension 'colcon_meta'
[0.682s] Level 1:colcon.colcon_core.package_identification:_identify(src/sdt_project) by extensions ['ros']
[0.682s] Level 1:colcon.colcon_core.package_identification:_identify(src/sdt_project) by extension 'ros'
[0.687s] DEBUG:colcon.colcon_core.package_identification:Package 'src/sdt_project' with type 'ros.ament_cmake' and name 'sdt_project'
[0.687s] Level 1:colcon.colcon_core.package_discovery:discover_packages(recursive) using defaults
[0.687s] Level 1:colcon.colcon_core.package_discovery:discover_packages(ignore) discover
[0.687s] Level 1:colcon.colcon_core.package_discovery:discover_packages(ignore) using defaults
[0.687s] Level 1:colcon.colcon_core.package_discovery:discover_packages(path) discover
[0.688s] Level 1:colcon.colcon_core.package_discovery:discover_packages(path) using defaults
[0.730s] Level 1:colcon.colcon_core.package_discovery:discover_packages(prefix_path) check parameters
[0.730s] Level 1:colcon.colcon_core.package_discovery:discover_packages(prefix_path) discover
[0.734s] DEBUG:colcon.colcon_installed_package_information.package_discovery:Found 1 installed packages in /home/yusuf/tcp/install
[0.735s] DEBUG:colcon.colcon_installed_package_information.package_discovery:Found 3 installed packages in /home/yusuf/turtlebot3_ws/install
[0.736s] DEBUG:colcon.colcon_installed_package_information.package_discovery:Found 1 installed packages in /home/yusuf/usb_cam/install
[0.736s] DEBUG:colcon.colcon_installed_package_information.package_discovery:Found 1 installed packages in /home/yusuf/Guzergah_SDT/install
[0.737s] DEBUG:colcon.colcon_installed_package_information.package_discovery:Found 1 installed packages in /home/yusuf/Guzergah_TIKA/install
[0.741s] DEBUG:colcon.colcon_installed_package_information.package_discovery:Found 395 installed packages in /opt/ros/humble
[0.764s] Level 1:colcon.colcon_core.package_discovery:discover_packages(prefix_path) using defaults
[0.873s] Level 5:colcon.colcon_core.verb:set package 'sdt_project' build argument 'cmake_args' from command line to 'None'
[0.873s] Level 5:colcon.colcon_core.verb:set package 'sdt_project' build argument 'cmake_target' from command line to 'None'
[0.873s] Level 5:colcon.colcon_core.verb:set package 'sdt_project' build argument 'cmake_target_skip_unavailable' from command line to 'False'
[0.873s] Level 5:colcon.colcon_core.verb:set package 'sdt_project' build argument 'cmake_clean_cache' from command line to 'False'
[0.873s] Level 5:colcon.colcon_core.verb:set package 'sdt_project' build argument 'cmake_clean_first' from command line to 'False'
[0.873s] Level 5:colcon.colcon_core.verb:set package 'sdt_project' build argument 'cmake_force_configure' from command line to 'False'
[0.873s] Level 5:colcon.colcon_core.verb:set package 'sdt_project' build argument 'ament_cmake_args' from command line to 'None'
[0.873s] Level 5:colcon.colcon_core.verb:set package 'sdt_project' build argument 'catkin_cmake_args' from command line to 'None'
[0.873s] Level 5:colcon.colcon_core.verb:set package 'sdt_project' build argument 'catkin_skip_building_tests' from command line to 'False'
[0.873s] DEBUG:colcon.colcon_core.verb:Building package 'sdt_project' with the following arguments: {'ament_cmake_args': None, 'build_base': '/home/yusuf/Guzergah_SDT/build/sdt_project', 'catkin_cmake_args': None, 'catkin_skip_building_tests': False, 'cmake_args': None, 'cmake_clean_cache': False, 'cmake_clean_first': False, 'cmake_force_configure': False, 'cmake_target': None, 'cmake_target_skip_unavailable': False, 'install_base': '/home/yusuf/Guzergah_SDT/install/sdt_project', 'merge_install': False, 'path': '/home/yusuf/Guzergah_SDT/src/sdt_project', 'symlink_install': False, 'test_result_base': None}
[0.874s] INFO:colcon.colcon_core.executor:Executing jobs using 'parallel' executor
[0.875s] DEBUG:colcon.colcon_parallel_executor.executor.parallel:run_until_complete
[0.876s] INFO:colcon.colcon_ros.task.ament_cmake.build:Building ROS package in '/home/yusuf/Guzergah_SDT/src/sdt_project' with build type 'ament_cmake'
[0.876s] INFO:colcon.colcon_cmake.task.cmake.build:Building CMake package in '/home/yusuf/Guzergah_SDT/src/sdt_project'
[0.881s] INFO:colcon.colcon_core.plugin_system:Skipping extension 'colcon_core.shell.bat': Not used on non-Windows systems
[0.881s] INFO:colcon.colcon_core.shell:Skip shell extension 'powershell' for command environment: Not usable outside of PowerShell
[0.881s] DEBUG:colcon.colcon_core.shell:Skip shell extension 'dsv' for command environment
[0.906s] DEBUG:colcon.colcon_core.event_handler.log_command:Invoking command in '/home/yusuf/Guzergah_SDT/build/sdt_project': CMAKE_PREFIX_PATH=${CMAKE_PREFIX_PATH}:/home/yusuf/tcp/install/tcp_package:/opt/ros/humble /usr/bin/cmake --build /home/yusuf/Guzergah_SDT/build/sdt_project -- -j8 -l8
[1.794s] DEBUG:colcon.colcon_core.event_handler.log_command:Invoked command in '/home/yusuf/Guzergah_SDT/build/sdt_project' returned '0': CMAKE_PREFIX_PATH=${CMAKE_PREFIX_PATH}:/home/yusuf/tcp/install/tcp_package:/opt/ros/humble /usr/bin/cmake --build /home/yusuf/Guzergah_SDT/build/sdt_project -- -j8 -l8
[1.996s] DEBUG:colcon.colcon_core.event_handler.log_command:Invoking command in '/home/yusuf/Guzergah_SDT/build/sdt_project': CMAKE_PREFIX_PATH=${CMAKE_PREFIX_PATH}:/home/yusuf/tcp/install/tcp_package:/opt/ros/humble /usr/bin/cmake --install /home/yusuf/Guzergah_SDT/build/sdt_project
[2.116s] Level 1:colcon.colcon_core.environment:create_environment_scripts_only(sdt_project)
[2.117s] DEBUG:colcon.colcon_core.event_handler.log_command:Invoked command in '/home/yusuf/Guzergah_SDT/build/sdt_project' returned '0': CMAKE_PREFIX_PATH=${CMAKE_PREFIX_PATH}:/home/yusuf/tcp/install/tcp_package:/opt/ros/humble /usr/bin/cmake --install /home/yusuf/Guzergah_SDT/build/sdt_project
[2.122s] Level 1:colcon.colcon_core.environment:checking '/home/yusuf/Guzergah_SDT/install/sdt_project' for CMake module files
[2.123s] Level 1:colcon.colcon_core.environment:checking '/home/yusuf/Guzergah_SDT/install/sdt_project' for CMake config files
[2.124s] Level 1:colcon.colcon_core.shell:create_environment_hook('sdt_project', 'cmake_prefix_path')
[2.124s] INFO:colcon.colcon_core.shell:Creating environment hook '/home/yusuf/Guzergah_SDT/install/sdt_project/share/sdt_project/hook/cmake_prefix_path.ps1'
[2.126s] INFO:colcon.colcon_core.shell:Creating environment descriptor '/home/yusuf/Guzergah_SDT/install/sdt_project/share/sdt_project/hook/cmake_prefix_path.dsv'
[2.127s] INFO:colcon.colcon_core.shell:Creating environment hook '/home/yusuf/Guzergah_SDT/install/sdt_project/share/sdt_project/hook/cmake_prefix_path.sh'
[2.129s] Level 1:colcon.colcon_core.environment:checking '/home/yusuf/Guzergah_SDT/install/sdt_project/lib'
[2.129s] Level 1:colcon.colcon_core.shell:create_environment_hook('sdt_project', 'ld_library_path_lib')
[2.130s] INFO:colcon.colcon_core.shell:Creating environment hook '/home/yusuf/Guzergah_SDT/install/sdt_project/share/sdt_project/hook/ld_library_path_lib.ps1'
[2.131s] INFO:colcon.colcon_core.shell:Creating environment descriptor '/home/yusuf/Guzergah_SDT/install/sdt_project/share/sdt_project/hook/ld_library_path_lib.dsv'
[2.131s] INFO:colcon.colcon_core.shell:Creating environment hook '/home/yusuf/Guzergah_SDT/install/sdt_project/share/sdt_project/hook/ld_library_path_lib.sh'
[2.132s] Level 1:colcon.colcon_core.environment:checking '/home/yusuf/Guzergah_SDT/install/sdt_project/bin'
[2.132s] Level 1:colcon.colcon_core.environment:checking '/home/yusuf/Guzergah_SDT/install/sdt_project/lib/pkgconfig/sdt_project.pc'
[2.133s] Level 1:colcon.colcon_core.environment:checking '/home/yusuf/Guzergah_SDT/install/sdt_project/lib/python3.10/site-packages'
[2.133s] Level 1:colcon.colcon_core.environment:checking '/home/yusuf/Guzergah_SDT/install/sdt_project/bin'
[2.134s] INFO:colcon.colcon_core.shell:Creating package script '/home/yusuf/Guzergah_SDT/install/sdt_project/share/sdt_project/package.ps1'
[2.135s] INFO:colcon.colcon_core.shell:Creating package descriptor '/home/yusuf/Guzergah_SDT/install/sdt_project/share/sdt_project/package.dsv'
[2.136s] INFO:colcon.colcon_core.shell:Creating package script '/home/yusuf/Guzergah_SDT/install/sdt_project/share/sdt_project/package.sh'
[2.138s] INFO:colcon.colcon_core.shell:Creating package script '/home/yusuf/Guzergah_SDT/install/sdt_project/share/sdt_project/package.bash'
[2.139s] INFO:colcon.colcon_core.shell:Creating package script '/home/yusuf/Guzergah_SDT/install/sdt_project/share/sdt_project/package.zsh'
[2.140s] Level 1:colcon.colcon_core.environment:create_file_with_runtime_dependencies(/home/yusuf/Guzergah_SDT/install/sdt_project/share/colcon-core/packages/sdt_project)
[2.326s] Level 1:colcon.colcon_core.environment:create_environment_scripts_only(sdt_project)
[2.328s] Level 1:colcon.colcon_core.environment:checking '/home/yusuf/Guzergah_SDT/install/sdt_project' for CMake module files
[2.330s] Level 1:colcon.colcon_core.environment:checking '/home/yusuf/Guzergah_SDT/install/sdt_project' for CMake config files
[2.331s] Level 1:colcon.colcon_core.shell:create_environment_hook('sdt_project', 'cmake_prefix_path')
[2.332s] INFO:colcon.colcon_core.shell:Creating environment hook '/home/yusuf/Guzergah_SDT/install/sdt_project/share/sdt_project/hook/cmake_prefix_path.ps1'
[2.333s] INFO:colcon.colcon_core.shell:Creating environment descriptor '/home/yusuf/Guzergah_SDT/install/sdt_project/share/sdt_project/hook/cmake_prefix_path.dsv'
[2.334s] INFO:colcon.colcon_core.shell:Creating environment hook '/home/yusuf/Guzergah_SDT/install/sdt_project/share/sdt_project/hook/cmake_prefix_path.sh'
[2.335s] Level 1:colcon.colcon_core.environment:checking '/home/yusuf/Guzergah_SDT/install/sdt_project/lib'
[2.336s] Level 1:colcon.colcon_core.shell:create_environment_hook('sdt_project', 'ld_library_path_lib')
[2.336s] INFO:colcon.colcon_core.shell:Creating environment hook '/home/yusuf/Guzergah_SDT/install/sdt_project/share/sdt_project/hook/ld_library_path_lib.ps1'
[2.337s] INFO:colcon.colcon_core.shell:Creating environment descriptor '/home/yusuf/Guzergah_SDT/install/sdt_project/share/sdt_project/hook/ld_library_path_lib.dsv'
[2.337s] INFO:colcon.colcon_core.shell:Creating environment hook '/home/yusuf/Guzergah_SDT/install/sdt_project/share/sdt_project/hook/ld_library_path_lib.sh'
[2.338s] Level 1:colcon.colcon_core.environment:checking '/home/yusuf/Guzergah_SDT/install/sdt_project/bin'
[2.338s] Level 1:colcon.colcon_core.environment:checking '/home/yusuf/Guzergah_SDT/install/sdt_project/lib/pkgconfig/sdt_project.pc'
[2.339s] Level 1:colcon.colcon_core.environment:checking '/home/yusuf/Guzergah_SDT/install/sdt_project/lib/python3.10/site-packages'
[2.339s] Level 1:colcon.colcon_core.environment:checking '/home/yusuf/Guzergah_SDT/install/sdt_project/bin'
[2.340s] INFO:colcon.colcon_core.shell:Creating package script '/home/yusuf/Guzergah_SDT/install/sdt_project/share/sdt_project/package.ps1'
[2.341s] INFO:colcon.colcon_core.shell:Creating package descriptor '/home/yusuf/Guzergah_SDT/install/sdt_project/share/sdt_project/package.dsv'
[2.342s] INFO:colcon.colcon_core.shell:Creating package script '/home/yusuf/Guzergah_SDT/install/sdt_project/share/sdt_project/package.sh'
[2.343s] INFO:colcon.colcon_core.shell:Creating package script '/home/yusuf/Guzergah_SDT/install/sdt_project/share/sdt_project/package.bash'
[2.344s] INFO:colcon.colcon_core.shell:Creating package script '/home/yusuf/Guzergah_SDT/install/sdt_project/share/sdt_project/package.zsh'
[2.344s] Level 1:colcon.colcon_core.environment:create_file_with_runtime_dependencies(/home/yusuf/Guzergah_SDT/install/sdt_project/share/colcon-core/packages/sdt_project)
[2.345s] DEBUG:colcon.colcon_parallel_executor.executor.parallel:closing loop
[2.346s] DEBUG:colcon.colcon_parallel_executor.executor.parallel:loop closed
[2.346s] DEBUG:colcon.colcon_parallel_executor.executor.parallel:run_until_complete finished with '0'
[2.346s] DEBUG:colcon.colcon_core.event_reactor:joining thread
[2.358s] INFO:colcon.colcon_core.plugin_system:Skipping extension 'colcon_notification.desktop_notification.terminal_notifier': Not used on non-Darwin systems
[2.358s] INFO:colcon.colcon_core.plugin_system:Skipping extension 'colcon_notification.desktop_notification.win32': Not used on non-Windows systems
[2.358s] INFO:colcon.colcon_notification.desktop_notification:Sending desktop notification using 'notify2'
[2.383s] DEBUG:colcon.colcon_core.event_reactor:joined thread
[2.384s] INFO:colcon.colcon_core.shell:Creating prefix script '/home/yusuf/Guzergah_SDT/install/local_setup.ps1'
[2.386s] INFO:colcon.colcon_core.shell:Creating prefix util module '/home/yusuf/Guzergah_SDT/install/_local_setup_util_ps1.py'
[2.392s] INFO:colcon.colcon_core.shell:Creating prefix chain script '/home/yusuf/Guzergah_SDT/install/setup.ps1'
[2.396s] INFO:colcon.colcon_core.shell:Creating prefix script '/home/yusuf/Guzergah_SDT/install/local_setup.sh'
[2.397s] INFO:colcon.colcon_core.shell:Creating prefix util module '/home/yusuf/Guzergah_SDT/install/_local_setup_util_sh.py'
[2.399s] INFO:colcon.colcon_core.shell:Creating prefix chain script '/home/yusuf/Guzergah_SDT/install/setup.sh'
[2.403s] INFO:colcon.colcon_core.shell:Creating prefix script '/home/yusuf/Guzergah_SDT/install/local_setup.bash'
[2.405s] INFO:colcon.colcon_core.shell:Creating prefix chain script '/home/yusuf/Guzergah_SDT/install/setup.bash'
[2.411s] INFO:colcon.colcon_core.shell:Creating prefix script '/home/yusuf/Guzergah_SDT/install/local_setup.zsh'
[2.413s] INFO:colcon.colcon_core.shell:Creating prefix chain script '/home/yusuf/Guzergah_SDT/install/setup.zsh'
