[0.024s] Invoking command in '/home/yusuf/Guzergah_SDT/build/sdt_project': CMAKE_PREFIX_PATH=${CMAKE_PREFIX_PATH}:/opt/ros/humble /usr/bin/cmake --build /home/yusuf/Guzergah_SDT/build/sdt_project -- -j8 -l8
[0.094s] [  3%] Built target sdt_project__cpp
[0.104s] [ 12%] Built target sdt_project__rosidl_generator_c
[0.116s] [ 12%] Built target ament_cmake_python_copy_sdt_project
[0.138s] [ 22%] Built target sdt_project__rosidl_typesupport_introspection_cpp
[0.139s] [ 32%] Built target sdt_project__rosidl_typesupport_fastrtps_cpp
[0.142s] [ 41%] Built target sdt_project__rosidl_typesupport_cpp
[0.148s] [ 51%] Built target sdt_project__rosidl_typesupport_introspection_c
[0.148s] [ 61%] Built target sdt_project__rosidl_typesupport_c
[0.149s] [ 70%] Built target sdt_project__rosidl_typesupport_fastrtps_c
[0.176s] [ 70%] Built target sdt_project
[0.203s] Traceback (most recent call last):
[0.203s]   File "/home/yusuf/Guzergah_SDT/build/sdt_project/ament_cmake_python/sdt_project/setup.py", line 1, in <module>
[0.203s]     from setuptools import find_packages
[0.203s]   File "/usr/lib/python3/dist-packages/setuptools/__init__.py", line 16, in <module>
[0.203s] gmake[1]: *** [CMakeFiles/Makefile2:591: sdt_project__py/CMakeFiles/sdt_project__py.dir/all] Interrupt
[0.211s]     import setuptools.version
[0.211s]   File "/usr/lib/python3/dist-packages/setuptools/version.py", line 1, in <module>
[0.212s]     import pkg_resources
[0.212s]   File "/usr/lib/python3/dist-packages/pkg_resources/__init__.py", line 28, in <module>
[0.212s]     import pkgutil
[0.212s]   File "/usr/lib/python3.10/pkgutil.py", line 137, in <module>
[0.212s]     def iter_importer_modules(importer, prefix=''):
[0.212s]   File "/usr/lib/python3.10/functools.py", line 812, in singledispatch
[0.212s]     import types, weakref
[0.213s]   File "<frozen importlib._bootstrap>", line 1027, in _find_and_load
[0.213s]   File "<frozen importlib._bootstrap>", line 1006, in _find_and_load_unlocked
[0.213s]   File "<frozen importlib._bootstrap>", line 688, in _load_unlocked
[0.213s]   File "<frozen importlib._bootstrap_external>", line 879, in exec_module
[0.213s]   File "<frozen importlib._bootstrap_external>", line 1012, in get_code
[0.213s]   File "<frozen importlib._bootstrap_external>", line 672, in _compile_bytecode
[0.213s] KeyboardInterrupt
[0.223s] gmake[2]: *** [CMakeFiles/ament_cmake_python_build_sdt_project_egg.dir/build.make:70: CMakeFiles/ament_cmake_python_build_sdt_project_egg] Interrupt
[0.223s] gmake[1]: *** [CMakeFiles/Makefile2:447: CMakeFiles/ament_cmake_python_build_sdt_project_egg.dir/all] Interrupt
[0.223s] gmake: *** [Makefile:146: all] Interrupt
