[0.016s] Invoking command in '/home/yusuf/Guzergah_SDT/build/sdt_project': CMAKE_PREFIX_PATH=${CMAKE_PREFIX_PATH}:/home/yusuf/tcp/install/tcp_package:/opt/ros/humble /usr/bin/cmake /home/yusuf/Guzergah_SDT/src/sdt_project -DCMAKE_INSTALL_PREFIX=/home/yusuf/Guzergah_SDT/install/sdt_project
[0.104s] -- The C compiler identification is GNU 12.3.0
[0.221s] -- The CXX compiler identification is GNU 12.3.0
[0.237s] -- Detecting C compiler ABI info
[0.389s] -- Detecting C compiler ABI info - done
[0.410s] -- Check for working C compiler: /usr/bin/cc - skipped
[0.410s] -- Detecting C compile features
[0.413s] -- Detecting C compile features - done
[0.420s] -- Detecting CXX compiler ABI info
[0.630s] -- Detecting CXX compiler ABI info - done
[0.650s] -- Check for working CXX compiler: /usr/bin/c++ - skipped
[0.651s] -- Detecting CXX compile features
[0.652s] -- Detecting CXX compile features - done
[0.658s] -- Found ament_cmake: 1.3.10 (/opt/ros/humble/share/ament_cmake/cmake)
[0.956s] -- Found Python3: /usr/bin/python3 (found version "3.10.12") found components: Interpreter 
[1.113s] -- Found rosidl_default_generators: 1.2.0 (/opt/ros/humble/share/rosidl_default_generators/cmake)
[1.118s] -- Using all available rosidl_typesupport_c: rosidl_typesupport_fastrtps_c;rosidl_typesupport_introspection_c
[1.128s] -- Found rosidl_adapter: 3.1.5 (/opt/ros/humble/share/rosidl_adapter/cmake)
[1.186s] -- Using all available rosidl_typesupport_cpp: rosidl_typesupport_fastrtps_cpp;rosidl_typesupport_introspection_cpp
[1.220s] -- Found rclcpp: 16.0.10 (/opt/ros/humble/share/rclcpp/cmake)
[1.290s] -- Found rmw_implementation_cmake: 6.1.2 (/opt/ros/humble/share/rmw_implementation_cmake/cmake)
[1.293s] -- Found rmw_cyclonedds_cpp: 1.3.4 (/opt/ros/humble/share/rmw_cyclonedds_cpp/cmake)
[1.315s] -- Using RMW implementation 'rmw_cyclonedds_cpp' as default
[1.324s] -- Looking for pthread.h
[1.418s] -- Looking for pthread.h - found
[1.418s] -- Performing Test CMAKE_HAVE_LIBC_PTHREAD
[1.516s] -- Performing Test CMAKE_HAVE_LIBC_PTHREAD - Success
[1.518s] -- Found Threads: TRUE  
[1.584s] -- Found rclpy: 3.3.14 (/opt/ros/humble/share/rclpy/cmake)
[1.965s] -- Found ament_cmake_ros: 0.10.0 (/opt/ros/humble/share/ament_cmake_ros/cmake)
[2.216s] -- Using all available rosidl_typesupport_c: rosidl_typesupport_fastrtps_c;rosidl_typesupport_introspection_c
[2.544s] -- Using all available rosidl_typesupport_cpp: rosidl_typesupport_fastrtps_cpp;rosidl_typesupport_introspection_cpp
[2.571s] -- Found PythonInterp: /usr/bin/python3 (found suitable version "3.10.12", minimum required is "3.6") 
[2.573s] -- Found python_cmake_module: 0.10.0 (/opt/ros/humble/share/python_cmake_module/cmake)
[2.603s] -- Found PythonLibs: /usr/lib/x86_64-linux-gnu/libpython3.10.so (found suitable version "3.10.12", minimum required is "3.5") 
[2.603s] -- Using PYTHON_EXECUTABLE: /usr/bin/python3
[2.603s] -- Using PYTHON_INCLUDE_DIRS: /usr/include/python3.10
[2.604s] -- Using PYTHON_LIBRARIES: /usr/lib/x86_64-linux-gnu/libpython3.10.so
[2.629s] -- Found PythonExtra: .so  
[2.686s] -- Configuring done
[2.722s] -- Generating done
[2.726s] -- Build files have been written to: /home/yusuf/Guzergah_SDT/build/sdt_project
[2.743s] Invoked command in '/home/yusuf/Guzergah_SDT/build/sdt_project' returned '0': CMAKE_PREFIX_PATH=${CMAKE_PREFIX_PATH}:/home/yusuf/tcp/install/tcp_package:/opt/ros/humble /usr/bin/cmake /home/yusuf/Guzergah_SDT/src/sdt_project -DCMAKE_INSTALL_PREFIX=/home/yusuf/Guzergah_SDT/install/sdt_project
[2.745s] Invoking command in '/home/yusuf/Guzergah_SDT/build/sdt_project': CMAKE_PREFIX_PATH=${CMAKE_PREFIX_PATH}:/home/yusuf/tcp/install/tcp_package:/opt/ros/humble /usr/bin/cmake --build /home/yusuf/Guzergah_SDT/build/sdt_project -- -j8 -l8
[2.798s] [  2%] [34m[1mGenerating C code for ROS interfaces[0m
[2.812s] [  5%] [34m[1mGenerating C++ code for ROS interfaces[0m
[2.824s] [  5%] Built target ament_cmake_python_copy_sdt_project
[3.225s] running egg_info
[3.226s] creating sdt_project.egg-info
[3.226s] writing sdt_project.egg-info/PKG-INFO
[3.226s] writing dependency_links to sdt_project.egg-info/dependency_links.txt
[3.227s] writing top-level names to sdt_project.egg-info/top_level.txt
[3.227s] writing manifest file 'sdt_project.egg-info/SOURCES.txt'
[3.232s] reading manifest file 'sdt_project.egg-info/SOURCES.txt'
[3.233s] writing manifest file 'sdt_project.egg-info/SOURCES.txt'
[3.285s] [  5%] Built target ament_cmake_python_build_sdt_project_egg
[3.340s] [  5%] Built target sdt_project__cpp
[3.345s] [  7%] [32mBuilding C object CMakeFiles/sdt_project__rosidl_generator_c.dir/rosidl_generator_c/sdt_project/msg/detail/sensor_values__functions.c.o[0m
[3.346s] [ 10%] [32mBuilding C object CMakeFiles/sdt_project__rosidl_generator_c.dir/rosidl_generator_c/sdt_project/msg/detail/motor_values__functions.c.o[0m
[3.361s] [ 12%] [34m[1mGenerating C++ type support dispatch for ROS interfaces[0m
[3.363s] [ 15%] [34m[1mGenerating C++ type support for eProsima Fast-RTPS[0m
[3.363s] [ 17%] [34m[1mGenerating C++ introspection for ROS interfaces[0m
[3.459s] [ 20%] [32m[1mLinking C shared library libsdt_project__rosidl_generator_c.so[0m
[3.520s] [ 20%] Built target sdt_project__rosidl_generator_c
[3.544s] [ 25%] [34m[1mGenerating C type support for eProsima Fast-RTPS[0m
[3.544s] [ 25%] [34m[1mGenerating C introspection for ROS interfaces[0m
[3.551s] [ 28%] [34m[1mGenerating C type support dispatch for ROS interfaces[0m
[3.945s] [ 30%] [32mBuilding CXX object CMakeFiles/sdt_project__rosidl_typesupport_cpp.dir/rosidl_typesupport_cpp/sdt_project/msg/sensor_values__type_support.cpp.o[0m
[3.945s] [ 33%] [32mBuilding CXX object CMakeFiles/sdt_project__rosidl_typesupport_cpp.dir/rosidl_typesupport_cpp/sdt_project/msg/motor_values__type_support.cpp.o[0m
[4.052s] [ 35%] [32mBuilding CXX object CMakeFiles/sdt_project__rosidl_typesupport_introspection_cpp.dir/rosidl_typesupport_introspection_cpp/sdt_project/msg/detail/motor_values__type_support.cpp.o[0m
[4.055s] [ 38%] [32mBuilding CXX object CMakeFiles/sdt_project__rosidl_typesupport_introspection_cpp.dir/rosidl_typesupport_introspection_cpp/sdt_project/msg/detail/sensor_values__type_support.cpp.o[0m
[4.143s] [ 41%] [32mBuilding CXX object CMakeFiles/sdt_project__rosidl_typesupport_fastrtps_cpp.dir/rosidl_typesupport_fastrtps_cpp/sdt_project/msg/detail/dds_fastrtps/motor_values__type_support.cpp.o[0m
[4.332s] [ 43%] [32mBuilding C object CMakeFiles/sdt_project__rosidl_typesupport_introspection_c.dir/rosidl_typesupport_introspection_c/sdt_project/msg/detail/motor_values__type_support.c.o[0m
[4.332s] [ 46%] [32mBuilding CXX object CMakeFiles/sdt_project__rosidl_typesupport_c.dir/rosidl_typesupport_c/sdt_project/msg/motor_values__type_support.cpp.o[0m
[4.439s] [ 48%] [32mBuilding CXX object CMakeFiles/sdt_project__rosidl_typesupport_c.dir/rosidl_typesupport_c/sdt_project/msg/sensor_values__type_support.cpp.o[0m
[4.453s] [ 51%] [32mBuilding C object CMakeFiles/sdt_project__rosidl_typesupport_introspection_c.dir/rosidl_typesupport_introspection_c/sdt_project/msg/detail/sensor_values__type_support.c.o[0m
[4.472s] [ 53%] [32mBuilding CXX object CMakeFiles/sdt_project__rosidl_typesupport_fastrtps_c.dir/rosidl_typesupport_fastrtps_c/sdt_project/msg/detail/motor_values__type_support_c.cpp.o[0m
[4.550s] [ 56%] [32m[1mLinking CXX shared library libsdt_project__rosidl_typesupport_c.so[0m
[4.554s] [ 58%] [32m[1mLinking C shared library libsdt_project__rosidl_typesupport_introspection_c.so[0m
[4.674s] [ 58%] Built target sdt_project__rosidl_typesupport_introspection_c
[4.693s] [ 58%] Built target sdt_project__rosidl_typesupport_c
[4.714s] [ 61%] [32mBuilding CXX object CMakeFiles/sdt_project__rosidl_typesupport_fastrtps_cpp.dir/rosidl_typesupport_fastrtps_cpp/sdt_project/msg/detail/dds_fastrtps/sensor_values__type_support.cpp.o[0m
[4.744s] [ 64%] [32mBuilding CXX object CMakeFiles/sdt_project__rosidl_typesupport_fastrtps_c.dir/rosidl_typesupport_fastrtps_c/sdt_project/msg/detail/sensor_values__type_support_c.cpp.o[0m
[5.098s] [ 66%] [32m[1mLinking CXX shared library libsdt_project__rosidl_typesupport_cpp.so[0m
[5.123s] [ 69%] [32m[1mLinking CXX shared library libsdt_project__rosidl_typesupport_introspection_cpp.so[0m
[5.209s] [ 69%] Built target sdt_project__rosidl_typesupport_cpp
[5.244s] [ 69%] Built target sdt_project__rosidl_typesupport_introspection_cpp
[5.678s] [ 71%] [32m[1mLinking CXX shared library libsdt_project__rosidl_typesupport_fastrtps_c.so[0m
[5.798s] [ 74%] [32m[1mLinking CXX shared library libsdt_project__rosidl_typesupport_fastrtps_cpp.so[0m
[5.820s] [ 74%] Built target sdt_project__rosidl_typesupport_fastrtps_c
[5.920s] [ 74%] Built target sdt_project__rosidl_typesupport_fastrtps_cpp
[5.949s] [ 74%] Built target sdt_project
[5.973s] [ 76%] [34m[1mGenerating Python code for ROS interfaces[0m
[6.467s] [ 76%] Built target sdt_project__py
[6.493s] [ 82%] [32mBuilding C object CMakeFiles/sdt_project__rosidl_generator_py.dir/rosidl_generator_py/sdt_project/msg/_sensor_values_s.c.o[0m
[6.494s] [ 82%] [32mBuilding C object CMakeFiles/sdt_project__rosidl_generator_py.dir/rosidl_generator_py/sdt_project/msg/_motor_values_s.c.o[0m
[6.647s] [ 84%] [32m[1mLinking C shared library rosidl_generator_py/sdt_project/libsdt_project__rosidl_generator_py.so[0m
[6.700s] [ 84%] Built target sdt_project__rosidl_generator_py
[6.725s] [ 89%] [32mBuilding C object CMakeFiles/sdt_project__rosidl_typesupport_c__pyext.dir/rosidl_generator_py/sdt_project/_sdt_project_s.ep.rosidl_typesupport_c.c.o[0m
[6.726s] [ 89%] [32mBuilding C object CMakeFiles/sdt_project__rosidl_typesupport_fastrtps_c__pyext.dir/rosidl_generator_py/sdt_project/_sdt_project_s.ep.rosidl_typesupport_fastrtps_c.c.o[0m
[6.726s] [ 92%] [32mBuilding C object CMakeFiles/sdt_project__rosidl_typesupport_introspection_c__pyext.dir/rosidl_generator_py/sdt_project/_sdt_project_s.ep.rosidl_typesupport_introspection_c.c.o[0m
[6.883s] [ 97%] [32m[1mLinking C shared library rosidl_generator_py/sdt_project/sdt_project_s__rosidl_typesupport_introspection_c.cpython-310-x86_64-linux-gnu.so[0m
[6.883s] [ 97%] [32m[1mLinking C shared library rosidl_generator_py/sdt_project/sdt_project_s__rosidl_typesupport_c.cpython-310-x86_64-linux-gnu.so[0m
[6.891s] [100%] [32m[1mLinking C shared library rosidl_generator_py/sdt_project/sdt_project_s__rosidl_typesupport_fastrtps_c.cpython-310-x86_64-linux-gnu.so[0m
[6.931s] [100%] Built target sdt_project__rosidl_typesupport_c__pyext
[6.931s] [100%] Built target sdt_project__rosidl_typesupport_introspection_c__pyext
[6.939s] [100%] Built target sdt_project__rosidl_typesupport_fastrtps_c__pyext
[6.953s] Invoked command in '/home/yusuf/Guzergah_SDT/build/sdt_project' returned '0': CMAKE_PREFIX_PATH=${CMAKE_PREFIX_PATH}:/home/yusuf/tcp/install/tcp_package:/opt/ros/humble /usr/bin/cmake --build /home/yusuf/Guzergah_SDT/build/sdt_project -- -j8 -l8
[7.086s] Invoking command in '/home/yusuf/Guzergah_SDT/build/sdt_project': CMAKE_PREFIX_PATH=${CMAKE_PREFIX_PATH}:/home/yusuf/tcp/install/tcp_package:/opt/ros/humble /usr/bin/cmake --install /home/yusuf/Guzergah_SDT/build/sdt_project
[7.099s] -- Install configuration: ""
[7.099s] -- Installing: /home/yusuf/Guzergah_SDT/install/sdt_project/share/ament_index/resource_index/rosidl_interfaces/sdt_project
[7.100s] -- Installing: /home/yusuf/Guzergah_SDT/install/sdt_project/include/sdt_project/sdt_project
[7.100s] -- Installing: /home/yusuf/Guzergah_SDT/install/sdt_project/include/sdt_project/sdt_project/msg
[7.100s] -- Installing: /home/yusuf/Guzergah_SDT/install/sdt_project/include/sdt_project/sdt_project/msg/motor_values.h
[7.100s] -- Installing: /home/yusuf/Guzergah_SDT/install/sdt_project/include/sdt_project/sdt_project/msg/sensor_values.h
[7.100s] -- Installing: /home/yusuf/Guzergah_SDT/install/sdt_project/include/sdt_project/sdt_project/msg/detail
[7.101s] -- Installing: /home/yusuf/Guzergah_SDT/install/sdt_project/include/sdt_project/sdt_project/msg/detail/sensor_values__type_support.h
[7.101s] -- Installing: /home/yusuf/Guzergah_SDT/install/sdt_project/include/sdt_project/sdt_project/msg/detail/motor_values__type_support.h
[7.101s] -- Installing: /home/yusuf/Guzergah_SDT/install/sdt_project/include/sdt_project/sdt_project/msg/detail/motor_values__functions.h
[7.101s] -- Installing: /home/yusuf/Guzergah_SDT/install/sdt_project/include/sdt_project/sdt_project/msg/detail/motor_values__struct.h
[7.101s] -- Installing: /home/yusuf/Guzergah_SDT/install/sdt_project/include/sdt_project/sdt_project/msg/detail/sensor_values__struct.h
[7.101s] -- Installing: /home/yusuf/Guzergah_SDT/install/sdt_project/include/sdt_project/sdt_project/msg/detail/motor_values__functions.c
[7.101s] -- Installing: /home/yusuf/Guzergah_SDT/install/sdt_project/include/sdt_project/sdt_project/msg/detail/sensor_values__functions.c
[7.101s] -- Installing: /home/yusuf/Guzergah_SDT/install/sdt_project/include/sdt_project/sdt_project/msg/detail/sensor_values__functions.h
[7.101s] -- Installing: /home/yusuf/Guzergah_SDT/install/sdt_project/include/sdt_project/sdt_project/msg/rosidl_generator_c__visibility_control.h
[7.102s] -- Installing: /home/yusuf/Guzergah_SDT/install/sdt_project/share/sdt_project/environment/library_path.sh
[7.102s] -- Installing: /home/yusuf/Guzergah_SDT/install/sdt_project/share/sdt_project/environment/library_path.dsv
[7.102s] -- Installing: /home/yusuf/Guzergah_SDT/install/sdt_project/lib/libsdt_project__rosidl_generator_c.so
[7.102s] -- Set runtime path of "/home/yusuf/Guzergah_SDT/install/sdt_project/lib/libsdt_project__rosidl_generator_c.so" to ""
[7.102s] -- Up-to-date: /home/yusuf/Guzergah_SDT/install/sdt_project/include/sdt_project/sdt_project
[7.103s] -- Up-to-date: /home/yusuf/Guzergah_SDT/install/sdt_project/include/sdt_project/sdt_project/msg
[7.103s] -- Installing: /home/yusuf/Guzergah_SDT/install/sdt_project/include/sdt_project/sdt_project/msg/rosidl_typesupport_fastrtps_c__visibility_control.h
[7.103s] -- Up-to-date: /home/yusuf/Guzergah_SDT/install/sdt_project/include/sdt_project/sdt_project/msg/detail
[7.103s] -- Installing: /home/yusuf/Guzergah_SDT/install/sdt_project/include/sdt_project/sdt_project/msg/detail/motor_values__rosidl_typesupport_fastrtps_c.h
[7.103s] -- Installing: /home/yusuf/Guzergah_SDT/install/sdt_project/include/sdt_project/sdt_project/msg/detail/sensor_values__rosidl_typesupport_fastrtps_c.h
[7.103s] -- Installing: /home/yusuf/Guzergah_SDT/install/sdt_project/lib/libsdt_project__rosidl_typesupport_fastrtps_c.so
[7.103s] -- Set runtime path of "/home/yusuf/Guzergah_SDT/install/sdt_project/lib/libsdt_project__rosidl_typesupport_fastrtps_c.so" to ""
[7.104s] -- Up-to-date: /home/yusuf/Guzergah_SDT/install/sdt_project/include/sdt_project/sdt_project
[7.104s] -- Up-to-date: /home/yusuf/Guzergah_SDT/install/sdt_project/include/sdt_project/sdt_project/msg
[7.104s] -- Installing: /home/yusuf/Guzergah_SDT/install/sdt_project/include/sdt_project/sdt_project/msg/rosidl_typesupport_introspection_c__visibility_control.h
[7.104s] -- Up-to-date: /home/yusuf/Guzergah_SDT/install/sdt_project/include/sdt_project/sdt_project/msg/detail
[7.104s] -- Installing: /home/yusuf/Guzergah_SDT/install/sdt_project/include/sdt_project/sdt_project/msg/detail/motor_values__rosidl_typesupport_introspection_c.h
[7.104s] -- Installing: /home/yusuf/Guzergah_SDT/install/sdt_project/include/sdt_project/sdt_project/msg/detail/sensor_values__type_support.c
[7.104s] -- Installing: /home/yusuf/Guzergah_SDT/install/sdt_project/include/sdt_project/sdt_project/msg/detail/motor_values__type_support.c
[7.104s] -- Installing: /home/yusuf/Guzergah_SDT/install/sdt_project/include/sdt_project/sdt_project/msg/detail/sensor_values__rosidl_typesupport_introspection_c.h
[7.104s] -- Installing: /home/yusuf/Guzergah_SDT/install/sdt_project/lib/libsdt_project__rosidl_typesupport_introspection_c.so
[7.104s] -- Set runtime path of "/home/yusuf/Guzergah_SDT/install/sdt_project/lib/libsdt_project__rosidl_typesupport_introspection_c.so" to ""
[7.105s] -- Installing: /home/yusuf/Guzergah_SDT/install/sdt_project/lib/libsdt_project__rosidl_typesupport_c.so
[7.105s] -- Set runtime path of "/home/yusuf/Guzergah_SDT/install/sdt_project/lib/libsdt_project__rosidl_typesupport_c.so" to ""
[7.105s] -- Up-to-date: /home/yusuf/Guzergah_SDT/install/sdt_project/include/sdt_project/sdt_project
[7.105s] -- Up-to-date: /home/yusuf/Guzergah_SDT/install/sdt_project/include/sdt_project/sdt_project/msg
[7.105s] -- Installing: /home/yusuf/Guzergah_SDT/install/sdt_project/include/sdt_project/sdt_project/msg/sensor_values.hpp
[7.105s] -- Up-to-date: /home/yusuf/Guzergah_SDT/install/sdt_project/include/sdt_project/sdt_project/msg/detail
[7.105s] -- Installing: /home/yusuf/Guzergah_SDT/install/sdt_project/include/sdt_project/sdt_project/msg/detail/sensor_values__struct.hpp
[7.105s] -- Installing: /home/yusuf/Guzergah_SDT/install/sdt_project/include/sdt_project/sdt_project/msg/detail/motor_values__traits.hpp
[7.105s] -- Installing: /home/yusuf/Guzergah_SDT/install/sdt_project/include/sdt_project/sdt_project/msg/detail/sensor_values__traits.hpp
[7.106s] -- Installing: /home/yusuf/Guzergah_SDT/install/sdt_project/include/sdt_project/sdt_project/msg/detail/motor_values__builder.hpp
[7.106s] -- Installing: /home/yusuf/Guzergah_SDT/install/sdt_project/include/sdt_project/sdt_project/msg/detail/sensor_values__builder.hpp
[7.106s] -- Installing: /home/yusuf/Guzergah_SDT/install/sdt_project/include/sdt_project/sdt_project/msg/detail/motor_values__struct.hpp
[7.106s] -- Installing: /home/yusuf/Guzergah_SDT/install/sdt_project/include/sdt_project/sdt_project/msg/motor_values.hpp
[7.106s] -- Up-to-date: /home/yusuf/Guzergah_SDT/install/sdt_project/include/sdt_project/sdt_project
[7.106s] -- Up-to-date: /home/yusuf/Guzergah_SDT/install/sdt_project/include/sdt_project/sdt_project/msg
[7.106s] -- Up-to-date: /home/yusuf/Guzergah_SDT/install/sdt_project/include/sdt_project/sdt_project/msg/detail
[7.106s] -- Installing: /home/yusuf/Guzergah_SDT/install/sdt_project/include/sdt_project/sdt_project/msg/detail/sensor_values__rosidl_typesupport_fastrtps_cpp.hpp
[7.106s] -- Installing: /home/yusuf/Guzergah_SDT/install/sdt_project/include/sdt_project/sdt_project/msg/detail/dds_fastrtps
[7.106s] -- Installing: /home/yusuf/Guzergah_SDT/install/sdt_project/include/sdt_project/sdt_project/msg/detail/motor_values__rosidl_typesupport_fastrtps_cpp.hpp
[7.106s] -- Installing: /home/yusuf/Guzergah_SDT/install/sdt_project/include/sdt_project/sdt_project/msg/rosidl_typesupport_fastrtps_cpp__visibility_control.h
[7.106s] -- Installing: /home/yusuf/Guzergah_SDT/install/sdt_project/lib/libsdt_project__rosidl_typesupport_fastrtps_cpp.so
[7.107s] -- Set runtime path of "/home/yusuf/Guzergah_SDT/install/sdt_project/lib/libsdt_project__rosidl_typesupport_fastrtps_cpp.so" to ""
[7.107s] -- Up-to-date: /home/yusuf/Guzergah_SDT/install/sdt_project/include/sdt_project/sdt_project
[7.107s] -- Up-to-date: /home/yusuf/Guzergah_SDT/install/sdt_project/include/sdt_project/sdt_project/msg
[7.107s] -- Up-to-date: /home/yusuf/Guzergah_SDT/install/sdt_project/include/sdt_project/sdt_project/msg/detail
[7.107s] -- Installing: /home/yusuf/Guzergah_SDT/install/sdt_project/include/sdt_project/sdt_project/msg/detail/motor_values__type_support.cpp
[7.107s] -- Installing: /home/yusuf/Guzergah_SDT/install/sdt_project/include/sdt_project/sdt_project/msg/detail/motor_values__rosidl_typesupport_introspection_cpp.hpp
[7.107s] -- Installing: /home/yusuf/Guzergah_SDT/install/sdt_project/include/sdt_project/sdt_project/msg/detail/sensor_values__rosidl_typesupport_introspection_cpp.hpp
[7.107s] -- Installing: /home/yusuf/Guzergah_SDT/install/sdt_project/include/sdt_project/sdt_project/msg/detail/sensor_values__type_support.cpp
[7.107s] -- Installing: /home/yusuf/Guzergah_SDT/install/sdt_project/lib/libsdt_project__rosidl_typesupport_introspection_cpp.so
[7.108s] -- Set runtime path of "/home/yusuf/Guzergah_SDT/install/sdt_project/lib/libsdt_project__rosidl_typesupport_introspection_cpp.so" to ""
[7.108s] -- Installing: /home/yusuf/Guzergah_SDT/install/sdt_project/lib/libsdt_project__rosidl_typesupport_cpp.so
[7.108s] -- Set runtime path of "/home/yusuf/Guzergah_SDT/install/sdt_project/lib/libsdt_project__rosidl_typesupport_cpp.so" to ""
[7.108s] -- Installing: /home/yusuf/Guzergah_SDT/install/sdt_project/share/sdt_project/environment/pythonpath.sh
[7.108s] -- Installing: /home/yusuf/Guzergah_SDT/install/sdt_project/share/sdt_project/environment/pythonpath.dsv
[7.108s] -- Installing: /home/yusuf/Guzergah_SDT/install/sdt_project/local/lib/python3.10/dist-packages/sdt_project-0.0.0-py3.10.egg-info
[7.108s] -- Installing: /home/yusuf/Guzergah_SDT/install/sdt_project/local/lib/python3.10/dist-packages/sdt_project-0.0.0-py3.10.egg-info/dependency_links.txt
[7.108s] -- Installing: /home/yusuf/Guzergah_SDT/install/sdt_project/local/lib/python3.10/dist-packages/sdt_project-0.0.0-py3.10.egg-info/SOURCES.txt
[7.109s] -- Installing: /home/yusuf/Guzergah_SDT/install/sdt_project/local/lib/python3.10/dist-packages/sdt_project-0.0.0-py3.10.egg-info/top_level.txt
[7.109s] -- Installing: /home/yusuf/Guzergah_SDT/install/sdt_project/local/lib/python3.10/dist-packages/sdt_project-0.0.0-py3.10.egg-info/PKG-INFO
[7.109s] -- Installing: /home/yusuf/Guzergah_SDT/install/sdt_project/local/lib/python3.10/dist-packages/sdt_project
[7.109s] -- Installing: /home/yusuf/Guzergah_SDT/install/sdt_project/local/lib/python3.10/dist-packages/sdt_project/sdt_project_s__rosidl_typesupport_c.cpython-310-x86_64-linux-gnu.so
[7.109s] -- Installing: /home/yusuf/Guzergah_SDT/install/sdt_project/local/lib/python3.10/dist-packages/sdt_project/_sdt_project_s.ep.rosidl_typesupport_introspection_c.c
[7.109s] -- Installing: /home/yusuf/Guzergah_SDT/install/sdt_project/local/lib/python3.10/dist-packages/sdt_project/sdt_project_s__rosidl_typesupport_fastrtps_c.cpython-310-x86_64-linux-gnu.so
[7.109s] -- Installing: /home/yusuf/Guzergah_SDT/install/sdt_project/local/lib/python3.10/dist-packages/sdt_project/libsdt_project__rosidl_generator_py.so
[7.109s] -- Installing: /home/yusuf/Guzergah_SDT/install/sdt_project/local/lib/python3.10/dist-packages/sdt_project/sdt_project_s__rosidl_typesupport_introspection_c.cpython-310-x86_64-linux-gnu.so
[7.109s] -- Installing: /home/yusuf/Guzergah_SDT/install/sdt_project/local/lib/python3.10/dist-packages/sdt_project/msg
[7.109s] -- Installing: /home/yusuf/Guzergah_SDT/install/sdt_project/local/lib/python3.10/dist-packages/sdt_project/msg/_sensor_values_s.c
[7.110s] -- Installing: /home/yusuf/Guzergah_SDT/install/sdt_project/local/lib/python3.10/dist-packages/sdt_project/msg/_sensor_values.py
[7.110s] -- Installing: /home/yusuf/Guzergah_SDT/install/sdt_project/local/lib/python3.10/dist-packages/sdt_project/msg/_motor_values_s.c
[7.110s] -- Installing: /home/yusuf/Guzergah_SDT/install/sdt_project/local/lib/python3.10/dist-packages/sdt_project/msg/_motor_values.py
[7.110s] -- Installing: /home/yusuf/Guzergah_SDT/install/sdt_project/local/lib/python3.10/dist-packages/sdt_project/msg/__init__.py
[7.110s] -- Installing: /home/yusuf/Guzergah_SDT/install/sdt_project/local/lib/python3.10/dist-packages/sdt_project/__init__.py
[7.110s] -- Installing: /home/yusuf/Guzergah_SDT/install/sdt_project/local/lib/python3.10/dist-packages/sdt_project/_sdt_project_s.ep.rosidl_typesupport_c.c
[7.110s] -- Installing: /home/yusuf/Guzergah_SDT/install/sdt_project/local/lib/python3.10/dist-packages/sdt_project/_sdt_project_s.ep.rosidl_typesupport_fastrtps_c.c
[7.153s] Listing '/home/yusuf/Guzergah_SDT/install/sdt_project/local/lib/python3.10/dist-packages/sdt_project'...
[7.153s] Compiling '/home/yusuf/Guzergah_SDT/install/sdt_project/local/lib/python3.10/dist-packages/sdt_project/__init__.py'...
[7.153s] Listing '/home/yusuf/Guzergah_SDT/install/sdt_project/local/lib/python3.10/dist-packages/sdt_project/msg'...
[7.153s] Compiling '/home/yusuf/Guzergah_SDT/install/sdt_project/local/lib/python3.10/dist-packages/sdt_project/msg/__init__.py'...
[7.154s] Compiling '/home/yusuf/Guzergah_SDT/install/sdt_project/local/lib/python3.10/dist-packages/sdt_project/msg/_motor_values.py'...
[7.154s] Compiling '/home/yusuf/Guzergah_SDT/install/sdt_project/local/lib/python3.10/dist-packages/sdt_project/msg/_sensor_values.py'...
[7.160s] -- Installing: /home/yusuf/Guzergah_SDT/install/sdt_project/local/lib/python3.10/dist-packages/sdt_project/sdt_project_s__rosidl_typesupport_fastrtps_c.cpython-310-x86_64-linux-gnu.so
[7.160s] -- Set runtime path of "/home/yusuf/Guzergah_SDT/install/sdt_project/local/lib/python3.10/dist-packages/sdt_project/sdt_project_s__rosidl_typesupport_fastrtps_c.cpython-310-x86_64-linux-gnu.so" to ""
[7.160s] -- Installing: /home/yusuf/Guzergah_SDT/install/sdt_project/local/lib/python3.10/dist-packages/sdt_project/sdt_project_s__rosidl_typesupport_introspection_c.cpython-310-x86_64-linux-gnu.so
[7.160s] -- Set runtime path of "/home/yusuf/Guzergah_SDT/install/sdt_project/local/lib/python3.10/dist-packages/sdt_project/sdt_project_s__rosidl_typesupport_introspection_c.cpython-310-x86_64-linux-gnu.so" to ""
[7.160s] -- Installing: /home/yusuf/Guzergah_SDT/install/sdt_project/local/lib/python3.10/dist-packages/sdt_project/sdt_project_s__rosidl_typesupport_c.cpython-310-x86_64-linux-gnu.so
[7.161s] -- Set runtime path of "/home/yusuf/Guzergah_SDT/install/sdt_project/local/lib/python3.10/dist-packages/sdt_project/sdt_project_s__rosidl_typesupport_c.cpython-310-x86_64-linux-gnu.so" to ""
[7.161s] -- Installing: /home/yusuf/Guzergah_SDT/install/sdt_project/lib/libsdt_project__rosidl_generator_py.so
[7.161s] -- Set runtime path of "/home/yusuf/Guzergah_SDT/install/sdt_project/lib/libsdt_project__rosidl_generator_py.so" to ""
[7.161s] -- Installing: /home/yusuf/Guzergah_SDT/install/sdt_project/share/sdt_project/msg/MotorValues.idl
[7.161s] -- Installing: /home/yusuf/Guzergah_SDT/install/sdt_project/share/sdt_project/msg/SensorValues.idl
[7.161s] -- Installing: /home/yusuf/Guzergah_SDT/install/sdt_project/share/sdt_project/msg/MotorValues.msg
[7.161s] -- Installing: /home/yusuf/Guzergah_SDT/install/sdt_project/share/sdt_project/msg/SensorValues.msg
[7.162s] -- Installing: /home/yusuf/Guzergah_SDT/install/sdt_project/lib/sdt_project/usb_com.py
[7.162s] -- Installing: /home/yusuf/Guzergah_SDT/install/sdt_project/lib/sdt_project/TCP_com.py
[7.162s] -- Installing: /home/yusuf/Guzergah_SDT/install/sdt_project/lib/sdt_project/diff_node.py
[7.162s] -- Installing: /home/yusuf/Guzergah_SDT/install/sdt_project/lib/sdt_project/pid_library.py
[7.162s] -- Installing: /home/yusuf/Guzergah_SDT/install/sdt_project/lib/sdt_project/manuel_kumanda.py
[7.162s] -- Installing: /home/yusuf/Guzergah_SDT/install/sdt_project/lib/sdt_project/navigation_1.py
[7.162s] -- Installing: /home/yusuf/Guzergah_SDT/install/sdt_project/lib/sdt_project/qr_detect.py
[7.163s] -- Installing: /home/yusuf/Guzergah_SDT/install/sdt_project/share/sdt_project/launch/node_start.launch.py
[7.163s] -- Installing: /home/yusuf/Guzergah_SDT/install/sdt_project/share/sdt_project/launch/SLAM.launch.py
[7.163s] -- Installing: /home/yusuf/Guzergah_SDT/install/sdt_project/share/ament_index/resource_index/package_run_dependencies/sdt_project
[7.163s] -- Installing: /home/yusuf/Guzergah_SDT/install/sdt_project/share/ament_index/resource_index/parent_prefix_path/sdt_project
[7.163s] -- Installing: /home/yusuf/Guzergah_SDT/install/sdt_project/share/sdt_project/environment/ament_prefix_path.sh
[7.163s] -- Installing: /home/yusuf/Guzergah_SDT/install/sdt_project/share/sdt_project/environment/ament_prefix_path.dsv
[7.164s] -- Installing: /home/yusuf/Guzergah_SDT/install/sdt_project/share/sdt_project/environment/path.sh
[7.164s] -- Installing: /home/yusuf/Guzergah_SDT/install/sdt_project/share/sdt_project/environment/path.dsv
[7.164s] -- Installing: /home/yusuf/Guzergah_SDT/install/sdt_project/share/sdt_project/local_setup.bash
[7.164s] -- Installing: /home/yusuf/Guzergah_SDT/install/sdt_project/share/sdt_project/local_setup.sh
[7.164s] -- Installing: /home/yusuf/Guzergah_SDT/install/sdt_project/share/sdt_project/local_setup.zsh
[7.164s] -- Installing: /home/yusuf/Guzergah_SDT/install/sdt_project/share/sdt_project/local_setup.dsv
[7.164s] -- Installing: /home/yusuf/Guzergah_SDT/install/sdt_project/share/sdt_project/package.dsv
[7.164s] -- Installing: /home/yusuf/Guzergah_SDT/install/sdt_project/share/ament_index/resource_index/packages/sdt_project
[7.165s] -- Installing: /home/yusuf/Guzergah_SDT/install/sdt_project/share/sdt_project/cmake/export_sdt_project__rosidl_generator_cExport.cmake
[7.165s] -- Installing: /home/yusuf/Guzergah_SDT/install/sdt_project/share/sdt_project/cmake/export_sdt_project__rosidl_generator_cExport-noconfig.cmake
[7.165s] -- Installing: /home/yusuf/Guzergah_SDT/install/sdt_project/share/sdt_project/cmake/export_sdt_project__rosidl_typesupport_fastrtps_cExport.cmake
[7.165s] -- Installing: /home/yusuf/Guzergah_SDT/install/sdt_project/share/sdt_project/cmake/export_sdt_project__rosidl_typesupport_fastrtps_cExport-noconfig.cmake
[7.165s] -- Installing: /home/yusuf/Guzergah_SDT/install/sdt_project/share/sdt_project/cmake/sdt_project__rosidl_typesupport_introspection_cExport.cmake
[7.165s] -- Installing: /home/yusuf/Guzergah_SDT/install/sdt_project/share/sdt_project/cmake/sdt_project__rosidl_typesupport_introspection_cExport-noconfig.cmake
[7.166s] -- Installing: /home/yusuf/Guzergah_SDT/install/sdt_project/share/sdt_project/cmake/sdt_project__rosidl_typesupport_cExport.cmake
[7.166s] -- Installing: /home/yusuf/Guzergah_SDT/install/sdt_project/share/sdt_project/cmake/sdt_project__rosidl_typesupport_cExport-noconfig.cmake
[7.166s] -- Installing: /home/yusuf/Guzergah_SDT/install/sdt_project/share/sdt_project/cmake/export_sdt_project__rosidl_generator_cppExport.cmake
[7.167s] -- Installing: /home/yusuf/Guzergah_SDT/install/sdt_project/share/sdt_project/cmake/export_sdt_project__rosidl_typesupport_fastrtps_cppExport.cmake
[7.167s] -- Installing: /home/yusuf/Guzergah_SDT/install/sdt_project/share/sdt_project/cmake/export_sdt_project__rosidl_typesupport_fastrtps_cppExport-noconfig.cmake
[7.167s] -- Installing: /home/yusuf/Guzergah_SDT/install/sdt_project/share/sdt_project/cmake/sdt_project__rosidl_typesupport_introspection_cppExport.cmake
[7.167s] -- Installing: /home/yusuf/Guzergah_SDT/install/sdt_project/share/sdt_project/cmake/sdt_project__rosidl_typesupport_introspection_cppExport-noconfig.cmake
[7.168s] -- Installing: /home/yusuf/Guzergah_SDT/install/sdt_project/share/sdt_project/cmake/sdt_project__rosidl_typesupport_cppExport.cmake
[7.168s] -- Installing: /home/yusuf/Guzergah_SDT/install/sdt_project/share/sdt_project/cmake/sdt_project__rosidl_typesupport_cppExport-noconfig.cmake
[7.168s] -- Installing: /home/yusuf/Guzergah_SDT/install/sdt_project/share/sdt_project/cmake/export_sdt_project__rosidl_generator_pyExport.cmake
[7.168s] -- Installing: /home/yusuf/Guzergah_SDT/install/sdt_project/share/sdt_project/cmake/export_sdt_project__rosidl_generator_pyExport-noconfig.cmake
[7.168s] -- Installing: /home/yusuf/Guzergah_SDT/install/sdt_project/share/sdt_project/cmake/rosidl_cmake-extras.cmake
[7.169s] -- Installing: /home/yusuf/Guzergah_SDT/install/sdt_project/share/sdt_project/cmake/ament_cmake_export_include_directories-extras.cmake
[7.169s] -- Installing: /home/yusuf/Guzergah_SDT/install/sdt_project/share/sdt_project/cmake/ament_cmake_export_libraries-extras.cmake
[7.169s] -- Installing: /home/yusuf/Guzergah_SDT/install/sdt_project/share/sdt_project/cmake/ament_cmake_export_targets-extras.cmake
[7.169s] -- Installing: /home/yusuf/Guzergah_SDT/install/sdt_project/share/sdt_project/cmake/rosidl_cmake_export_typesupport_targets-extras.cmake
[7.169s] -- Installing: /home/yusuf/Guzergah_SDT/install/sdt_project/share/sdt_project/cmake/ament_cmake_export_dependencies-extras.cmake
[7.170s] -- Installing: /home/yusuf/Guzergah_SDT/install/sdt_project/share/sdt_project/cmake/rosidl_cmake_export_typesupport_libraries-extras.cmake
[7.170s] -- Installing: /home/yusuf/Guzergah_SDT/install/sdt_project/share/sdt_project/cmake/sdt_projectConfig.cmake
[7.170s] -- Installing: /home/yusuf/Guzergah_SDT/install/sdt_project/share/sdt_project/cmake/sdt_projectConfig-version.cmake
[7.170s] -- Installing: /home/yusuf/Guzergah_SDT/install/sdt_project/share/sdt_project/package.xml
[7.174s] Invoked command in '/home/yusuf/Guzergah_SDT/build/sdt_project' returned '0': CMAKE_PREFIX_PATH=${CMAKE_PREFIX_PATH}:/home/yusuf/tcp/install/tcp_package:/opt/ros/humble /usr/bin/cmake --install /home/yusuf/Guzergah_SDT/build/sdt_project
