[  3%] Built target sdt_project__cpp
[ 12%] Built target sdt_project__rosidl_generator_c
[ 12%] Built target ament_cmake_python_copy_sdt_project
[ 22%] Built target sdt_project__rosidl_typesupport_introspection_cpp
[ 32%] Built target sdt_project__rosidl_typesupport_cpp
[ 41%] Built target sdt_project__rosidl_typesupport_fastrtps_cpp
[ 51%] Built target sdt_project__rosidl_typesupport_introspection_c
[ 61%] Built target sdt_project__rosidl_typesupport_fastrtps_c
[ 70%] Built target sdt_project__rosidl_typesupport_c
[ 70%] Built target sdt_project
[ 74%] Built target sdt_project__py
[ 80%] Built target sdt_project__rosidl_generator_py
[ 87%] Built target sdt_project__rosidl_typesupport_c__pyext
[ 93%] Built target sdt_project__rosidl_typesupport_fastrtps_c__pyext
[100%] Built target sdt_project__rosidl_typesupport_introspection_c__pyext
Traceback (most recent call last):
  File "/home/yusuf/Guzergah_SDT/build/sdt_project/ament_cmake_python/sdt_project/setup.py", line 1, in <module>
    from setuptools import find_packages
  File "/usr/lib/python3/dist-packages/setuptools/__init__.py", line 16, in <module>
    import setuptools.version
  File "/usr/lib/python3/dist-packages/setuptools/version.py", line 1, in <module>
    import pkg_resources
  File "/usr/lib/python3/dist-packages/pkg_resources/__init__.py", line 3267, in <module>
    def _initialize_master_working_set():
  File "/usr/lib/python3/dist-packages/pkg_resources/__init__.py", line 3241, in _call_aside
    f(*args, **kwargs)
  File "/usr/lib/python3/dist-packages/pkg_resources/__init__.py", line 3279, in _initialize_master_working_set
    working_set = WorkingSet._build_master()
  File "/usr/lib/python3/dist-packages/pkg_resources/__init__.py", line 564, in _build_master
    ws = cls()
  File "/usr/lib/python3/dist-packages/pkg_resources/__init__.py", line 557, in __init__
    self.add_entry(entry)
  File "/usr/lib/python3/dist-packages/pkg_resources/__init__.py", line 613, in add_entry
    for dist in find_distributions(entry, True):
  File "/usr/lib/python3/dist-packages/pkg_resources/__init__.py", line 2076, in find_on_path
    factory = dist_factory(path_item, entry, only)
  File "/usr/lib/python3/dist-packages/pkg_resources/__init__.py", line 2084, in dist_factory
    is_egg_info = lower.endswith('.egg-info')
KeyboardInterrupt
gmake[2]: *** [CMakeFiles/ament_cmake_python_build_sdt_project_egg.dir/build.make:70: CMakeFiles/ament_cmake_python_build_sdt_project_egg] Interrupt
gmake[1]: *** [CMakeFiles/Makefile2:447: CMakeFiles/ament_cmake_python_build_sdt_project_egg.dir/all] Interrupt
gmake: *** [Makefile:146: all] Interrupt
