[0.067s] Invoking command in '/home/yusuf/Guzergah_SDT/src/build/openslam_gmapping': CMAKE_PREFIX_PATH=${CMAKE_PREFIX_PATH}:/opt/ros/humble /usr/bin/cmake /home/yusuf/Guzergah_SDT/src/slam_gmapping_Humble/openslam_gmapping -DCMAKE_INSTALL_PREFIX=/home/yusuf/Guzergah_SDT/src/install/openslam_gmapping
[0.395s] -- The C compiler identification is GNU 12.3.0
[0.692s] -- The CXX compiler identification is GNU 12.3.0
[0.720s] -- Detecting C compiler ABI info
[1.015s] -- Detecting C compiler ABI info - done
[1.051s] -- Check for working C compiler: /usr/bin/cc - skipped
[1.053s] -- Detecting C compile features
[1.054s] -- Detecting C compile features - done
[1.066s] -- Detecting CXX compiler ABI info
[1.391s] -- Detecting CXX compiler ABI info - done
[1.417s] -- Check for working CXX compiler: /usr/bin/c++ - skipped
[1.418s] -- Detecting CXX compile features
[1.420s] -- Detecting CXX compile features - done
[1.430s] -- Found ament_cmake: 1.3.10 (/opt/ros/humble/share/ament_cmake/cmake)
[2.048s] -- Found Python3: /usr/bin/python3 (found version "3.10.12") found components: Interpreter 
[2.601s] -- Configuring done
[2.657s] -- Generating done
[2.671s] -- Build files have been written to: /home/yusuf/Guzergah_SDT/src/build/openslam_gmapping
[2.682s] Invoked command in '/home/yusuf/Guzergah_SDT/src/build/openslam_gmapping' returned '0': CMAKE_PREFIX_PATH=${CMAKE_PREFIX_PATH}:/opt/ros/humble /usr/bin/cmake /home/yusuf/Guzergah_SDT/src/slam_gmapping_Humble/openslam_gmapping -DCMAKE_INSTALL_PREFIX=/home/yusuf/Guzergah_SDT/src/install/openslam_gmapping
[2.687s] Invoking command in '/home/yusuf/Guzergah_SDT/src/build/openslam_gmapping': CMAKE_PREFIX_PATH=${CMAKE_PREFIX_PATH}:/opt/ros/humble /usr/bin/cmake --build /home/yusuf/Guzergah_SDT/src/build/openslam_gmapping -- -j8 -l8
[2.843s] [  4%] [32mBuilding CXX object sensor/sensor_base/CMakeFiles/sensor_base.dir/sensorreading.cpp.o[0m
[2.844s] [  9%] [32mBuilding CXX object utils/CMakeFiles/utils.dir/movement.cpp.o[0m
[2.848s] [ 13%] [32mBuilding CXX object sensor/sensor_base/CMakeFiles/sensor_base.dir/sensor.cpp.o[0m
[2.861s] [ 18%] [32mBuilding CXX object utils/CMakeFiles/utils.dir/stat.cpp.o[0m
[4.274s] [ 22%] [32m[1mLinking CXX static library libsensor_base.a[0m
[4.841s] [ 22%] Built target sensor_base
[4.911s] [ 27%] [32mBuilding CXX object sensor/sensor_range/CMakeFiles/sensor_range.dir/rangesensor.cpp.o[0m
[4.914s] [ 31%] [32mBuilding CXX object sensor/sensor_range/CMakeFiles/sensor_range.dir/rangereading.cpp.o[0m
[4.919s] [ 36%] [32m[1mLinking CXX static library libutils.a[0m
[4.935s] [ 40%] [32mBuilding CXX object sensor/sensor_odometry/CMakeFiles/sensor_odometry.dir/odometryreading.cpp.o[0m
[4.950s] [ 45%] [32mBuilding CXX object sensor/sensor_odometry/CMakeFiles/sensor_odometry.dir/odometrysensor.cpp.o[0m
[5.139s] [ 45%] Built target utils
[7.086s] [ 50%] [32m[1mLinking CXX static library libsensor_odometry.a[0m
[7.341s] [ 50%] Built target sensor_odometry
[7.639s] [ 54%] [32m[1mLinking CXX static library libsensor_range.a[0m
[7.866s] [ 54%] Built target sensor_range
[7.944s] [ 59%] [32mBuilding CXX object scanmatcher/CMakeFiles/scanmatcher.dir/smmap.cpp.o[0m
[7.960s] [ 63%] [32mBuilding CXX object scanmatcher/CMakeFiles/scanmatcher.dir/eig3.cpp.o[0m
[7.960s] [ 68%] [32mBuilding CXX object scanmatcher/CMakeFiles/scanmatcher.dir/scanmatcherprocessor.cpp.o[0m
[7.961s] [ 72%] [32mBuilding CXX object scanmatcher/CMakeFiles/scanmatcher.dir/scanmatcher.cpp.o[0m
[33.133s] [ 77%] [32m[1mLinking CXX static library libscanmatcher.a[0m
