[0.019s] Invoking command in '/home/yusuf/Guzergah_SDT/build/sdt_project': CMAKE_PREFIX_PATH=${CMAKE_PREFIX_PATH}:/opt/ros/humble /usr/bin/cmake --build /home/yusuf/Guzergah_SDT/build/sdt_project -- -j8 -l8
[0.088s] [  9%] Built target sdt_project__rosidl_generator_c
[0.094s] [ 12%] Built target sdt_project__cpp
[0.103s] [ 12%] Built target ament_cmake_python_copy_sdt_project
[0.139s] [ 32%] Built target sdt_project__rosidl_typesupport_introspection_c
[0.139s] [ 32%] Built target sdt_project__rosidl_typesupport_c
[0.146s] [ 41%] Built target sdt_project__rosidl_typesupport_fastrtps_c
[0.152s] [ 51%] Built target sdt_project__rosidl_typesupport_cpp
[0.153s] [ 61%] Built target sdt_project__rosidl_typesupport_fastrtps_cpp
[0.158s] [ 70%] Built target sdt_project__rosidl_typesupport_introspection_cpp
[0.186s] [ 70%] Built target sdt_project
[0.237s] [ 74%] Built target sdt_project__py
[0.285s] [ 80%] Built target sdt_project__rosidl_generator_py
[0.353s] Traceback (most recent call last):
[0.354s]   File "/home/yusuf/Guzergah_SDT/build/sdt_project/ament_cmake_python/sdt_project/setup.py", line 1, in <module>
[0.354s]     from setuptools import find_packages
[0.354s]   File "/usr/lib/python3/dist-packages/setuptools/__init__.py", line 16, in <module>
[0.356s] gmake[1]: *** [CMakeFiles/Makefile2:505: CMakeFiles/sdt_project__rosidl_typesupport_fastrtps_c__pyext.dir/all] Interrupt
[0.356s] gmake[1]: *** [CMakeFiles/Makefile2:536: CMakeFiles/sdt_project__rosidl_typesupport_introspection_c__pyext.dir/all] Interrupt
[0.356s]     import setuptools.version
[0.356s]   File "/usr/lib/python3/dist-packages/setuptools/version.py", line 1, in <module>
[0.357s] gmake[2]: *** [CMakeFiles/sdt_project__rosidl_typesupport_c__pyext.dir/build.make:116: CMakeFiles/sdt_project__rosidl_typesupport_c__pyext.dir/depend] Interrupt
[0.363s]     import pkg_resources
[0.364s]   File "/usr/lib/python3/dist-packages/pkg_resources/__init__.py", line 78, in <module>
[0.367s] gmake[1]: *** [CMakeFiles/Makefile2:563: CMakeFiles/sdt_project__rosidl_typesupport_c__pyext.dir/all] Interrupt
[0.367s]     __import__('pkg_resources.extern.packaging.requirements')
[0.367s]   File "/usr/lib/python3/dist-packages/pkg_resources/_vendor/packaging/requirements.py", line 10, in <module>
[0.368s]     from pkg_resources.extern.pyparsing import (  # noqa
[0.368s]   File "<frozen importlib._bootstrap>", line 1027, in _find_and_load
[0.368s]   File "<frozen importlib._bootstrap>", line 1006, in _find_and_load_unlocked
[0.369s]   File "<frozen importlib._bootstrap>", line 674, in _load_unlocked
[0.370s]   File "<frozen importlib._bootstrap>", line 571, in module_from_spec
[0.370s]   File "/usr/lib/python3/dist-packages/pkg_resources/extern/__init__.py", line 52, in create_module
[0.370s]     return self.load_module(spec.name)
[0.371s]   File "/usr/lib/python3/dist-packages/pkg_resources/extern/__init__.py", line 37, in load_module
[0.374s]     __import__(extant)
[0.376s]   File "/usr/lib/python3/dist-packages/pkg_resources/_vendor/pyparsing.py", line 5399, in <module>
[0.376s]     class pyparsing_common:
[0.377s]   File "/usr/lib/python3/dist-packages/pkg_resources/_vendor/pyparsing.py", line 5586, in pyparsing_common
[0.377s]     ipv6_address = Combine((_full_ipv6_address | _mixed_ipv6_address | _short_ipv6_address).setName("IPv6 address")).setName("IPv6 address")
[0.377s]   File "/usr/lib/python3/dist-packages/pkg_resources/_vendor/pyparsing.py", line 4255, in __init__
[0.377s]     self.leaveWhitespace()
[0.378s]   File "/usr/lib/python3/dist-packages/pkg_resources/_vendor/pyparsing.py", line 3745, in leaveWhitespace
[0.379s]     self.expr = self.expr.copy()
[0.379s]   File "/usr/lib/python3/dist-packages/pkg_resources/_vendor/pyparsing.py", line 3365, in copy
[0.379s]     ret.exprs = [e.copy() for e in self.exprs]
[0.379s]   File "/usr/lib/python3/dist-packages/pkg_resources/_vendor/pyparsing.py", line 3365, in <listcomp>
[0.381s]     ret.exprs = [e.copy() for e in self.exprs]
[0.381s]   File "/usr/lib/python3/dist-packages/pkg_resources/_vendor/pyparsing.py", line 3365, in copy
[0.382s]     ret.exprs = [e.copy() for e in self.exprs]
[0.382s]   File "/usr/lib/python3/dist-packages/pkg_resources/_vendor/pyparsing.py", line 3365, in <listcomp>
[0.382s]     ret.exprs = [e.copy() for e in self.exprs]
[0.383s]   File "/usr/lib/python3/dist-packages/pkg_resources/_vendor/pyparsing.py", line 3365, in copy
[0.383s]     ret.exprs = [e.copy() for e in self.exprs]
[0.383s]   File "/usr/lib/python3/dist-packages/pkg_resources/_vendor/pyparsing.py", line 3365, in <listcomp>
[0.386s]     ret.exprs = [e.copy() for e in self.exprs]
[0.387s]   File "/usr/lib/python3/dist-packages/pkg_resources/_vendor/pyparsing.py", line 3364, in copy
[0.387s]     ret = super(ParseExpression,self).copy()
[0.387s]   File "/usr/lib/python3/dist-packages/pkg_resources/_vendor/pyparsing.py", line 1183, in copy
[0.387s]     cpy = copy.copy( self )
[0.388s]   File "/usr/lib/python3.10/copy.py", line 102, in copy
[0.388s]     return _reconstruct(x, None, *rv)
[0.388s]   File "/usr/lib/python3.10/copy.py", line 259, in _reconstruct
[0.389s]     def _reconstruct(x, memo, func, args,
[0.389s] KeyboardInterrupt
[0.428s] gmake[2]: *** [CMakeFiles/ament_cmake_python_build_sdt_project_egg.dir/build.make:70: CMakeFiles/ament_cmake_python_build_sdt_project_egg] Interrupt
[0.429s] gmake[1]: *** [CMakeFiles/Makefile2:447: CMakeFiles/ament_cmake_python_build_sdt_project_egg.dir/all] Interrupt
[0.429s] gmake: *** [Makefile:146: all] Interrupt
