[0.032s] Invoking command in '/home/yusuf/Guzergah_SDT/build/slam_gmapping': CMAKE_PREFIX_PATH=/home/yusuf/Guzergah_SDT/install/openslam_gmapping:/home/yusuf/Guzergah_SDT/install/slam_gmapping:/home/yusuf/Guzergah_SDT/install/sdt_project:/home/yusuf/Guzergah_SDT/install/rf2o_laser_odometry:/home/yusuf/Guzergah_SDT/install/nav2_map_server:/home/yusuf/usb_cam/install/usb_cam:/home/yusuf/turtlebot3_ws/install/turtlebot3_simulations:/home/yusuf/turtlebot3_ws/install/turtlebot3_gazebo:/home/yusuf/turtlebot3_ws/install/turtlebot3_fake_node:/opt/ros/humble /usr/bin/cmake --build /home/yusuf/Guzergah_SDT/build/slam_gmapping -- -j8 -l8
[0.110s] [100%] Built target slam_gmapping
[0.124s] Invoked command in '/home/yusuf/Guzergah_SDT/build/slam_gmapping' returned '0': CMAKE_PREFIX_PATH=/home/yusuf/Guzergah_SDT/install/openslam_gmapping:/home/yusuf/Guzergah_SDT/install/slam_gmapping:/home/yusuf/Guzergah_SDT/install/sdt_project:/home/yusuf/Guzergah_SDT/install/rf2o_laser_odometry:/home/yusuf/Guzergah_SDT/install/nav2_map_server:/home/yusuf/usb_cam/install/usb_cam:/home/yusuf/turtlebot3_ws/install/turtlebot3_simulations:/home/yusuf/turtlebot3_ws/install/turtlebot3_gazebo:/home/yusuf/turtlebot3_ws/install/turtlebot3_fake_node:/opt/ros/humble /usr/bin/cmake --build /home/yusuf/Guzergah_SDT/build/slam_gmapping -- -j8 -l8
[0.159s] Invoking command in '/home/yusuf/Guzergah_SDT/build/slam_gmapping': CMAKE_PREFIX_PATH=/home/yusuf/Guzergah_SDT/install/openslam_gmapping:/home/yusuf/Guzergah_SDT/install/slam_gmapping:/home/yusuf/Guzergah_SDT/install/sdt_project:/home/yusuf/Guzergah_SDT/install/rf2o_laser_odometry:/home/yusuf/Guzergah_SDT/install/nav2_map_server:/home/yusuf/usb_cam/install/usb_cam:/home/yusuf/turtlebot3_ws/install/turtlebot3_simulations:/home/yusuf/turtlebot3_ws/install/turtlebot3_gazebo:/home/yusuf/turtlebot3_ws/install/turtlebot3_fake_node:/opt/ros/humble /usr/bin/cmake --install /home/yusuf/Guzergah_SDT/build/slam_gmapping
[0.168s] -- Install configuration: ""
[0.168s] -- Up-to-date: /home/yusuf/Guzergah_SDT/install/slam_gmapping/lib/slam_gmapping/slam_gmapping
[0.168s] -- Up-to-date: /home/yusuf/Guzergah_SDT/install/slam_gmapping/share/slam_gmapping/launch
[0.168s] -- Up-to-date: /home/yusuf/Guzergah_SDT/install/slam_gmapping/share/slam_gmapping/launch/slam_gmapping.launch.py
[0.168s] -- Up-to-date: /home/yusuf/Guzergah_SDT/install/slam_gmapping/share/ament_index/resource_index/package_run_dependencies/slam_gmapping
[0.169s] -- Up-to-date: /home/yusuf/Guzergah_SDT/install/slam_gmapping/share/ament_index/resource_index/parent_prefix_path/slam_gmapping
[0.169s] -- Up-to-date: /home/yusuf/Guzergah_SDT/install/slam_gmapping/share/slam_gmapping/environment/ament_prefix_path.sh
[0.169s] -- Up-to-date: /home/yusuf/Guzergah_SDT/install/slam_gmapping/share/slam_gmapping/environment/ament_prefix_path.dsv
[0.169s] -- Up-to-date: /home/yusuf/Guzergah_SDT/install/slam_gmapping/share/slam_gmapping/environment/path.sh
[0.169s] -- Up-to-date: /home/yusuf/Guzergah_SDT/install/slam_gmapping/share/slam_gmapping/environment/path.dsv
[0.169s] -- Up-to-date: /home/yusuf/Guzergah_SDT/install/slam_gmapping/share/slam_gmapping/local_setup.bash
[0.169s] -- Up-to-date: /home/yusuf/Guzergah_SDT/install/slam_gmapping/share/slam_gmapping/local_setup.sh
[0.169s] -- Up-to-date: /home/yusuf/Guzergah_SDT/install/slam_gmapping/share/slam_gmapping/local_setup.zsh
[0.169s] -- Up-to-date: /home/yusuf/Guzergah_SDT/install/slam_gmapping/share/slam_gmapping/local_setup.dsv
[0.169s] -- Installing: /home/yusuf/Guzergah_SDT/install/slam_gmapping/share/slam_gmapping/package.dsv
[0.169s] -- Up-to-date: /home/yusuf/Guzergah_SDT/install/slam_gmapping/share/ament_index/resource_index/packages/slam_gmapping
[0.170s] -- Up-to-date: /home/yusuf/Guzergah_SDT/install/slam_gmapping/share/slam_gmapping/cmake/slam_gmappingConfig.cmake
[0.170s] -- Up-to-date: /home/yusuf/Guzergah_SDT/install/slam_gmapping/share/slam_gmapping/cmake/slam_gmappingConfig-version.cmake
[0.170s] -- Up-to-date: /home/yusuf/Guzergah_SDT/install/slam_gmapping/share/slam_gmapping/package.xml
[0.172s] Invoked command in '/home/yusuf/Guzergah_SDT/build/slam_gmapping' returned '0': CMAKE_PREFIX_PATH=/home/yusuf/Guzergah_SDT/install/openslam_gmapping:/home/yusuf/Guzergah_SDT/install/slam_gmapping:/home/yusuf/Guzergah_SDT/install/sdt_project:/home/yusuf/Guzergah_SDT/install/rf2o_laser_odometry:/home/yusuf/Guzergah_SDT/install/nav2_map_server:/home/yusuf/usb_cam/install/usb_cam:/home/yusuf/turtlebot3_ws/install/turtlebot3_simulations:/home/yusuf/turtlebot3_ws/install/turtlebot3_gazebo:/home/yusuf/turtlebot3_ws/install/turtlebot3_fake_node:/opt/ros/humble /usr/bin/cmake --install /home/yusuf/Guzergah_SDT/build/slam_gmapping
