[0.031s] Invoking command in '/home/yusuf/Guzergah_SDT/build/sdt_project': CMAKE_PREFIX_PATH=${CMAKE_PREFIX_PATH}:/home/yusuf/tcp/install/tcp_package:/opt/ros/humble /usr/bin/cmake --build /home/yusuf/Guzergah_SDT/build/sdt_project -- -j8 -l8
[0.205s] [ 10%] Built target sdt_project__rosidl_generator_c
[0.206s] [ 12%] Built target sdt_project__cpp
[0.240s] [ 12%] Built target ament_cmake_python_copy_sdt_project
[0.285s] [ 23%] Built target sdt_project__rosidl_typesupport_c
[0.290s] [ 38%] Built target sdt_project__rosidl_typesupport_fastrtps_c
[0.291s] [ 43%] Built target sdt_project__rosidl_typesupport_introspection_c
[0.291s] [ 53%] Built target sdt_project__rosidl_typesupport_cpp
[0.291s] [ 64%] Built target sdt_project__rosidl_typesupport_fastrtps_cpp
[0.299s] [ 74%] Built target sdt_project__rosidl_typesupport_introspection_cpp
[0.347s] [ 74%] Built target sdt_project
[0.391s] [ 76%] Built target sdt_project__py
[0.439s] [ 84%] Built target sdt_project__rosidl_generator_py
[0.486s] [ 89%] Built target sdt_project__rosidl_typesupport_introspection_c__pyext
[0.487s] [ 94%] Built target sdt_project__rosidl_typesupport_fastrtps_c__pyext
[0.488s] [100%] Built target sdt_project__rosidl_typesupport_c__pyext
[0.859s] running egg_info
[0.861s] writing sdt_project.egg-info/PKG-INFO
[0.862s] writing dependency_links to sdt_project.egg-info/dependency_links.txt
[0.862s] writing top-level names to sdt_project.egg-info/top_level.txt
[0.869s] reading manifest file 'sdt_project.egg-info/SOURCES.txt'
[0.871s] writing manifest file 'sdt_project.egg-info/SOURCES.txt'
[0.933s] [100%] Built target ament_cmake_python_build_sdt_project_egg
[0.957s] Invoked command in '/home/yusuf/Guzergah_SDT/build/sdt_project' returned '0': CMAKE_PREFIX_PATH=${CMAKE_PREFIX_PATH}:/home/yusuf/tcp/install/tcp_package:/opt/ros/humble /usr/bin/cmake --build /home/yusuf/Guzergah_SDT/build/sdt_project -- -j8 -l8
[1.142s] Invoking command in '/home/yusuf/Guzergah_SDT/build/sdt_project': CMAKE_PREFIX_PATH=${CMAKE_PREFIX_PATH}:/home/yusuf/tcp/install/tcp_package:/opt/ros/humble /usr/bin/cmake --install /home/yusuf/Guzergah_SDT/build/sdt_project
[1.159s] -- Install configuration: ""
[1.160s] -- Up-to-date: /home/yusuf/Guzergah_SDT/install/sdt_project/share/ament_index/resource_index/rosidl_interfaces/sdt_project
[1.160s] -- Up-to-date: /home/yusuf/Guzergah_SDT/install/sdt_project/include/sdt_project/sdt_project
[1.160s] -- Up-to-date: /home/yusuf/Guzergah_SDT/install/sdt_project/include/sdt_project/sdt_project/msg
[1.161s] -- Up-to-date: /home/yusuf/Guzergah_SDT/install/sdt_project/include/sdt_project/sdt_project/msg/motor_values.h
[1.161s] -- Up-to-date: /home/yusuf/Guzergah_SDT/install/sdt_project/include/sdt_project/sdt_project/msg/sensor_values.h
[1.161s] -- Up-to-date: /home/yusuf/Guzergah_SDT/install/sdt_project/include/sdt_project/sdt_project/msg/detail
[1.161s] -- Up-to-date: /home/yusuf/Guzergah_SDT/install/sdt_project/include/sdt_project/sdt_project/msg/detail/sensor_values__type_support.h
[1.161s] -- Up-to-date: /home/yusuf/Guzergah_SDT/install/sdt_project/include/sdt_project/sdt_project/msg/detail/motor_values__type_support.h
[1.161s] -- Up-to-date: /home/yusuf/Guzergah_SDT/install/sdt_project/include/sdt_project/sdt_project/msg/detail/motor_values__functions.h
[1.161s] -- Up-to-date: /home/yusuf/Guzergah_SDT/install/sdt_project/include/sdt_project/sdt_project/msg/detail/motor_values__struct.h
[1.162s] -- Up-to-date: /home/yusuf/Guzergah_SDT/install/sdt_project/include/sdt_project/sdt_project/msg/detail/sensor_values__struct.h
[1.162s] -- Up-to-date: /home/yusuf/Guzergah_SDT/install/sdt_project/include/sdt_project/sdt_project/msg/detail/motor_values__functions.c
[1.162s] -- Up-to-date: /home/yusuf/Guzergah_SDT/install/sdt_project/include/sdt_project/sdt_project/msg/detail/sensor_values__functions.c
[1.162s] -- Up-to-date: /home/yusuf/Guzergah_SDT/install/sdt_project/include/sdt_project/sdt_project/msg/detail/sensor_values__functions.h
[1.163s] -- Up-to-date: /home/yusuf/Guzergah_SDT/install/sdt_project/include/sdt_project/sdt_project/msg/rosidl_generator_c__visibility_control.h
[1.163s] -- Up-to-date: /home/yusuf/Guzergah_SDT/install/sdt_project/share/sdt_project/environment/library_path.sh
[1.163s] -- Up-to-date: /home/yusuf/Guzergah_SDT/install/sdt_project/share/sdt_project/environment/library_path.dsv
[1.163s] -- Up-to-date: /home/yusuf/Guzergah_SDT/install/sdt_project/lib/libsdt_project__rosidl_generator_c.so
[1.163s] -- Up-to-date: /home/yusuf/Guzergah_SDT/install/sdt_project/include/sdt_project/sdt_project
[1.163s] -- Up-to-date: /home/yusuf/Guzergah_SDT/install/sdt_project/include/sdt_project/sdt_project/msg
[1.164s] -- Up-to-date: /home/yusuf/Guzergah_SDT/install/sdt_project/include/sdt_project/sdt_project/msg/rosidl_typesupport_fastrtps_c__visibility_control.h
[1.164s] -- Up-to-date: /home/yusuf/Guzergah_SDT/install/sdt_project/include/sdt_project/sdt_project/msg/detail
[1.164s] -- Up-to-date: /home/yusuf/Guzergah_SDT/install/sdt_project/include/sdt_project/sdt_project/msg/detail/motor_values__rosidl_typesupport_fastrtps_c.h
[1.164s] -- Up-to-date: /home/yusuf/Guzergah_SDT/install/sdt_project/include/sdt_project/sdt_project/msg/detail/sensor_values__rosidl_typesupport_fastrtps_c.h
[1.164s] -- Up-to-date: /home/yusuf/Guzergah_SDT/install/sdt_project/lib/libsdt_project__rosidl_typesupport_fastrtps_c.so
[1.165s] -- Up-to-date: /home/yusuf/Guzergah_SDT/install/sdt_project/include/sdt_project/sdt_project
[1.165s] -- Up-to-date: /home/yusuf/Guzergah_SDT/install/sdt_project/include/sdt_project/sdt_project/msg
[1.165s] -- Up-to-date: /home/yusuf/Guzergah_SDT/install/sdt_project/include/sdt_project/sdt_project/msg/rosidl_typesupport_introspection_c__visibility_control.h
[1.165s] -- Up-to-date: /home/yusuf/Guzergah_SDT/install/sdt_project/include/sdt_project/sdt_project/msg/detail
[1.165s] -- Up-to-date: /home/yusuf/Guzergah_SDT/install/sdt_project/include/sdt_project/sdt_project/msg/detail/motor_values__rosidl_typesupport_introspection_c.h
[1.165s] -- Up-to-date: /home/yusuf/Guzergah_SDT/install/sdt_project/include/sdt_project/sdt_project/msg/detail/sensor_values__type_support.c
[1.166s] -- Up-to-date: /home/yusuf/Guzergah_SDT/install/sdt_project/include/sdt_project/sdt_project/msg/detail/motor_values__type_support.c
[1.166s] -- Up-to-date: /home/yusuf/Guzergah_SDT/install/sdt_project/include/sdt_project/sdt_project/msg/detail/sensor_values__rosidl_typesupport_introspection_c.h
[1.166s] -- Up-to-date: /home/yusuf/Guzergah_SDT/install/sdt_project/lib/libsdt_project__rosidl_typesupport_introspection_c.so
[1.166s] -- Up-to-date: /home/yusuf/Guzergah_SDT/install/sdt_project/lib/libsdt_project__rosidl_typesupport_c.so
[1.167s] -- Up-to-date: /home/yusuf/Guzergah_SDT/install/sdt_project/include/sdt_project/sdt_project
[1.167s] -- Up-to-date: /home/yusuf/Guzergah_SDT/install/sdt_project/include/sdt_project/sdt_project/msg
[1.167s] -- Up-to-date: /home/yusuf/Guzergah_SDT/install/sdt_project/include/sdt_project/sdt_project/msg/sensor_values.hpp
[1.168s] -- Up-to-date: /home/yusuf/Guzergah_SDT/install/sdt_project/include/sdt_project/sdt_project/msg/detail
[1.168s] -- Up-to-date: /home/yusuf/Guzergah_SDT/install/sdt_project/include/sdt_project/sdt_project/msg/detail/sensor_values__struct.hpp
[1.169s] -- Up-to-date: /home/yusuf/Guzergah_SDT/install/sdt_project/include/sdt_project/sdt_project/msg/detail/motor_values__traits.hpp
[1.169s] -- Up-to-date: /home/yusuf/Guzergah_SDT/install/sdt_project/include/sdt_project/sdt_project/msg/detail/sensor_values__traits.hpp
[1.169s] -- Up-to-date: /home/yusuf/Guzergah_SDT/install/sdt_project/include/sdt_project/sdt_project/msg/detail/motor_values__builder.hpp
[1.169s] -- Up-to-date: /home/yusuf/Guzergah_SDT/install/sdt_project/include/sdt_project/sdt_project/msg/detail/sensor_values__builder.hpp
[1.170s] -- Up-to-date: /home/yusuf/Guzergah_SDT/install/sdt_project/include/sdt_project/sdt_project/msg/detail/motor_values__struct.hpp
[1.170s] -- Up-to-date: /home/yusuf/Guzergah_SDT/install/sdt_project/include/sdt_project/sdt_project/msg/motor_values.hpp
[1.170s] -- Up-to-date: /home/yusuf/Guzergah_SDT/install/sdt_project/include/sdt_project/sdt_project
[1.171s] -- Up-to-date: /home/yusuf/Guzergah_SDT/install/sdt_project/include/sdt_project/sdt_project/msg
[1.171s] -- Up-to-date: /home/yusuf/Guzergah_SDT/install/sdt_project/include/sdt_project/sdt_project/msg/detail
[1.171s] -- Up-to-date: /home/yusuf/Guzergah_SDT/install/sdt_project/include/sdt_project/sdt_project/msg/detail/sensor_values__rosidl_typesupport_fastrtps_cpp.hpp
[1.172s] -- Up-to-date: /home/yusuf/Guzergah_SDT/install/sdt_project/include/sdt_project/sdt_project/msg/detail/dds_fastrtps
[1.172s] -- Up-to-date: /home/yusuf/Guzergah_SDT/install/sdt_project/include/sdt_project/sdt_project/msg/detail/motor_values__rosidl_typesupport_fastrtps_cpp.hpp
[1.172s] -- Up-to-date: /home/yusuf/Guzergah_SDT/install/sdt_project/include/sdt_project/sdt_project/msg/rosidl_typesupport_fastrtps_cpp__visibility_control.h
[1.172s] -- Up-to-date: /home/yusuf/Guzergah_SDT/install/sdt_project/lib/libsdt_project__rosidl_typesupport_fastrtps_cpp.so
[1.173s] -- Up-to-date: /home/yusuf/Guzergah_SDT/install/sdt_project/include/sdt_project/sdt_project
[1.173s] -- Up-to-date: /home/yusuf/Guzergah_SDT/install/sdt_project/include/sdt_project/sdt_project/msg
[1.173s] -- Up-to-date: /home/yusuf/Guzergah_SDT/install/sdt_project/include/sdt_project/sdt_project/msg/detail
[1.174s] -- Up-to-date: /home/yusuf/Guzergah_SDT/install/sdt_project/include/sdt_project/sdt_project/msg/detail/motor_values__type_support.cpp
[1.174s] -- Up-to-date: /home/yusuf/Guzergah_SDT/install/sdt_project/include/sdt_project/sdt_project/msg/detail/motor_values__rosidl_typesupport_introspection_cpp.hpp
[1.174s] -- Up-to-date: /home/yusuf/Guzergah_SDT/install/sdt_project/include/sdt_project/sdt_project/msg/detail/sensor_values__rosidl_typesupport_introspection_cpp.hpp
[1.174s] -- Up-to-date: /home/yusuf/Guzergah_SDT/install/sdt_project/include/sdt_project/sdt_project/msg/detail/sensor_values__type_support.cpp
[1.175s] -- Up-to-date: /home/yusuf/Guzergah_SDT/install/sdt_project/lib/libsdt_project__rosidl_typesupport_introspection_cpp.so
[1.175s] -- Up-to-date: /home/yusuf/Guzergah_SDT/install/sdt_project/lib/libsdt_project__rosidl_typesupport_cpp.so
[1.175s] -- Up-to-date: /home/yusuf/Guzergah_SDT/install/sdt_project/share/sdt_project/environment/pythonpath.sh
[1.176s] -- Up-to-date: /home/yusuf/Guzergah_SDT/install/sdt_project/share/sdt_project/environment/pythonpath.dsv
[1.176s] -- Up-to-date: /home/yusuf/Guzergah_SDT/install/sdt_project/local/lib/python3.10/dist-packages/sdt_project-0.0.0-py3.10.egg-info
[1.176s] -- Installing: /home/yusuf/Guzergah_SDT/install/sdt_project/local/lib/python3.10/dist-packages/sdt_project-0.0.0-py3.10.egg-info/dependency_links.txt
[1.177s] -- Installing: /home/yusuf/Guzergah_SDT/install/sdt_project/local/lib/python3.10/dist-packages/sdt_project-0.0.0-py3.10.egg-info/SOURCES.txt
[1.177s] -- Installing: /home/yusuf/Guzergah_SDT/install/sdt_project/local/lib/python3.10/dist-packages/sdt_project-0.0.0-py3.10.egg-info/top_level.txt
[1.177s] -- Installing: /home/yusuf/Guzergah_SDT/install/sdt_project/local/lib/python3.10/dist-packages/sdt_project-0.0.0-py3.10.egg-info/PKG-INFO
[1.177s] -- Up-to-date: /home/yusuf/Guzergah_SDT/install/sdt_project/local/lib/python3.10/dist-packages/sdt_project
[1.178s] -- Up-to-date: /home/yusuf/Guzergah_SDT/install/sdt_project/local/lib/python3.10/dist-packages/sdt_project/sdt_project_s__rosidl_typesupport_c.cpython-310-x86_64-linux-gnu.so
[1.178s] -- Up-to-date: /home/yusuf/Guzergah_SDT/install/sdt_project/local/lib/python3.10/dist-packages/sdt_project/_sdt_project_s.ep.rosidl_typesupport_introspection_c.c
[1.178s] -- Up-to-date: /home/yusuf/Guzergah_SDT/install/sdt_project/local/lib/python3.10/dist-packages/sdt_project/sdt_project_s__rosidl_typesupport_fastrtps_c.cpython-310-x86_64-linux-gnu.so
[1.178s] -- Up-to-date: /home/yusuf/Guzergah_SDT/install/sdt_project/local/lib/python3.10/dist-packages/sdt_project/libsdt_project__rosidl_generator_py.so
[1.179s] -- Up-to-date: /home/yusuf/Guzergah_SDT/install/sdt_project/local/lib/python3.10/dist-packages/sdt_project/sdt_project_s__rosidl_typesupport_introspection_c.cpython-310-x86_64-linux-gnu.so
[1.179s] -- Up-to-date: /home/yusuf/Guzergah_SDT/install/sdt_project/local/lib/python3.10/dist-packages/sdt_project/msg
[1.179s] -- Up-to-date: /home/yusuf/Guzergah_SDT/install/sdt_project/local/lib/python3.10/dist-packages/sdt_project/msg/_sensor_values_s.c
[1.179s] -- Up-to-date: /home/yusuf/Guzergah_SDT/install/sdt_project/local/lib/python3.10/dist-packages/sdt_project/msg/_sensor_values.py
[1.180s] -- Up-to-date: /home/yusuf/Guzergah_SDT/install/sdt_project/local/lib/python3.10/dist-packages/sdt_project/msg/_motor_values_s.c
[1.180s] -- Up-to-date: /home/yusuf/Guzergah_SDT/install/sdt_project/local/lib/python3.10/dist-packages/sdt_project/msg/_motor_values.py
[1.180s] -- Up-to-date: /home/yusuf/Guzergah_SDT/install/sdt_project/local/lib/python3.10/dist-packages/sdt_project/msg/__init__.py
[1.180s] -- Up-to-date: /home/yusuf/Guzergah_SDT/install/sdt_project/local/lib/python3.10/dist-packages/sdt_project/__init__.py
[1.181s] -- Up-to-date: /home/yusuf/Guzergah_SDT/install/sdt_project/local/lib/python3.10/dist-packages/sdt_project/_sdt_project_s.ep.rosidl_typesupport_c.c
[1.181s] -- Up-to-date: /home/yusuf/Guzergah_SDT/install/sdt_project/local/lib/python3.10/dist-packages/sdt_project/_sdt_project_s.ep.rosidl_typesupport_fastrtps_c.c
[1.250s] Listing '/home/yusuf/Guzergah_SDT/install/sdt_project/local/lib/python3.10/dist-packages/sdt_project'...
[1.250s] Listing '/home/yusuf/Guzergah_SDT/install/sdt_project/local/lib/python3.10/dist-packages/sdt_project/msg'...
[1.260s] -- Up-to-date: /home/yusuf/Guzergah_SDT/install/sdt_project/local/lib/python3.10/dist-packages/sdt_project/sdt_project_s__rosidl_typesupport_fastrtps_c.cpython-310-x86_64-linux-gnu.so
[1.260s] -- Up-to-date: /home/yusuf/Guzergah_SDT/install/sdt_project/local/lib/python3.10/dist-packages/sdt_project/sdt_project_s__rosidl_typesupport_introspection_c.cpython-310-x86_64-linux-gnu.so
[1.260s] -- Up-to-date: /home/yusuf/Guzergah_SDT/install/sdt_project/local/lib/python3.10/dist-packages/sdt_project/sdt_project_s__rosidl_typesupport_c.cpython-310-x86_64-linux-gnu.so
[1.261s] -- Up-to-date: /home/yusuf/Guzergah_SDT/install/sdt_project/lib/libsdt_project__rosidl_generator_py.so
[1.261s] -- Up-to-date: /home/yusuf/Guzergah_SDT/install/sdt_project/share/sdt_project/msg/MotorValues.idl
[1.262s] -- Up-to-date: /home/yusuf/Guzergah_SDT/install/sdt_project/share/sdt_project/msg/SensorValues.idl
[1.262s] -- Up-to-date: /home/yusuf/Guzergah_SDT/install/sdt_project/share/sdt_project/msg/MotorValues.msg
[1.262s] -- Up-to-date: /home/yusuf/Guzergah_SDT/install/sdt_project/share/sdt_project/msg/SensorValues.msg
[1.263s] -- Up-to-date: /home/yusuf/Guzergah_SDT/install/sdt_project/lib/sdt_project/usb_com.py
[1.263s] -- Installing: /home/yusuf/Guzergah_SDT/install/sdt_project/lib/sdt_project/TCP_com.py
[1.263s] -- Up-to-date: /home/yusuf/Guzergah_SDT/install/sdt_project/lib/sdt_project/diff_node.py
[1.264s] -- Up-to-date: /home/yusuf/Guzergah_SDT/install/sdt_project/lib/sdt_project/pid_line_follower.py
[1.264s] -- Up-to-date: /home/yusuf/Guzergah_SDT/install/sdt_project/lib/sdt_project/manuel_kumanda.py
[1.264s] -- Up-to-date: /home/yusuf/Guzergah_SDT/install/sdt_project/lib/sdt_project/navigation.py
[1.265s] -- Up-to-date: /home/yusuf/Guzergah_SDT/install/sdt_project/lib/sdt_project/qr_detect.py
[1.265s] -- Up-to-date: /home/yusuf/Guzergah_SDT/install/sdt_project/lib/sdt_project/engel_video.py
[1.266s] -- Up-to-date: /home/yusuf/Guzergah_SDT/install/sdt_project/share/sdt_project/launch/node_start.launch.py
[1.266s] -- Up-to-date: /home/yusuf/Guzergah_SDT/install/sdt_project/share/ament_index/resource_index/package_run_dependencies/sdt_project
[1.266s] -- Up-to-date: /home/yusuf/Guzergah_SDT/install/sdt_project/share/ament_index/resource_index/parent_prefix_path/sdt_project
[1.267s] -- Up-to-date: /home/yusuf/Guzergah_SDT/install/sdt_project/share/sdt_project/environment/ament_prefix_path.sh
[1.267s] -- Up-to-date: /home/yusuf/Guzergah_SDT/install/sdt_project/share/sdt_project/environment/ament_prefix_path.dsv
[1.267s] -- Up-to-date: /home/yusuf/Guzergah_SDT/install/sdt_project/share/sdt_project/environment/path.sh
[1.268s] -- Up-to-date: /home/yusuf/Guzergah_SDT/install/sdt_project/share/sdt_project/environment/path.dsv
[1.268s] -- Up-to-date: /home/yusuf/Guzergah_SDT/install/sdt_project/share/sdt_project/local_setup.bash
[1.268s] -- Up-to-date: /home/yusuf/Guzergah_SDT/install/sdt_project/share/sdt_project/local_setup.sh
[1.268s] -- Up-to-date: /home/yusuf/Guzergah_SDT/install/sdt_project/share/sdt_project/local_setup.zsh
[1.269s] -- Up-to-date: /home/yusuf/Guzergah_SDT/install/sdt_project/share/sdt_project/local_setup.dsv
[1.269s] -- Installing: /home/yusuf/Guzergah_SDT/install/sdt_project/share/sdt_project/package.dsv
[1.269s] -- Up-to-date: /home/yusuf/Guzergah_SDT/install/sdt_project/share/ament_index/resource_index/packages/sdt_project
[1.269s] -- Up-to-date: /home/yusuf/Guzergah_SDT/install/sdt_project/share/sdt_project/cmake/export_sdt_project__rosidl_generator_cExport.cmake
[1.270s] -- Up-to-date: /home/yusuf/Guzergah_SDT/install/sdt_project/share/sdt_project/cmake/export_sdt_project__rosidl_generator_cExport-noconfig.cmake
[1.270s] -- Up-to-date: /home/yusuf/Guzergah_SDT/install/sdt_project/share/sdt_project/cmake/export_sdt_project__rosidl_typesupport_fastrtps_cExport.cmake
[1.270s] -- Up-to-date: /home/yusuf/Guzergah_SDT/install/sdt_project/share/sdt_project/cmake/export_sdt_project__rosidl_typesupport_fastrtps_cExport-noconfig.cmake
[1.271s] -- Up-to-date: /home/yusuf/Guzergah_SDT/install/sdt_project/share/sdt_project/cmake/sdt_project__rosidl_typesupport_introspection_cExport.cmake
[1.272s] -- Up-to-date: /home/yusuf/Guzergah_SDT/install/sdt_project/share/sdt_project/cmake/sdt_project__rosidl_typesupport_introspection_cExport-noconfig.cmake
[1.273s] -- Up-to-date: /home/yusuf/Guzergah_SDT/install/sdt_project/share/sdt_project/cmake/sdt_project__rosidl_typesupport_cExport.cmake
[1.274s] -- Up-to-date: /home/yusuf/Guzergah_SDT/install/sdt_project/share/sdt_project/cmake/sdt_project__rosidl_typesupport_cExport-noconfig.cmake
[1.274s] -- Up-to-date: /home/yusuf/Guzergah_SDT/install/sdt_project/share/sdt_project/cmake/export_sdt_project__rosidl_generator_cppExport.cmake
[1.275s] -- Up-to-date: /home/yusuf/Guzergah_SDT/install/sdt_project/share/sdt_project/cmake/export_sdt_project__rosidl_typesupport_fastrtps_cppExport.cmake
[1.275s] -- Up-to-date: /home/yusuf/Guzergah_SDT/install/sdt_project/share/sdt_project/cmake/export_sdt_project__rosidl_typesupport_fastrtps_cppExport-noconfig.cmake
[1.277s] -- Up-to-date: /home/yusuf/Guzergah_SDT/install/sdt_project/share/sdt_project/cmake/sdt_project__rosidl_typesupport_introspection_cppExport.cmake
[1.277s] -- Up-to-date: /home/yusuf/Guzergah_SDT/install/sdt_project/share/sdt_project/cmake/sdt_project__rosidl_typesupport_introspection_cppExport-noconfig.cmake
[1.278s] -- Up-to-date: /home/yusuf/Guzergah_SDT/install/sdt_project/share/sdt_project/cmake/sdt_project__rosidl_typesupport_cppExport.cmake
[1.279s] -- Up-to-date: /home/yusuf/Guzergah_SDT/install/sdt_project/share/sdt_project/cmake/sdt_project__rosidl_typesupport_cppExport-noconfig.cmake
[1.279s] -- Up-to-date: /home/yusuf/Guzergah_SDT/install/sdt_project/share/sdt_project/cmake/export_sdt_project__rosidl_generator_pyExport.cmake
[1.280s] -- Up-to-date: /home/yusuf/Guzergah_SDT/install/sdt_project/share/sdt_project/cmake/export_sdt_project__rosidl_generator_pyExport-noconfig.cmake
[1.281s] -- Up-to-date: /home/yusuf/Guzergah_SDT/install/sdt_project/share/sdt_project/cmake/rosidl_cmake-extras.cmake
[1.281s] -- Up-to-date: /home/yusuf/Guzergah_SDT/install/sdt_project/share/sdt_project/cmake/ament_cmake_export_include_directories-extras.cmake
[1.282s] -- Up-to-date: /home/yusuf/Guzergah_SDT/install/sdt_project/share/sdt_project/cmake/ament_cmake_export_libraries-extras.cmake
[1.282s] -- Up-to-date: /home/yusuf/Guzergah_SDT/install/sdt_project/share/sdt_project/cmake/ament_cmake_export_targets-extras.cmake
[1.283s] -- Up-to-date: /home/yusuf/Guzergah_SDT/install/sdt_project/share/sdt_project/cmake/rosidl_cmake_export_typesupport_targets-extras.cmake
[1.283s] -- Up-to-date: /home/yusuf/Guzergah_SDT/install/sdt_project/share/sdt_project/cmake/ament_cmake_export_dependencies-extras.cmake
[1.285s] -- Up-to-date: /home/yusuf/Guzergah_SDT/install/sdt_project/share/sdt_project/cmake/rosidl_cmake_export_typesupport_libraries-extras.cmake
[1.286s] -- Up-to-date: /home/yusuf/Guzergah_SDT/install/sdt_project/share/sdt_project/cmake/sdt_projectConfig.cmake
[1.286s] -- Up-to-date: /home/yusuf/Guzergah_SDT/install/sdt_project/share/sdt_project/cmake/sdt_projectConfig-version.cmake
[1.287s] -- Up-to-date: /home/yusuf/Guzergah_SDT/install/sdt_project/share/sdt_project/package.xml
[1.288s] Invoked command in '/home/yusuf/Guzergah_SDT/build/sdt_project' returned '0': CMAKE_PREFIX_PATH=${CMAKE_PREFIX_PATH}:/home/yusuf/tcp/install/tcp_package:/opt/ros/humble /usr/bin/cmake --install /home/yusuf/Guzergah_SDT/build/sdt_project
