[0.012s] Invoking command in '/home/yusuf/Guzergah_SDT/build/sdt_project': CMAKE_PREFIX_PATH=${CMAKE_PREFIX_PATH}:/home/yusuf/tcp/install/tcp_package:/opt/ros/humble /usr/bin/cmake --build /home/yusuf/Guzergah_SDT/build/sdt_project -- -j8 -l8
[0.046s] -- Found ament_cmake: 1.3.9 (/opt/ros/humble/share/ament_cmake/cmake)
[0.176s] -- Found rosidl_default_generators: 1.2.0 (/opt/ros/humble/share/rosidl_default_generators/cmake)
[0.182s] -- Using all available rosidl_typesupport_c: rosidl_typesupport_fastrtps_c;rosidl_typesupport_introspection_c
[0.192s] -- Found rosidl_adapter: 3.1.5 (/opt/ros/humble/share/rosidl_adapter/cmake)
[0.239s] -- Using all available rosidl_typesupport_cpp: rosidl_typesupport_fastrtps_cpp;rosidl_typesupport_introspection_cpp
[0.276s] -- Found rclcpp: 16.0.9 (/opt/ros/humble/share/rclcpp/cmake)
[0.363s] -- Found rmw_implementation_cmake: 6.1.2 (/opt/ros/humble/share/rmw_implementation_cmake/cmake)
[0.367s] -- Found rmw_cyclonedds_cpp: 1.3.4 (/opt/ros/humble/share/rmw_cyclonedds_cpp/cmake)
[0.422s] -- Using RMW implementation 'rmw_cyclonedds_cpp' as default
[0.444s] -- Looking for pthread.h
[0.547s] -- Looking for pthread.h - found
[0.547s] -- Performing Test CMAKE_HAVE_LIBC_PTHREAD
[0.627s] -- Performing Test CMAKE_HAVE_LIBC_PTHREAD - Success
[0.629s] -- Found Threads: TRUE  
[0.786s] -- Found rclpy: 3.3.13 (/opt/ros/humble/share/rclpy/cmake)
[1.039s] -- Found ament_cmake_ros: 0.10.0 (/opt/ros/humble/share/ament_cmake_ros/cmake)
[1.249s] -- Using all available rosidl_typesupport_c: rosidl_typesupport_fastrtps_c;rosidl_typesupport_introspection_c
[1.590s] -- Using all available rosidl_typesupport_cpp: rosidl_typesupport_fastrtps_cpp;rosidl_typesupport_introspection_cpp
[1.614s] -- Found PythonInterp: /usr/bin/python3 (found suitable version "3.10.12", minimum required is "3.6") 
[1.617s] -- Found python_cmake_module: 0.10.0 (/opt/ros/humble/share/python_cmake_module/cmake)
[1.646s] -- Found PythonLibs: /usr/lib/x86_64-linux-gnu/libpython3.10.so (found suitable version "3.10.12", minimum required is "3.5") 
[1.646s] -- Using PYTHON_EXECUTABLE: /usr/bin/python3
[1.646s] -- Using PYTHON_INCLUDE_DIRS: /usr/include/python3.10
[1.646s] -- Using PYTHON_LIBRARIES: /usr/lib/x86_64-linux-gnu/libpython3.10.so
[1.667s] -- Found PythonExtra: .so  
[1.705s] -- Configuring done
[1.728s] -- Generating done
[1.730s] -- Build files have been written to: /home/yusuf/Guzergah_SDT/build/sdt_project
[1.753s] [  2%] [34m[1mGenerating C code for ROS interfaces[0m
[1.761s] [  5%] [34m[1mGenerating C++ code for ROS interfaces[0m
[1.769s] [  5%] Built target ament_cmake_python_copy_sdt_project
[2.025s] running egg_info
[2.026s] creating sdt_project.egg-info
[2.026s] writing sdt_project.egg-info/PKG-INFO
[2.027s] writing dependency_links to sdt_project.egg-info/dependency_links.txt
[2.027s] writing top-level names to sdt_project.egg-info/top_level.txt
[2.028s] writing manifest file 'sdt_project.egg-info/SOURCES.txt'
[2.032s] reading manifest file 'sdt_project.egg-info/SOURCES.txt'
[2.032s] writing manifest file 'sdt_project.egg-info/SOURCES.txt'
[2.071s] [  5%] Built target sdt_project__cpp
[2.084s] [  7%] [34m[1mGenerating C++ introspection for ROS interfaces[0m
[2.085s] [ 12%] [34m[1mGenerating C++ type support dispatch for ROS interfaces[0m
[2.086s] [ 12%] [34m[1mGenerating C++ type support for eProsima Fast-RTPS[0m
[2.089s] [ 12%] Built target ament_cmake_python_build_sdt_project_egg
[2.097s] [ 15%] [32mBuilding C object CMakeFiles/sdt_project__rosidl_generator_c.dir/rosidl_generator_c/sdt_project/msg/detail/motor_values__functions.c.o[0m
[2.097s] [ 17%] [32mBuilding C object CMakeFiles/sdt_project__rosidl_generator_c.dir/rosidl_generator_c/sdt_project/msg/detail/sensor_values__functions.c.o[0m
[2.181s] [ 20%] [32m[1mLinking C shared library libsdt_project__rosidl_generator_c.so[0m
[2.219s] [ 20%] Built target sdt_project__rosidl_generator_c
[2.233s] [ 23%] [34m[1mGenerating C type support dispatch for ROS interfaces[0m
[2.233s] [ 25%] [34m[1mGenerating C type support for eProsima Fast-RTPS[0m
[2.235s] [ 28%] [34m[1mGenerating C introspection for ROS interfaces[0m
[2.417s] [ 30%] [32mBuilding CXX object CMakeFiles/sdt_project__rosidl_typesupport_cpp.dir/rosidl_typesupport_cpp/sdt_project/msg/motor_values__type_support.cpp.o[0m
[2.417s] [ 33%] [32mBuilding CXX object CMakeFiles/sdt_project__rosidl_typesupport_cpp.dir/rosidl_typesupport_cpp/sdt_project/msg/sensor_values__type_support.cpp.o[0m
[2.457s] [ 38%] [32mBuilding CXX object CMakeFiles/sdt_project__rosidl_typesupport_introspection_cpp.dir/rosidl_typesupport_introspection_cpp/sdt_project/msg/detail/sensor_values__type_support.cpp.o[0m
[2.459s] [ 38%] [32mBuilding CXX object CMakeFiles/sdt_project__rosidl_typesupport_introspection_cpp.dir/rosidl_typesupport_introspection_cpp/sdt_project/msg/detail/motor_values__type_support.cpp.o[0m
[2.669s] [ 41%] [32mBuilding CXX object CMakeFiles/sdt_project__rosidl_typesupport_fastrtps_cpp.dir/rosidl_typesupport_fastrtps_cpp/sdt_project/msg/detail/dds_fastrtps/motor_values__type_support.cpp.o[0m
[2.775s] [ 43%] [32mBuilding CXX object CMakeFiles/sdt_project__rosidl_typesupport_c.dir/rosidl_typesupport_c/sdt_project/msg/motor_values__type_support.cpp.o[0m
[2.846s] [ 46%] [32mBuilding CXX object CMakeFiles/sdt_project__rosidl_typesupport_c.dir/rosidl_typesupport_c/sdt_project/msg/sensor_values__type_support.cpp.o[0m
[2.883s] [ 48%] [32mBuilding C object CMakeFiles/sdt_project__rosidl_typesupport_introspection_c.dir/rosidl_typesupport_introspection_c/sdt_project/msg/detail/motor_values__type_support.c.o[0m
[2.907s] [ 51%] [32mBuilding CXX object CMakeFiles/sdt_project__rosidl_typesupport_fastrtps_c.dir/rosidl_typesupport_fastrtps_c/sdt_project/msg/detail/motor_values__type_support_c.cpp.o[0m
[3.003s] [ 53%] [32m[1mLinking CXX shared library libsdt_project__rosidl_typesupport_c.so[0m
[3.017s] [ 56%] [32mBuilding C object CMakeFiles/sdt_project__rosidl_typesupport_introspection_c.dir/rosidl_typesupport_introspection_c/sdt_project/msg/detail/sensor_values__type_support.c.o[0m
[3.115s] [ 58%] [32m[1mLinking C shared library libsdt_project__rosidl_typesupport_introspection_c.so[0m
[3.134s] [ 61%] [32mBuilding CXX object CMakeFiles/sdt_project__rosidl_typesupport_fastrtps_cpp.dir/rosidl_typesupport_fastrtps_cpp/sdt_project/msg/detail/dds_fastrtps/sensor_values__type_support.cpp.o[0m
[3.149s] [ 64%] [32m[1mLinking CXX shared library libsdt_project__rosidl_typesupport_cpp.so[0m
[3.167s] [ 64%] Built target sdt_project__rosidl_typesupport_c
[3.241s] [ 66%] [32mBuilding CXX object CMakeFiles/sdt_project__rosidl_typesupport_fastrtps_c.dir/rosidl_typesupport_fastrtps_c/sdt_project/msg/detail/sensor_values__type_support_c.cpp.o[0m
[3.275s] [ 66%] Built target sdt_project__rosidl_typesupport_introspection_c
[3.316s] [ 69%] [32m[1mLinking CXX shared library libsdt_project__rosidl_typesupport_introspection_cpp.so[0m
[3.347s] [ 69%] Built target sdt_project__rosidl_typesupport_cpp
[3.414s] [ 69%] Built target sdt_project__rosidl_typesupport_introspection_cpp
[4.066s] [ 71%] [32m[1mLinking CXX shared library libsdt_project__rosidl_typesupport_fastrtps_c.so[0m
[4.336s] [ 74%] [32m[1mLinking CXX shared library libsdt_project__rosidl_typesupport_fastrtps_cpp.so[0m
[4.347s] [ 74%] Built target sdt_project__rosidl_typesupport_fastrtps_c
[4.556s] [ 74%] Built target sdt_project__rosidl_typesupport_fastrtps_cpp
[4.577s] [ 74%] Built target sdt_project
[4.600s] [ 76%] [34m[1mGenerating Python code for ROS interfaces[0m
[5.108s] [ 76%] Built target sdt_project__py
[5.129s] [ 79%] [32mBuilding C object CMakeFiles/sdt_project__rosidl_generator_py.dir/rosidl_generator_py/sdt_project/msg/_motor_values_s.c.o[0m
[5.129s] [ 82%] [32mBuilding C object CMakeFiles/sdt_project__rosidl_generator_py.dir/rosidl_generator_py/sdt_project/msg/_sensor_values_s.c.o[0m
[5.265s] [ 84%] [32m[1mLinking C shared library rosidl_generator_py/sdt_project/libsdt_project__rosidl_generator_py.so[0m
[5.306s] [ 84%] Built target sdt_project__rosidl_generator_py
[5.326s] [ 92%] [32mBuilding C object CMakeFiles/sdt_project__rosidl_typesupport_introspection_c__pyext.dir/rosidl_generator_py/sdt_project/_sdt_project_s.ep.rosidl_typesupport_introspection_c.c.o[0m
[5.327s] [ 92%] [32mBuilding C object CMakeFiles/sdt_project__rosidl_typesupport_fastrtps_c__pyext.dir/rosidl_generator_py/sdt_project/_sdt_project_s.ep.rosidl_typesupport_fastrtps_c.c.o[0m
[5.327s] [ 92%] [32mBuilding C object CMakeFiles/sdt_project__rosidl_typesupport_c__pyext.dir/rosidl_generator_py/sdt_project/_sdt_project_s.ep.rosidl_typesupport_c.c.o[0m
[5.467s] [ 97%] [32m[1mLinking C shared library rosidl_generator_py/sdt_project/sdt_project_s__rosidl_typesupport_fastrtps_c.cpython-310-x86_64-linux-gnu.so[0m
[5.468s] [ 97%] [32m[1mLinking C shared library rosidl_generator_py/sdt_project/sdt_project_s__rosidl_typesupport_c.cpython-310-x86_64-linux-gnu.so[0m
[5.503s] [100%] [32m[1mLinking C shared library rosidl_generator_py/sdt_project/sdt_project_s__rosidl_typesupport_introspection_c.cpython-310-x86_64-linux-gnu.so[0m
[5.508s] [100%] Built target sdt_project__rosidl_typesupport_c__pyext
[5.508s] [100%] Built target sdt_project__rosidl_typesupport_fastrtps_c__pyext
[5.537s] [100%] Built target sdt_project__rosidl_typesupport_introspection_c__pyext
[5.549s] Invoked command in '/home/yusuf/Guzergah_SDT/build/sdt_project' returned '0': CMAKE_PREFIX_PATH=${CMAKE_PREFIX_PATH}:/home/yusuf/tcp/install/tcp_package:/opt/ros/humble /usr/bin/cmake --build /home/yusuf/Guzergah_SDT/build/sdt_project -- -j8 -l8
[5.626s] Invoking command in '/home/yusuf/Guzergah_SDT/build/sdt_project': CMAKE_PREFIX_PATH=${CMAKE_PREFIX_PATH}:/home/yusuf/tcp/install/tcp_package:/opt/ros/humble /usr/bin/cmake --install /home/yusuf/Guzergah_SDT/build/sdt_project
[5.637s] -- Install configuration: ""
[5.637s] -- Installing: /home/yusuf/Guzergah_SDT/install/sdt_project/share/ament_index/resource_index/rosidl_interfaces/sdt_project
[5.638s] -- Installing: /home/yusuf/Guzergah_SDT/install/sdt_project/include/sdt_project/sdt_project
[5.638s] -- Installing: /home/yusuf/Guzergah_SDT/install/sdt_project/include/sdt_project/sdt_project/msg
[5.638s] -- Installing: /home/yusuf/Guzergah_SDT/install/sdt_project/include/sdt_project/sdt_project/msg/motor_values.h
[5.638s] -- Installing: /home/yusuf/Guzergah_SDT/install/sdt_project/include/sdt_project/sdt_project/msg/sensor_values.h
[5.638s] -- Installing: /home/yusuf/Guzergah_SDT/install/sdt_project/include/sdt_project/sdt_project/msg/detail
[5.638s] -- Installing: /home/yusuf/Guzergah_SDT/install/sdt_project/include/sdt_project/sdt_project/msg/detail/sensor_values__type_support.h
[5.638s] -- Installing: /home/yusuf/Guzergah_SDT/install/sdt_project/include/sdt_project/sdt_project/msg/detail/motor_values__type_support.h
[5.638s] -- Installing: /home/yusuf/Guzergah_SDT/install/sdt_project/include/sdt_project/sdt_project/msg/detail/motor_values__functions.h
[5.638s] -- Installing: /home/yusuf/Guzergah_SDT/install/sdt_project/include/sdt_project/sdt_project/msg/detail/motor_values__struct.h
[5.639s] -- Installing: /home/yusuf/Guzergah_SDT/install/sdt_project/include/sdt_project/sdt_project/msg/detail/sensor_values__struct.h
[5.639s] -- Installing: /home/yusuf/Guzergah_SDT/install/sdt_project/include/sdt_project/sdt_project/msg/detail/motor_values__functions.c
[5.639s] -- Installing: /home/yusuf/Guzergah_SDT/install/sdt_project/include/sdt_project/sdt_project/msg/detail/sensor_values__functions.c
[5.639s] -- Installing: /home/yusuf/Guzergah_SDT/install/sdt_project/include/sdt_project/sdt_project/msg/detail/sensor_values__functions.h
[5.639s] -- Installing: /home/yusuf/Guzergah_SDT/install/sdt_project/include/sdt_project/sdt_project/msg/rosidl_generator_c__visibility_control.h
[5.639s] -- Installing: /home/yusuf/Guzergah_SDT/install/sdt_project/share/sdt_project/environment/library_path.sh
[5.639s] -- Installing: /home/yusuf/Guzergah_SDT/install/sdt_project/share/sdt_project/environment/library_path.dsv
[5.639s] -- Installing: /home/yusuf/Guzergah_SDT/install/sdt_project/lib/libsdt_project__rosidl_generator_c.so
[5.640s] -- Set runtime path of "/home/yusuf/Guzergah_SDT/install/sdt_project/lib/libsdt_project__rosidl_generator_c.so" to ""
[5.640s] -- Up-to-date: /home/yusuf/Guzergah_SDT/install/sdt_project/include/sdt_project/sdt_project
[5.640s] -- Up-to-date: /home/yusuf/Guzergah_SDT/install/sdt_project/include/sdt_project/sdt_project/msg
[5.640s] -- Installing: /home/yusuf/Guzergah_SDT/install/sdt_project/include/sdt_project/sdt_project/msg/rosidl_typesupport_fastrtps_c__visibility_control.h
[5.640s] -- Up-to-date: /home/yusuf/Guzergah_SDT/install/sdt_project/include/sdt_project/sdt_project/msg/detail
[5.640s] -- Installing: /home/yusuf/Guzergah_SDT/install/sdt_project/include/sdt_project/sdt_project/msg/detail/motor_values__rosidl_typesupport_fastrtps_c.h
[5.640s] -- Installing: /home/yusuf/Guzergah_SDT/install/sdt_project/include/sdt_project/sdt_project/msg/detail/sensor_values__rosidl_typesupport_fastrtps_c.h
[5.640s] -- Installing: /home/yusuf/Guzergah_SDT/install/sdt_project/lib/libsdt_project__rosidl_typesupport_fastrtps_c.so
[5.641s] -- Set runtime path of "/home/yusuf/Guzergah_SDT/install/sdt_project/lib/libsdt_project__rosidl_typesupport_fastrtps_c.so" to ""
[5.641s] -- Up-to-date: /home/yusuf/Guzergah_SDT/install/sdt_project/include/sdt_project/sdt_project
[5.641s] -- Up-to-date: /home/yusuf/Guzergah_SDT/install/sdt_project/include/sdt_project/sdt_project/msg
[5.641s] -- Installing: /home/yusuf/Guzergah_SDT/install/sdt_project/include/sdt_project/sdt_project/msg/rosidl_typesupport_introspection_c__visibility_control.h
[5.641s] -- Up-to-date: /home/yusuf/Guzergah_SDT/install/sdt_project/include/sdt_project/sdt_project/msg/detail
[5.641s] -- Installing: /home/yusuf/Guzergah_SDT/install/sdt_project/include/sdt_project/sdt_project/msg/detail/motor_values__rosidl_typesupport_introspection_c.h
[5.641s] -- Installing: /home/yusuf/Guzergah_SDT/install/sdt_project/include/sdt_project/sdt_project/msg/detail/sensor_values__type_support.c
[5.641s] -- Installing: /home/yusuf/Guzergah_SDT/install/sdt_project/include/sdt_project/sdt_project/msg/detail/motor_values__type_support.c
[5.642s] -- Installing: /home/yusuf/Guzergah_SDT/install/sdt_project/include/sdt_project/sdt_project/msg/detail/sensor_values__rosidl_typesupport_introspection_c.h
[5.642s] -- Installing: /home/yusuf/Guzergah_SDT/install/sdt_project/lib/libsdt_project__rosidl_typesupport_introspection_c.so
[5.642s] -- Set runtime path of "/home/yusuf/Guzergah_SDT/install/sdt_project/lib/libsdt_project__rosidl_typesupport_introspection_c.so" to ""
[5.642s] -- Installing: /home/yusuf/Guzergah_SDT/install/sdt_project/lib/libsdt_project__rosidl_typesupport_c.so
[5.642s] -- Set runtime path of "/home/yusuf/Guzergah_SDT/install/sdt_project/lib/libsdt_project__rosidl_typesupport_c.so" to ""
[5.642s] -- Up-to-date: /home/yusuf/Guzergah_SDT/install/sdt_project/include/sdt_project/sdt_project
[5.642s] -- Up-to-date: /home/yusuf/Guzergah_SDT/install/sdt_project/include/sdt_project/sdt_project/msg
[5.642s] -- Installing: /home/yusuf/Guzergah_SDT/install/sdt_project/include/sdt_project/sdt_project/msg/sensor_values.hpp
[5.643s] -- Up-to-date: /home/yusuf/Guzergah_SDT/install/sdt_project/include/sdt_project/sdt_project/msg/detail
[5.643s] -- Installing: /home/yusuf/Guzergah_SDT/install/sdt_project/include/sdt_project/sdt_project/msg/detail/sensor_values__struct.hpp
[5.643s] -- Installing: /home/yusuf/Guzergah_SDT/install/sdt_project/include/sdt_project/sdt_project/msg/detail/motor_values__traits.hpp
[5.643s] -- Installing: /home/yusuf/Guzergah_SDT/install/sdt_project/include/sdt_project/sdt_project/msg/detail/sensor_values__traits.hpp
[5.643s] -- Installing: /home/yusuf/Guzergah_SDT/install/sdt_project/include/sdt_project/sdt_project/msg/detail/motor_values__builder.hpp
[5.643s] -- Installing: /home/yusuf/Guzergah_SDT/install/sdt_project/include/sdt_project/sdt_project/msg/detail/sensor_values__builder.hpp
[5.643s] -- Installing: /home/yusuf/Guzergah_SDT/install/sdt_project/include/sdt_project/sdt_project/msg/detail/motor_values__struct.hpp
[5.644s] -- Installing: /home/yusuf/Guzergah_SDT/install/sdt_project/include/sdt_project/sdt_project/msg/motor_values.hpp
[5.644s] -- Up-to-date: /home/yusuf/Guzergah_SDT/install/sdt_project/include/sdt_project/sdt_project
[5.644s] -- Up-to-date: /home/yusuf/Guzergah_SDT/install/sdt_project/include/sdt_project/sdt_project/msg
[5.645s] -- Up-to-date: /home/yusuf/Guzergah_SDT/install/sdt_project/include/sdt_project/sdt_project/msg/detail
[5.645s] -- Installing: /home/yusuf/Guzergah_SDT/install/sdt_project/include/sdt_project/sdt_project/msg/detail/sensor_values__rosidl_typesupport_fastrtps_cpp.hpp
[5.645s] -- Installing: /home/yusuf/Guzergah_SDT/install/sdt_project/include/sdt_project/sdt_project/msg/detail/dds_fastrtps
[5.645s] -- Installing: /home/yusuf/Guzergah_SDT/install/sdt_project/include/sdt_project/sdt_project/msg/detail/motor_values__rosidl_typesupport_fastrtps_cpp.hpp
[5.645s] -- Installing: /home/yusuf/Guzergah_SDT/install/sdt_project/include/sdt_project/sdt_project/msg/rosidl_typesupport_fastrtps_cpp__visibility_control.h
[5.646s] -- Installing: /home/yusuf/Guzergah_SDT/install/sdt_project/lib/libsdt_project__rosidl_typesupport_fastrtps_cpp.so
[5.646s] -- Set runtime path of "/home/yusuf/Guzergah_SDT/install/sdt_project/lib/libsdt_project__rosidl_typesupport_fastrtps_cpp.so" to ""
[5.646s] -- Up-to-date: /home/yusuf/Guzergah_SDT/install/sdt_project/include/sdt_project/sdt_project
[5.646s] -- Up-to-date: /home/yusuf/Guzergah_SDT/install/sdt_project/include/sdt_project/sdt_project/msg
[5.646s] -- Up-to-date: /home/yusuf/Guzergah_SDT/install/sdt_project/include/sdt_project/sdt_project/msg/detail
[5.646s] -- Installing: /home/yusuf/Guzergah_SDT/install/sdt_project/include/sdt_project/sdt_project/msg/detail/motor_values__type_support.cpp
[5.646s] -- Installing: /home/yusuf/Guzergah_SDT/install/sdt_project/include/sdt_project/sdt_project/msg/detail/motor_values__rosidl_typesupport_introspection_cpp.hpp
[5.646s] -- Installing: /home/yusuf/Guzergah_SDT/install/sdt_project/include/sdt_project/sdt_project/msg/detail/sensor_values__rosidl_typesupport_introspection_cpp.hpp
[5.646s] -- Installing: /home/yusuf/Guzergah_SDT/install/sdt_project/include/sdt_project/sdt_project/msg/detail/sensor_values__type_support.cpp
[5.647s] -- Installing: /home/yusuf/Guzergah_SDT/install/sdt_project/lib/libsdt_project__rosidl_typesupport_introspection_cpp.so
[5.647s] -- Set runtime path of "/home/yusuf/Guzergah_SDT/install/sdt_project/lib/libsdt_project__rosidl_typesupport_introspection_cpp.so" to ""
[5.647s] -- Installing: /home/yusuf/Guzergah_SDT/install/sdt_project/lib/libsdt_project__rosidl_typesupport_cpp.so
[5.647s] -- Set runtime path of "/home/yusuf/Guzergah_SDT/install/sdt_project/lib/libsdt_project__rosidl_typesupport_cpp.so" to ""
[5.647s] -- Installing: /home/yusuf/Guzergah_SDT/install/sdt_project/share/sdt_project/environment/pythonpath.sh
[5.647s] -- Installing: /home/yusuf/Guzergah_SDT/install/sdt_project/share/sdt_project/environment/pythonpath.dsv
[5.647s] -- Installing: /home/yusuf/Guzergah_SDT/install/sdt_project/local/lib/python3.10/dist-packages/sdt_project-0.0.0-py3.10.egg-info
[5.647s] -- Installing: /home/yusuf/Guzergah_SDT/install/sdt_project/local/lib/python3.10/dist-packages/sdt_project-0.0.0-py3.10.egg-info/dependency_links.txt
[5.648s] -- Installing: /home/yusuf/Guzergah_SDT/install/sdt_project/local/lib/python3.10/dist-packages/sdt_project-0.0.0-py3.10.egg-info/SOURCES.txt
[5.648s] -- Installing: /home/yusuf/Guzergah_SDT/install/sdt_project/local/lib/python3.10/dist-packages/sdt_project-0.0.0-py3.10.egg-info/top_level.txt
[5.648s] -- Installing: /home/yusuf/Guzergah_SDT/install/sdt_project/local/lib/python3.10/dist-packages/sdt_project-0.0.0-py3.10.egg-info/PKG-INFO
[5.648s] -- Installing: /home/yusuf/Guzergah_SDT/install/sdt_project/local/lib/python3.10/dist-packages/sdt_project
[5.648s] -- Installing: /home/yusuf/Guzergah_SDT/install/sdt_project/local/lib/python3.10/dist-packages/sdt_project/sdt_project_s__rosidl_typesupport_c.cpython-310-x86_64-linux-gnu.so
[5.648s] -- Installing: /home/yusuf/Guzergah_SDT/install/sdt_project/local/lib/python3.10/dist-packages/sdt_project/_sdt_project_s.ep.rosidl_typesupport_introspection_c.c
[5.648s] -- Installing: /home/yusuf/Guzergah_SDT/install/sdt_project/local/lib/python3.10/dist-packages/sdt_project/sdt_project_s__rosidl_typesupport_fastrtps_c.cpython-310-x86_64-linux-gnu.so
[5.649s] -- Installing: /home/yusuf/Guzergah_SDT/install/sdt_project/local/lib/python3.10/dist-packages/sdt_project/libsdt_project__rosidl_generator_py.so
[5.649s] -- Installing: /home/yusuf/Guzergah_SDT/install/sdt_project/local/lib/python3.10/dist-packages/sdt_project/sdt_project_s__rosidl_typesupport_introspection_c.cpython-310-x86_64-linux-gnu.so
[5.649s] -- Installing: /home/yusuf/Guzergah_SDT/install/sdt_project/local/lib/python3.10/dist-packages/sdt_project/msg
[5.649s] -- Installing: /home/yusuf/Guzergah_SDT/install/sdt_project/local/lib/python3.10/dist-packages/sdt_project/msg/_sensor_values_s.c
[5.649s] -- Installing: /home/yusuf/Guzergah_SDT/install/sdt_project/local/lib/python3.10/dist-packages/sdt_project/msg/_sensor_values.py
[5.649s] -- Installing: /home/yusuf/Guzergah_SDT/install/sdt_project/local/lib/python3.10/dist-packages/sdt_project/msg/_motor_values_s.c
[5.649s] -- Installing: /home/yusuf/Guzergah_SDT/install/sdt_project/local/lib/python3.10/dist-packages/sdt_project/msg/_motor_values.py
[5.649s] -- Installing: /home/yusuf/Guzergah_SDT/install/sdt_project/local/lib/python3.10/dist-packages/sdt_project/msg/__init__.py
[5.649s] -- Installing: /home/yusuf/Guzergah_SDT/install/sdt_project/local/lib/python3.10/dist-packages/sdt_project/__init__.py
[5.649s] -- Installing: /home/yusuf/Guzergah_SDT/install/sdt_project/local/lib/python3.10/dist-packages/sdt_project/_sdt_project_s.ep.rosidl_typesupport_c.c
[5.649s] -- Installing: /home/yusuf/Guzergah_SDT/install/sdt_project/local/lib/python3.10/dist-packages/sdt_project/_sdt_project_s.ep.rosidl_typesupport_fastrtps_c.c
[5.701s] Listing '/home/yusuf/Guzergah_SDT/install/sdt_project/local/lib/python3.10/dist-packages/sdt_project'...
[5.701s] Compiling '/home/yusuf/Guzergah_SDT/install/sdt_project/local/lib/python3.10/dist-packages/sdt_project/__init__.py'...
[5.702s] Listing '/home/yusuf/Guzergah_SDT/install/sdt_project/local/lib/python3.10/dist-packages/sdt_project/msg'...
[5.702s] Compiling '/home/yusuf/Guzergah_SDT/install/sdt_project/local/lib/python3.10/dist-packages/sdt_project/msg/__init__.py'...
[5.702s] Compiling '/home/yusuf/Guzergah_SDT/install/sdt_project/local/lib/python3.10/dist-packages/sdt_project/msg/_motor_values.py'...
[5.702s] Compiling '/home/yusuf/Guzergah_SDT/install/sdt_project/local/lib/python3.10/dist-packages/sdt_project/msg/_sensor_values.py'...
[5.714s] -- Installing: /home/yusuf/Guzergah_SDT/install/sdt_project/local/lib/python3.10/dist-packages/sdt_project/sdt_project_s__rosidl_typesupport_fastrtps_c.cpython-310-x86_64-linux-gnu.so
[5.715s] -- Set runtime path of "/home/yusuf/Guzergah_SDT/install/sdt_project/local/lib/python3.10/dist-packages/sdt_project/sdt_project_s__rosidl_typesupport_fastrtps_c.cpython-310-x86_64-linux-gnu.so" to ""
[5.715s] -- Installing: /home/yusuf/Guzergah_SDT/install/sdt_project/local/lib/python3.10/dist-packages/sdt_project/sdt_project_s__rosidl_typesupport_introspection_c.cpython-310-x86_64-linux-gnu.so
[5.715s] -- Set runtime path of "/home/yusuf/Guzergah_SDT/install/sdt_project/local/lib/python3.10/dist-packages/sdt_project/sdt_project_s__rosidl_typesupport_introspection_c.cpython-310-x86_64-linux-gnu.so" to ""
[5.715s] -- Installing: /home/yusuf/Guzergah_SDT/install/sdt_project/local/lib/python3.10/dist-packages/sdt_project/sdt_project_s__rosidl_typesupport_c.cpython-310-x86_64-linux-gnu.so
[5.716s] -- Set runtime path of "/home/yusuf/Guzergah_SDT/install/sdt_project/local/lib/python3.10/dist-packages/sdt_project/sdt_project_s__rosidl_typesupport_c.cpython-310-x86_64-linux-gnu.so" to ""
[5.716s] -- Installing: /home/yusuf/Guzergah_SDT/install/sdt_project/lib/libsdt_project__rosidl_generator_py.so
[5.716s] -- Set runtime path of "/home/yusuf/Guzergah_SDT/install/sdt_project/lib/libsdt_project__rosidl_generator_py.so" to ""
[5.716s] -- Installing: /home/yusuf/Guzergah_SDT/install/sdt_project/share/sdt_project/msg/MotorValues.idl
[5.716s] -- Installing: /home/yusuf/Guzergah_SDT/install/sdt_project/share/sdt_project/msg/SensorValues.idl
[5.717s] -- Installing: /home/yusuf/Guzergah_SDT/install/sdt_project/share/sdt_project/msg/MotorValues.msg
[5.717s] -- Installing: /home/yusuf/Guzergah_SDT/install/sdt_project/share/sdt_project/msg/SensorValues.msg
[5.717s] -- Installing: /home/yusuf/Guzergah_SDT/install/sdt_project/lib/sdt_project/usb_com.py
[5.717s] -- Installing: /home/yusuf/Guzergah_SDT/install/sdt_project/lib/sdt_project/manuel_kumanda.py
[5.717s] -- Installing: /home/yusuf/Guzergah_SDT/install/sdt_project/lib/sdt_project/UI_try.py
[5.717s] -- Installing: /home/yusuf/Guzergah_SDT/install/sdt_project/share/sdt_project/launch/node_start.launch.py
[5.718s] -- Installing: /home/yusuf/Guzergah_SDT/install/sdt_project/share/ament_index/resource_index/package_run_dependencies/sdt_project
[5.718s] -- Up-to-date: /home/yusuf/Guzergah_SDT/install/sdt_project/share/ament_index/resource_index/parent_prefix_path/sdt_project
[5.718s] -- Up-to-date: /home/yusuf/Guzergah_SDT/install/sdt_project/share/sdt_project/environment/ament_prefix_path.sh
[5.718s] -- Installing: /home/yusuf/Guzergah_SDT/install/sdt_project/share/sdt_project/environment/ament_prefix_path.dsv
[5.718s] -- Up-to-date: /home/yusuf/Guzergah_SDT/install/sdt_project/share/sdt_project/environment/path.sh
[5.718s] -- Installing: /home/yusuf/Guzergah_SDT/install/sdt_project/share/sdt_project/environment/path.dsv
[5.718s] -- Up-to-date: /home/yusuf/Guzergah_SDT/install/sdt_project/share/sdt_project/local_setup.bash
[5.718s] -- Installing: /home/yusuf/Guzergah_SDT/install/sdt_project/share/sdt_project/local_setup.sh
[5.719s] -- Up-to-date: /home/yusuf/Guzergah_SDT/install/sdt_project/share/sdt_project/local_setup.zsh
[5.719s] -- Installing: /home/yusuf/Guzergah_SDT/install/sdt_project/share/sdt_project/local_setup.dsv
[5.719s] -- Installing: /home/yusuf/Guzergah_SDT/install/sdt_project/share/sdt_project/package.dsv
[5.719s] -- Up-to-date: /home/yusuf/Guzergah_SDT/install/sdt_project/share/ament_index/resource_index/packages/sdt_project
[5.719s] -- Installing: /home/yusuf/Guzergah_SDT/install/sdt_project/share/sdt_project/cmake/export_sdt_project__rosidl_generator_cExport.cmake
[5.719s] -- Installing: /home/yusuf/Guzergah_SDT/install/sdt_project/share/sdt_project/cmake/export_sdt_project__rosidl_generator_cExport-noconfig.cmake
[5.719s] -- Installing: /home/yusuf/Guzergah_SDT/install/sdt_project/share/sdt_project/cmake/export_sdt_project__rosidl_typesupport_fastrtps_cExport.cmake
[5.720s] -- Installing: /home/yusuf/Guzergah_SDT/install/sdt_project/share/sdt_project/cmake/export_sdt_project__rosidl_typesupport_fastrtps_cExport-noconfig.cmake
[5.720s] -- Installing: /home/yusuf/Guzergah_SDT/install/sdt_project/share/sdt_project/cmake/sdt_project__rosidl_typesupport_introspection_cExport.cmake
[5.720s] -- Installing: /home/yusuf/Guzergah_SDT/install/sdt_project/share/sdt_project/cmake/sdt_project__rosidl_typesupport_introspection_cExport-noconfig.cmake
[5.720s] -- Installing: /home/yusuf/Guzergah_SDT/install/sdt_project/share/sdt_project/cmake/sdt_project__rosidl_typesupport_cExport.cmake
[5.721s] -- Installing: /home/yusuf/Guzergah_SDT/install/sdt_project/share/sdt_project/cmake/sdt_project__rosidl_typesupport_cExport-noconfig.cmake
[5.721s] -- Installing: /home/yusuf/Guzergah_SDT/install/sdt_project/share/sdt_project/cmake/export_sdt_project__rosidl_generator_cppExport.cmake
[5.721s] -- Installing: /home/yusuf/Guzergah_SDT/install/sdt_project/share/sdt_project/cmake/export_sdt_project__rosidl_typesupport_fastrtps_cppExport.cmake
[5.721s] -- Installing: /home/yusuf/Guzergah_SDT/install/sdt_project/share/sdt_project/cmake/export_sdt_project__rosidl_typesupport_fastrtps_cppExport-noconfig.cmake
[5.721s] -- Installing: /home/yusuf/Guzergah_SDT/install/sdt_project/share/sdt_project/cmake/sdt_project__rosidl_typesupport_introspection_cppExport.cmake
[5.722s] -- Installing: /home/yusuf/Guzergah_SDT/install/sdt_project/share/sdt_project/cmake/sdt_project__rosidl_typesupport_introspection_cppExport-noconfig.cmake
[5.722s] -- Installing: /home/yusuf/Guzergah_SDT/install/sdt_project/share/sdt_project/cmake/sdt_project__rosidl_typesupport_cppExport.cmake
[5.722s] -- Installing: /home/yusuf/Guzergah_SDT/install/sdt_project/share/sdt_project/cmake/sdt_project__rosidl_typesupport_cppExport-noconfig.cmake
[5.722s] -- Installing: /home/yusuf/Guzergah_SDT/install/sdt_project/share/sdt_project/cmake/export_sdt_project__rosidl_generator_pyExport.cmake
[5.722s] -- Installing: /home/yusuf/Guzergah_SDT/install/sdt_project/share/sdt_project/cmake/export_sdt_project__rosidl_generator_pyExport-noconfig.cmake
[5.722s] -- Installing: /home/yusuf/Guzergah_SDT/install/sdt_project/share/sdt_project/cmake/rosidl_cmake-extras.cmake
[5.722s] -- Installing: /home/yusuf/Guzergah_SDT/install/sdt_project/share/sdt_project/cmake/ament_cmake_export_include_directories-extras.cmake
[5.723s] -- Installing: /home/yusuf/Guzergah_SDT/install/sdt_project/share/sdt_project/cmake/ament_cmake_export_libraries-extras.cmake
[5.723s] -- Installing: /home/yusuf/Guzergah_SDT/install/sdt_project/share/sdt_project/cmake/ament_cmake_export_targets-extras.cmake
[5.723s] -- Installing: /home/yusuf/Guzergah_SDT/install/sdt_project/share/sdt_project/cmake/rosidl_cmake_export_typesupport_targets-extras.cmake
[5.723s] -- Installing: /home/yusuf/Guzergah_SDT/install/sdt_project/share/sdt_project/cmake/ament_cmake_export_dependencies-extras.cmake
[5.723s] -- Installing: /home/yusuf/Guzergah_SDT/install/sdt_project/share/sdt_project/cmake/rosidl_cmake_export_typesupport_libraries-extras.cmake
[5.723s] -- Installing: /home/yusuf/Guzergah_SDT/install/sdt_project/share/sdt_project/cmake/sdt_projectConfig.cmake
[5.724s] -- Up-to-date: /home/yusuf/Guzergah_SDT/install/sdt_project/share/sdt_project/cmake/sdt_projectConfig-version.cmake
[5.724s] -- Installing: /home/yusuf/Guzergah_SDT/install/sdt_project/share/sdt_project/package.xml
[5.728s] Invoked command in '/home/yusuf/Guzergah_SDT/build/sdt_project' returned '0': CMAKE_PREFIX_PATH=${CMAKE_PREFIX_PATH}:/home/yusuf/tcp/install/tcp_package:/opt/ros/humble /usr/bin/cmake --install /home/yusuf/Guzergah_SDT/build/sdt_project
