[0.014s] Invoking command in '/home/yusuf/Guzergah_SDT/build/sdt_project': CMAKE_PREFIX_PATH=${CMAKE_PREFIX_PATH}:/home/yusuf/tcp/install/tcp_package:/opt/ros/humble /usr/bin/cmake --build /home/yusuf/Guzergah_SDT/build/sdt_project -- -j8 -l8
[0.060s] -- Found ament_cmake: 1.3.9 (/opt/ros/humble/share/ament_cmake/cmake)
[0.187s] -- Found rosidl_default_generators: 1.2.0 (/opt/ros/humble/share/rosidl_default_generators/cmake)
[0.189s] -- Using all available rosidl_typesupport_c: rosidl_typesupport_fastrtps_c;rosidl_typesupport_introspection_c
[0.192s] -- Found rosidl_adapter: 3.1.5 (/opt/ros/humble/share/rosidl_adapter/cmake)
[0.227s] -- Using all available rosidl_typesupport_cpp: rosidl_typesupport_fastrtps_cpp;rosidl_typesupport_introspection_cpp
[0.255s] -- Found rclcpp: 16.0.9 (/opt/ros/humble/share/rclcpp/cmake)
[0.318s] -- Found rmw_implementation_cmake: 6.1.2 (/opt/ros/humble/share/rmw_implementation_cmake/cmake)
[0.320s] -- Found rmw_cyclonedds_cpp: 1.3.4 (/opt/ros/humble/share/rmw_cyclonedds_cpp/cmake)
[0.358s] -- Using RMW implementation 'rmw_cyclonedds_cpp' as default
[0.503s] -- Found rclpy: 3.3.13 (/opt/ros/humble/share/rclpy/cmake)
[0.742s] -- Found ament_cmake_ros: 0.10.0 (/opt/ros/humble/share/ament_cmake_ros/cmake)
[0.917s] -- Using all available rosidl_typesupport_c: rosidl_typesupport_fastrtps_c;rosidl_typesupport_introspection_c
[1.140s] -- Using all available rosidl_typesupport_cpp: rosidl_typesupport_fastrtps_cpp;rosidl_typesupport_introspection_cpp
[1.164s] -- Found python_cmake_module: 0.10.0 (/opt/ros/humble/share/python_cmake_module/cmake)
[1.187s] -- Using PYTHON_EXECUTABLE: /usr/bin/python3
[1.187s] -- Using PYTHON_INCLUDE_DIRS: /usr/include/python3.10
[1.187s] -- Using PYTHON_LIBRARIES: /usr/lib/x86_64-linux-gnu/libpython3.10.so
[1.207s] -- Configuring done
[1.241s] -- Generating done
[1.244s] -- Build files have been written to: /home/yusuf/Guzergah_SDT/build/sdt_project
[1.270s] [  2%] [34m[1mGenerating C code for ROS interfaces[0m
[1.278s] [  5%] [34m[1mGenerating C++ code for ROS interfaces[0m
[1.290s] [  5%] Built target ament_cmake_python_copy_sdt_project
[1.624s] running egg_info
[1.626s] writing sdt_project.egg-info/PKG-INFO
[1.626s] writing dependency_links to sdt_project.egg-info/dependency_links.txt
[1.626s] writing top-level names to sdt_project.egg-info/top_level.txt
[1.630s] reading manifest file 'sdt_project.egg-info/SOURCES.txt'
[1.631s] writing manifest file 'sdt_project.egg-info/SOURCES.txt'
[1.709s] [  5%] Built target ament_cmake_python_build_sdt_project_egg
[1.711s] [  5%] Built target sdt_project__cpp
[1.723s] [  7%] [34m[1mGenerating C++ type support for eProsima Fast-RTPS[0m
[1.725s] [ 12%] [34m[1mGenerating C++ introspection for ROS interfaces[0m
[1.726s] [ 12%] [34m[1mGenerating C++ type support dispatch for ROS interfaces[0m
[1.726s] [35m[1mConsolidate compiler generated dependencies of target sdt_project__rosidl_generator_c[0m
[1.746s] [ 17%] [32mBuilding C object CMakeFiles/sdt_project__rosidl_generator_c.dir/rosidl_generator_c/sdt_project/msg/detail/sensor_values__functions.c.o[0m
[1.746s] [ 17%] [32mBuilding C object CMakeFiles/sdt_project__rosidl_generator_c.dir/rosidl_generator_c/sdt_project/msg/detail/motor_values__functions.c.o[0m
[1.863s] [ 20%] [32m[1mLinking C shared library libsdt_project__rosidl_generator_c.so[0m
[1.926s] [ 20%] Built target sdt_project__rosidl_generator_c
[1.944s] [ 25%] [34m[1mGenerating C introspection for ROS interfaces[0m
[1.945s] [ 25%] [34m[1mGenerating C type support dispatch for ROS interfaces[0m
[1.945s] [ 28%] [34m[1mGenerating C type support for eProsima Fast-RTPS[0m
[2.163s] [35m[1mConsolidate compiler generated dependencies of target sdt_project__rosidl_typesupport_cpp[0m
[2.192s] [ 30%] [32mBuilding CXX object CMakeFiles/sdt_project__rosidl_typesupport_cpp.dir/rosidl_typesupport_cpp/sdt_project/msg/motor_values__type_support.cpp.o[0m
[2.200s] [ 33%] [32mBuilding CXX object CMakeFiles/sdt_project__rosidl_typesupport_cpp.dir/rosidl_typesupport_cpp/sdt_project/msg/sensor_values__type_support.cpp.o[0m
[2.243s] [35m[1mConsolidate compiler generated dependencies of target sdt_project__rosidl_typesupport_introspection_cpp[0m
[2.272s] [ 35%] [32mBuilding CXX object CMakeFiles/sdt_project__rosidl_typesupport_introspection_cpp.dir/rosidl_typesupport_introspection_cpp/sdt_project/msg/detail/motor_values__type_support.cpp.o[0m
[2.286s] [ 38%] [32mBuilding CXX object CMakeFiles/sdt_project__rosidl_typesupport_introspection_cpp.dir/rosidl_typesupport_introspection_cpp/sdt_project/msg/detail/sensor_values__type_support.cpp.o[0m
[2.360s] [35m[1mConsolidate compiler generated dependencies of target sdt_project__rosidl_typesupport_fastrtps_cpp[0m
[2.384s] [ 41%] [32mBuilding CXX object CMakeFiles/sdt_project__rosidl_typesupport_fastrtps_cpp.dir/rosidl_typesupport_fastrtps_cpp/sdt_project/msg/detail/dds_fastrtps/motor_values__type_support.cpp.o[0m
[2.532s] [35m[1mConsolidate compiler generated dependencies of target sdt_project__rosidl_typesupport_fastrtps_c[0m
[2.533s] [35m[1mConsolidate compiler generated dependencies of target sdt_project__rosidl_typesupport_c[0m
[2.567s] [ 43%] [32mBuilding CXX object CMakeFiles/sdt_project__rosidl_typesupport_fastrtps_c.dir/rosidl_typesupport_fastrtps_c/sdt_project/msg/detail/motor_values__type_support_c.cpp.o[0m
[2.568s] [ 46%] [32mBuilding CXX object CMakeFiles/sdt_project__rosidl_typesupport_c.dir/rosidl_typesupport_c/sdt_project/msg/motor_values__type_support.cpp.o[0m
[2.601s] [35m[1mConsolidate compiler generated dependencies of target sdt_project__rosidl_typesupport_introspection_c[0m
[2.626s] [ 48%] [32mBuilding C object CMakeFiles/sdt_project__rosidl_typesupport_introspection_c.dir/rosidl_typesupport_introspection_c/sdt_project/msg/detail/motor_values__type_support.c.o[0m
[2.701s] [ 51%] [32mBuilding CXX object CMakeFiles/sdt_project__rosidl_typesupport_c.dir/rosidl_typesupport_c/sdt_project/msg/sensor_values__type_support.cpp.o[0m
[2.733s] [ 53%] [32mBuilding C object CMakeFiles/sdt_project__rosidl_typesupport_introspection_c.dir/rosidl_typesupport_introspection_c/sdt_project/msg/detail/sensor_values__type_support.c.o[0m
[2.786s] [ 56%] [32m[1mLinking CXX shared library libsdt_project__rosidl_typesupport_c.so[0m
[2.816s] [ 58%] [32m[1mLinking C shared library libsdt_project__rosidl_typesupport_introspection_c.so[0m
[2.925s] [ 58%] Built target sdt_project__rosidl_typesupport_c
[2.941s] [ 61%] [32mBuilding CXX object CMakeFiles/sdt_project__rosidl_typesupport_fastrtps_c.dir/rosidl_typesupport_fastrtps_c/sdt_project/msg/detail/sensor_values__type_support_c.cpp.o[0m
[2.947s] [ 64%] [32mBuilding CXX object CMakeFiles/sdt_project__rosidl_typesupport_fastrtps_cpp.dir/rosidl_typesupport_fastrtps_cpp/sdt_project/msg/detail/dds_fastrtps/sensor_values__type_support.cpp.o[0m
[3.001s] [ 64%] Built target sdt_project__rosidl_typesupport_introspection_c
[3.022s] [ 66%] [32m[1mLinking CXX shared library libsdt_project__rosidl_typesupport_cpp.so[0m
[3.103s] [ 69%] [32m[1mLinking CXX shared library libsdt_project__rosidl_typesupport_introspection_cpp.so[0m
[3.105s] [ 69%] Built target sdt_project__rosidl_typesupport_cpp
[3.177s] [ 69%] Built target sdt_project__rosidl_typesupport_introspection_cpp
[3.453s] [ 71%] [32m[1mLinking CXX shared library libsdt_project__rosidl_typesupport_fastrtps_c.so[0m
[3.571s] [ 74%] [32m[1mLinking CXX shared library libsdt_project__rosidl_typesupport_fastrtps_cpp.so[0m
[3.577s] [ 74%] Built target sdt_project__rosidl_typesupport_fastrtps_c
[3.657s] [ 74%] Built target sdt_project__rosidl_typesupport_fastrtps_cpp
[3.675s] [ 74%] Built target sdt_project
[3.695s] [ 76%] [34m[1mGenerating Python code for ROS interfaces[0m
[4.061s] [ 76%] Built target sdt_project__py
[4.071s] [35m[1mConsolidate compiler generated dependencies of target sdt_project__rosidl_generator_py[0m
[4.083s] [ 82%] [32mBuilding C object CMakeFiles/sdt_project__rosidl_generator_py.dir/rosidl_generator_py/sdt_project/msg/_motor_values_s.c.o[0m
[4.083s] [ 82%] [32mBuilding C object CMakeFiles/sdt_project__rosidl_generator_py.dir/rosidl_generator_py/sdt_project/msg/_sensor_values_s.c.o[0m
[4.199s] [ 84%] [32m[1mLinking C shared library rosidl_generator_py/sdt_project/libsdt_project__rosidl_generator_py.so[0m
[4.234s] [ 84%] Built target sdt_project__rosidl_generator_py
[4.247s] [35m[1mConsolidate compiler generated dependencies of target sdt_project__rosidl_typesupport_fastrtps_c__pyext[0m
[4.247s] [35m[1mConsolidate compiler generated dependencies of target sdt_project__rosidl_typesupport_c__pyext[0m
[4.247s] [35m[1mConsolidate compiler generated dependencies of target sdt_project__rosidl_typesupport_introspection_c__pyext[0m
[4.259s] [ 87%] [32mBuilding C object CMakeFiles/sdt_project__rosidl_typesupport_fastrtps_c__pyext.dir/rosidl_generator_py/sdt_project/_sdt_project_s.ep.rosidl_typesupport_fastrtps_c.c.o[0m
[4.260s] [ 89%] [32mBuilding C object CMakeFiles/sdt_project__rosidl_typesupport_c__pyext.dir/rosidl_generator_py/sdt_project/_sdt_project_s.ep.rosidl_typesupport_c.c.o[0m
[4.265s] [ 92%] [32mBuilding C object CMakeFiles/sdt_project__rosidl_typesupport_introspection_c__pyext.dir/rosidl_generator_py/sdt_project/_sdt_project_s.ep.rosidl_typesupport_introspection_c.c.o[0m
[4.371s] [ 94%] [32m[1mLinking C shared library rosidl_generator_py/sdt_project/sdt_project_s__rosidl_typesupport_c.cpython-310-x86_64-linux-gnu.so[0m
[4.372s] [ 97%] [32m[1mLinking C shared library rosidl_generator_py/sdt_project/sdt_project_s__rosidl_typesupport_fastrtps_c.cpython-310-x86_64-linux-gnu.so[0m
[4.410s] [ 97%] Built target sdt_project__rosidl_typesupport_c__pyext
[4.410s] [ 97%] Built target sdt_project__rosidl_typesupport_fastrtps_c__pyext
[4.432s] [100%] [32m[1mLinking C shared library rosidl_generator_py/sdt_project/sdt_project_s__rosidl_typesupport_introspection_c.cpython-310-x86_64-linux-gnu.so[0m
[4.464s] [100%] Built target sdt_project__rosidl_typesupport_introspection_c__pyext
[4.475s] Invoked command in '/home/yusuf/Guzergah_SDT/build/sdt_project' returned '0': CMAKE_PREFIX_PATH=${CMAKE_PREFIX_PATH}:/home/yusuf/tcp/install/tcp_package:/opt/ros/humble /usr/bin/cmake --build /home/yusuf/Guzergah_SDT/build/sdt_project -- -j8 -l8
[4.552s] Invoking command in '/home/yusuf/Guzergah_SDT/build/sdt_project': CMAKE_PREFIX_PATH=${CMAKE_PREFIX_PATH}:/home/yusuf/tcp/install/tcp_package:/opt/ros/humble /usr/bin/cmake --install /home/yusuf/Guzergah_SDT/build/sdt_project
[4.559s] -- Install configuration: ""
[4.560s] -- Up-to-date: /home/yusuf/Guzergah_SDT/install/sdt_project/share/ament_index/resource_index/rosidl_interfaces/sdt_project
[4.560s] -- Up-to-date: /home/yusuf/Guzergah_SDT/install/sdt_project/include/sdt_project/sdt_project
[4.560s] -- Up-to-date: /home/yusuf/Guzergah_SDT/install/sdt_project/include/sdt_project/sdt_project/msg
[4.560s] -- Installing: /home/yusuf/Guzergah_SDT/install/sdt_project/include/sdt_project/sdt_project/msg/motor_values.h
[4.560s] -- Installing: /home/yusuf/Guzergah_SDT/install/sdt_project/include/sdt_project/sdt_project/msg/sensor_values.h
[4.560s] -- Up-to-date: /home/yusuf/Guzergah_SDT/install/sdt_project/include/sdt_project/sdt_project/msg/detail
[4.560s] -- Installing: /home/yusuf/Guzergah_SDT/install/sdt_project/include/sdt_project/sdt_project/msg/detail/sensor_values__type_support.h
[4.560s] -- Installing: /home/yusuf/Guzergah_SDT/install/sdt_project/include/sdt_project/sdt_project/msg/detail/motor_values__type_support.h
[4.560s] -- Installing: /home/yusuf/Guzergah_SDT/install/sdt_project/include/sdt_project/sdt_project/msg/detail/motor_values__functions.h
[4.560s] -- Installing: /home/yusuf/Guzergah_SDT/install/sdt_project/include/sdt_project/sdt_project/msg/detail/motor_values__struct.h
[4.561s] -- Installing: /home/yusuf/Guzergah_SDT/install/sdt_project/include/sdt_project/sdt_project/msg/detail/sensor_values__struct.h
[4.561s] -- Installing: /home/yusuf/Guzergah_SDT/install/sdt_project/include/sdt_project/sdt_project/msg/detail/motor_values__functions.c
[4.561s] -- Installing: /home/yusuf/Guzergah_SDT/install/sdt_project/include/sdt_project/sdt_project/msg/detail/sensor_values__functions.c
[4.561s] -- Installing: /home/yusuf/Guzergah_SDT/install/sdt_project/include/sdt_project/sdt_project/msg/detail/sensor_values__functions.h
[4.561s] -- Up-to-date: /home/yusuf/Guzergah_SDT/install/sdt_project/include/sdt_project/sdt_project/msg/rosidl_generator_c__visibility_control.h
[4.561s] -- Up-to-date: /home/yusuf/Guzergah_SDT/install/sdt_project/share/sdt_project/environment/library_path.sh
[4.561s] -- Installing: /home/yusuf/Guzergah_SDT/install/sdt_project/share/sdt_project/environment/library_path.dsv
[4.562s] -- Installing: /home/yusuf/Guzergah_SDT/install/sdt_project/lib/libsdt_project__rosidl_generator_c.so
[4.563s] -- Set runtime path of "/home/yusuf/Guzergah_SDT/install/sdt_project/lib/libsdt_project__rosidl_generator_c.so" to ""
[4.563s] -- Up-to-date: /home/yusuf/Guzergah_SDT/install/sdt_project/include/sdt_project/sdt_project
[4.563s] -- Up-to-date: /home/yusuf/Guzergah_SDT/install/sdt_project/include/sdt_project/sdt_project/msg
[4.563s] -- Up-to-date: /home/yusuf/Guzergah_SDT/install/sdt_project/include/sdt_project/sdt_project/msg/rosidl_typesupport_fastrtps_c__visibility_control.h
[4.563s] -- Up-to-date: /home/yusuf/Guzergah_SDT/install/sdt_project/include/sdt_project/sdt_project/msg/detail
[4.563s] -- Installing: /home/yusuf/Guzergah_SDT/install/sdt_project/include/sdt_project/sdt_project/msg/detail/motor_values__rosidl_typesupport_fastrtps_c.h
[4.563s] -- Installing: /home/yusuf/Guzergah_SDT/install/sdt_project/include/sdt_project/sdt_project/msg/detail/sensor_values__rosidl_typesupport_fastrtps_c.h
[4.564s] -- Installing: /home/yusuf/Guzergah_SDT/install/sdt_project/lib/libsdt_project__rosidl_typesupport_fastrtps_c.so
[4.564s] -- Set runtime path of "/home/yusuf/Guzergah_SDT/install/sdt_project/lib/libsdt_project__rosidl_typesupport_fastrtps_c.so" to ""
[4.564s] -- Up-to-date: /home/yusuf/Guzergah_SDT/install/sdt_project/include/sdt_project/sdt_project
[4.564s] -- Up-to-date: /home/yusuf/Guzergah_SDT/install/sdt_project/include/sdt_project/sdt_project/msg
[4.564s] -- Up-to-date: /home/yusuf/Guzergah_SDT/install/sdt_project/include/sdt_project/sdt_project/msg/rosidl_typesupport_introspection_c__visibility_control.h
[4.564s] -- Up-to-date: /home/yusuf/Guzergah_SDT/install/sdt_project/include/sdt_project/sdt_project/msg/detail
[4.565s] -- Installing: /home/yusuf/Guzergah_SDT/install/sdt_project/include/sdt_project/sdt_project/msg/detail/motor_values__rosidl_typesupport_introspection_c.h
[4.565s] -- Installing: /home/yusuf/Guzergah_SDT/install/sdt_project/include/sdt_project/sdt_project/msg/detail/sensor_values__type_support.c
[4.565s] -- Installing: /home/yusuf/Guzergah_SDT/install/sdt_project/include/sdt_project/sdt_project/msg/detail/motor_values__type_support.c
[4.565s] -- Installing: /home/yusuf/Guzergah_SDT/install/sdt_project/include/sdt_project/sdt_project/msg/detail/sensor_values__rosidl_typesupport_introspection_c.h
[4.565s] -- Installing: /home/yusuf/Guzergah_SDT/install/sdt_project/lib/libsdt_project__rosidl_typesupport_introspection_c.so
[4.566s] -- Set runtime path of "/home/yusuf/Guzergah_SDT/install/sdt_project/lib/libsdt_project__rosidl_typesupport_introspection_c.so" to ""
[4.566s] -- Installing: /home/yusuf/Guzergah_SDT/install/sdt_project/lib/libsdt_project__rosidl_typesupport_c.so
[4.566s] -- Set runtime path of "/home/yusuf/Guzergah_SDT/install/sdt_project/lib/libsdt_project__rosidl_typesupport_c.so" to ""
[4.567s] -- Up-to-date: /home/yusuf/Guzergah_SDT/install/sdt_project/include/sdt_project/sdt_project
[4.567s] -- Up-to-date: /home/yusuf/Guzergah_SDT/install/sdt_project/include/sdt_project/sdt_project/msg
[4.567s] -- Installing: /home/yusuf/Guzergah_SDT/install/sdt_project/include/sdt_project/sdt_project/msg/sensor_values.hpp
[4.567s] -- Up-to-date: /home/yusuf/Guzergah_SDT/install/sdt_project/include/sdt_project/sdt_project/msg/detail
[4.567s] -- Installing: /home/yusuf/Guzergah_SDT/install/sdt_project/include/sdt_project/sdt_project/msg/detail/sensor_values__struct.hpp
[4.567s] -- Installing: /home/yusuf/Guzergah_SDT/install/sdt_project/include/sdt_project/sdt_project/msg/detail/motor_values__traits.hpp
[4.567s] -- Installing: /home/yusuf/Guzergah_SDT/install/sdt_project/include/sdt_project/sdt_project/msg/detail/sensor_values__traits.hpp
[4.567s] -- Installing: /home/yusuf/Guzergah_SDT/install/sdt_project/include/sdt_project/sdt_project/msg/detail/motor_values__builder.hpp
[4.567s] -- Installing: /home/yusuf/Guzergah_SDT/install/sdt_project/include/sdt_project/sdt_project/msg/detail/sensor_values__builder.hpp
[4.567s] -- Installing: /home/yusuf/Guzergah_SDT/install/sdt_project/include/sdt_project/sdt_project/msg/detail/motor_values__struct.hpp
[4.568s] -- Installing: /home/yusuf/Guzergah_SDT/install/sdt_project/include/sdt_project/sdt_project/msg/motor_values.hpp
[4.568s] -- Up-to-date: /home/yusuf/Guzergah_SDT/install/sdt_project/include/sdt_project/sdt_project
[4.568s] -- Up-to-date: /home/yusuf/Guzergah_SDT/install/sdt_project/include/sdt_project/sdt_project/msg
[4.568s] -- Up-to-date: /home/yusuf/Guzergah_SDT/install/sdt_project/include/sdt_project/sdt_project/msg/detail
[4.568s] -- Installing: /home/yusuf/Guzergah_SDT/install/sdt_project/include/sdt_project/sdt_project/msg/detail/sensor_values__rosidl_typesupport_fastrtps_cpp.hpp
[4.568s] -- Up-to-date: /home/yusuf/Guzergah_SDT/install/sdt_project/include/sdt_project/sdt_project/msg/detail/dds_fastrtps
[4.568s] -- Installing: /home/yusuf/Guzergah_SDT/install/sdt_project/include/sdt_project/sdt_project/msg/detail/motor_values__rosidl_typesupport_fastrtps_cpp.hpp
[4.568s] -- Up-to-date: /home/yusuf/Guzergah_SDT/install/sdt_project/include/sdt_project/sdt_project/msg/rosidl_typesupport_fastrtps_cpp__visibility_control.h
[4.569s] -- Installing: /home/yusuf/Guzergah_SDT/install/sdt_project/lib/libsdt_project__rosidl_typesupport_fastrtps_cpp.so
[4.569s] -- Set runtime path of "/home/yusuf/Guzergah_SDT/install/sdt_project/lib/libsdt_project__rosidl_typesupport_fastrtps_cpp.so" to ""
[4.569s] -- Up-to-date: /home/yusuf/Guzergah_SDT/install/sdt_project/include/sdt_project/sdt_project
[4.569s] -- Up-to-date: /home/yusuf/Guzergah_SDT/install/sdt_project/include/sdt_project/sdt_project/msg
[4.569s] -- Up-to-date: /home/yusuf/Guzergah_SDT/install/sdt_project/include/sdt_project/sdt_project/msg/detail
[4.569s] -- Installing: /home/yusuf/Guzergah_SDT/install/sdt_project/include/sdt_project/sdt_project/msg/detail/motor_values__type_support.cpp
[4.569s] -- Installing: /home/yusuf/Guzergah_SDT/install/sdt_project/include/sdt_project/sdt_project/msg/detail/motor_values__rosidl_typesupport_introspection_cpp.hpp
[4.570s] -- Installing: /home/yusuf/Guzergah_SDT/install/sdt_project/include/sdt_project/sdt_project/msg/detail/sensor_values__rosidl_typesupport_introspection_cpp.hpp
[4.570s] -- Installing: /home/yusuf/Guzergah_SDT/install/sdt_project/include/sdt_project/sdt_project/msg/detail/sensor_values__type_support.cpp
[4.570s] -- Installing: /home/yusuf/Guzergah_SDT/install/sdt_project/lib/libsdt_project__rosidl_typesupport_introspection_cpp.so
[4.571s] -- Set runtime path of "/home/yusuf/Guzergah_SDT/install/sdt_project/lib/libsdt_project__rosidl_typesupport_introspection_cpp.so" to ""
[4.571s] -- Installing: /home/yusuf/Guzergah_SDT/install/sdt_project/lib/libsdt_project__rosidl_typesupport_cpp.so
[4.571s] -- Set runtime path of "/home/yusuf/Guzergah_SDT/install/sdt_project/lib/libsdt_project__rosidl_typesupport_cpp.so" to ""
[4.571s] -- Up-to-date: /home/yusuf/Guzergah_SDT/install/sdt_project/share/sdt_project/environment/pythonpath.sh
[4.572s] -- Installing: /home/yusuf/Guzergah_SDT/install/sdt_project/share/sdt_project/environment/pythonpath.dsv
[4.572s] -- Up-to-date: /home/yusuf/Guzergah_SDT/install/sdt_project/local/lib/python3.10/dist-packages/sdt_project-0.0.0-py3.10.egg-info
[4.572s] -- Installing: /home/yusuf/Guzergah_SDT/install/sdt_project/local/lib/python3.10/dist-packages/sdt_project-0.0.0-py3.10.egg-info/dependency_links.txt
[4.572s] -- Installing: /home/yusuf/Guzergah_SDT/install/sdt_project/local/lib/python3.10/dist-packages/sdt_project-0.0.0-py3.10.egg-info/SOURCES.txt
[4.572s] -- Installing: /home/yusuf/Guzergah_SDT/install/sdt_project/local/lib/python3.10/dist-packages/sdt_project-0.0.0-py3.10.egg-info/top_level.txt
[4.572s] -- Installing: /home/yusuf/Guzergah_SDT/install/sdt_project/local/lib/python3.10/dist-packages/sdt_project-0.0.0-py3.10.egg-info/PKG-INFO
[4.572s] -- Up-to-date: /home/yusuf/Guzergah_SDT/install/sdt_project/local/lib/python3.10/dist-packages/sdt_project
[4.572s] -- Installing: /home/yusuf/Guzergah_SDT/install/sdt_project/local/lib/python3.10/dist-packages/sdt_project/sdt_project_s__rosidl_typesupport_c.cpython-310-x86_64-linux-gnu.so
[4.572s] -- Installing: /home/yusuf/Guzergah_SDT/install/sdt_project/local/lib/python3.10/dist-packages/sdt_project/_sdt_project_s.ep.rosidl_typesupport_introspection_c.c
[4.573s] -- Installing: /home/yusuf/Guzergah_SDT/install/sdt_project/local/lib/python3.10/dist-packages/sdt_project/sdt_project_s__rosidl_typesupport_fastrtps_c.cpython-310-x86_64-linux-gnu.so
[4.573s] -- Installing: /home/yusuf/Guzergah_SDT/install/sdt_project/local/lib/python3.10/dist-packages/sdt_project/libsdt_project__rosidl_generator_py.so
[4.573s] -- Installing: /home/yusuf/Guzergah_SDT/install/sdt_project/local/lib/python3.10/dist-packages/sdt_project/sdt_project_s__rosidl_typesupport_introspection_c.cpython-310-x86_64-linux-gnu.so
[4.573s] -- Up-to-date: /home/yusuf/Guzergah_SDT/install/sdt_project/local/lib/python3.10/dist-packages/sdt_project/msg
[4.573s] -- Installing: /home/yusuf/Guzergah_SDT/install/sdt_project/local/lib/python3.10/dist-packages/sdt_project/msg/_sensor_values_s.c
[4.574s] -- Installing: /home/yusuf/Guzergah_SDT/install/sdt_project/local/lib/python3.10/dist-packages/sdt_project/msg/_sensor_values.py
[4.574s] -- Installing: /home/yusuf/Guzergah_SDT/install/sdt_project/local/lib/python3.10/dist-packages/sdt_project/msg/_motor_values_s.c
[4.574s] -- Installing: /home/yusuf/Guzergah_SDT/install/sdt_project/local/lib/python3.10/dist-packages/sdt_project/msg/_motor_values.py
[4.574s] -- Installing: /home/yusuf/Guzergah_SDT/install/sdt_project/local/lib/python3.10/dist-packages/sdt_project/msg/__init__.py
[4.574s] -- Installing: /home/yusuf/Guzergah_SDT/install/sdt_project/local/lib/python3.10/dist-packages/sdt_project/__init__.py
[4.574s] -- Installing: /home/yusuf/Guzergah_SDT/install/sdt_project/local/lib/python3.10/dist-packages/sdt_project/_sdt_project_s.ep.rosidl_typesupport_c.c
[4.574s] -- Installing: /home/yusuf/Guzergah_SDT/install/sdt_project/local/lib/python3.10/dist-packages/sdt_project/_sdt_project_s.ep.rosidl_typesupport_fastrtps_c.c
[4.611s] Listing '/home/yusuf/Guzergah_SDT/install/sdt_project/local/lib/python3.10/dist-packages/sdt_project'...
[4.611s] Compiling '/home/yusuf/Guzergah_SDT/install/sdt_project/local/lib/python3.10/dist-packages/sdt_project/__init__.py'...
[4.611s] Listing '/home/yusuf/Guzergah_SDT/install/sdt_project/local/lib/python3.10/dist-packages/sdt_project/msg'...
[4.612s] Compiling '/home/yusuf/Guzergah_SDT/install/sdt_project/local/lib/python3.10/dist-packages/sdt_project/msg/__init__.py'...
[4.612s] Compiling '/home/yusuf/Guzergah_SDT/install/sdt_project/local/lib/python3.10/dist-packages/sdt_project/msg/_motor_values.py'...
[4.612s] Compiling '/home/yusuf/Guzergah_SDT/install/sdt_project/local/lib/python3.10/dist-packages/sdt_project/msg/_sensor_values.py'...
[4.618s] -- Installing: /home/yusuf/Guzergah_SDT/install/sdt_project/local/lib/python3.10/dist-packages/sdt_project/sdt_project_s__rosidl_typesupport_fastrtps_c.cpython-310-x86_64-linux-gnu.so
[4.618s] -- Set runtime path of "/home/yusuf/Guzergah_SDT/install/sdt_project/local/lib/python3.10/dist-packages/sdt_project/sdt_project_s__rosidl_typesupport_fastrtps_c.cpython-310-x86_64-linux-gnu.so" to ""
[4.618s] -- Installing: /home/yusuf/Guzergah_SDT/install/sdt_project/local/lib/python3.10/dist-packages/sdt_project/sdt_project_s__rosidl_typesupport_introspection_c.cpython-310-x86_64-linux-gnu.so
[4.618s] -- Set runtime path of "/home/yusuf/Guzergah_SDT/install/sdt_project/local/lib/python3.10/dist-packages/sdt_project/sdt_project_s__rosidl_typesupport_introspection_c.cpython-310-x86_64-linux-gnu.so" to ""
[4.618s] -- Installing: /home/yusuf/Guzergah_SDT/install/sdt_project/local/lib/python3.10/dist-packages/sdt_project/sdt_project_s__rosidl_typesupport_c.cpython-310-x86_64-linux-gnu.so
[4.618s] -- Set runtime path of "/home/yusuf/Guzergah_SDT/install/sdt_project/local/lib/python3.10/dist-packages/sdt_project/sdt_project_s__rosidl_typesupport_c.cpython-310-x86_64-linux-gnu.so" to ""
[4.619s] -- Installing: /home/yusuf/Guzergah_SDT/install/sdt_project/lib/libsdt_project__rosidl_generator_py.so
[4.619s] -- Set runtime path of "/home/yusuf/Guzergah_SDT/install/sdt_project/lib/libsdt_project__rosidl_generator_py.so" to ""
[4.619s] -- Installing: /home/yusuf/Guzergah_SDT/install/sdt_project/share/sdt_project/msg/MotorValues.idl
[4.619s] -- Up-to-date: /home/yusuf/Guzergah_SDT/install/sdt_project/share/sdt_project/msg/SensorValues.idl
[4.619s] -- Installing: /home/yusuf/Guzergah_SDT/install/sdt_project/share/sdt_project/msg/MotorValues.msg
[4.619s] -- Installing: /home/yusuf/Guzergah_SDT/install/sdt_project/share/sdt_project/msg/SensorValues.msg
[4.619s] -- Installing: /home/yusuf/Guzergah_SDT/install/sdt_project/lib/sdt_project/usb_com.py
[4.620s] -- Installing: /home/yusuf/Guzergah_SDT/install/sdt_project/lib/sdt_project/try.py
[4.620s] -- Installing: /home/yusuf/Guzergah_SDT/install/sdt_project/lib/sdt_project/TCP_com.py
[4.620s] -- Installing: /home/yusuf/Guzergah_SDT/install/sdt_project/lib/sdt_project/diff_node.py
[4.620s] -- Installing: /home/yusuf/Guzergah_SDT/install/sdt_project/lib/sdt_project/line_follower.py
[4.620s] -- Installing: /home/yusuf/Guzergah_SDT/install/sdt_project/share/sdt_project/launch/node_start.launch.py
[4.620s] -- Up-to-date: /home/yusuf/Guzergah_SDT/install/sdt_project/share/ament_index/resource_index/package_run_dependencies/sdt_project
[4.620s] -- Installing: /home/yusuf/Guzergah_SDT/install/sdt_project/share/ament_index/resource_index/parent_prefix_path/sdt_project
[4.620s] -- Up-to-date: /home/yusuf/Guzergah_SDT/install/sdt_project/share/sdt_project/environment/ament_prefix_path.sh
[4.620s] -- Installing: /home/yusuf/Guzergah_SDT/install/sdt_project/share/sdt_project/environment/ament_prefix_path.dsv
[4.620s] -- Up-to-date: /home/yusuf/Guzergah_SDT/install/sdt_project/share/sdt_project/environment/path.sh
[4.620s] -- Installing: /home/yusuf/Guzergah_SDT/install/sdt_project/share/sdt_project/environment/path.dsv
[4.621s] -- Up-to-date: /home/yusuf/Guzergah_SDT/install/sdt_project/share/sdt_project/local_setup.bash
[4.621s] -- Up-to-date: /home/yusuf/Guzergah_SDT/install/sdt_project/share/sdt_project/local_setup.sh
[4.621s] -- Up-to-date: /home/yusuf/Guzergah_SDT/install/sdt_project/share/sdt_project/local_setup.zsh
[4.621s] -- Installing: /home/yusuf/Guzergah_SDT/install/sdt_project/share/sdt_project/local_setup.dsv
[4.621s] -- Installing: /home/yusuf/Guzergah_SDT/install/sdt_project/share/sdt_project/package.dsv
[4.621s] -- Up-to-date: /home/yusuf/Guzergah_SDT/install/sdt_project/share/ament_index/resource_index/packages/sdt_project
[4.621s] -- Up-to-date: /home/yusuf/Guzergah_SDT/install/sdt_project/share/sdt_project/cmake/export_sdt_project__rosidl_generator_cExport.cmake
[4.621s] -- Up-to-date: /home/yusuf/Guzergah_SDT/install/sdt_project/share/sdt_project/cmake/export_sdt_project__rosidl_generator_cExport-noconfig.cmake
[4.621s] -- Up-to-date: /home/yusuf/Guzergah_SDT/install/sdt_project/share/sdt_project/cmake/export_sdt_project__rosidl_typesupport_fastrtps_cExport.cmake
[4.621s] -- Up-to-date: /home/yusuf/Guzergah_SDT/install/sdt_project/share/sdt_project/cmake/export_sdt_project__rosidl_typesupport_fastrtps_cExport-noconfig.cmake
[4.621s] -- Up-to-date: /home/yusuf/Guzergah_SDT/install/sdt_project/share/sdt_project/cmake/sdt_project__rosidl_typesupport_introspection_cExport.cmake
[4.622s] -- Up-to-date: /home/yusuf/Guzergah_SDT/install/sdt_project/share/sdt_project/cmake/sdt_project__rosidl_typesupport_introspection_cExport-noconfig.cmake
[4.622s] -- Up-to-date: /home/yusuf/Guzergah_SDT/install/sdt_project/share/sdt_project/cmake/sdt_project__rosidl_typesupport_cExport.cmake
[4.622s] -- Up-to-date: /home/yusuf/Guzergah_SDT/install/sdt_project/share/sdt_project/cmake/sdt_project__rosidl_typesupport_cExport-noconfig.cmake
[4.622s] -- Up-to-date: /home/yusuf/Guzergah_SDT/install/sdt_project/share/sdt_project/cmake/export_sdt_project__rosidl_generator_cppExport.cmake
[4.622s] -- Up-to-date: /home/yusuf/Guzergah_SDT/install/sdt_project/share/sdt_project/cmake/export_sdt_project__rosidl_typesupport_fastrtps_cppExport.cmake
[4.622s] -- Up-to-date: /home/yusuf/Guzergah_SDT/install/sdt_project/share/sdt_project/cmake/export_sdt_project__rosidl_typesupport_fastrtps_cppExport-noconfig.cmake
[4.622s] -- Up-to-date: /home/yusuf/Guzergah_SDT/install/sdt_project/share/sdt_project/cmake/sdt_project__rosidl_typesupport_introspection_cppExport.cmake
[4.622s] -- Up-to-date: /home/yusuf/Guzergah_SDT/install/sdt_project/share/sdt_project/cmake/sdt_project__rosidl_typesupport_introspection_cppExport-noconfig.cmake
[4.622s] -- Up-to-date: /home/yusuf/Guzergah_SDT/install/sdt_project/share/sdt_project/cmake/sdt_project__rosidl_typesupport_cppExport.cmake
[4.623s] -- Up-to-date: /home/yusuf/Guzergah_SDT/install/sdt_project/share/sdt_project/cmake/sdt_project__rosidl_typesupport_cppExport-noconfig.cmake
[4.623s] -- Up-to-date: /home/yusuf/Guzergah_SDT/install/sdt_project/share/sdt_project/cmake/export_sdt_project__rosidl_generator_pyExport.cmake
[4.623s] -- Up-to-date: /home/yusuf/Guzergah_SDT/install/sdt_project/share/sdt_project/cmake/export_sdt_project__rosidl_generator_pyExport-noconfig.cmake
[4.623s] -- Up-to-date: /home/yusuf/Guzergah_SDT/install/sdt_project/share/sdt_project/cmake/rosidl_cmake-extras.cmake
[4.623s] -- Up-to-date: /home/yusuf/Guzergah_SDT/install/sdt_project/share/sdt_project/cmake/ament_cmake_export_include_directories-extras.cmake
[4.623s] -- Up-to-date: /home/yusuf/Guzergah_SDT/install/sdt_project/share/sdt_project/cmake/ament_cmake_export_libraries-extras.cmake
[4.623s] -- Up-to-date: /home/yusuf/Guzergah_SDT/install/sdt_project/share/sdt_project/cmake/ament_cmake_export_targets-extras.cmake
[4.623s] -- Up-to-date: /home/yusuf/Guzergah_SDT/install/sdt_project/share/sdt_project/cmake/rosidl_cmake_export_typesupport_targets-extras.cmake
[4.623s] -- Up-to-date: /home/yusuf/Guzergah_SDT/install/sdt_project/share/sdt_project/cmake/ament_cmake_export_dependencies-extras.cmake
[4.623s] -- Up-to-date: /home/yusuf/Guzergah_SDT/install/sdt_project/share/sdt_project/cmake/rosidl_cmake_export_typesupport_libraries-extras.cmake
[4.623s] -- Up-to-date: /home/yusuf/Guzergah_SDT/install/sdt_project/share/sdt_project/cmake/sdt_projectConfig.cmake
[4.623s] -- Up-to-date: /home/yusuf/Guzergah_SDT/install/sdt_project/share/sdt_project/cmake/sdt_projectConfig-version.cmake
[4.623s] -- Up-to-date: /home/yusuf/Guzergah_SDT/install/sdt_project/share/sdt_project/package.xml
[4.625s] Invoked command in '/home/yusuf/Guzergah_SDT/build/sdt_project' returned '0': CMAKE_PREFIX_PATH=${CMAKE_PREFIX_PATH}:/home/yusuf/tcp/install/tcp_package:/opt/ros/humble /usr/bin/cmake --install /home/yusuf/Guzergah_SDT/build/sdt_project
