[0.073s] Invoking command in '/home/yusuf/Guzergah_SDT/src/build/nav2_common': CMAKE_PREFIX_PATH=${CMAKE_PREFIX_PATH}:/opt/ros/humble /usr/bin/cmake /home/yusuf/Guzergah_SDT/src/navigation2/nav2_common -DCMAKE_INSTALL_PREFIX=/home/yusuf/Guzergah_SDT/src/install/nav2_common
[0.169s] -- Found ament_cmake_core: 1.3.10 (/opt/ros/humble/share/ament_cmake_core/cmake)
[0.842s] -- Found Python3: /usr/bin/python3 (found version "3.10.12") found components: Interpreter 
[1.167s] -- Found ament_cmake_python: 1.3.10 (/opt/ros/humble/share/ament_cmake_python/cmake)
[1.815s] -- Configuring done
[1.825s] -- Generating done
[1.828s] -- Build files have been written to: /home/yusuf/Guzergah_SDT/src/build/nav2_common
[1.839s] Invoked command in '/home/yusuf/Guzergah_SDT/src/build/nav2_common' returned '0': CMAKE_PREFIX_PATH=${CMAKE_PREFIX_PATH}:/opt/ros/humble /usr/bin/cmake /home/yusuf/Guzergah_SDT/src/navigation2/nav2_common -DCMAKE_INSTALL_PREFIX=/home/yusuf/Guzergah_SDT/src/install/nav2_common
[1.841s] Invoking command in '/home/yusuf/Guzergah_SDT/src/build/nav2_common': CMAKE_PREFIX_PATH=${CMAKE_PREFIX_PATH}:/opt/ros/humble /usr/bin/cmake --build /home/yusuf/Guzergah_SDT/src/build/nav2_common -- -j8 -l8
[2.007s] Built target ament_cmake_python_copy_nav2_common
[2.971s] running egg_info
[2.974s] creating nav2_common.egg-info
[2.974s] writing nav2_common.egg-info/PKG-INFO
[2.975s] writing dependency_links to nav2_common.egg-info/dependency_links.txt
[2.975s] writing top-level names to nav2_common.egg-info/top_level.txt
[2.976s] writing manifest file 'nav2_common.egg-info/SOURCES.txt'
[2.988s] reading manifest file 'nav2_common.egg-info/SOURCES.txt'
[2.992s] writing manifest file 'nav2_common.egg-info/SOURCES.txt'
[3.090s] Built target ament_cmake_python_build_nav2_common_egg
[3.134s] Invoked command in '/home/yusuf/Guzergah_SDT/src/build/nav2_common' returned '0': CMAKE_PREFIX_PATH=${CMAKE_PREFIX_PATH}:/opt/ros/humble /usr/bin/cmake --build /home/yusuf/Guzergah_SDT/src/build/nav2_common -- -j8 -l8
[3.288s] Invoking command in '/home/yusuf/Guzergah_SDT/src/build/nav2_common': CMAKE_PREFIX_PATH=${CMAKE_PREFIX_PATH}:/opt/ros/humble /usr/bin/cmake --install /home/yusuf/Guzergah_SDT/src/build/nav2_common
[3.309s] -- Install configuration: ""
[3.310s] -- Installing: /home/yusuf/Guzergah_SDT/src/install/nav2_common/share/nav2_common/environment/pythonpath.sh
[3.314s] -- Installing: /home/yusuf/Guzergah_SDT/src/install/nav2_common/share/nav2_common/environment/pythonpath.dsv
[3.314s] -- Installing: /home/yusuf/Guzergah_SDT/src/install/nav2_common/local/lib/python3.10/dist-packages/nav2_common-1.1.16-py3.10.egg-info
[3.314s] -- Installing: /home/yusuf/Guzergah_SDT/src/install/nav2_common/local/lib/python3.10/dist-packages/nav2_common-1.1.16-py3.10.egg-info/dependency_links.txt
[3.315s] -- Installing: /home/yusuf/Guzergah_SDT/src/install/nav2_common/local/lib/python3.10/dist-packages/nav2_common-1.1.16-py3.10.egg-info/SOURCES.txt
[3.315s] -- Installing: /home/yusuf/Guzergah_SDT/src/install/nav2_common/local/lib/python3.10/dist-packages/nav2_common-1.1.16-py3.10.egg-info/top_level.txt
[3.315s] -- Installing: /home/yusuf/Guzergah_SDT/src/install/nav2_common/local/lib/python3.10/dist-packages/nav2_common-1.1.16-py3.10.egg-info/PKG-INFO
[3.315s] -- Installing: /home/yusuf/Guzergah_SDT/src/install/nav2_common/local/lib/python3.10/dist-packages/nav2_common
[3.316s] -- Installing: /home/yusuf/Guzergah_SDT/src/install/nav2_common/local/lib/python3.10/dist-packages/nav2_common/launch
[3.316s] -- Installing: /home/yusuf/Guzergah_SDT/src/install/nav2_common/local/lib/python3.10/dist-packages/nav2_common/launch/replace_string.py
[3.316s] -- Installing: /home/yusuf/Guzergah_SDT/src/install/nav2_common/local/lib/python3.10/dist-packages/nav2_common/launch/rewritten_yaml.py
[3.316s] -- Installing: /home/yusuf/Guzergah_SDT/src/install/nav2_common/local/lib/python3.10/dist-packages/nav2_common/launch/parse_multirobot_pose.py
[3.317s] -- Installing: /home/yusuf/Guzergah_SDT/src/install/nav2_common/local/lib/python3.10/dist-packages/nav2_common/launch/has_node_params.py
[3.317s] -- Installing: /home/yusuf/Guzergah_SDT/src/install/nav2_common/local/lib/python3.10/dist-packages/nav2_common/launch/__init__.py
[3.317s] -- Installing: /home/yusuf/Guzergah_SDT/src/install/nav2_common/local/lib/python3.10/dist-packages/nav2_common/__init__.py
[3.460s] Listing '/home/yusuf/Guzergah_SDT/src/install/nav2_common/local/lib/python3.10/dist-packages/nav2_common'...
[3.460s] Compiling '/home/yusuf/Guzergah_SDT/src/install/nav2_common/local/lib/python3.10/dist-packages/nav2_common/__init__.py'...
[3.460s] Listing '/home/yusuf/Guzergah_SDT/src/install/nav2_common/local/lib/python3.10/dist-packages/nav2_common/launch'...
[3.461s] Compiling '/home/yusuf/Guzergah_SDT/src/install/nav2_common/local/lib/python3.10/dist-packages/nav2_common/launch/__init__.py'...
[3.461s] Compiling '/home/yusuf/Guzergah_SDT/src/install/nav2_common/local/lib/python3.10/dist-packages/nav2_common/launch/has_node_params.py'...
[3.461s] Compiling '/home/yusuf/Guzergah_SDT/src/install/nav2_common/local/lib/python3.10/dist-packages/nav2_common/launch/parse_multirobot_pose.py'...
[3.462s] Compiling '/home/yusuf/Guzergah_SDT/src/install/nav2_common/local/lib/python3.10/dist-packages/nav2_common/launch/replace_string.py'...
[3.462s] Compiling '/home/yusuf/Guzergah_SDT/src/install/nav2_common/local/lib/python3.10/dist-packages/nav2_common/launch/rewritten_yaml.py'...
[3.480s] -- Installing: /home/yusuf/Guzergah_SDT/src/install/nav2_common/share/ament_index/resource_index/package_run_dependencies/nav2_common
[3.480s] -- Installing: /home/yusuf/Guzergah_SDT/src/install/nav2_common/share/ament_index/resource_index/parent_prefix_path/nav2_common
[3.481s] -- Installing: /home/yusuf/Guzergah_SDT/src/install/nav2_common/share/nav2_common/environment/ament_prefix_path.sh
[3.481s] -- Installing: /home/yusuf/Guzergah_SDT/src/install/nav2_common/share/nav2_common/environment/ament_prefix_path.dsv
[3.484s] -- Installing: /home/yusuf/Guzergah_SDT/src/install/nav2_common/share/nav2_common/environment/path.sh
[3.484s] -- Installing: /home/yusuf/Guzergah_SDT/src/install/nav2_common/share/nav2_common/environment/path.dsv
[3.484s] -- Installing: /home/yusuf/Guzergah_SDT/src/install/nav2_common/share/nav2_common/local_setup.bash
[3.484s] -- Installing: /home/yusuf/Guzergah_SDT/src/install/nav2_common/share/nav2_common/local_setup.sh
[3.492s] -- Installing: /home/yusuf/Guzergah_SDT/src/install/nav2_common/share/nav2_common/local_setup.zsh
[3.492s] -- Installing: /home/yusuf/Guzergah_SDT/src/install/nav2_common/share/nav2_common/local_setup.dsv
[3.493s] -- Installing: /home/yusuf/Guzergah_SDT/src/install/nav2_common/share/nav2_common/package.dsv
[3.495s] -- Installing: /home/yusuf/Guzergah_SDT/src/install/nav2_common/share/ament_index/resource_index/packages/nav2_common
[3.495s] -- Installing: /home/yusuf/Guzergah_SDT/src/install/nav2_common/share/nav2_common/cmake/nav2_common-extras.cmake
[3.496s] -- Installing: /home/yusuf/Guzergah_SDT/src/install/nav2_common/share/nav2_common/cmake/nav2_commonConfig.cmake
[3.497s] -- Installing: /home/yusuf/Guzergah_SDT/src/install/nav2_common/share/nav2_common/cmake/nav2_commonConfig-version.cmake
[3.497s] -- Installing: /home/yusuf/Guzergah_SDT/src/install/nav2_common/share/nav2_common/package.xml
[3.498s] -- Up-to-date: /home/yusuf/Guzergah_SDT/src/install/nav2_common/share/nav2_common/cmake
[3.498s] -- Installing: /home/yusuf/Guzergah_SDT/src/install/nav2_common/share/nav2_common/cmake/nav2_package.cmake
[3.513s] Invoked command in '/home/yusuf/Guzergah_SDT/src/build/nav2_common' returned '0': CMAKE_PREFIX_PATH=${CMAKE_PREFIX_PATH}:/opt/ros/humble /usr/bin/cmake --install /home/yusuf/Guzergah_SDT/src/build/nav2_common
