[0.013s] Invoking command in '/home/yusuf/Guzergah_SDT/build/slam_gmapping': CMAKE_PREFIX_PATH=/home/yusuf/Guzergah_SDT/install/openslam_gmapping:/home/yusuf/Guzergah_SDT/install/slam_gmapping:/home/yusuf/Guzergah_SDT/install/sdt_project:/home/yusuf/Guzergah_SDT/install/rf2o_laser_odometry:/home/yusuf/Guzergah_SDT/install/nav2_map_server:/home/yusuf/usb_cam/install/usb_cam:/home/yusuf/turtlebot3_ws/install/turtlebot3_simulations:/home/yusuf/turtlebot3_ws/install/turtlebot3_gazebo:/home/yusuf/turtlebot3_ws/install/turtlebot3_fake_node:/opt/ros/humble /usr/bin/cmake --build /home/yusuf/Guzergah_SDT/build/slam_gmapping -- -j8 -l8
[0.084s] [ 50%] [32mBuilding CXX object CMakeFiles/slam_gmapping.dir/src/slam_gmapping.cpp.o[0m
[0.335s] In file included from [01m[K/home/yusuf/Guzergah_SDT/src/slam_gmapping_Humble/slam_gmapping/include/slam_gmapping/slam_gmapping.h:38[m[K,
[0.335s]                  from [01m[K/home/yusuf/Guzergah_SDT/src/slam_gmapping_Humble/slam_gmapping/src/slam_gmapping.cpp:24[m[K:
[0.335s] [01m[K/opt/ros/humble/include/tf2_geometry_msgs/tf2_geometry_msgs/tf2_geometry_msgs.h:35:2:[m[K [01;35m[Kwarning: [m[K#warning This header is obsolete, please include tf2_geometry_msgs/tf2_geometry_msgs.hpp instead [[01;35m[K]8;;https://gcc.gnu.org/onlinedocs/gcc/Warning-Options.html#index-Wcpp-Wcpp]8;;[m[K]
[0.335s]    35 | #[01;35m[Kwarning[m[K This header is obsolete, please include tf2_geometry_msgs/tf2_geometry_msgs.hpp instead
[0.335s]       |  [01;35m[K^~~~~~~[m[K
[2.838s] In file included from [01m[K/home/yusuf/Guzergah_SDT/install/openslam_gmapping/include/gmapping/gridfastslam/gridslamprocessor.h:9[m[K,
[2.838s]                  from [01m[K/home/yusuf/Guzergah_SDT/src/slam_gmapping_Humble/slam_gmapping/include/slam_gmapping/slam_gmapping.h:45[m[K:
[2.838s] [01m[K/home/yusuf/Guzergah_SDT/install/openslam_gmapping/include/gmapping/particlefilter/particlefilter.h:[m[K In function ‘[01m[Kvoid rle(OutputIterator&, const Iterator&, const Iterator&)[m[K’:
[2.838s] [01m[K/home/yusuf/Guzergah_SDT/install/openslam_gmapping/include/gmapping/particlefilter/particlefilter.h:140:9:[m[K [01;35m[Kwarning: [m[Kthis ‘[01m[Kif[m[K’ clause does not guard... [[01;35m[K]8;;https://gcc.gnu.org/onlinedocs/gcc/Warning-Options.html#index-Wmisleading-indentation-Wmisleading-indentation]8;;[m[K]
[2.838s]   140 |         [01;35m[Kif[m[K (count>0)
[2.838s]       |         [01;35m[K^~[m[K
[2.838s] [01m[K/home/yusuf/Guzergah_SDT/install/openslam_gmapping/include/gmapping/particlefilter/particlefilter.h:142:17:[m[K [01;36m[Knote: [m[K...this statement, but the latter is misleadingly indented as if it were guarded by the ‘[01m[Kif[m[K’
[2.839s]   142 |                 [01;36m[Kout[m[K++;
[2.839s]       |                 [01;36m[K^~~[m[K
[12.916s] [100%] [32m[1mLinking CXX executable slam_gmapping[0m
[13.561s] [100%] Built target slam_gmapping
[13.573s] Invoked command in '/home/yusuf/Guzergah_SDT/build/slam_gmapping' returned '0': CMAKE_PREFIX_PATH=/home/yusuf/Guzergah_SDT/install/openslam_gmapping:/home/yusuf/Guzergah_SDT/install/slam_gmapping:/home/yusuf/Guzergah_SDT/install/sdt_project:/home/yusuf/Guzergah_SDT/install/rf2o_laser_odometry:/home/yusuf/Guzergah_SDT/install/nav2_map_server:/home/yusuf/usb_cam/install/usb_cam:/home/yusuf/turtlebot3_ws/install/turtlebot3_simulations:/home/yusuf/turtlebot3_ws/install/turtlebot3_gazebo:/home/yusuf/turtlebot3_ws/install/turtlebot3_fake_node:/opt/ros/humble /usr/bin/cmake --build /home/yusuf/Guzergah_SDT/build/slam_gmapping -- -j8 -l8
[13.599s] Invoking command in '/home/yusuf/Guzergah_SDT/build/slam_gmapping': CMAKE_PREFIX_PATH=/home/yusuf/Guzergah_SDT/install/openslam_gmapping:/home/yusuf/Guzergah_SDT/install/slam_gmapping:/home/yusuf/Guzergah_SDT/install/sdt_project:/home/yusuf/Guzergah_SDT/install/rf2o_laser_odometry:/home/yusuf/Guzergah_SDT/install/nav2_map_server:/home/yusuf/usb_cam/install/usb_cam:/home/yusuf/turtlebot3_ws/install/turtlebot3_simulations:/home/yusuf/turtlebot3_ws/install/turtlebot3_gazebo:/home/yusuf/turtlebot3_ws/install/turtlebot3_fake_node:/opt/ros/humble /usr/bin/cmake --install /home/yusuf/Guzergah_SDT/build/slam_gmapping
[13.605s] -- Install configuration: ""
[13.605s] -- Installing: /home/yusuf/Guzergah_SDT/install/slam_gmapping/lib/slam_gmapping/slam_gmapping
[13.610s] -- Set runtime path of "/home/yusuf/Guzergah_SDT/install/slam_gmapping/lib/slam_gmapping/slam_gmapping" to ""
[13.610s] -- Up-to-date: /home/yusuf/Guzergah_SDT/install/slam_gmapping/share/slam_gmapping/launch
[13.610s] -- Up-to-date: /home/yusuf/Guzergah_SDT/install/slam_gmapping/share/slam_gmapping/launch/slam_gmapping.launch.py
[13.611s] -- Up-to-date: /home/yusuf/Guzergah_SDT/install/slam_gmapping/share/ament_index/resource_index/package_run_dependencies/slam_gmapping
[13.611s] -- Up-to-date: /home/yusuf/Guzergah_SDT/install/slam_gmapping/share/ament_index/resource_index/parent_prefix_path/slam_gmapping
[13.611s] -- Up-to-date: /home/yusuf/Guzergah_SDT/install/slam_gmapping/share/slam_gmapping/environment/ament_prefix_path.sh
[13.611s] -- Up-to-date: /home/yusuf/Guzergah_SDT/install/slam_gmapping/share/slam_gmapping/environment/ament_prefix_path.dsv
[13.611s] -- Up-to-date: /home/yusuf/Guzergah_SDT/install/slam_gmapping/share/slam_gmapping/environment/path.sh
[13.611s] -- Up-to-date: /home/yusuf/Guzergah_SDT/install/slam_gmapping/share/slam_gmapping/environment/path.dsv
[13.611s] -- Up-to-date: /home/yusuf/Guzergah_SDT/install/slam_gmapping/share/slam_gmapping/local_setup.bash
[13.611s] -- Up-to-date: /home/yusuf/Guzergah_SDT/install/slam_gmapping/share/slam_gmapping/local_setup.sh
[13.611s] -- Up-to-date: /home/yusuf/Guzergah_SDT/install/slam_gmapping/share/slam_gmapping/local_setup.zsh
[13.611s] -- Up-to-date: /home/yusuf/Guzergah_SDT/install/slam_gmapping/share/slam_gmapping/local_setup.dsv
[13.611s] -- Installing: /home/yusuf/Guzergah_SDT/install/slam_gmapping/share/slam_gmapping/package.dsv
[13.611s] -- Up-to-date: /home/yusuf/Guzergah_SDT/install/slam_gmapping/share/ament_index/resource_index/packages/slam_gmapping
[13.611s] -- Up-to-date: /home/yusuf/Guzergah_SDT/install/slam_gmapping/share/slam_gmapping/cmake/slam_gmappingConfig.cmake
[13.611s] -- Up-to-date: /home/yusuf/Guzergah_SDT/install/slam_gmapping/share/slam_gmapping/cmake/slam_gmappingConfig-version.cmake
[13.611s] -- Up-to-date: /home/yusuf/Guzergah_SDT/install/slam_gmapping/share/slam_gmapping/package.xml
[13.613s] Invoked command in '/home/yusuf/Guzergah_SDT/build/slam_gmapping' returned '0': CMAKE_PREFIX_PATH=/home/yusuf/Guzergah_SDT/install/openslam_gmapping:/home/yusuf/Guzergah_SDT/install/slam_gmapping:/home/yusuf/Guzergah_SDT/install/sdt_project:/home/yusuf/Guzergah_SDT/install/rf2o_laser_odometry:/home/yusuf/Guzergah_SDT/install/nav2_map_server:/home/yusuf/usb_cam/install/usb_cam:/home/yusuf/turtlebot3_ws/install/turtlebot3_simulations:/home/yusuf/turtlebot3_ws/install/turtlebot3_gazebo:/home/yusuf/turtlebot3_ws/install/turtlebot3_fake_node:/opt/ros/humble /usr/bin/cmake --install /home/yusuf/Guzergah_SDT/build/slam_gmapping
