[0.012s] Invoking command in '/home/yusuf/Guzergah_SDT/build/sdt_project': CMAKE_PREFIX_PATH=${CMAKE_PREFIX_PATH}:/home/yusuf/tcp/install/tcp_package:/opt/ros/humble /usr/bin/cmake --build /home/yusuf/Guzergah_SDT/build/sdt_project -- -j8 -l8
[0.034s] -- Found ament_cmake: 1.3.10 (/opt/ros/humble/share/ament_cmake/cmake)
[0.162s] -- Found rosidl_default_generators: 1.2.0 (/opt/ros/humble/share/rosidl_default_generators/cmake)
[0.165s] -- Using all available rosidl_typesupport_c: rosidl_typesupport_fastrtps_c;rosidl_typesupport_introspection_c
[0.169s] -- Found rosidl_adapter: 3.1.5 (/opt/ros/humble/share/rosidl_adapter/cmake)
[0.203s] -- Using all available rosidl_typesupport_cpp: rosidl_typesupport_fastrtps_cpp;rosidl_typesupport_introspection_cpp
[0.229s] -- Found rclcpp: 16.0.10 (/opt/ros/humble/share/rclcpp/cmake)
[0.267s] -- Found rmw_implementation_cmake: 6.1.2 (/opt/ros/humble/share/rmw_implementation_cmake/cmake)
[0.269s] -- Found rmw_cyclonedds_cpp: 1.3.4 (/opt/ros/humble/share/rmw_cyclonedds_cpp/cmake)
[0.288s] -- Using RMW implementation 'rmw_cyclonedds_cpp' as default
[0.337s] -- Found rclpy: 3.3.14 (/opt/ros/humble/share/rclpy/cmake)
[0.337s] [31mCMake Error at /opt/ros/humble/share/rosidl_cmake/cmake/rosidl_generate_interfaces.cmake:93 (message):
[0.338s]   rosidl_generate_interfaces() the passed file 'msg/SensorValues.msg' doesn't
[0.338s]   exist relative to the CMAKE_CURRENT_SOURCE_DIR
[0.338s]   '/home/yusuf/Guzergah_SDT/src/sdt_project'
[0.338s] Call Stack (most recent call first):
[0.338s]   CMakeLists.txt:19 (rosidl_generate_interfaces)
[0.338s] 
[0.338s] [0m
[0.338s] -- Configuring incomplete, errors occurred!
[0.338s] See also "/home/yusuf/Guzergah_SDT/build/sdt_project/CMakeFiles/CMakeOutput.log".
[0.343s] gmake: *** [Makefile:963: cmake_check_build_system] Error 1
[0.344s] Invoked command in '/home/yusuf/Guzergah_SDT/build/sdt_project' returned '2': CMAKE_PREFIX_PATH=${CMAKE_PREFIX_PATH}:/home/yusuf/tcp/install/tcp_package:/opt/ros/humble /usr/bin/cmake --build /home/yusuf/Guzergah_SDT/build/sdt_project -- -j8 -l8
