[0.013s] Invoking command in '/home/yusuf/Guzergah_SDT/build/sdt_project': CMAKE_PREFIX_PATH=${CMAKE_PREFIX_PATH}:/home/yusuf/tcp/install/tcp_package:/opt/ros/humble /usr/bin/cmake --build /home/yusuf/Guzergah_SDT/build/sdt_project -- -j8 -l8
[0.035s] -- Found ament_cmake: 1.3.9 (/opt/ros/humble/share/ament_cmake/cmake)
[0.152s] -- Found rosidl_default_generators: 1.2.0 (/opt/ros/humble/share/rosidl_default_generators/cmake)
[0.154s] -- Using all available rosidl_typesupport_c: rosidl_typesupport_fastrtps_c;rosidl_typesupport_introspection_c
[0.156s] -- Found rosidl_adapter: 3.1.5 (/opt/ros/humble/share/rosidl_adapter/cmake)
[0.184s] -- Using all available rosidl_typesupport_cpp: rosidl_typesupport_fastrtps_cpp;rosidl_typesupport_introspection_cpp
[0.204s] -- Found rclcpp: 16.0.9 (/opt/ros/humble/share/rclcpp/cmake)
[0.258s] -- Found rmw_implementation_cmake: 6.1.2 (/opt/ros/humble/share/rmw_implementation_cmake/cmake)
[0.260s] -- Found rmw_cyclonedds_cpp: 1.3.4 (/opt/ros/humble/share/rmw_cyclonedds_cpp/cmake)
[0.282s] -- Using RMW implementation 'rmw_cyclonedds_cpp' as default
[0.425s] -- Found rclpy: 3.3.13 (/opt/ros/humble/share/rclpy/cmake)
[0.644s] -- Found ament_cmake_ros: 0.10.0 (/opt/ros/humble/share/ament_cmake_ros/cmake)
[0.804s] -- Using all available rosidl_typesupport_c: rosidl_typesupport_fastrtps_c;rosidl_typesupport_introspection_c
[1.019s] -- Using all available rosidl_typesupport_cpp: rosidl_typesupport_fastrtps_cpp;rosidl_typesupport_introspection_cpp
[1.042s] -- Found python_cmake_module: 0.10.0 (/opt/ros/humble/share/python_cmake_module/cmake)
[1.065s] -- Using PYTHON_EXECUTABLE: /usr/bin/python3
[1.065s] -- Using PYTHON_INCLUDE_DIRS: /usr/include/python3.10
[1.065s] -- Using PYTHON_LIBRARIES: /usr/lib/x86_64-linux-gnu/libpython3.10.so
[1.082s] -- Configuring done
[1.111s] -- Generating done
[1.114s] -- Build files have been written to: /home/yusuf/Guzergah_SDT/build/sdt_project
[1.138s] [35m[1mConsolidate compiler generated dependencies of target sdt_project__rosidl_generator_c[0m
[1.147s] [  2%] Built target sdt_project__cpp
[1.151s] [ 12%] Built target sdt_project__rosidl_generator_c
[1.161s] [35m[1mConsolidate compiler generated dependencies of target sdt_project__rosidl_typesupport_introspection_cpp[0m
[1.162s] [35m[1mConsolidate compiler generated dependencies of target sdt_project__rosidl_typesupport_cpp[0m
[1.163s] [ 12%] Built target ament_cmake_python_copy_sdt_project
[1.165s] [35m[1mConsolidate compiler generated dependencies of target sdt_project__rosidl_typesupport_fastrtps_cpp[0m
[1.167s] [35m[1mConsolidate compiler generated dependencies of target sdt_project__rosidl_typesupport_introspection_c[0m
[1.168s] [35m[1mConsolidate compiler generated dependencies of target sdt_project__rosidl_typesupport_fastrtps_c[0m
[1.179s] [35m[1mConsolidate compiler generated dependencies of target sdt_project__rosidl_typesupport_c[0m
[1.185s] [ 23%] Built target sdt_project__rosidl_typesupport_introspection_cpp
[1.186s] [ 33%] Built target sdt_project__rosidl_typesupport_introspection_c
[1.192s] [ 43%] Built target sdt_project__rosidl_typesupport_fastrtps_c
[1.192s] [ 53%] Built target sdt_project__rosidl_typesupport_fastrtps_cpp
[1.193s] [ 64%] Built target sdt_project__rosidl_typesupport_cpp
[1.198s] [ 74%] Built target sdt_project__rosidl_typesupport_c
[1.217s] [ 74%] Built target sdt_project
[1.237s] [ 76%] Built target sdt_project__py
[1.251s] [35m[1mConsolidate compiler generated dependencies of target sdt_project__rosidl_generator_py[0m
[1.270s] [ 84%] Built target sdt_project__rosidl_generator_py
[1.284s] [35m[1mConsolidate compiler generated dependencies of target sdt_project__rosidl_typesupport_fastrtps_c__pyext[0m
[1.284s] [35m[1mConsolidate compiler generated dependencies of target sdt_project__rosidl_typesupport_introspection_c__pyext[0m
[1.284s] [35m[1mConsolidate compiler generated dependencies of target sdt_project__rosidl_typesupport_c__pyext[0m
[1.299s] [ 89%] Built target sdt_project__rosidl_typesupport_fastrtps_c__pyext
[1.301s] [ 94%] Built target sdt_project__rosidl_typesupport_introspection_c__pyext
[1.303s] [100%] Built target sdt_project__rosidl_typesupport_c__pyext
[1.474s] running egg_info
[1.475s] writing sdt_project.egg-info/PKG-INFO
[1.475s] writing dependency_links to sdt_project.egg-info/dependency_links.txt
[1.475s] writing top-level names to sdt_project.egg-info/top_level.txt
[1.478s] reading manifest file 'sdt_project.egg-info/SOURCES.txt'
[1.478s] writing manifest file 'sdt_project.egg-info/SOURCES.txt'
[1.506s] [100%] Built target ament_cmake_python_build_sdt_project_egg
[1.516s] Invoked command in '/home/yusuf/Guzergah_SDT/build/sdt_project' returned '0': CMAKE_PREFIX_PATH=${CMAKE_PREFIX_PATH}:/home/yusuf/tcp/install/tcp_package:/opt/ros/humble /usr/bin/cmake --build /home/yusuf/Guzergah_SDT/build/sdt_project -- -j8 -l8
[1.604s] Invoking command in '/home/yusuf/Guzergah_SDT/build/sdt_project': CMAKE_PREFIX_PATH=${CMAKE_PREFIX_PATH}:/home/yusuf/tcp/install/tcp_package:/opt/ros/humble /usr/bin/cmake --install /home/yusuf/Guzergah_SDT/build/sdt_project
[1.612s] -- Install configuration: ""
[1.612s] -- Up-to-date: /home/yusuf/Guzergah_SDT/install/sdt_project/share/ament_index/resource_index/rosidl_interfaces/sdt_project
[1.612s] -- Up-to-date: /home/yusuf/Guzergah_SDT/install/sdt_project/include/sdt_project/sdt_project
[1.612s] -- Up-to-date: /home/yusuf/Guzergah_SDT/install/sdt_project/include/sdt_project/sdt_project/msg
[1.612s] -- Up-to-date: /home/yusuf/Guzergah_SDT/install/sdt_project/include/sdt_project/sdt_project/msg/motor_values.h
[1.612s] -- Up-to-date: /home/yusuf/Guzergah_SDT/install/sdt_project/include/sdt_project/sdt_project/msg/sensor_values.h
[1.612s] -- Up-to-date: /home/yusuf/Guzergah_SDT/install/sdt_project/include/sdt_project/sdt_project/msg/detail
[1.612s] -- Up-to-date: /home/yusuf/Guzergah_SDT/install/sdt_project/include/sdt_project/sdt_project/msg/detail/sensor_values__type_support.h
[1.612s] -- Up-to-date: /home/yusuf/Guzergah_SDT/install/sdt_project/include/sdt_project/sdt_project/msg/detail/motor_values__type_support.h
[1.612s] -- Up-to-date: /home/yusuf/Guzergah_SDT/install/sdt_project/include/sdt_project/sdt_project/msg/detail/motor_values__functions.h
[1.613s] -- Up-to-date: /home/yusuf/Guzergah_SDT/install/sdt_project/include/sdt_project/sdt_project/msg/detail/motor_values__struct.h
[1.613s] -- Up-to-date: /home/yusuf/Guzergah_SDT/install/sdt_project/include/sdt_project/sdt_project/msg/detail/sensor_values__struct.h
[1.613s] -- Up-to-date: /home/yusuf/Guzergah_SDT/install/sdt_project/include/sdt_project/sdt_project/msg/detail/motor_values__functions.c
[1.613s] -- Up-to-date: /home/yusuf/Guzergah_SDT/install/sdt_project/include/sdt_project/sdt_project/msg/detail/sensor_values__functions.c
[1.613s] -- Up-to-date: /home/yusuf/Guzergah_SDT/install/sdt_project/include/sdt_project/sdt_project/msg/detail/sensor_values__functions.h
[1.613s] -- Up-to-date: /home/yusuf/Guzergah_SDT/install/sdt_project/include/sdt_project/sdt_project/msg/rosidl_generator_c__visibility_control.h
[1.613s] -- Up-to-date: /home/yusuf/Guzergah_SDT/install/sdt_project/share/sdt_project/environment/library_path.sh
[1.613s] -- Installing: /home/yusuf/Guzergah_SDT/install/sdt_project/share/sdt_project/environment/library_path.dsv
[1.613s] -- Up-to-date: /home/yusuf/Guzergah_SDT/install/sdt_project/lib/libsdt_project__rosidl_generator_c.so
[1.613s] -- Up-to-date: /home/yusuf/Guzergah_SDT/install/sdt_project/include/sdt_project/sdt_project
[1.613s] -- Up-to-date: /home/yusuf/Guzergah_SDT/install/sdt_project/include/sdt_project/sdt_project/msg
[1.613s] -- Up-to-date: /home/yusuf/Guzergah_SDT/install/sdt_project/include/sdt_project/sdt_project/msg/rosidl_typesupport_fastrtps_c__visibility_control.h
[1.613s] -- Up-to-date: /home/yusuf/Guzergah_SDT/install/sdt_project/include/sdt_project/sdt_project/msg/detail
[1.613s] -- Up-to-date: /home/yusuf/Guzergah_SDT/install/sdt_project/include/sdt_project/sdt_project/msg/detail/motor_values__rosidl_typesupport_fastrtps_c.h
[1.613s] -- Up-to-date: /home/yusuf/Guzergah_SDT/install/sdt_project/include/sdt_project/sdt_project/msg/detail/sensor_values__rosidl_typesupport_fastrtps_c.h
[1.614s] -- Up-to-date: /home/yusuf/Guzergah_SDT/install/sdt_project/lib/libsdt_project__rosidl_typesupport_fastrtps_c.so
[1.614s] -- Up-to-date: /home/yusuf/Guzergah_SDT/install/sdt_project/include/sdt_project/sdt_project
[1.614s] -- Up-to-date: /home/yusuf/Guzergah_SDT/install/sdt_project/include/sdt_project/sdt_project/msg
[1.614s] -- Up-to-date: /home/yusuf/Guzergah_SDT/install/sdt_project/include/sdt_project/sdt_project/msg/rosidl_typesupport_introspection_c__visibility_control.h
[1.614s] -- Up-to-date: /home/yusuf/Guzergah_SDT/install/sdt_project/include/sdt_project/sdt_project/msg/detail
[1.614s] -- Up-to-date: /home/yusuf/Guzergah_SDT/install/sdt_project/include/sdt_project/sdt_project/msg/detail/motor_values__rosidl_typesupport_introspection_c.h
[1.614s] -- Up-to-date: /home/yusuf/Guzergah_SDT/install/sdt_project/include/sdt_project/sdt_project/msg/detail/sensor_values__type_support.c
[1.614s] -- Up-to-date: /home/yusuf/Guzergah_SDT/install/sdt_project/include/sdt_project/sdt_project/msg/detail/motor_values__type_support.c
[1.614s] -- Up-to-date: /home/yusuf/Guzergah_SDT/install/sdt_project/include/sdt_project/sdt_project/msg/detail/sensor_values__rosidl_typesupport_introspection_c.h
[1.614s] -- Up-to-date: /home/yusuf/Guzergah_SDT/install/sdt_project/lib/libsdt_project__rosidl_typesupport_introspection_c.so
[1.614s] -- Up-to-date: /home/yusuf/Guzergah_SDT/install/sdt_project/lib/libsdt_project__rosidl_typesupport_c.so
[1.614s] -- Up-to-date: /home/yusuf/Guzergah_SDT/install/sdt_project/include/sdt_project/sdt_project
[1.614s] -- Up-to-date: /home/yusuf/Guzergah_SDT/install/sdt_project/include/sdt_project/sdt_project/msg
[1.614s] -- Up-to-date: /home/yusuf/Guzergah_SDT/install/sdt_project/include/sdt_project/sdt_project/msg/sensor_values.hpp
[1.614s] -- Up-to-date: /home/yusuf/Guzergah_SDT/install/sdt_project/include/sdt_project/sdt_project/msg/detail
[1.614s] -- Up-to-date: /home/yusuf/Guzergah_SDT/install/sdt_project/include/sdt_project/sdt_project/msg/detail/sensor_values__struct.hpp
[1.615s] -- Up-to-date: /home/yusuf/Guzergah_SDT/install/sdt_project/include/sdt_project/sdt_project/msg/detail/motor_values__traits.hpp
[1.615s] -- Up-to-date: /home/yusuf/Guzergah_SDT/install/sdt_project/include/sdt_project/sdt_project/msg/detail/sensor_values__traits.hpp
[1.615s] -- Up-to-date: /home/yusuf/Guzergah_SDT/install/sdt_project/include/sdt_project/sdt_project/msg/detail/motor_values__builder.hpp
[1.615s] -- Up-to-date: /home/yusuf/Guzergah_SDT/install/sdt_project/include/sdt_project/sdt_project/msg/detail/sensor_values__builder.hpp
[1.615s] -- Up-to-date: /home/yusuf/Guzergah_SDT/install/sdt_project/include/sdt_project/sdt_project/msg/detail/motor_values__struct.hpp
[1.615s] -- Up-to-date: /home/yusuf/Guzergah_SDT/install/sdt_project/include/sdt_project/sdt_project/msg/motor_values.hpp
[1.615s] -- Up-to-date: /home/yusuf/Guzergah_SDT/install/sdt_project/include/sdt_project/sdt_project
[1.615s] -- Up-to-date: /home/yusuf/Guzergah_SDT/install/sdt_project/include/sdt_project/sdt_project/msg
[1.615s] -- Up-to-date: /home/yusuf/Guzergah_SDT/install/sdt_project/include/sdt_project/sdt_project/msg/detail
[1.615s] -- Up-to-date: /home/yusuf/Guzergah_SDT/install/sdt_project/include/sdt_project/sdt_project/msg/detail/sensor_values__rosidl_typesupport_fastrtps_cpp.hpp
[1.615s] -- Up-to-date: /home/yusuf/Guzergah_SDT/install/sdt_project/include/sdt_project/sdt_project/msg/detail/dds_fastrtps
[1.615s] -- Up-to-date: /home/yusuf/Guzergah_SDT/install/sdt_project/include/sdt_project/sdt_project/msg/detail/motor_values__rosidl_typesupport_fastrtps_cpp.hpp
[1.615s] -- Up-to-date: /home/yusuf/Guzergah_SDT/install/sdt_project/include/sdt_project/sdt_project/msg/rosidl_typesupport_fastrtps_cpp__visibility_control.h
[1.615s] -- Up-to-date: /home/yusuf/Guzergah_SDT/install/sdt_project/lib/libsdt_project__rosidl_typesupport_fastrtps_cpp.so
[1.615s] -- Up-to-date: /home/yusuf/Guzergah_SDT/install/sdt_project/include/sdt_project/sdt_project
[1.615s] -- Up-to-date: /home/yusuf/Guzergah_SDT/install/sdt_project/include/sdt_project/sdt_project/msg
[1.616s] -- Up-to-date: /home/yusuf/Guzergah_SDT/install/sdt_project/include/sdt_project/sdt_project/msg/detail
[1.616s] -- Up-to-date: /home/yusuf/Guzergah_SDT/install/sdt_project/include/sdt_project/sdt_project/msg/detail/motor_values__type_support.cpp
[1.616s] -- Up-to-date: /home/yusuf/Guzergah_SDT/install/sdt_project/include/sdt_project/sdt_project/msg/detail/motor_values__rosidl_typesupport_introspection_cpp.hpp
[1.616s] -- Up-to-date: /home/yusuf/Guzergah_SDT/install/sdt_project/include/sdt_project/sdt_project/msg/detail/sensor_values__rosidl_typesupport_introspection_cpp.hpp
[1.616s] -- Up-to-date: /home/yusuf/Guzergah_SDT/install/sdt_project/include/sdt_project/sdt_project/msg/detail/sensor_values__type_support.cpp
[1.616s] -- Up-to-date: /home/yusuf/Guzergah_SDT/install/sdt_project/lib/libsdt_project__rosidl_typesupport_introspection_cpp.so
[1.616s] -- Up-to-date: /home/yusuf/Guzergah_SDT/install/sdt_project/lib/libsdt_project__rosidl_typesupport_cpp.so
[1.616s] -- Up-to-date: /home/yusuf/Guzergah_SDT/install/sdt_project/share/sdt_project/environment/pythonpath.sh
[1.616s] -- Installing: /home/yusuf/Guzergah_SDT/install/sdt_project/share/sdt_project/environment/pythonpath.dsv
[1.616s] -- Up-to-date: /home/yusuf/Guzergah_SDT/install/sdt_project/local/lib/python3.10/dist-packages/sdt_project-0.0.0-py3.10.egg-info
[1.616s] -- Installing: /home/yusuf/Guzergah_SDT/install/sdt_project/local/lib/python3.10/dist-packages/sdt_project-0.0.0-py3.10.egg-info/dependency_links.txt
[1.616s] -- Installing: /home/yusuf/Guzergah_SDT/install/sdt_project/local/lib/python3.10/dist-packages/sdt_project-0.0.0-py3.10.egg-info/SOURCES.txt
[1.616s] -- Installing: /home/yusuf/Guzergah_SDT/install/sdt_project/local/lib/python3.10/dist-packages/sdt_project-0.0.0-py3.10.egg-info/top_level.txt
[1.616s] -- Installing: /home/yusuf/Guzergah_SDT/install/sdt_project/local/lib/python3.10/dist-packages/sdt_project-0.0.0-py3.10.egg-info/PKG-INFO
[1.617s] -- Up-to-date: /home/yusuf/Guzergah_SDT/install/sdt_project/local/lib/python3.10/dist-packages/sdt_project
[1.617s] -- Up-to-date: /home/yusuf/Guzergah_SDT/install/sdt_project/local/lib/python3.10/dist-packages/sdt_project/sdt_project_s__rosidl_typesupport_c.cpython-310-x86_64-linux-gnu.so
[1.617s] -- Up-to-date: /home/yusuf/Guzergah_SDT/install/sdt_project/local/lib/python3.10/dist-packages/sdt_project/_sdt_project_s.ep.rosidl_typesupport_introspection_c.c
[1.617s] -- Up-to-date: /home/yusuf/Guzergah_SDT/install/sdt_project/local/lib/python3.10/dist-packages/sdt_project/sdt_project_s__rosidl_typesupport_fastrtps_c.cpython-310-x86_64-linux-gnu.so
[1.617s] -- Up-to-date: /home/yusuf/Guzergah_SDT/install/sdt_project/local/lib/python3.10/dist-packages/sdt_project/libsdt_project__rosidl_generator_py.so
[1.617s] -- Up-to-date: /home/yusuf/Guzergah_SDT/install/sdt_project/local/lib/python3.10/dist-packages/sdt_project/sdt_project_s__rosidl_typesupport_introspection_c.cpython-310-x86_64-linux-gnu.so
[1.617s] -- Up-to-date: /home/yusuf/Guzergah_SDT/install/sdt_project/local/lib/python3.10/dist-packages/sdt_project/msg
[1.617s] -- Up-to-date: /home/yusuf/Guzergah_SDT/install/sdt_project/local/lib/python3.10/dist-packages/sdt_project/msg/_sensor_values_s.c
[1.617s] -- Up-to-date: /home/yusuf/Guzergah_SDT/install/sdt_project/local/lib/python3.10/dist-packages/sdt_project/msg/_sensor_values.py
[1.617s] -- Up-to-date: /home/yusuf/Guzergah_SDT/install/sdt_project/local/lib/python3.10/dist-packages/sdt_project/msg/_motor_values_s.c
[1.617s] -- Up-to-date: /home/yusuf/Guzergah_SDT/install/sdt_project/local/lib/python3.10/dist-packages/sdt_project/msg/_motor_values.py
[1.617s] -- Up-to-date: /home/yusuf/Guzergah_SDT/install/sdt_project/local/lib/python3.10/dist-packages/sdt_project/msg/__init__.py
[1.618s] -- Installing: /home/yusuf/Guzergah_SDT/install/sdt_project/local/lib/python3.10/dist-packages/sdt_project/__init__.py
[1.618s] -- Up-to-date: /home/yusuf/Guzergah_SDT/install/sdt_project/local/lib/python3.10/dist-packages/sdt_project/_sdt_project_s.ep.rosidl_typesupport_c.c
[1.618s] -- Up-to-date: /home/yusuf/Guzergah_SDT/install/sdt_project/local/lib/python3.10/dist-packages/sdt_project/_sdt_project_s.ep.rosidl_typesupport_fastrtps_c.c
[1.650s] Listing '/home/yusuf/Guzergah_SDT/install/sdt_project/local/lib/python3.10/dist-packages/sdt_project'...
[1.650s] Compiling '/home/yusuf/Guzergah_SDT/install/sdt_project/local/lib/python3.10/dist-packages/sdt_project/__init__.py'...
[1.650s] Listing '/home/yusuf/Guzergah_SDT/install/sdt_project/local/lib/python3.10/dist-packages/sdt_project/msg'...
[1.655s] -- Up-to-date: /home/yusuf/Guzergah_SDT/install/sdt_project/local/lib/python3.10/dist-packages/sdt_project/sdt_project_s__rosidl_typesupport_fastrtps_c.cpython-310-x86_64-linux-gnu.so
[1.655s] -- Up-to-date: /home/yusuf/Guzergah_SDT/install/sdt_project/local/lib/python3.10/dist-packages/sdt_project/sdt_project_s__rosidl_typesupport_introspection_c.cpython-310-x86_64-linux-gnu.so
[1.655s] -- Up-to-date: /home/yusuf/Guzergah_SDT/install/sdt_project/local/lib/python3.10/dist-packages/sdt_project/sdt_project_s__rosidl_typesupport_c.cpython-310-x86_64-linux-gnu.so
[1.655s] -- Up-to-date: /home/yusuf/Guzergah_SDT/install/sdt_project/lib/libsdt_project__rosidl_generator_py.so
[1.656s] -- Up-to-date: /home/yusuf/Guzergah_SDT/install/sdt_project/share/sdt_project/msg/MotorValues.idl
[1.656s] -- Up-to-date: /home/yusuf/Guzergah_SDT/install/sdt_project/share/sdt_project/msg/SensorValues.idl
[1.656s] -- Up-to-date: /home/yusuf/Guzergah_SDT/install/sdt_project/share/sdt_project/msg/MotorValues.msg
[1.656s] -- Up-to-date: /home/yusuf/Guzergah_SDT/install/sdt_project/share/sdt_project/msg/SensorValues.msg
[1.656s] -- Installing: /home/yusuf/Guzergah_SDT/install/sdt_project/lib/sdt_project/usb_com.py
[1.656s] -- Up-to-date: /home/yusuf/Guzergah_SDT/install/sdt_project/lib/sdt_project/TCP_com.py
[1.656s] -- Installing: /home/yusuf/Guzergah_SDT/install/sdt_project/lib/sdt_project/diff_node.py
[1.656s] -- Installing: /home/yusuf/Guzergah_SDT/install/sdt_project/lib/sdt_project/line_follower.py
[1.656s] -- Up-to-date: /home/yusuf/Guzergah_SDT/install/sdt_project/lib/sdt_project/manuel_kumanda.py
[1.656s] -- Installing: /home/yusuf/Guzergah_SDT/install/sdt_project/lib/sdt_project/navigation.py
[1.657s] -- Installing: /home/yusuf/Guzergah_SDT/install/sdt_project/lib/sdt_project/qr_detect.py
[1.657s] -- Up-to-date: /home/yusuf/Guzergah_SDT/install/sdt_project/share/sdt_project/launch/node_start.launch.py
[1.657s] -- Up-to-date: /home/yusuf/Guzergah_SDT/install/sdt_project/share/ament_index/resource_index/package_run_dependencies/sdt_project
[1.657s] -- Up-to-date: /home/yusuf/Guzergah_SDT/install/sdt_project/share/ament_index/resource_index/parent_prefix_path/sdt_project
[1.657s] -- Up-to-date: /home/yusuf/Guzergah_SDT/install/sdt_project/share/sdt_project/environment/ament_prefix_path.sh
[1.657s] -- Installing: /home/yusuf/Guzergah_SDT/install/sdt_project/share/sdt_project/environment/ament_prefix_path.dsv
[1.657s] -- Up-to-date: /home/yusuf/Guzergah_SDT/install/sdt_project/share/sdt_project/environment/path.sh
[1.657s] -- Installing: /home/yusuf/Guzergah_SDT/install/sdt_project/share/sdt_project/environment/path.dsv
[1.657s] -- Up-to-date: /home/yusuf/Guzergah_SDT/install/sdt_project/share/sdt_project/local_setup.bash
[1.657s] -- Up-to-date: /home/yusuf/Guzergah_SDT/install/sdt_project/share/sdt_project/local_setup.sh
[1.658s] -- Up-to-date: /home/yusuf/Guzergah_SDT/install/sdt_project/share/sdt_project/local_setup.zsh
[1.658s] -- Installing: /home/yusuf/Guzergah_SDT/install/sdt_project/share/sdt_project/local_setup.dsv
[1.658s] -- Installing: /home/yusuf/Guzergah_SDT/install/sdt_project/share/sdt_project/package.dsv
[1.658s] -- Up-to-date: /home/yusuf/Guzergah_SDT/install/sdt_project/share/ament_index/resource_index/packages/sdt_project
[1.658s] -- Up-to-date: /home/yusuf/Guzergah_SDT/install/sdt_project/share/sdt_project/cmake/export_sdt_project__rosidl_generator_cExport.cmake
[1.658s] -- Up-to-date: /home/yusuf/Guzergah_SDT/install/sdt_project/share/sdt_project/cmake/export_sdt_project__rosidl_generator_cExport-noconfig.cmake
[1.658s] -- Up-to-date: /home/yusuf/Guzergah_SDT/install/sdt_project/share/sdt_project/cmake/export_sdt_project__rosidl_typesupport_fastrtps_cExport.cmake
[1.658s] -- Up-to-date: /home/yusuf/Guzergah_SDT/install/sdt_project/share/sdt_project/cmake/export_sdt_project__rosidl_typesupport_fastrtps_cExport-noconfig.cmake
[1.658s] -- Up-to-date: /home/yusuf/Guzergah_SDT/install/sdt_project/share/sdt_project/cmake/sdt_project__rosidl_typesupport_introspection_cExport.cmake
[1.658s] -- Up-to-date: /home/yusuf/Guzergah_SDT/install/sdt_project/share/sdt_project/cmake/sdt_project__rosidl_typesupport_introspection_cExport-noconfig.cmake
[1.659s] -- Up-to-date: /home/yusuf/Guzergah_SDT/install/sdt_project/share/sdt_project/cmake/sdt_project__rosidl_typesupport_cExport.cmake
[1.659s] -- Up-to-date: /home/yusuf/Guzergah_SDT/install/sdt_project/share/sdt_project/cmake/sdt_project__rosidl_typesupport_cExport-noconfig.cmake
[1.659s] -- Up-to-date: /home/yusuf/Guzergah_SDT/install/sdt_project/share/sdt_project/cmake/export_sdt_project__rosidl_generator_cppExport.cmake
[1.659s] -- Up-to-date: /home/yusuf/Guzergah_SDT/install/sdt_project/share/sdt_project/cmake/export_sdt_project__rosidl_typesupport_fastrtps_cppExport.cmake
[1.659s] -- Up-to-date: /home/yusuf/Guzergah_SDT/install/sdt_project/share/sdt_project/cmake/export_sdt_project__rosidl_typesupport_fastrtps_cppExport-noconfig.cmake
[1.659s] -- Up-to-date: /home/yusuf/Guzergah_SDT/install/sdt_project/share/sdt_project/cmake/sdt_project__rosidl_typesupport_introspection_cppExport.cmake
[1.659s] -- Up-to-date: /home/yusuf/Guzergah_SDT/install/sdt_project/share/sdt_project/cmake/sdt_project__rosidl_typesupport_introspection_cppExport-noconfig.cmake
[1.659s] -- Up-to-date: /home/yusuf/Guzergah_SDT/install/sdt_project/share/sdt_project/cmake/sdt_project__rosidl_typesupport_cppExport.cmake
[1.659s] -- Up-to-date: /home/yusuf/Guzergah_SDT/install/sdt_project/share/sdt_project/cmake/sdt_project__rosidl_typesupport_cppExport-noconfig.cmake
[1.659s] -- Up-to-date: /home/yusuf/Guzergah_SDT/install/sdt_project/share/sdt_project/cmake/export_sdt_project__rosidl_generator_pyExport.cmake
[1.659s] -- Up-to-date: /home/yusuf/Guzergah_SDT/install/sdt_project/share/sdt_project/cmake/export_sdt_project__rosidl_generator_pyExport-noconfig.cmake
[1.660s] -- Up-to-date: /home/yusuf/Guzergah_SDT/install/sdt_project/share/sdt_project/cmake/rosidl_cmake-extras.cmake
[1.660s] -- Up-to-date: /home/yusuf/Guzergah_SDT/install/sdt_project/share/sdt_project/cmake/ament_cmake_export_include_directories-extras.cmake
[1.660s] -- Up-to-date: /home/yusuf/Guzergah_SDT/install/sdt_project/share/sdt_project/cmake/ament_cmake_export_libraries-extras.cmake
[1.660s] -- Up-to-date: /home/yusuf/Guzergah_SDT/install/sdt_project/share/sdt_project/cmake/ament_cmake_export_targets-extras.cmake
[1.660s] -- Up-to-date: /home/yusuf/Guzergah_SDT/install/sdt_project/share/sdt_project/cmake/rosidl_cmake_export_typesupport_targets-extras.cmake
[1.660s] -- Up-to-date: /home/yusuf/Guzergah_SDT/install/sdt_project/share/sdt_project/cmake/ament_cmake_export_dependencies-extras.cmake
[1.660s] -- Up-to-date: /home/yusuf/Guzergah_SDT/install/sdt_project/share/sdt_project/cmake/rosidl_cmake_export_typesupport_libraries-extras.cmake
[1.660s] -- Up-to-date: /home/yusuf/Guzergah_SDT/install/sdt_project/share/sdt_project/cmake/sdt_projectConfig.cmake
[1.660s] -- Up-to-date: /home/yusuf/Guzergah_SDT/install/sdt_project/share/sdt_project/cmake/sdt_projectConfig-version.cmake
[1.660s] -- Up-to-date: /home/yusuf/Guzergah_SDT/install/sdt_project/share/sdt_project/package.xml
[1.663s] Invoked command in '/home/yusuf/Guzergah_SDT/build/sdt_project' returned '0': CMAKE_PREFIX_PATH=${CMAKE_PREFIX_PATH}:/home/yusuf/tcp/install/tcp_package:/opt/ros/humble /usr/bin/cmake --install /home/yusuf/Guzergah_SDT/build/sdt_project
