[0.194s] DEBUG:colcon:Command line arguments: ['/usr/bin/colcon', 'list', '-p', '--base-paths', '/home/yusuf/Guzergah_SDT']
[0.195s] DEBUG:colcon:Parsed command line arguments: Namespace(log_base=None, log_level=None, verb_name='list', build_base='build', ignore_user_meta=False, metas=['./colcon.meta'], base_paths=['/home/yusuf/Guzergah_SDT'], packages_ignore=None, packages_ignore_regex=None, paths=None, packages_up_to=None, packages_up_to_regex=None, packages_above=None, packages_above_and_dependencies=None, packages_above_depth=None, packages_select_by_dep=None, packages_skip_by_dep=None, packages_skip_up_to=None, packages_select_build_failed=False, packages_skip_build_finished=False, packages_select_test_failures=False, packages_skip_test_passed=False, packages_select=None, packages_skip=None, packages_select_regex=None, packages_skip_regex=None, packages_start=None, packages_end=None, allow_overriding=[], topological_order=False, names_only=False, paths_only=True, topological_graph=False, topological_graph_dot=False, topological_graph_density=False, topological_graph_legend=False, topological_graph_dot_cluster=False, topological_graph_dot_include_skipped=False, verb_parser=<colcon_defaults.argument_parser.defaults.DefaultArgumentsDecorator object at 0x7250d710ebc0>, verb_extension=<colcon_package_information.verb.list.ListVerb object at 0x7250d710d780>, main=<bound method ListVerb.main of <colcon_package_information.verb.list.ListVerb object at 0x7250d710d780>>)
[0.645s] Level 1:colcon.colcon_core.package_discovery:discover_packages(colcon_meta) check parameters
[0.646s] Level 1:colcon.colcon_core.package_discovery:discover_packages(recursive) check parameters
[0.646s] Level 1:colcon.colcon_core.package_discovery:discover_packages(ignore) check parameters
[0.646s] Level 1:colcon.colcon_core.package_discovery:discover_packages(path) check parameters
[0.646s] Level 1:colcon.colcon_core.package_discovery:discover_packages(recursive) discover
[0.646s] INFO:colcon.colcon_core.package_discovery:Crawling recursively for packages in '/home/yusuf/Guzergah_SDT'
[0.646s] Level 1:colcon.colcon_core.package_identification:_identify(/home/yusuf/Guzergah_SDT) by extensions ['ignore', 'ignore_ament_install']
[0.647s] Level 1:colcon.colcon_core.package_identification:_identify(/home/yusuf/Guzergah_SDT) by extension 'ignore'
[0.647s] Level 1:colcon.colcon_core.package_identification:_identify(/home/yusuf/Guzergah_SDT) by extension 'ignore_ament_install'
[0.647s] Level 1:colcon.colcon_core.package_identification:_identify(/home/yusuf/Guzergah_SDT) by extensions ['colcon_pkg']
[0.647s] Level 1:colcon.colcon_core.package_identification:_identify(/home/yusuf/Guzergah_SDT) by extension 'colcon_pkg'
[0.647s] Level 1:colcon.colcon_core.package_identification:_identify(/home/yusuf/Guzergah_SDT) by extensions ['colcon_meta']
[0.647s] Level 1:colcon.colcon_core.package_identification:_identify(/home/yusuf/Guzergah_SDT) by extension 'colcon_meta'
[0.647s] Level 1:colcon.colcon_core.package_identification:_identify(/home/yusuf/Guzergah_SDT) by extensions ['ros']
[0.647s] Level 1:colcon.colcon_core.package_identification:_identify(/home/yusuf/Guzergah_SDT) by extension 'ros'
[0.687s] Level 1:colcon.colcon_core.package_identification:_identify(/home/yusuf/Guzergah_SDT) by extensions ['cmake', 'python']
[0.688s] Level 1:colcon.colcon_core.package_identification:_identify(/home/yusuf/Guzergah_SDT) by extension 'cmake'
[0.688s] Level 1:colcon.colcon_core.package_identification:_identify(/home/yusuf/Guzergah_SDT) by extension 'python'
[0.688s] Level 1:colcon.colcon_core.package_identification:_identify(/home/yusuf/Guzergah_SDT) by extensions ['python_setup_py']
[0.688s] Level 1:colcon.colcon_core.package_identification:_identify(/home/yusuf/Guzergah_SDT) by extension 'python_setup_py'
[0.688s] Level 1:colcon.colcon_core.package_identification:_identify(/home/yusuf/Guzergah_SDT/build) by extensions ['ignore', 'ignore_ament_install']
[0.688s] Level 1:colcon.colcon_core.package_identification:_identify(/home/yusuf/Guzergah_SDT/build) by extension 'ignore'
[0.688s] Level 1:colcon.colcon_core.package_identification:_identify(/home/yusuf/Guzergah_SDT/build) ignored
[0.688s] Level 1:colcon.colcon_core.package_identification:_identify(/home/yusuf/Guzergah_SDT/install) by extensions ['ignore', 'ignore_ament_install']
[0.689s] Level 1:colcon.colcon_core.package_identification:_identify(/home/yusuf/Guzergah_SDT/install) by extension 'ignore'
[0.689s] Level 1:colcon.colcon_core.package_identification:_identify(/home/yusuf/Guzergah_SDT/install) ignored
[0.689s] Level 1:colcon.colcon_core.package_identification:_identify(/home/yusuf/Guzergah_SDT/log) by extensions ['ignore', 'ignore_ament_install']
[0.689s] Level 1:colcon.colcon_core.package_identification:_identify(/home/yusuf/Guzergah_SDT/log) by extension 'ignore'
[0.689s] Level 1:colcon.colcon_core.package_identification:_identify(/home/yusuf/Guzergah_SDT/log) ignored
[0.689s] Level 1:colcon.colcon_core.package_identification:_identify(/home/yusuf/Guzergah_SDT/src) by extensions ['ignore', 'ignore_ament_install']
[0.689s] Level 1:colcon.colcon_core.package_identification:_identify(/home/yusuf/Guzergah_SDT/src) by extension 'ignore'
[0.690s] Level 1:colcon.colcon_core.package_identification:_identify(/home/yusuf/Guzergah_SDT/src) by extension 'ignore_ament_install'
[0.690s] Level 1:colcon.colcon_core.package_identification:_identify(/home/yusuf/Guzergah_SDT/src) by extensions ['colcon_pkg']
[0.690s] Level 1:colcon.colcon_core.package_identification:_identify(/home/yusuf/Guzergah_SDT/src) by extension 'colcon_pkg'
[0.690s] Level 1:colcon.colcon_core.package_identification:_identify(/home/yusuf/Guzergah_SDT/src) by extensions ['colcon_meta']
[0.690s] Level 1:colcon.colcon_core.package_identification:_identify(/home/yusuf/Guzergah_SDT/src) by extension 'colcon_meta'
[0.690s] Level 1:colcon.colcon_core.package_identification:_identify(/home/yusuf/Guzergah_SDT/src) by extensions ['ros']
[0.690s] Level 1:colcon.colcon_core.package_identification:_identify(/home/yusuf/Guzergah_SDT/src) by extension 'ros'
[0.690s] Level 1:colcon.colcon_core.package_identification:_identify(/home/yusuf/Guzergah_SDT/src) by extensions ['cmake', 'python']
[0.690s] Level 1:colcon.colcon_core.package_identification:_identify(/home/yusuf/Guzergah_SDT/src) by extension 'cmake'
[0.690s] Level 1:colcon.colcon_core.package_identification:_identify(/home/yusuf/Guzergah_SDT/src) by extension 'python'
[0.690s] Level 1:colcon.colcon_core.package_identification:_identify(/home/yusuf/Guzergah_SDT/src) by extensions ['python_setup_py']
[0.690s] Level 1:colcon.colcon_core.package_identification:_identify(/home/yusuf/Guzergah_SDT/src) by extension 'python_setup_py'
[0.691s] Level 1:colcon.colcon_core.package_identification:_identify(/home/yusuf/Guzergah_SDT/src/sdt_project) by extensions ['ignore', 'ignore_ament_install']
[0.691s] Level 1:colcon.colcon_core.package_identification:_identify(/home/yusuf/Guzergah_SDT/src/sdt_project) by extension 'ignore'
[0.691s] Level 1:colcon.colcon_core.package_identification:_identify(/home/yusuf/Guzergah_SDT/src/sdt_project) by extension 'ignore_ament_install'
[0.691s] Level 1:colcon.colcon_core.package_identification:_identify(/home/yusuf/Guzergah_SDT/src/sdt_project) by extensions ['colcon_pkg']
[0.691s] Level 1:colcon.colcon_core.package_identification:_identify(/home/yusuf/Guzergah_SDT/src/sdt_project) by extension 'colcon_pkg'
[0.691s] Level 1:colcon.colcon_core.package_identification:_identify(/home/yusuf/Guzergah_SDT/src/sdt_project) by extensions ['colcon_meta']
[0.691s] Level 1:colcon.colcon_core.package_identification:_identify(/home/yusuf/Guzergah_SDT/src/sdt_project) by extension 'colcon_meta'
[0.691s] Level 1:colcon.colcon_core.package_identification:_identify(/home/yusuf/Guzergah_SDT/src/sdt_project) by extensions ['ros']
[0.691s] Level 1:colcon.colcon_core.package_identification:_identify(/home/yusuf/Guzergah_SDT/src/sdt_project) by extension 'ros'
[0.697s] DEBUG:colcon.colcon_core.package_identification:Package '/home/yusuf/Guzergah_SDT/src/sdt_project' with type 'ros.ament_cmake' and name 'sdt_project'
[0.697s] Level 1:colcon.colcon_core.package_discovery:discover_packages(recursive) using defaults
