[0.065s] Invoking command in '/home/yusuf/Guzergah_SDT/src/build/rf2o_laser_odometry': CMAKE_PREFIX_PATH=${CMAKE_PREFIX_PATH}:/opt/ros/humble /usr/bin/cmake /home/yusuf/Guzergah_SDT/src/rf2o_laser_odometry -DCMAKE_INSTALL_PREFIX=/home/yusuf/Guzergah_SDT/src/install/rf2o_laser_odometry
[0.389s] -- The C compiler identification is GNU 12.3.0
[0.692s] -- The CXX compiler identification is GNU 12.3.0
[0.729s] -- Detecting C compiler ABI info
[1.054s] -- Detecting C compiler ABI info - done
[1.100s] -- Check for working C compiler: /usr/bin/cc - skipped
[1.102s] -- Detecting C compile features
[1.106s] -- Detecting C compile features - done
[1.117s] -- Detecting CXX compiler ABI info
[1.500s] -- Detecting CXX compiler ABI info - done
[1.566s] -- Check for working CXX compiler: /usr/bin/c++ - skipped
[1.569s] -- Detecting CXX compile features
[1.572s] -- Detecting CXX compile features - done
[1.595s] -- Found ament_cmake: 1.3.10 (/opt/ros/humble/share/ament_cmake/cmake)
[2.115s] -- Found Python3: /usr/bin/python3 (found version "3.10.12") found components: Interpreter 
[2.411s] -- Found rclcpp: 16.0.10 (/opt/ros/humble/share/rclcpp/cmake)
[2.573s] -- Found rosidl_generator_c: 3.1.5 (/opt/ros/humble/share/rosidl_generator_c/cmake)
[2.593s] -- Found rosidl_adapter: 3.1.5 (/opt/ros/humble/share/rosidl_adapter/cmake)
[2.633s] -- Found rosidl_generator_cpp: 3.1.5 (/opt/ros/humble/share/rosidl_generator_cpp/cmake)
[2.688s] -- Using all available rosidl_typesupport_c: rosidl_typesupport_fastrtps_c;rosidl_typesupport_introspection_c
[2.756s] -- Using all available rosidl_typesupport_cpp: rosidl_typesupport_fastrtps_cpp;rosidl_typesupport_introspection_cpp
[2.992s] -- Found rmw_implementation_cmake: 6.1.2 (/opt/ros/humble/share/rmw_implementation_cmake/cmake)
[3.007s] -- Found rmw_cyclonedds_cpp: 1.3.4 (/opt/ros/humble/share/rmw_cyclonedds_cpp/cmake)
[3.184s] -- Using RMW implementation 'rmw_cyclonedds_cpp' as default
[3.257s] -- Looking for pthread.h
[3.669s] -- Looking for pthread.h - found
[3.684s] -- Performing Test CMAKE_HAVE_LIBC_PTHREAD
[4.227s] -- Performing Test CMAKE_HAVE_LIBC_PTHREAD - Success
[4.236s] -- Found Threads: TRUE  
[4.636s] -- Found geometry_msgs: 4.2.4 (/opt/ros/humble/share/geometry_msgs/cmake)
[4.779s] -- Found tf2_geometry_msgs: 0.25.7 (/opt/ros/humble/share/tf2_geometry_msgs/cmake)
[4.892s] -- Found eigen3_cmake_module: 0.1.1 (/opt/ros/humble/share/eigen3_cmake_module/cmake)
[4.896s] -- Found Eigen3: TRUE (found version "3.4.0") 
[4.896s] -- Ensuring Eigen3 include directory is part of orocos-kdl CMake target
[6.067s] -- Found sensor_msgs: 4.2.4 (/opt/ros/humble/share/sensor_msgs/cmake)
[6.308s] -- Found nav_msgs: 4.2.4 (/opt/ros/humble/share/nav_msgs/cmake)
[6.556s] -- Found Boost: /usr/lib/x86_64-linux-gnu/cmake/Boost-1.74.0/BoostConfig.cmake (found version "1.74.0")  
[7.018s] -- Configuring done
[7.164s] -- Generating done
[7.192s] -- Build files have been written to: /home/yusuf/Guzergah_SDT/src/build/rf2o_laser_odometry
[7.228s] Invoked command in '/home/yusuf/Guzergah_SDT/src/build/rf2o_laser_odometry' returned '0': CMAKE_PREFIX_PATH=${CMAKE_PREFIX_PATH}:/opt/ros/humble /usr/bin/cmake /home/yusuf/Guzergah_SDT/src/rf2o_laser_odometry -DCMAKE_INSTALL_PREFIX=/home/yusuf/Guzergah_SDT/src/install/rf2o_laser_odometry
[7.238s] Invoking command in '/home/yusuf/Guzergah_SDT/src/build/rf2o_laser_odometry': CMAKE_PREFIX_PATH=${CMAKE_PREFIX_PATH}:/opt/ros/humble /usr/bin/cmake --build /home/yusuf/Guzergah_SDT/src/build/rf2o_laser_odometry -- -j8 -l8
[7.399s] [ 20%] [32mBuilding CXX object CMakeFiles/rf2o_laser_odometry.dir/src/CLaserOdometry2D.cpp.o[0m
[7.406s] [ 40%] [32mBuilding CXX object CMakeFiles/rf2o_laser_odometry_node.dir/src/CLaserOdometry2DNode.cpp.o[0m
[7.415s] [ 60%] [32mBuilding CXX object CMakeFiles/rf2o_laser_odometry_node.dir/src/CLaserOdometry2D.cpp.o[0m
