[0.034s] Invoking command in '/home/yusuf/Guzergah_SDT/build/sdt_project': CMAKE_PREFIX_PATH=${CMAKE_PREFIX_PATH}:/home/yusuf/tcp/install/tcp_package:/opt/ros/humble /usr/bin/cmake --build /home/yusuf/Guzergah_SDT/build/sdt_project -- -j8 -l8
[0.176s] [  2%] Built target sdt_project__cpp
[0.177s] [ 12%] Built target sdt_project__rosidl_generator_c
[0.212s] [ 12%] Built target ament_cmake_python_copy_sdt_project
[0.255s] [ 23%] Built target sdt_project__rosidl_typesupport_introspection_c
[0.255s] [ 33%] Built target sdt_project__rosidl_typesupport_cpp
[0.256s] [ 43%] Built target sdt_project__rosidl_typesupport_fastrtps_c
[0.259s] [ 53%] Built target sdt_project__rosidl_typesupport_introspection_cpp
[0.265s] [ 64%] Built target sdt_project__rosidl_typesupport_fastrtps_cpp
[0.269s] [ 74%] Built target sdt_project__rosidl_typesupport_c
[0.311s] [ 74%] Built target sdt_project
[0.355s] [ 76%] Built target sdt_project__py
[0.401s] [ 84%] Built target sdt_project__rosidl_generator_py
[0.449s] [ 89%] Built target sdt_project__rosidl_typesupport_fastrtps_c__pyext
[0.449s] [ 94%] Built target sdt_project__rosidl_typesupport_c__pyext
[0.450s] [100%] Built target sdt_project__rosidl_typesupport_introspection_c__pyext
[0.828s] running egg_info
[0.830s] writing sdt_project.egg-info/PKG-INFO
[0.831s] writing dependency_links to sdt_project.egg-info/dependency_links.txt
[0.831s] writing top-level names to sdt_project.egg-info/top_level.txt
[0.837s] reading manifest file 'sdt_project.egg-info/SOURCES.txt'
[0.839s] writing manifest file 'sdt_project.egg-info/SOURCES.txt'
[0.895s] [100%] Built target ament_cmake_python_build_sdt_project_egg
[0.919s] Invoked command in '/home/yusuf/Guzergah_SDT/build/sdt_project' returned '0': CMAKE_PREFIX_PATH=${CMAKE_PREFIX_PATH}:/home/yusuf/tcp/install/tcp_package:/opt/ros/humble /usr/bin/cmake --build /home/yusuf/Guzergah_SDT/build/sdt_project -- -j8 -l8
[1.146s] Invoking command in '/home/yusuf/Guzergah_SDT/build/sdt_project': CMAKE_PREFIX_PATH=${CMAKE_PREFIX_PATH}:/home/yusuf/tcp/install/tcp_package:/opt/ros/humble /usr/bin/cmake --install /home/yusuf/Guzergah_SDT/build/sdt_project
[1.189s] -- Install configuration: ""
[1.190s] -- Up-to-date: /home/yusuf/Guzergah_SDT/install/sdt_project/share/ament_index/resource_index/rosidl_interfaces/sdt_project
[1.191s] -- Up-to-date: /home/yusuf/Guzergah_SDT/install/sdt_project/include/sdt_project/sdt_project
[1.191s] -- Up-to-date: /home/yusuf/Guzergah_SDT/install/sdt_project/include/sdt_project/sdt_project/msg
[1.192s] -- Up-to-date: /home/yusuf/Guzergah_SDT/install/sdt_project/include/sdt_project/sdt_project/msg/motor_values.h
[1.192s] -- Up-to-date: /home/yusuf/Guzergah_SDT/install/sdt_project/include/sdt_project/sdt_project/msg/sensor_values.h
[1.192s] -- Up-to-date: /home/yusuf/Guzergah_SDT/install/sdt_project/include/sdt_project/sdt_project/msg/detail
[1.193s] -- Up-to-date: /home/yusuf/Guzergah_SDT/install/sdt_project/include/sdt_project/sdt_project/msg/detail/sensor_values__type_support.h
[1.193s] -- Up-to-date: /home/yusuf/Guzergah_SDT/install/sdt_project/include/sdt_project/sdt_project/msg/detail/motor_values__type_support.h
[1.193s] -- Up-to-date: /home/yusuf/Guzergah_SDT/install/sdt_project/include/sdt_project/sdt_project/msg/detail/motor_values__functions.h
[1.194s] -- Up-to-date: /home/yusuf/Guzergah_SDT/install/sdt_project/include/sdt_project/sdt_project/msg/detail/motor_values__struct.h
[1.194s] -- Up-to-date: /home/yusuf/Guzergah_SDT/install/sdt_project/include/sdt_project/sdt_project/msg/detail/sensor_values__struct.h
[1.194s] -- Up-to-date: /home/yusuf/Guzergah_SDT/install/sdt_project/include/sdt_project/sdt_project/msg/detail/motor_values__functions.c
[1.194s] -- Up-to-date: /home/yusuf/Guzergah_SDT/install/sdt_project/include/sdt_project/sdt_project/msg/detail/sensor_values__functions.c
[1.195s] -- Up-to-date: /home/yusuf/Guzergah_SDT/install/sdt_project/include/sdt_project/sdt_project/msg/detail/sensor_values__functions.h
[1.195s] -- Up-to-date: /home/yusuf/Guzergah_SDT/install/sdt_project/include/sdt_project/sdt_project/msg/rosidl_generator_c__visibility_control.h
[1.195s] -- Up-to-date: /home/yusuf/Guzergah_SDT/install/sdt_project/share/sdt_project/environment/library_path.sh
[1.196s] -- Up-to-date: /home/yusuf/Guzergah_SDT/install/sdt_project/share/sdt_project/environment/library_path.dsv
[1.200s] -- Up-to-date: /home/yusuf/Guzergah_SDT/install/sdt_project/lib/libsdt_project__rosidl_generator_c.so
[1.201s] -- Up-to-date: /home/yusuf/Guzergah_SDT/install/sdt_project/include/sdt_project/sdt_project
[1.201s] -- Up-to-date: /home/yusuf/Guzergah_SDT/install/sdt_project/include/sdt_project/sdt_project/msg
[1.201s] -- Up-to-date: /home/yusuf/Guzergah_SDT/install/sdt_project/include/sdt_project/sdt_project/msg/rosidl_typesupport_fastrtps_c__visibility_control.h
[1.201s] -- Up-to-date: /home/yusuf/Guzergah_SDT/install/sdt_project/include/sdt_project/sdt_project/msg/detail
[1.202s] -- Up-to-date: /home/yusuf/Guzergah_SDT/install/sdt_project/include/sdt_project/sdt_project/msg/detail/motor_values__rosidl_typesupport_fastrtps_c.h
[1.202s] -- Up-to-date: /home/yusuf/Guzergah_SDT/install/sdt_project/include/sdt_project/sdt_project/msg/detail/sensor_values__rosidl_typesupport_fastrtps_c.h
[1.209s] -- Up-to-date: /home/yusuf/Guzergah_SDT/install/sdt_project/lib/libsdt_project__rosidl_typesupport_fastrtps_c.so
[1.210s] -- Up-to-date: /home/yusuf/Guzergah_SDT/install/sdt_project/include/sdt_project/sdt_project
[1.210s] -- Up-to-date: /home/yusuf/Guzergah_SDT/install/sdt_project/include/sdt_project/sdt_project/msg
[1.210s] -- Up-to-date: /home/yusuf/Guzergah_SDT/install/sdt_project/include/sdt_project/sdt_project/msg/rosidl_typesupport_introspection_c__visibility_control.h
[1.211s] -- Up-to-date: /home/yusuf/Guzergah_SDT/install/sdt_project/include/sdt_project/sdt_project/msg/detail
[1.211s] -- Up-to-date: /home/yusuf/Guzergah_SDT/install/sdt_project/include/sdt_project/sdt_project/msg/detail/motor_values__rosidl_typesupport_introspection_c.h
[1.211s] -- Up-to-date: /home/yusuf/Guzergah_SDT/install/sdt_project/include/sdt_project/sdt_project/msg/detail/sensor_values__type_support.c
[1.211s] -- Up-to-date: /home/yusuf/Guzergah_SDT/install/sdt_project/include/sdt_project/sdt_project/msg/detail/motor_values__type_support.c
[1.212s] -- Up-to-date: /home/yusuf/Guzergah_SDT/install/sdt_project/include/sdt_project/sdt_project/msg/detail/sensor_values__rosidl_typesupport_introspection_c.h
[1.212s] -- Up-to-date: /home/yusuf/Guzergah_SDT/install/sdt_project/lib/libsdt_project__rosidl_typesupport_introspection_c.so
[1.213s] -- Up-to-date: /home/yusuf/Guzergah_SDT/install/sdt_project/lib/libsdt_project__rosidl_typesupport_c.so
[1.213s] -- Up-to-date: /home/yusuf/Guzergah_SDT/install/sdt_project/include/sdt_project/sdt_project
[1.215s] -- Up-to-date: /home/yusuf/Guzergah_SDT/install/sdt_project/include/sdt_project/sdt_project/msg
[1.215s] -- Up-to-date: /home/yusuf/Guzergah_SDT/install/sdt_project/include/sdt_project/sdt_project/msg/sensor_values.hpp
[1.217s] -- Up-to-date: /home/yusuf/Guzergah_SDT/install/sdt_project/include/sdt_project/sdt_project/msg/detail
[1.218s] -- Up-to-date: /home/yusuf/Guzergah_SDT/install/sdt_project/include/sdt_project/sdt_project/msg/detail/sensor_values__struct.hpp
[1.220s] -- Up-to-date: /home/yusuf/Guzergah_SDT/install/sdt_project/include/sdt_project/sdt_project/msg/detail/motor_values__traits.hpp
[1.220s] -- Up-to-date: /home/yusuf/Guzergah_SDT/install/sdt_project/include/sdt_project/sdt_project/msg/detail/sensor_values__traits.hpp
[1.221s] -- Up-to-date: /home/yusuf/Guzergah_SDT/install/sdt_project/include/sdt_project/sdt_project/msg/detail/motor_values__builder.hpp
[1.221s] -- Up-to-date: /home/yusuf/Guzergah_SDT/install/sdt_project/include/sdt_project/sdt_project/msg/detail/sensor_values__builder.hpp
[1.221s] -- Up-to-date: /home/yusuf/Guzergah_SDT/install/sdt_project/include/sdt_project/sdt_project/msg/detail/motor_values__struct.hpp
[1.221s] -- Up-to-date: /home/yusuf/Guzergah_SDT/install/sdt_project/include/sdt_project/sdt_project/msg/motor_values.hpp
[1.222s] -- Up-to-date: /home/yusuf/Guzergah_SDT/install/sdt_project/include/sdt_project/sdt_project
[1.222s] -- Up-to-date: /home/yusuf/Guzergah_SDT/install/sdt_project/include/sdt_project/sdt_project/msg
[1.222s] -- Up-to-date: /home/yusuf/Guzergah_SDT/install/sdt_project/include/sdt_project/sdt_project/msg/detail
[1.223s] -- Up-to-date: /home/yusuf/Guzergah_SDT/install/sdt_project/include/sdt_project/sdt_project/msg/detail/sensor_values__rosidl_typesupport_fastrtps_cpp.hpp
[1.223s] -- Up-to-date: /home/yusuf/Guzergah_SDT/install/sdt_project/include/sdt_project/sdt_project/msg/detail/dds_fastrtps
[1.223s] -- Up-to-date: /home/yusuf/Guzergah_SDT/install/sdt_project/include/sdt_project/sdt_project/msg/detail/motor_values__rosidl_typesupport_fastrtps_cpp.hpp
[1.224s] -- Up-to-date: /home/yusuf/Guzergah_SDT/install/sdt_project/include/sdt_project/sdt_project/msg/rosidl_typesupport_fastrtps_cpp__visibility_control.h
[1.224s] -- Up-to-date: /home/yusuf/Guzergah_SDT/install/sdt_project/lib/libsdt_project__rosidl_typesupport_fastrtps_cpp.so
[1.224s] -- Up-to-date: /home/yusuf/Guzergah_SDT/install/sdt_project/include/sdt_project/sdt_project
[1.224s] -- Up-to-date: /home/yusuf/Guzergah_SDT/install/sdt_project/include/sdt_project/sdt_project/msg
[1.225s] -- Up-to-date: /home/yusuf/Guzergah_SDT/install/sdt_project/include/sdt_project/sdt_project/msg/detail
[1.225s] -- Up-to-date: /home/yusuf/Guzergah_SDT/install/sdt_project/include/sdt_project/sdt_project/msg/detail/motor_values__type_support.cpp
[1.225s] -- Up-to-date: /home/yusuf/Guzergah_SDT/install/sdt_project/include/sdt_project/sdt_project/msg/detail/motor_values__rosidl_typesupport_introspection_cpp.hpp
[1.225s] -- Up-to-date: /home/yusuf/Guzergah_SDT/install/sdt_project/include/sdt_project/sdt_project/msg/detail/sensor_values__rosidl_typesupport_introspection_cpp.hpp
[1.226s] -- Up-to-date: /home/yusuf/Guzergah_SDT/install/sdt_project/include/sdt_project/sdt_project/msg/detail/sensor_values__type_support.cpp
[1.226s] -- Up-to-date: /home/yusuf/Guzergah_SDT/install/sdt_project/lib/libsdt_project__rosidl_typesupport_introspection_cpp.so
[1.226s] -- Up-to-date: /home/yusuf/Guzergah_SDT/install/sdt_project/lib/libsdt_project__rosidl_typesupport_cpp.so
[1.226s] -- Up-to-date: /home/yusuf/Guzergah_SDT/install/sdt_project/share/sdt_project/environment/pythonpath.sh
[1.227s] -- Up-to-date: /home/yusuf/Guzergah_SDT/install/sdt_project/share/sdt_project/environment/pythonpath.dsv
[1.227s] -- Up-to-date: /home/yusuf/Guzergah_SDT/install/sdt_project/local/lib/python3.10/dist-packages/sdt_project-0.0.0-py3.10.egg-info
[1.227s] -- Installing: /home/yusuf/Guzergah_SDT/install/sdt_project/local/lib/python3.10/dist-packages/sdt_project-0.0.0-py3.10.egg-info/dependency_links.txt
[1.227s] -- Installing: /home/yusuf/Guzergah_SDT/install/sdt_project/local/lib/python3.10/dist-packages/sdt_project-0.0.0-py3.10.egg-info/SOURCES.txt
[1.228s] -- Installing: /home/yusuf/Guzergah_SDT/install/sdt_project/local/lib/python3.10/dist-packages/sdt_project-0.0.0-py3.10.egg-info/top_level.txt
[1.228s] -- Installing: /home/yusuf/Guzergah_SDT/install/sdt_project/local/lib/python3.10/dist-packages/sdt_project-0.0.0-py3.10.egg-info/PKG-INFO
[1.228s] -- Up-to-date: /home/yusuf/Guzergah_SDT/install/sdt_project/local/lib/python3.10/dist-packages/sdt_project
[1.228s] -- Up-to-date: /home/yusuf/Guzergah_SDT/install/sdt_project/local/lib/python3.10/dist-packages/sdt_project/sdt_project_s__rosidl_typesupport_c.cpython-310-x86_64-linux-gnu.so
[1.229s] -- Up-to-date: /home/yusuf/Guzergah_SDT/install/sdt_project/local/lib/python3.10/dist-packages/sdt_project/_sdt_project_s.ep.rosidl_typesupport_introspection_c.c
[1.229s] -- Up-to-date: /home/yusuf/Guzergah_SDT/install/sdt_project/local/lib/python3.10/dist-packages/sdt_project/sdt_project_s__rosidl_typesupport_fastrtps_c.cpython-310-x86_64-linux-gnu.so
[1.229s] -- Up-to-date: /home/yusuf/Guzergah_SDT/install/sdt_project/local/lib/python3.10/dist-packages/sdt_project/libsdt_project__rosidl_generator_py.so
[1.229s] -- Up-to-date: /home/yusuf/Guzergah_SDT/install/sdt_project/local/lib/python3.10/dist-packages/sdt_project/sdt_project_s__rosidl_typesupport_introspection_c.cpython-310-x86_64-linux-gnu.so
[1.230s] -- Up-to-date: /home/yusuf/Guzergah_SDT/install/sdt_project/local/lib/python3.10/dist-packages/sdt_project/msg
[1.230s] -- Up-to-date: /home/yusuf/Guzergah_SDT/install/sdt_project/local/lib/python3.10/dist-packages/sdt_project/msg/_sensor_values_s.c
[1.230s] -- Up-to-date: /home/yusuf/Guzergah_SDT/install/sdt_project/local/lib/python3.10/dist-packages/sdt_project/msg/_sensor_values.py
[1.231s] -- Up-to-date: /home/yusuf/Guzergah_SDT/install/sdt_project/local/lib/python3.10/dist-packages/sdt_project/msg/_motor_values_s.c
[1.231s] -- Up-to-date: /home/yusuf/Guzergah_SDT/install/sdt_project/local/lib/python3.10/dist-packages/sdt_project/msg/_motor_values.py
[1.231s] -- Up-to-date: /home/yusuf/Guzergah_SDT/install/sdt_project/local/lib/python3.10/dist-packages/sdt_project/msg/__init__.py
[1.231s] -- Up-to-date: /home/yusuf/Guzergah_SDT/install/sdt_project/local/lib/python3.10/dist-packages/sdt_project/__init__.py
[1.242s] -- Up-to-date: /home/yusuf/Guzergah_SDT/install/sdt_project/local/lib/python3.10/dist-packages/sdt_project/_sdt_project_s.ep.rosidl_typesupport_c.c
[1.242s] -- Up-to-date: /home/yusuf/Guzergah_SDT/install/sdt_project/local/lib/python3.10/dist-packages/sdt_project/_sdt_project_s.ep.rosidl_typesupport_fastrtps_c.c
[1.362s] Listing '/home/yusuf/Guzergah_SDT/install/sdt_project/local/lib/python3.10/dist-packages/sdt_project'...
[1.362s] Listing '/home/yusuf/Guzergah_SDT/install/sdt_project/local/lib/python3.10/dist-packages/sdt_project/msg'...
[1.381s] -- Up-to-date: /home/yusuf/Guzergah_SDT/install/sdt_project/local/lib/python3.10/dist-packages/sdt_project/sdt_project_s__rosidl_typesupport_fastrtps_c.cpython-310-x86_64-linux-gnu.so
[1.382s] -- Up-to-date: /home/yusuf/Guzergah_SDT/install/sdt_project/local/lib/python3.10/dist-packages/sdt_project/sdt_project_s__rosidl_typesupport_introspection_c.cpython-310-x86_64-linux-gnu.so
[1.384s] -- Up-to-date: /home/yusuf/Guzergah_SDT/install/sdt_project/local/lib/python3.10/dist-packages/sdt_project/sdt_project_s__rosidl_typesupport_c.cpython-310-x86_64-linux-gnu.so
[1.385s] -- Up-to-date: /home/yusuf/Guzergah_SDT/install/sdt_project/lib/libsdt_project__rosidl_generator_py.so
[1.386s] -- Up-to-date: /home/yusuf/Guzergah_SDT/install/sdt_project/share/sdt_project/msg/MotorValues.idl
[1.386s] -- Up-to-date: /home/yusuf/Guzergah_SDT/install/sdt_project/share/sdt_project/msg/SensorValues.idl
[1.387s] -- Up-to-date: /home/yusuf/Guzergah_SDT/install/sdt_project/share/sdt_project/msg/MotorValues.msg
[1.387s] -- Up-to-date: /home/yusuf/Guzergah_SDT/install/sdt_project/share/sdt_project/msg/SensorValues.msg
[1.388s] -- Up-to-date: /home/yusuf/Guzergah_SDT/install/sdt_project/lib/sdt_project/usb_com.py
[1.390s] -- Up-to-date: /home/yusuf/Guzergah_SDT/install/sdt_project/lib/sdt_project/TCP_com.py
[1.391s] -- Installing: /home/yusuf/Guzergah_SDT/install/sdt_project/lib/sdt_project/diff_node.py
[1.392s] -- Up-to-date: /home/yusuf/Guzergah_SDT/install/sdt_project/lib/sdt_project/line_follower.py
[1.393s] -- Up-to-date: /home/yusuf/Guzergah_SDT/install/sdt_project/lib/sdt_project/pid_line_follow.py
[1.393s] -- Up-to-date: /home/yusuf/Guzergah_SDT/install/sdt_project/lib/sdt_project/manuel_kumanda.py
[1.394s] -- Up-to-date: /home/yusuf/Guzergah_SDT/install/sdt_project/lib/sdt_project/navigation.py
[1.394s] -- Up-to-date: /home/yusuf/Guzergah_SDT/install/sdt_project/lib/sdt_project/qr_detect.py
[1.395s] -- Installing: /home/yusuf/Guzergah_SDT/install/sdt_project/lib/sdt_project/engel_video.py
[1.395s] -- Up-to-date: /home/yusuf/Guzergah_SDT/install/sdt_project/share/sdt_project/launch/node_start.launch.py
[1.396s] -- Up-to-date: /home/yusuf/Guzergah_SDT/install/sdt_project/share/ament_index/resource_index/package_run_dependencies/sdt_project
[1.396s] -- Up-to-date: /home/yusuf/Guzergah_SDT/install/sdt_project/share/ament_index/resource_index/parent_prefix_path/sdt_project
[1.397s] -- Up-to-date: /home/yusuf/Guzergah_SDT/install/sdt_project/share/sdt_project/environment/ament_prefix_path.sh
[1.397s] -- Up-to-date: /home/yusuf/Guzergah_SDT/install/sdt_project/share/sdt_project/environment/ament_prefix_path.dsv
[1.398s] -- Up-to-date: /home/yusuf/Guzergah_SDT/install/sdt_project/share/sdt_project/environment/path.sh
[1.398s] -- Up-to-date: /home/yusuf/Guzergah_SDT/install/sdt_project/share/sdt_project/environment/path.dsv
[1.399s] -- Up-to-date: /home/yusuf/Guzergah_SDT/install/sdt_project/share/sdt_project/local_setup.bash
[1.399s] -- Up-to-date: /home/yusuf/Guzergah_SDT/install/sdt_project/share/sdt_project/local_setup.sh
[1.399s] -- Up-to-date: /home/yusuf/Guzergah_SDT/install/sdt_project/share/sdt_project/local_setup.zsh
[1.400s] -- Up-to-date: /home/yusuf/Guzergah_SDT/install/sdt_project/share/sdt_project/local_setup.dsv
[1.400s] -- Installing: /home/yusuf/Guzergah_SDT/install/sdt_project/share/sdt_project/package.dsv
[1.401s] -- Up-to-date: /home/yusuf/Guzergah_SDT/install/sdt_project/share/ament_index/resource_index/packages/sdt_project
[1.401s] -- Up-to-date: /home/yusuf/Guzergah_SDT/install/sdt_project/share/sdt_project/cmake/export_sdt_project__rosidl_generator_cExport.cmake
[1.401s] -- Up-to-date: /home/yusuf/Guzergah_SDT/install/sdt_project/share/sdt_project/cmake/export_sdt_project__rosidl_generator_cExport-noconfig.cmake
[1.402s] -- Up-to-date: /home/yusuf/Guzergah_SDT/install/sdt_project/share/sdt_project/cmake/export_sdt_project__rosidl_typesupport_fastrtps_cExport.cmake
[1.402s] -- Up-to-date: /home/yusuf/Guzergah_SDT/install/sdt_project/share/sdt_project/cmake/export_sdt_project__rosidl_typesupport_fastrtps_cExport-noconfig.cmake
[1.403s] -- Up-to-date: /home/yusuf/Guzergah_SDT/install/sdt_project/share/sdt_project/cmake/sdt_project__rosidl_typesupport_introspection_cExport.cmake
[1.403s] -- Up-to-date: /home/yusuf/Guzergah_SDT/install/sdt_project/share/sdt_project/cmake/sdt_project__rosidl_typesupport_introspection_cExport-noconfig.cmake
[1.404s] -- Up-to-date: /home/yusuf/Guzergah_SDT/install/sdt_project/share/sdt_project/cmake/sdt_project__rosidl_typesupport_cExport.cmake
[1.405s] -- Up-to-date: /home/yusuf/Guzergah_SDT/install/sdt_project/share/sdt_project/cmake/sdt_project__rosidl_typesupport_cExport-noconfig.cmake
[1.405s] -- Up-to-date: /home/yusuf/Guzergah_SDT/install/sdt_project/share/sdt_project/cmake/export_sdt_project__rosidl_generator_cppExport.cmake
[1.405s] -- Up-to-date: /home/yusuf/Guzergah_SDT/install/sdt_project/share/sdt_project/cmake/export_sdt_project__rosidl_typesupport_fastrtps_cppExport.cmake
[1.406s] -- Up-to-date: /home/yusuf/Guzergah_SDT/install/sdt_project/share/sdt_project/cmake/export_sdt_project__rosidl_typesupport_fastrtps_cppExport-noconfig.cmake
[1.406s] -- Up-to-date: /home/yusuf/Guzergah_SDT/install/sdt_project/share/sdt_project/cmake/sdt_project__rosidl_typesupport_introspection_cppExport.cmake
[1.406s] -- Up-to-date: /home/yusuf/Guzergah_SDT/install/sdt_project/share/sdt_project/cmake/sdt_project__rosidl_typesupport_introspection_cppExport-noconfig.cmake
[1.407s] -- Up-to-date: /home/yusuf/Guzergah_SDT/install/sdt_project/share/sdt_project/cmake/sdt_project__rosidl_typesupport_cppExport.cmake
[1.407s] -- Up-to-date: /home/yusuf/Guzergah_SDT/install/sdt_project/share/sdt_project/cmake/sdt_project__rosidl_typesupport_cppExport-noconfig.cmake
[1.407s] -- Up-to-date: /home/yusuf/Guzergah_SDT/install/sdt_project/share/sdt_project/cmake/export_sdt_project__rosidl_generator_pyExport.cmake
[1.408s] -- Up-to-date: /home/yusuf/Guzergah_SDT/install/sdt_project/share/sdt_project/cmake/export_sdt_project__rosidl_generator_pyExport-noconfig.cmake
[1.408s] -- Up-to-date: /home/yusuf/Guzergah_SDT/install/sdt_project/share/sdt_project/cmake/rosidl_cmake-extras.cmake
[1.408s] -- Up-to-date: /home/yusuf/Guzergah_SDT/install/sdt_project/share/sdt_project/cmake/ament_cmake_export_include_directories-extras.cmake
[1.408s] -- Up-to-date: /home/yusuf/Guzergah_SDT/install/sdt_project/share/sdt_project/cmake/ament_cmake_export_libraries-extras.cmake
[1.409s] -- Up-to-date: /home/yusuf/Guzergah_SDT/install/sdt_project/share/sdt_project/cmake/ament_cmake_export_targets-extras.cmake
[1.411s] -- Up-to-date: /home/yusuf/Guzergah_SDT/install/sdt_project/share/sdt_project/cmake/rosidl_cmake_export_typesupport_targets-extras.cmake
[1.412s] -- Up-to-date: /home/yusuf/Guzergah_SDT/install/sdt_project/share/sdt_project/cmake/ament_cmake_export_dependencies-extras.cmake
[1.413s] -- Up-to-date: /home/yusuf/Guzergah_SDT/install/sdt_project/share/sdt_project/cmake/rosidl_cmake_export_typesupport_libraries-extras.cmake
[1.413s] -- Up-to-date: /home/yusuf/Guzergah_SDT/install/sdt_project/share/sdt_project/cmake/sdt_projectConfig.cmake
[1.414s] -- Up-to-date: /home/yusuf/Guzergah_SDT/install/sdt_project/share/sdt_project/cmake/sdt_projectConfig-version.cmake
[1.415s] -- Up-to-date: /home/yusuf/Guzergah_SDT/install/sdt_project/share/sdt_project/package.xml
[1.415s] Invoked command in '/home/yusuf/Guzergah_SDT/build/sdt_project' returned '0': CMAKE_PREFIX_PATH=${CMAKE_PREFIX_PATH}:/home/yusuf/tcp/install/tcp_package:/opt/ros/humble /usr/bin/cmake --install /home/yusuf/Guzergah_SDT/build/sdt_project
