[0.052s] Invoking command in '/home/yusuf/Guzergah_SDT/build/nav2_map_server': CMAKE_PREFIX_PATH=${CMAKE_PREFIX_PATH}:/opt/ros/humble /usr/bin/cmake --build /home/yusuf/Guzergah_SDT/build/nav2_map_server -- -j8 -l8
[0.154s] [  5%] Built target gtest_main
[0.156s] [ 11%] Built target gtest
[0.165s] [ 19%] Built target map_io
[0.235s] [ 27%] Built target test_map_saver_cli
[0.248s] [ 36%] Built target test_map_io
[0.250s] [ 44%] Built target test_map_saver_publisher
[0.252s] [ 55%] Built target map_server_core
[0.316s] [ 61%] Built target map_saver_server
[0.324s] [ 66%] Built target map_server
[0.339s] [ 72%] Built target map_saver_cli
[0.343s] [ 77%] Built target test_costmap_filter_info_server
[0.345s] [ 86%] Built target test_map_server_node
[0.350s] [ 91%] Built target costmap_filter_info_server
[0.359s] [100%] Built target test_map_saver_node
[0.385s] Invoked command in '/home/yusuf/Guzergah_SDT/build/nav2_map_server' returned '0': CMAKE_PREFIX_PATH=${CMAKE_PREFIX_PATH}:/opt/ros/humble /usr/bin/cmake --build /home/yusuf/Guzergah_SDT/build/nav2_map_server -- -j8 -l8
[0.488s] Invoking command in '/home/yusuf/Guzergah_SDT/build/nav2_map_server': CMAKE_PREFIX_PATH=${CMAKE_PREFIX_PATH}:/opt/ros/humble /usr/bin/cmake --install /home/yusuf/Guzergah_SDT/build/nav2_map_server
[0.497s] -- Install configuration: "Release"
[0.497s] -- Up-to-date: /home/yusuf/Guzergah_SDT/install/nav2_map_server/lib/libmap_server_core.so
[0.497s] -- Up-to-date: /home/yusuf/Guzergah_SDT/install/nav2_map_server/lib/libmap_io.so
[0.498s] -- Up-to-date: /home/yusuf/Guzergah_SDT/install/nav2_map_server/lib/nav2_map_server/map_server
[0.498s] -- Up-to-date: /home/yusuf/Guzergah_SDT/install/nav2_map_server/lib/nav2_map_server/map_saver_cli
[0.498s] -- Up-to-date: /home/yusuf/Guzergah_SDT/install/nav2_map_server/lib/nav2_map_server/map_saver_server
[0.499s] -- Up-to-date: /home/yusuf/Guzergah_SDT/install/nav2_map_server/lib/nav2_map_server/costmap_filter_info_server
[0.499s] -- Up-to-date: /home/yusuf/Guzergah_SDT/install/nav2_map_server/include/
[0.499s] -- Up-to-date: /home/yusuf/Guzergah_SDT/install/nav2_map_server/include//nav2_map_server
[0.499s] -- Up-to-date: /home/yusuf/Guzergah_SDT/install/nav2_map_server/include//nav2_map_server/map_saver.hpp
[0.499s] -- Up-to-date: /home/yusuf/Guzergah_SDT/install/nav2_map_server/include//nav2_map_server/map_mode.hpp
[0.499s] -- Up-to-date: /home/yusuf/Guzergah_SDT/install/nav2_map_server/include//nav2_map_server/map_io.hpp
[0.499s] -- Up-to-date: /home/yusuf/Guzergah_SDT/install/nav2_map_server/include//nav2_map_server/costmap_filter_info_server.hpp
[0.500s] -- Up-to-date: /home/yusuf/Guzergah_SDT/install/nav2_map_server/include//nav2_map_server/map_server.hpp
[0.500s] -- Up-to-date: /home/yusuf/Guzergah_SDT/install/nav2_map_server/share/nav2_map_server/launch
[0.500s] -- Up-to-date: /home/yusuf/Guzergah_SDT/install/nav2_map_server/share/nav2_map_server/launch/map_saver_server.launch.py
[0.500s] -- Up-to-date: /home/yusuf/Guzergah_SDT/install/nav2_map_server/share/nav2_map_server/environment/library_path.sh
[0.500s] -- Up-to-date: /home/yusuf/Guzergah_SDT/install/nav2_map_server/share/nav2_map_server/environment/library_path.dsv
[0.500s] -- Up-to-date: /home/yusuf/Guzergah_SDT/install/nav2_map_server/share/ament_index/resource_index/package_run_dependencies/nav2_map_server
[0.500s] -- Up-to-date: /home/yusuf/Guzergah_SDT/install/nav2_map_server/share/ament_index/resource_index/parent_prefix_path/nav2_map_server
[0.500s] -- Up-to-date: /home/yusuf/Guzergah_SDT/install/nav2_map_server/share/nav2_map_server/environment/ament_prefix_path.sh
[0.500s] -- Up-to-date: /home/yusuf/Guzergah_SDT/install/nav2_map_server/share/nav2_map_server/environment/ament_prefix_path.dsv
[0.500s] -- Up-to-date: /home/yusuf/Guzergah_SDT/install/nav2_map_server/share/nav2_map_server/environment/path.sh
[0.500s] -- Up-to-date: /home/yusuf/Guzergah_SDT/install/nav2_map_server/share/nav2_map_server/environment/path.dsv
[0.500s] -- Up-to-date: /home/yusuf/Guzergah_SDT/install/nav2_map_server/share/nav2_map_server/local_setup.bash
[0.500s] -- Up-to-date: /home/yusuf/Guzergah_SDT/install/nav2_map_server/share/nav2_map_server/local_setup.sh
[0.501s] -- Up-to-date: /home/yusuf/Guzergah_SDT/install/nav2_map_server/share/nav2_map_server/local_setup.zsh
[0.501s] -- Up-to-date: /home/yusuf/Guzergah_SDT/install/nav2_map_server/share/nav2_map_server/local_setup.dsv
[0.501s] -- Installing: /home/yusuf/Guzergah_SDT/install/nav2_map_server/share/nav2_map_server/package.dsv
[0.501s] -- Up-to-date: /home/yusuf/Guzergah_SDT/install/nav2_map_server/share/ament_index/resource_index/packages/nav2_map_server
[0.501s] -- Up-to-date: /home/yusuf/Guzergah_SDT/install/nav2_map_server/share/ament_index/resource_index/rclcpp_components/nav2_map_server
[0.501s] -- Up-to-date: /home/yusuf/Guzergah_SDT/install/nav2_map_server/share/nav2_map_server/cmake/ament_cmake_export_include_directories-extras.cmake
[0.501s] -- Up-to-date: /home/yusuf/Guzergah_SDT/install/nav2_map_server/share/nav2_map_server/cmake/ament_cmake_export_libraries-extras.cmake
[0.501s] -- Up-to-date: /home/yusuf/Guzergah_SDT/install/nav2_map_server/share/nav2_map_server/cmake/ament_cmake_export_dependencies-extras.cmake
[0.501s] -- Up-to-date: /home/yusuf/Guzergah_SDT/install/nav2_map_server/share/nav2_map_server/cmake/nav2_map_serverConfig.cmake
[0.501s] -- Up-to-date: /home/yusuf/Guzergah_SDT/install/nav2_map_server/share/nav2_map_server/cmake/nav2_map_serverConfig-version.cmake
[0.501s] -- Up-to-date: /home/yusuf/Guzergah_SDT/install/nav2_map_server/share/nav2_map_server/package.xml
[0.503s] Invoked command in '/home/yusuf/Guzergah_SDT/build/nav2_map_server' returned '0': CMAKE_PREFIX_PATH=${CMAKE_PREFIX_PATH}:/opt/ros/humble /usr/bin/cmake --install /home/yusuf/Guzergah_SDT/build/nav2_map_server
