[0.122s] Invoking command in '/home/yusuf/Guzergah_SDT/src/build/nav2_voxel_grid': AMENT_PREFIX_PATH=/home/yusuf/Guzergah_SDT/src/install/nav2_common:${AMENT_PREFIX_PATH} CMAKE_PREFIX_PATH=/home/yusuf/Guzergah_SDT/src/install/nav2_common:/home/yusuf/Guzergah_SDT/install/slam_gmapping:/home/yusuf/Guzergah_SDT/install/openslam_gmapping:/home/yusuf/Guzergah_SDT/install/rf2o_laser_odometry:/home/yusuf/Guzergah_SDT/install/sdt_project:/home/yusuf/usb_cam/install/usb_cam:/home/yusuf/turtlebot3_ws/install/turtlebot3_simulations:/home/yusuf/turtlebot3_ws/install/turtlebot3_gazebo:/home/yusuf/turtlebot3_ws/install/turtlebot3_fake_node:/opt/ros/humble PYTHONPATH=/home/yusuf/Guzergah_SDT/src/install/nav2_common/local/lib/python3.10/dist-packages:${PYTHONPATH} /usr/bin/cmake /home/yusuf/Guzergah_SDT/src/navigation2/nav2_voxel_grid -DCMAKE_INSTALL_PREFIX=/home/yusuf/Guzergah_SDT/src/install/nav2_voxel_grid
[0.444s] -- The C compiler identification is GNU 12.3.0
[0.703s] -- The CXX compiler identification is GNU 12.3.0
[0.743s] -- Detecting C compiler ABI info
[1.108s] -- Detecting C compiler ABI info - done
[1.144s] -- Check for working C compiler: /usr/bin/cc - skipped
[1.148s] -- Detecting C compile features
[1.150s] -- Detecting C compile features - done
[1.175s] -- Detecting CXX compiler ABI info
[1.838s] -- Detecting CXX compiler ABI info - done
[1.876s] -- Check for working CXX compiler: /usr/bin/c++ - skipped
[1.877s] -- Detecting CXX compile features
[1.879s] -- Detecting CXX compile features - done
[1.906s] -- Found ament_cmake: 1.3.10 (/opt/ros/humble/share/ament_cmake/cmake)
[3.012s] -- Found Python3: /usr/bin/python3 (found version "3.10.12") found components: Interpreter 
[3.467s] -- Found nav2_common: 1.1.16 (/home/yusuf/Guzergah_SDT/src/install/nav2_common/share/nav2_common/cmake)
[3.475s] -- Found rclcpp: 16.0.10 (/opt/ros/humble/share/rclcpp/cmake)
[3.712s] -- Found rosidl_generator_c: 3.1.5 (/opt/ros/humble/share/rosidl_generator_c/cmake)
[3.740s] -- Found rosidl_adapter: 3.1.5 (/opt/ros/humble/share/rosidl_adapter/cmake)
[3.777s] -- Found rosidl_generator_cpp: 3.1.5 (/opt/ros/humble/share/rosidl_generator_cpp/cmake)
[3.830s] -- Using all available rosidl_typesupport_c: rosidl_typesupport_fastrtps_c;rosidl_typesupport_introspection_c
[3.899s] -- Using all available rosidl_typesupport_cpp: rosidl_typesupport_fastrtps_cpp;rosidl_typesupport_introspection_cpp
[4.112s] -- Found rmw_implementation_cmake: 6.1.2 (/opt/ros/humble/share/rmw_implementation_cmake/cmake)
[4.129s] -- Found rmw_cyclonedds_cpp: 1.3.4 (/opt/ros/humble/share/rmw_cyclonedds_cpp/cmake)
[4.260s] -- Using RMW implementation 'rmw_cyclonedds_cpp' as default
[4.305s] -- Looking for pthread.h
[4.777s] -- Looking for pthread.h - found
[4.779s] -- Performing Test CMAKE_HAVE_LIBC_PTHREAD
[5.375s] -- Performing Test CMAKE_HAVE_LIBC_PTHREAD - Success
[5.381s] -- Found Threads: TRUE  
[5.641s] -- Setting build type to Release as none was specified.
[5.681s] -- Found ament_lint_auto: 0.12.11 (/opt/ros/humble/share/ament_lint_auto/cmake)
[6.619s] -- Found gtest sources under '/opt/ros/humble/src/gtest_vendor': C++ tests using 'Google Test' will be built
[6.743s] -- Added test 'cppcheck' to perform static code analysis on C / C++ code
[6.743s] -- Configured cppcheck include dirs: /home/yusuf/Guzergah_SDT/src/navigation2/nav2_voxel_grid/include
[6.744s] -- Configured cppcheck exclude dirs and/or files: 
[6.766s] -- Added test 'cpplint' to check C / C++ code against the Google style
[6.766s] -- Configured cpplint exclude dirs and/or files: 
[6.773s] -- Added test 'lint_cmake' to check CMake code style
[6.792s] -- Added test 'uncrustify' to check C / C++ code style
[6.792s] -- Configured uncrustify additional arguments: 
[6.801s] -- Added test 'xmllint' to check XML markup files
[6.852s] -- Configuring done
[7.142s] -- Generating done
[7.161s] -- Build files have been written to: /home/yusuf/Guzergah_SDT/src/build/nav2_voxel_grid
[7.200s] Invoked command in '/home/yusuf/Guzergah_SDT/src/build/nav2_voxel_grid' returned '0': AMENT_PREFIX_PATH=/home/yusuf/Guzergah_SDT/src/install/nav2_common:${AMENT_PREFIX_PATH} CMAKE_PREFIX_PATH=/home/yusuf/Guzergah_SDT/src/install/nav2_common:/home/yusuf/Guzergah_SDT/install/slam_gmapping:/home/yusuf/Guzergah_SDT/install/openslam_gmapping:/home/yusuf/Guzergah_SDT/install/rf2o_laser_odometry:/home/yusuf/Guzergah_SDT/install/sdt_project:/home/yusuf/usb_cam/install/usb_cam:/home/yusuf/turtlebot3_ws/install/turtlebot3_simulations:/home/yusuf/turtlebot3_ws/install/turtlebot3_gazebo:/home/yusuf/turtlebot3_ws/install/turtlebot3_fake_node:/opt/ros/humble PYTHONPATH=/home/yusuf/Guzergah_SDT/src/install/nav2_common/local/lib/python3.10/dist-packages:${PYTHONPATH} /usr/bin/cmake /home/yusuf/Guzergah_SDT/src/navigation2/nav2_voxel_grid -DCMAKE_INSTALL_PREFIX=/home/yusuf/Guzergah_SDT/src/install/nav2_voxel_grid
[7.220s] Invoking command in '/home/yusuf/Guzergah_SDT/src/build/nav2_voxel_grid': AMENT_PREFIX_PATH=/home/yusuf/Guzergah_SDT/src/install/nav2_common:${AMENT_PREFIX_PATH} CMAKE_PREFIX_PATH=/home/yusuf/Guzergah_SDT/src/install/nav2_common:/home/yusuf/Guzergah_SDT/install/slam_gmapping:/home/yusuf/Guzergah_SDT/install/openslam_gmapping:/home/yusuf/Guzergah_SDT/install/rf2o_laser_odometry:/home/yusuf/Guzergah_SDT/install/sdt_project:/home/yusuf/usb_cam/install/usb_cam:/home/yusuf/turtlebot3_ws/install/turtlebot3_simulations:/home/yusuf/turtlebot3_ws/install/turtlebot3_gazebo:/home/yusuf/turtlebot3_ws/install/turtlebot3_fake_node:/opt/ros/humble PYTHONPATH=/home/yusuf/Guzergah_SDT/src/install/nav2_common/local/lib/python3.10/dist-packages:${PYTHONPATH} /usr/bin/cmake --build /home/yusuf/Guzergah_SDT/src/build/nav2_voxel_grid -- -j8 -l8
[7.709s] [ 10%] [32mBuilding CXX object CMakeFiles/voxel_grid.dir/src/voxel_grid.cpp.o[0m
[7.709s] [ 20%] [32mBuilding CXX object gtest/CMakeFiles/gtest_main.dir/src/gtest_main.cc.o[0m
[7.744s] [ 30%] [32mBuilding CXX object gtest/CMakeFiles/gtest.dir/src/gtest-all.cc.o[0m
