[0.024s] Invoking command in '/home/yusuf/Guzergah_SDT/build/rf2o_laser_odometry': CMAKE_PREFIX_PATH=${CMAKE_PREFIX_PATH}:/opt/ros/humble /usr/bin/cmake --build /home/yusuf/Guzergah_SDT/build/rf2o_laser_odometry -- -j8 -l8
[0.105s] [ 40%] Built target rf2o_laser_odometry
[0.124s] [100%] Built target rf2o_laser_odometry_node
[0.161s] Invoked command in '/home/yusuf/Guzergah_SDT/build/rf2o_laser_odometry' returned '0': CMAKE_PREFIX_PATH=${CMAKE_PREFIX_PATH}:/opt/ros/humble /usr/bin/cmake --build /home/yusuf/Guzergah_SDT/build/rf2o_laser_odometry -- -j8 -l8
[0.224s] Invoking command in '/home/yusuf/Guzergah_SDT/build/rf2o_laser_odometry': CMAKE_PREFIX_PATH=${CMAKE_PREFIX_PATH}:/opt/ros/humble /usr/bin/cmake --install /home/yusuf/Guzergah_SDT/build/rf2o_laser_odometry
[0.236s] -- Install configuration: ""
[0.236s] -- Up-to-date: /home/yusuf/Guzergah_SDT/install/rf2o_laser_odometry/lib/rf2o_laser_odometry/rf2o_laser_odometry_node
[0.237s] -- Up-to-date: /home/yusuf/Guzergah_SDT/install/rf2o_laser_odometry/share/rf2o_laser_odometry/launch
[0.238s] -- Up-to-date: /home/yusuf/Guzergah_SDT/install/rf2o_laser_odometry/share/rf2o_laser_odometry/launch/rf2o_laser_odometry.launch.py
[0.238s] -- Up-to-date: /home/yusuf/Guzergah_SDT/install/rf2o_laser_odometry/share/ament_index/resource_index/package_run_dependencies/rf2o_laser_odometry
[0.238s] -- Up-to-date: /home/yusuf/Guzergah_SDT/install/rf2o_laser_odometry/share/ament_index/resource_index/parent_prefix_path/rf2o_laser_odometry
[0.238s] -- Up-to-date: /home/yusuf/Guzergah_SDT/install/rf2o_laser_odometry/share/rf2o_laser_odometry/environment/ament_prefix_path.sh
[0.238s] -- Up-to-date: /home/yusuf/Guzergah_SDT/install/rf2o_laser_odometry/share/rf2o_laser_odometry/environment/ament_prefix_path.dsv
[0.239s] -- Up-to-date: /home/yusuf/Guzergah_SDT/install/rf2o_laser_odometry/share/rf2o_laser_odometry/environment/path.sh
[0.239s] -- Up-to-date: /home/yusuf/Guzergah_SDT/install/rf2o_laser_odometry/share/rf2o_laser_odometry/environment/path.dsv
[0.239s] -- Up-to-date: /home/yusuf/Guzergah_SDT/install/rf2o_laser_odometry/share/rf2o_laser_odometry/local_setup.bash
[0.239s] -- Up-to-date: /home/yusuf/Guzergah_SDT/install/rf2o_laser_odometry/share/rf2o_laser_odometry/local_setup.sh
[0.239s] -- Up-to-date: /home/yusuf/Guzergah_SDT/install/rf2o_laser_odometry/share/rf2o_laser_odometry/local_setup.zsh
[0.239s] -- Up-to-date: /home/yusuf/Guzergah_SDT/install/rf2o_laser_odometry/share/rf2o_laser_odometry/local_setup.dsv
[0.239s] -- Installing: /home/yusuf/Guzergah_SDT/install/rf2o_laser_odometry/share/rf2o_laser_odometry/package.dsv
[0.239s] -- Up-to-date: /home/yusuf/Guzergah_SDT/install/rf2o_laser_odometry/share/ament_index/resource_index/packages/rf2o_laser_odometry
[0.240s] -- Up-to-date: /home/yusuf/Guzergah_SDT/install/rf2o_laser_odometry/share/rf2o_laser_odometry/cmake/rf2o_laser_odometryConfig.cmake
[0.240s] -- Up-to-date: /home/yusuf/Guzergah_SDT/install/rf2o_laser_odometry/share/rf2o_laser_odometry/cmake/rf2o_laser_odometryConfig-version.cmake
[0.240s] -- Up-to-date: /home/yusuf/Guzergah_SDT/install/rf2o_laser_odometry/share/rf2o_laser_odometry/package.xml
[0.242s] Invoked command in '/home/yusuf/Guzergah_SDT/build/rf2o_laser_odometry' returned '0': CMAKE_PREFIX_PATH=${CMAKE_PREFIX_PATH}:/opt/ros/humble /usr/bin/cmake --install /home/yusuf/Guzergah_SDT/build/rf2o_laser_odometry
