[0.020s] Invoking command in '/home/yusuf/Guzergah_SDT/build/nav2_map_server': CMAKE_PREFIX_PATH=${CMAKE_PREFIX_PATH}:/home/yusuf/Guzergah_SDT/install/nav2_simple_commander:/opt/ros/humble /usr/bin/cmake /home/yusuf/Guzergah_SDT/src/navigation2/nav2_map_server -DCMAKE_INSTALL_PREFIX=/home/yusuf/Guzergah_SDT/install/nav2_map_server
[0.093s] -- The C compiler identification is GNU 12.3.0
[0.172s] -- The CXX compiler identification is GNU 12.3.0
[0.181s] -- Detecting C compiler ABI info
[0.271s] -- Detecting C compiler ABI info - done
[0.279s] -- Check for working C compiler: /usr/bin/cc - skipped
[0.279s] -- Detecting C compile features
[0.280s] -- Detecting C compile features - done
[0.283s] -- Detecting CXX compiler ABI info
[0.386s] -- Detecting CXX compiler ABI info - done
[0.396s] -- Check for working CXX compiler: /usr/bin/c++ - skipped
[0.396s] -- Detecting CXX compile features
[0.397s] -- Detecting CXX compile features - done
[0.400s] -- Found ament_cmake: 1.3.10 (/opt/ros/humble/share/ament_cmake/cmake)
[0.600s] -- Found Python3: /usr/bin/python3 (found version "3.10.12") found components: Interpreter 
[0.717s] -- Found nav2_common: 1.1.16 (/opt/ros/humble/share/nav2_common/cmake)
[0.719s] -- Found rclcpp: 16.0.10 (/opt/ros/humble/share/rclcpp/cmake)
[0.766s] -- Found rosidl_generator_c: 3.1.5 (/opt/ros/humble/share/rosidl_generator_c/cmake)
[0.771s] -- Found rosidl_adapter: 3.1.5 (/opt/ros/humble/share/rosidl_adapter/cmake)
[0.780s] -- Found rosidl_generator_cpp: 3.1.5 (/opt/ros/humble/share/rosidl_generator_cpp/cmake)
[0.792s] -- Using all available rosidl_typesupport_c: rosidl_typesupport_fastrtps_c;rosidl_typesupport_introspection_c
[0.808s] -- Using all available rosidl_typesupport_cpp: rosidl_typesupport_fastrtps_cpp;rosidl_typesupport_introspection_cpp
[0.860s] -- Found rmw_implementation_cmake: 6.1.2 (/opt/ros/humble/share/rmw_implementation_cmake/cmake)
[0.864s] -- Found rmw_cyclonedds_cpp: 1.3.4 (/opt/ros/humble/share/rmw_cyclonedds_cpp/cmake)
[0.902s] -- Using RMW implementation 'rmw_cyclonedds_cpp' as default
[0.925s] -- Looking for pthread.h
[1.071s] -- Looking for pthread.h - found
[1.073s] -- Performing Test CMAKE_HAVE_LIBC_PTHREAD
[1.244s] -- Performing Test CMAKE_HAVE_LIBC_PTHREAD - Success
[1.247s] -- Found Threads: TRUE  
[1.348s] -- Found rclcpp_lifecycle: 16.0.10 (/opt/ros/humble/share/rclcpp_lifecycle/cmake)
[1.373s] -- Found rclcpp_components: 16.0.10 (/opt/ros/humble/share/rclcpp_components/cmake)
[1.424s] -- Found nav_msgs: 4.2.4 (/opt/ros/humble/share/nav_msgs/cmake)
[1.485s] -- Found nav2_msgs: 1.1.16 (/opt/ros/humble/share/nav2_msgs/cmake)
[1.589s] -- Found yaml_cpp_vendor: 8.0.2 (/opt/ros/humble/share/yaml_cpp_vendor/cmake)
[1.598s] -- Found tf2: 0.25.7 (/opt/ros/humble/share/tf2/cmake)
[1.608s] -- Found nav2_util: 1.1.16 (/opt/ros/humble/share/nav2_util/cmake)
[1.741s] -- Found eigen3_cmake_module: 0.1.1 (/opt/ros/humble/share/eigen3_cmake_module/cmake)
[1.742s] -- Found Eigen3: TRUE (found version "3.4.0") 
[1.743s] -- Ensuring Eigen3 include directory is part of orocos-kdl CMake target
[1.816s] -- Found GRAPHICSMAGICKCPP: /usr/include/GraphicsMagick  
[1.816s] -- Setting build type to Release as none was specified.
[2.086s] -- Found ament_lint_auto: 0.12.11 (/opt/ros/humble/share/ament_lint_auto/cmake)
[2.308s] -- Found gtest sources under '/opt/ros/humble/src/gtest_vendor': C++ tests using 'Google Test' will be built
[2.330s] -- Found gtest sources under '/opt/ros/humble/src/gtest_vendor': C++ tests using 'Google Test' will be built
[2.348s] -- Found gtest sources under '/opt/ros/humble/src/gtest_vendor': C++ tests using 'Google Test' will be built
[2.371s] -- Added test 'cppcheck' to perform static code analysis on C / C++ code
[2.373s] -- Configured cppcheck include dirs: /home/yusuf/Guzergah_SDT/src/navigation2/nav2_map_server/include
[2.373s] -- Configured cppcheck exclude dirs and/or files: 
[2.378s] -- Added test 'cpplint' to check C / C++ code against the Google style
[2.378s] -- Configured cpplint exclude dirs and/or files: 
[2.380s] -- Added test 'flake8' to check Python code syntax and style conventions
[2.382s] -- Added test 'lint_cmake' to check CMake code style
[2.384s] -- Added test 'pep257' to check Python code against some of the docstring style conventions in PEP 257
[2.389s] -- Added test 'uncrustify' to check C / C++ code style
[2.389s] -- Configured uncrustify additional arguments: 
[2.391s] -- Added test 'xmllint' to check XML markup files
[2.397s] -- Configuring done
[3.002s] -- Generating done
[3.005s] -- Build files have been written to: /home/yusuf/Guzergah_SDT/build/nav2_map_server
[3.076s] Invoked command in '/home/yusuf/Guzergah_SDT/build/nav2_map_server' returned '0': CMAKE_PREFIX_PATH=${CMAKE_PREFIX_PATH}:/home/yusuf/Guzergah_SDT/install/nav2_simple_commander:/opt/ros/humble /usr/bin/cmake /home/yusuf/Guzergah_SDT/src/navigation2/nav2_map_server -DCMAKE_INSTALL_PREFIX=/home/yusuf/Guzergah_SDT/install/nav2_map_server
[3.077s] Invoking command in '/home/yusuf/Guzergah_SDT/build/nav2_map_server': CMAKE_PREFIX_PATH=${CMAKE_PREFIX_PATH}:/home/yusuf/Guzergah_SDT/install/nav2_simple_commander:/opt/ros/humble /usr/bin/cmake --build /home/yusuf/Guzergah_SDT/build/nav2_map_server -- -j8 -l8
[3.258s] [  2%] [32mBuilding CXX object gtest/CMakeFiles/gtest_main.dir/src/gtest_main.cc.o[0m
[3.258s] [  5%] [32mBuilding CXX object CMakeFiles/map_io.dir/src/map_mode.cpp.o[0m
[3.271s] [  8%] [32mBuilding CXX object CMakeFiles/map_io.dir/src/map_io.cpp.o[0m
[3.278s] [ 11%] [32mBuilding CXX object gtest/CMakeFiles/gtest.dir/src/gtest-all.cc.o[0m
[7.377s] [ 13%] [32m[1mLinking CXX static library libgtest_main.a[0m
[7.575s] [ 13%] Built target gtest_main
[18.055s] [ 16%] [32m[1mLinking CXX shared library libmap_io.so[0m
[18.609s] [ 16%] Built target map_io
[18.657s] [ 19%] [32mBuilding CXX object CMakeFiles/map_server_core.dir/src/map_server/map_server.cpp.o[0m
[18.658s] [ 22%] [32mBuilding CXX object test/component/CMakeFiles/test_map_saver_publisher.dir/test_map_saver_publisher.cpp.o[0m
[18.664s] [ 25%] [32mBuilding CXX object CMakeFiles/map_server_core.dir/src/costmap_filter_info/costmap_filter_info_server.cpp.o[0m
[18.665s] [ 27%] [32mBuilding CXX object test/component/CMakeFiles/test_map_saver_publisher.dir/__/test_constants.cpp.o[0m
[18.678s] [ 30%] [32mBuilding CXX object CMakeFiles/map_server_core.dir/src/map_saver/map_saver.cpp.o[0m
[24.671s] [ 33%] [32m[1mLinking CXX static library libgtest.a[0m
[24.816s] [ 33%] Built target gtest
[24.883s] [ 36%] [32mBuilding CXX object test/unit/CMakeFiles/test_map_io.dir/test_map_io.cpp.o[0m
[24.897s] [ 38%] [32mBuilding CXX object test/unit/CMakeFiles/test_map_io.dir/__/test_constants.cpp.o[0m
[24.904s] [ 41%] [32mBuilding CXX object test/map_saver_cli/CMakeFiles/test_map_saver_cli.dir/test_map_saver_cli.cpp.o[0m
[24.914s] [ 44%] [32mBuilding CXX object test/map_saver_cli/CMakeFiles/test_map_saver_cli.dir/__/test_constants.cpp.o[0m
[37.223s] [ 47%] [32m[1mLinking CXX executable test_map_saver_publisher[0m
[38.063s] [ 47%] Built target test_map_saver_publisher
[47.195s] [ 50%] [32m[1mLinking CXX executable test_map_io[0m
[47.954s] [ 50%] Built target test_map_io
[48.908s] [ 52%] [32m[1mLinking CXX executable test_map_saver_cli[0m
[49.208s] [ 52%] Built target test_map_saver_cli
[57.129s] [ 55%] [32m[1mLinking CXX shared library libmap_server_core.so[0m
[57.923s] [ 55%] Built target map_server_core
[57.993s] [ 58%] [32mBuilding CXX object CMakeFiles/map_server.dir/src/map_server/main.cpp.o[0m
[58.001s] [ 61%] [32mBuilding CXX object CMakeFiles/map_saver_cli.dir/src/map_saver/main_cli.cpp.o[0m
[58.007s] [ 63%] [32mBuilding CXX object test/component/CMakeFiles/test_map_server_node.dir/__/test_constants.cpp.o[0m
[58.011s] [ 66%] [32mBuilding CXX object test/unit/CMakeFiles/test_costmap_filter_info_server.dir/test_costmap_filter_info_server.cpp.o[0m
[58.019s] [ 69%] [32mBuilding CXX object CMakeFiles/costmap_filter_info_server.dir/src/costmap_filter_info/main.cpp.o[0m
[58.019s] [ 72%] [32mBuilding CXX object test/component/CMakeFiles/test_map_server_node.dir/test_map_server_node.cpp.o[0m
[58.024s] [ 75%] [32mBuilding CXX object CMakeFiles/map_saver_server.dir/src/map_saver/main_server.cpp.o[0m
[70.997s] [ 77%] [32m[1mLinking CXX executable costmap_filter_info_server[0m
[71.605s] [ 80%] [32m[1mLinking CXX executable map_saver_server[0m
[72.421s] [ 80%] Built target costmap_filter_info_server
[72.432s] [ 83%] [32m[1mLinking CXX executable map_server[0m
[72.499s] [ 86%] [32mBuilding CXX object test/component/CMakeFiles/test_map_saver_node.dir/test_map_saver_node.cpp.o[0m
[72.518s] [ 88%] [32mBuilding CXX object test/component/CMakeFiles/test_map_saver_node.dir/__/test_constants.cpp.o[0m
[72.912s] [ 88%] Built target map_saver_server
[73.550s] [ 88%] Built target map_server
[73.716s] [ 91%] [32m[1mLinking CXX executable map_saver_cli[0m
[74.726s] [ 91%] Built target map_saver_cli
[82.107s] [ 94%] [32m[1mLinking CXX executable test_map_server_node[0m
[82.493s] [ 94%] Built target test_map_server_node
[85.385s] [ 97%] [32m[1mLinking CXX executable test_map_saver_node[0m
[85.734s] [ 97%] Built target test_map_saver_node
[87.955s] [100%] [32m[1mLinking CXX executable test_costmap_filter_info_server[0m
[88.286s] [100%] Built target test_costmap_filter_info_server
[88.299s] Invoked command in '/home/yusuf/Guzergah_SDT/build/nav2_map_server' returned '0': CMAKE_PREFIX_PATH=${CMAKE_PREFIX_PATH}:/home/yusuf/Guzergah_SDT/install/nav2_simple_commander:/opt/ros/humble /usr/bin/cmake --build /home/yusuf/Guzergah_SDT/build/nav2_map_server -- -j8 -l8
[88.367s] Invoking command in '/home/yusuf/Guzergah_SDT/build/nav2_map_server': CMAKE_PREFIX_PATH=${CMAKE_PREFIX_PATH}:/home/yusuf/Guzergah_SDT/install/nav2_simple_commander:/opt/ros/humble /usr/bin/cmake --install /home/yusuf/Guzergah_SDT/build/nav2_map_server
[88.375s] -- Install configuration: "Release"
[88.375s] -- Installing: /home/yusuf/Guzergah_SDT/install/nav2_map_server/lib/libmap_server_core.so
[88.376s] -- Set runtime path of "/home/yusuf/Guzergah_SDT/install/nav2_map_server/lib/libmap_server_core.so" to ""
[88.376s] -- Installing: /home/yusuf/Guzergah_SDT/install/nav2_map_server/lib/libmap_io.so
[88.376s] -- Set runtime path of "/home/yusuf/Guzergah_SDT/install/nav2_map_server/lib/libmap_io.so" to ""
[88.377s] -- Installing: /home/yusuf/Guzergah_SDT/install/nav2_map_server/lib/nav2_map_server/map_server
[88.377s] -- Set runtime path of "/home/yusuf/Guzergah_SDT/install/nav2_map_server/lib/nav2_map_server/map_server" to ""
[88.377s] -- Installing: /home/yusuf/Guzergah_SDT/install/nav2_map_server/lib/nav2_map_server/map_saver_cli
[88.377s] -- Set runtime path of "/home/yusuf/Guzergah_SDT/install/nav2_map_server/lib/nav2_map_server/map_saver_cli" to ""
[88.377s] -- Installing: /home/yusuf/Guzergah_SDT/install/nav2_map_server/lib/nav2_map_server/map_saver_server
[88.378s] -- Set runtime path of "/home/yusuf/Guzergah_SDT/install/nav2_map_server/lib/nav2_map_server/map_saver_server" to ""
[88.378s] -- Installing: /home/yusuf/Guzergah_SDT/install/nav2_map_server/lib/nav2_map_server/costmap_filter_info_server
[88.378s] -- Set runtime path of "/home/yusuf/Guzergah_SDT/install/nav2_map_server/lib/nav2_map_server/costmap_filter_info_server" to ""
[88.378s] -- Installing: /home/yusuf/Guzergah_SDT/install/nav2_map_server/include/
[88.378s] -- Installing: /home/yusuf/Guzergah_SDT/install/nav2_map_server/include//nav2_map_server
[88.378s] -- Installing: /home/yusuf/Guzergah_SDT/install/nav2_map_server/include//nav2_map_server/map_saver.hpp
[88.378s] -- Installing: /home/yusuf/Guzergah_SDT/install/nav2_map_server/include//nav2_map_server/map_mode.hpp
[88.379s] -- Installing: /home/yusuf/Guzergah_SDT/install/nav2_map_server/include//nav2_map_server/map_io.hpp
[88.379s] -- Installing: /home/yusuf/Guzergah_SDT/install/nav2_map_server/include//nav2_map_server/costmap_filter_info_server.hpp
[88.379s] -- Installing: /home/yusuf/Guzergah_SDT/install/nav2_map_server/include//nav2_map_server/map_server.hpp
[88.379s] -- Installing: /home/yusuf/Guzergah_SDT/install/nav2_map_server/share/nav2_map_server/launch
[88.379s] -- Installing: /home/yusuf/Guzergah_SDT/install/nav2_map_server/share/nav2_map_server/launch/map_saver_server.launch.py
[88.379s] -- Installing: /home/yusuf/Guzergah_SDT/install/nav2_map_server/share/nav2_map_server/environment/library_path.sh
[88.379s] -- Installing: /home/yusuf/Guzergah_SDT/install/nav2_map_server/share/nav2_map_server/environment/library_path.dsv
[88.380s] -- Installing: /home/yusuf/Guzergah_SDT/install/nav2_map_server/share/ament_index/resource_index/package_run_dependencies/nav2_map_server
[88.380s] -- Installing: /home/yusuf/Guzergah_SDT/install/nav2_map_server/share/ament_index/resource_index/parent_prefix_path/nav2_map_server
[88.380s] -- Installing: /home/yusuf/Guzergah_SDT/install/nav2_map_server/share/nav2_map_server/environment/ament_prefix_path.sh
[88.380s] -- Installing: /home/yusuf/Guzergah_SDT/install/nav2_map_server/share/nav2_map_server/environment/ament_prefix_path.dsv
[88.380s] -- Installing: /home/yusuf/Guzergah_SDT/install/nav2_map_server/share/nav2_map_server/environment/path.sh
[88.380s] -- Installing: /home/yusuf/Guzergah_SDT/install/nav2_map_server/share/nav2_map_server/environment/path.dsv
[88.381s] -- Installing: /home/yusuf/Guzergah_SDT/install/nav2_map_server/share/nav2_map_server/local_setup.bash
[88.381s] -- Installing: /home/yusuf/Guzergah_SDT/install/nav2_map_server/share/nav2_map_server/local_setup.sh
[88.381s] -- Installing: /home/yusuf/Guzergah_SDT/install/nav2_map_server/share/nav2_map_server/local_setup.zsh
[88.381s] -- Installing: /home/yusuf/Guzergah_SDT/install/nav2_map_server/share/nav2_map_server/local_setup.dsv
[88.381s] -- Installing: /home/yusuf/Guzergah_SDT/install/nav2_map_server/share/nav2_map_server/package.dsv
[88.381s] -- Installing: /home/yusuf/Guzergah_SDT/install/nav2_map_server/share/ament_index/resource_index/packages/nav2_map_server
[88.382s] -- Installing: /home/yusuf/Guzergah_SDT/install/nav2_map_server/share/ament_index/resource_index/rclcpp_components/nav2_map_server
[88.382s] -- Installing: /home/yusuf/Guzergah_SDT/install/nav2_map_server/share/nav2_map_server/cmake/ament_cmake_export_include_directories-extras.cmake
[88.382s] -- Installing: /home/yusuf/Guzergah_SDT/install/nav2_map_server/share/nav2_map_server/cmake/ament_cmake_export_libraries-extras.cmake
[88.382s] -- Installing: /home/yusuf/Guzergah_SDT/install/nav2_map_server/share/nav2_map_server/cmake/ament_cmake_export_dependencies-extras.cmake
[88.382s] -- Installing: /home/yusuf/Guzergah_SDT/install/nav2_map_server/share/nav2_map_server/cmake/nav2_map_serverConfig.cmake
[88.382s] -- Installing: /home/yusuf/Guzergah_SDT/install/nav2_map_server/share/nav2_map_server/cmake/nav2_map_serverConfig-version.cmake
[88.382s] -- Installing: /home/yusuf/Guzergah_SDT/install/nav2_map_server/share/nav2_map_server/package.xml
[88.385s] Invoked command in '/home/yusuf/Guzergah_SDT/build/nav2_map_server' returned '0': CMAKE_PREFIX_PATH=${CMAKE_PREFIX_PATH}:/home/yusuf/Guzergah_SDT/install/nav2_simple_commander:/opt/ros/humble /usr/bin/cmake --install /home/yusuf/Guzergah_SDT/build/nav2_map_server
