[0.088s] Invoking command in '/home/yusuf/Guzergah_SDT/src/build/sdt_project': CMAKE_PREFIX_PATH=${CMAKE_PREFIX_PATH}:/opt/ros/humble /usr/bin/cmake /home/yusuf/Guzergah_SDT/src/sdt_project -DCMAKE_INSTALL_PREFIX=/home/yusuf/Guzergah_SDT/src/install/sdt_project
[0.392s] -- The C compiler identification is GNU 12.3.0
[0.691s] -- The CXX compiler identification is GNU 12.3.0
[0.713s] -- Detecting C compiler ABI info
[0.963s] -- Detecting C compiler ABI info - done
[0.997s] -- Check for working C compiler: /usr/bin/cc - skipped
[0.999s] -- Detecting C compile features
[1.004s] -- Detecting C compile features - done
[1.022s] -- Detecting CXX compiler ABI info
[1.362s] -- Detecting CXX compiler ABI info - done
[1.393s] -- Check for working CXX compiler: /usr/bin/c++ - skipped
[1.393s] -- Detecting CXX compile features
[1.395s] -- Detecting CXX compile features - done
[1.408s] -- Found ament_cmake: 1.3.10 (/opt/ros/humble/share/ament_cmake/cmake)
[2.006s] -- Found Python3: /usr/bin/python3 (found version "3.10.12") found components: Interpreter 
[2.374s] -- Found rosidl_default_generators: 1.2.0 (/opt/ros/humble/share/rosidl_default_generators/cmake)
[2.390s] -- Using all available rosidl_typesupport_c: rosidl_typesupport_fastrtps_c;rosidl_typesupport_introspection_c
[2.425s] -- Found rosidl_adapter: 3.1.5 (/opt/ros/humble/share/rosidl_adapter/cmake)
[2.600s] -- Using all available rosidl_typesupport_cpp: rosidl_typesupport_fastrtps_cpp;rosidl_typesupport_introspection_cpp
[2.770s] -- Found rclcpp: 16.0.10 (/opt/ros/humble/share/rclcpp/cmake)
[3.015s] -- Found rmw_implementation_cmake: 6.1.2 (/opt/ros/humble/share/rmw_implementation_cmake/cmake)
[3.029s] -- Found rmw_cyclonedds_cpp: 1.3.4 (/opt/ros/humble/share/rmw_cyclonedds_cpp/cmake)
[3.163s] -- Using RMW implementation 'rmw_cyclonedds_cpp' as default
[3.247s] -- Looking for pthread.h
[3.675s] -- Looking for pthread.h - found
[3.676s] -- Performing Test CMAKE_HAVE_LIBC_PTHREAD
[4.216s] -- Performing Test CMAKE_HAVE_LIBC_PTHREAD - Success
[4.221s] -- Found Threads: TRUE  
[4.636s] -- Found rclpy: 3.3.14 (/opt/ros/humble/share/rclpy/cmake)
[5.899s] -- Found ament_cmake_ros: 0.10.0 (/opt/ros/humble/share/ament_cmake_ros/cmake)
[7.068s] -- Using all available rosidl_typesupport_c: rosidl_typesupport_fastrtps_c;rosidl_typesupport_introspection_c
[8.183s] -- Using all available rosidl_typesupport_cpp: rosidl_typesupport_fastrtps_cpp;rosidl_typesupport_introspection_cpp
[8.300s] -- Found PythonInterp: /usr/bin/python3 (found suitable version "3.10.12", minimum required is "3.6") 
[8.314s] -- Found python_cmake_module: 0.10.0 (/opt/ros/humble/share/python_cmake_module/cmake)
[8.559s] -- Found PythonLibs: /usr/lib/x86_64-linux-gnu/libpython3.10.so (found suitable version "3.10.12", minimum required is "3.5") 
[8.561s] -- Using PYTHON_EXECUTABLE: /usr/bin/python3
[8.561s] -- Using PYTHON_INCLUDE_DIRS: /usr/include/python3.10
[8.561s] -- Using PYTHON_LIBRARIES: /usr/lib/x86_64-linux-gnu/libpython3.10.so
[8.737s] -- Found PythonExtra: .so  
[9.055s] -- Configuring done
[9.347s] -- Generating done
[9.356s] -- Build files have been written to: /home/yusuf/Guzergah_SDT/src/build/sdt_project
[9.408s] Invoked command in '/home/yusuf/Guzergah_SDT/src/build/sdt_project' returned '0': CMAKE_PREFIX_PATH=${CMAKE_PREFIX_PATH}:/opt/ros/humble /usr/bin/cmake /home/yusuf/Guzergah_SDT/src/sdt_project -DCMAKE_INSTALL_PREFIX=/home/yusuf/Guzergah_SDT/src/install/sdt_project
[9.410s] Invoking command in '/home/yusuf/Guzergah_SDT/src/build/sdt_project': CMAKE_PREFIX_PATH=${CMAKE_PREFIX_PATH}:/opt/ros/humble /usr/bin/cmake --build /home/yusuf/Guzergah_SDT/src/build/sdt_project -- -j8 -l8
[9.637s] [  3%] [34m[1mGenerating C code for ROS interfaces[0m
[9.700s] [  6%] [34m[1mGenerating C++ code for ROS interfaces[0m
[9.783s] [  6%] Built target ament_cmake_python_copy_sdt_project
[12.543s] [  9%] [32mBuilding C object CMakeFiles/sdt_project__rosidl_generator_c.dir/rosidl_generator_c/sdt_project/msg/detail/motor_values__functions.c.o[0m
[13.017s] running egg_info
[13.032s] creating sdt_project.egg-info
[13.036s] writing sdt_project.egg-info/PKG-INFO
[13.038s] [  9%] Built target sdt_project__cpp
[13.039s] writing dependency_links to sdt_project.egg-info/dependency_links.txt
[13.052s] writing top-level names to sdt_project.egg-info/top_level.txt
[13.053s] writing manifest file 'sdt_project.egg-info/SOURCES.txt'
[13.053s] [ 12%] [32m[1mLinking C shared library libsdt_project__rosidl_generator_c.so[0m
[13.111s] reading manifest file 'sdt_project.egg-info/SOURCES.txt'
[13.122s] writing manifest file 'sdt_project.egg-info/SOURCES.txt'
[13.135s] [ 16%] [34m[1mGenerating C++ introspection for ROS interfaces[0m
[13.177s] [ 19%] [34m[1mGenerating C++ type support dispatch for ROS interfaces[0m
[13.272s] [ 22%] [34m[1mGenerating C++ type support for eProsima Fast-RTPS[0m
[13.559s] [ 22%] Built target sdt_project__rosidl_generator_c
[13.598s] [ 22%] Built target ament_cmake_python_build_sdt_project_egg
[13.674s] [ 25%] [34m[1mGenerating C type support dispatch for ROS interfaces[0m
[13.702s] [ 29%] [34m[1mGenerating C introspection for ROS interfaces[0m
[13.773s] [ 32%] [34m[1mGenerating C type support for eProsima Fast-RTPS[0m
[16.702s] [ 35%] [32mBuilding CXX object CMakeFiles/sdt_project__rosidl_typesupport_fastrtps_cpp.dir/rosidl_typesupport_fastrtps_cpp/sdt_project/msg/detail/dds_fastrtps/motor_values__type_support.cpp.o[0m
[17.207s] [ 38%] [32mBuilding CXX object CMakeFiles/sdt_project__rosidl_typesupport_cpp.dir/rosidl_typesupport_cpp/sdt_project/msg/motor_values__type_support.cpp.o[0m
[17.517s] [ 41%] [32mBuilding CXX object CMakeFiles/sdt_project__rosidl_typesupport_c.dir/rosidl_typesupport_c/sdt_project/msg/motor_values__type_support.cpp.o[0m
[17.518s] [ 45%] [32mBuilding CXX object CMakeFiles/sdt_project__rosidl_typesupport_introspection_cpp.dir/rosidl_typesupport_introspection_cpp/sdt_project/msg/detail/motor_values__type_support.cpp.o[0m
[17.538s] [ 48%] [32mBuilding C object CMakeFiles/sdt_project__rosidl_typesupport_introspection_c.dir/rosidl_typesupport_introspection_c/sdt_project/msg/detail/motor_values__type_support.c.o[0m
[17.842s] [ 51%] [32m[1mLinking C shared library libsdt_project__rosidl_typesupport_introspection_c.so[0m
[17.869s] [ 54%] [32m[1mLinking CXX shared library libsdt_project__rosidl_typesupport_c.so[0m
[18.294s] [ 54%] Built target sdt_project__rosidl_typesupport_introspection_c
[18.576s] [ 54%] Built target sdt_project__rosidl_typesupport_c
[19.197s] [ 58%] [32mBuilding CXX object CMakeFiles/sdt_project__rosidl_typesupport_fastrtps_c.dir/rosidl_typesupport_fastrtps_c/sdt_project/msg/detail/motor_values__type_support_c.cpp.o[0m
[21.221s] [ 61%] [32m[1mLinking CXX shared library libsdt_project__rosidl_typesupport_cpp.so[0m
[21.848s] [ 61%] Built target sdt_project__rosidl_typesupport_cpp
[22.263s] [ 64%] [32m[1mLinking CXX shared library libsdt_project__rosidl_typesupport_introspection_cpp.so[0m
[22.704s] [ 64%] Built target sdt_project__rosidl_typesupport_introspection_cpp
[22.907s] [ 67%] [32m[1mLinking CXX shared library libsdt_project__rosidl_typesupport_fastrtps_cpp.so[0m
[23.492s] [ 67%] Built target sdt_project__rosidl_typesupport_fastrtps_cpp
[23.584s] [ 70%] [32m[1mLinking CXX shared library libsdt_project__rosidl_typesupport_fastrtps_c.so[0m
[24.333s] [ 70%] Built target sdt_project__rosidl_typesupport_fastrtps_c
[24.964s] [ 70%] Built target sdt_project
[32.244s] [ 74%] [34m[1mGenerating Python code for ROS interfaces[0m
