[0.011s] Invoking command in '/home/yusuf/Guzergah_SDT/build/sdt_project': CMAKE_PREFIX_PATH=${CMAKE_PREFIX_PATH}:/home/yusuf/tcp/install/tcp_package:/opt/ros/humble /usr/bin/cmake --build /home/yusuf/Guzergah_SDT/build/sdt_project -- -j8 -l8
[0.045s] -- Found ament_cmake: 1.3.9 (/opt/ros/humble/share/ament_cmake/cmake)
[0.157s] -- Found rosidl_default_generators: 1.2.0 (/opt/ros/humble/share/rosidl_default_generators/cmake)
[0.159s] -- Using all available rosidl_typesupport_c: rosidl_typesupport_fastrtps_c;rosidl_typesupport_introspection_c
[0.161s] -- Found rosidl_adapter: 3.1.5 (/opt/ros/humble/share/rosidl_adapter/cmake)
[0.187s] -- Using all available rosidl_typesupport_cpp: rosidl_typesupport_fastrtps_cpp;rosidl_typesupport_introspection_cpp
[0.208s] -- Found rclcpp: 16.0.9 (/opt/ros/humble/share/rclcpp/cmake)
[0.262s] -- Found rmw_implementation_cmake: 6.1.2 (/opt/ros/humble/share/rmw_implementation_cmake/cmake)
[0.264s] -- Found rmw_cyclonedds_cpp: 1.3.4 (/opt/ros/humble/share/rmw_cyclonedds_cpp/cmake)
[0.286s] -- Using RMW implementation 'rmw_cyclonedds_cpp' as default
[0.417s] -- Found rclpy: 3.3.13 (/opt/ros/humble/share/rclpy/cmake)
[0.643s] -- Found ament_cmake_ros: 0.10.0 (/opt/ros/humble/share/ament_cmake_ros/cmake)
[0.802s] -- Using all available rosidl_typesupport_c: rosidl_typesupport_fastrtps_c;rosidl_typesupport_introspection_c
[1.016s] -- Using all available rosidl_typesupport_cpp: rosidl_typesupport_fastrtps_cpp;rosidl_typesupport_introspection_cpp
[1.036s] -- Found python_cmake_module: 0.10.0 (/opt/ros/humble/share/python_cmake_module/cmake)
[1.058s] -- Using PYTHON_EXECUTABLE: /usr/bin/python3
[1.058s] -- Using PYTHON_INCLUDE_DIRS: /usr/include/python3.10
[1.058s] -- Using PYTHON_LIBRARIES: /usr/lib/x86_64-linux-gnu/libpython3.10.so
[1.071s] -- Configuring done
[1.092s] -- Generating done
[1.095s] -- Build files have been written to: /home/yusuf/Guzergah_SDT/build/sdt_project
[1.117s] [35m[1mConsolidate compiler generated dependencies of target sdt_project__rosidl_generator_c[0m
[1.126s] [  2%] Built target sdt_project__cpp
[1.128s] [ 12%] Built target sdt_project__rosidl_generator_c
[1.138s] [35m[1mConsolidate compiler generated dependencies of target sdt_project__rosidl_typesupport_fastrtps_cpp[0m
[1.139s] [ 12%] Built target ament_cmake_python_copy_sdt_project
[1.140s] [35m[1mConsolidate compiler generated dependencies of target sdt_project__rosidl_typesupport_cpp[0m
[1.141s] [35m[1mConsolidate compiler generated dependencies of target sdt_project__rosidl_typesupport_introspection_cpp[0m
[1.142s] [35m[1mConsolidate compiler generated dependencies of target sdt_project__rosidl_typesupport_c[0m
[1.142s] [35m[1mConsolidate compiler generated dependencies of target sdt_project__rosidl_typesupport_introspection_c[0m
[1.142s] [35m[1mConsolidate compiler generated dependencies of target sdt_project__rosidl_typesupport_fastrtps_c[0m
[1.160s] [ 23%] Built target sdt_project__rosidl_typesupport_c
[1.161s] [ 33%] Built target sdt_project__rosidl_typesupport_cpp
[1.162s] [ 43%] Built target sdt_project__rosidl_typesupport_fastrtps_cpp
[1.163s] [ 58%] Built target sdt_project__rosidl_typesupport_introspection_c
[1.163s] [ 64%] Built target sdt_project__rosidl_typesupport_introspection_cpp
[1.165s] [ 74%] Built target sdt_project__rosidl_typesupport_fastrtps_c
[1.183s] [ 74%] Built target sdt_project
[1.201s] [ 76%] Built target sdt_project__py
[1.211s] [35m[1mConsolidate compiler generated dependencies of target sdt_project__rosidl_generator_py[0m
[1.223s] [ 84%] Built target sdt_project__rosidl_generator_py
[1.234s] [35m[1mConsolidate compiler generated dependencies of target sdt_project__rosidl_typesupport_introspection_c__pyext[0m
[1.234s] [35m[1mConsolidate compiler generated dependencies of target sdt_project__rosidl_typesupport_c__pyext[0m
[1.236s] [35m[1mConsolidate compiler generated dependencies of target sdt_project__rosidl_typesupport_fastrtps_c__pyext[0m
[1.250s] [ 89%] Built target sdt_project__rosidl_typesupport_introspection_c__pyext
[1.250s] [ 94%] Built target sdt_project__rosidl_typesupport_c__pyext
[1.257s] [100%] Built target sdt_project__rosidl_typesupport_fastrtps_c__pyext
[1.399s] running egg_info
[1.399s] writing sdt_project.egg-info/PKG-INFO
[1.399s] writing dependency_links to sdt_project.egg-info/dependency_links.txt
[1.399s] writing top-level names to sdt_project.egg-info/top_level.txt
[1.401s] reading manifest file 'sdt_project.egg-info/SOURCES.txt'
[1.402s] writing manifest file 'sdt_project.egg-info/SOURCES.txt'
[1.427s] [100%] Built target ament_cmake_python_build_sdt_project_egg
[1.437s] Invoked command in '/home/yusuf/Guzergah_SDT/build/sdt_project' returned '0': CMAKE_PREFIX_PATH=${CMAKE_PREFIX_PATH}:/home/yusuf/tcp/install/tcp_package:/opt/ros/humble /usr/bin/cmake --build /home/yusuf/Guzergah_SDT/build/sdt_project -- -j8 -l8
[1.511s] Invoking command in '/home/yusuf/Guzergah_SDT/build/sdt_project': CMAKE_PREFIX_PATH=${CMAKE_PREFIX_PATH}:/home/yusuf/tcp/install/tcp_package:/opt/ros/humble /usr/bin/cmake --install /home/yusuf/Guzergah_SDT/build/sdt_project
[1.519s] -- Install configuration: ""
[1.519s] -- Up-to-date: /home/yusuf/Guzergah_SDT/install/sdt_project/share/ament_index/resource_index/rosidl_interfaces/sdt_project
[1.519s] -- Up-to-date: /home/yusuf/Guzergah_SDT/install/sdt_project/include/sdt_project/sdt_project
[1.519s] -- Up-to-date: /home/yusuf/Guzergah_SDT/install/sdt_project/include/sdt_project/sdt_project/msg
[1.519s] -- Up-to-date: /home/yusuf/Guzergah_SDT/install/sdt_project/include/sdt_project/sdt_project/msg/motor_values.h
[1.519s] -- Up-to-date: /home/yusuf/Guzergah_SDT/install/sdt_project/include/sdt_project/sdt_project/msg/sensor_values.h
[1.519s] -- Up-to-date: /home/yusuf/Guzergah_SDT/install/sdt_project/include/sdt_project/sdt_project/msg/detail
[1.519s] -- Up-to-date: /home/yusuf/Guzergah_SDT/install/sdt_project/include/sdt_project/sdt_project/msg/detail/sensor_values__type_support.h
[1.520s] -- Up-to-date: /home/yusuf/Guzergah_SDT/install/sdt_project/include/sdt_project/sdt_project/msg/detail/motor_values__type_support.h
[1.520s] -- Up-to-date: /home/yusuf/Guzergah_SDT/install/sdt_project/include/sdt_project/sdt_project/msg/detail/motor_values__functions.h
[1.520s] -- Up-to-date: /home/yusuf/Guzergah_SDT/install/sdt_project/include/sdt_project/sdt_project/msg/detail/motor_values__struct.h
[1.520s] -- Up-to-date: /home/yusuf/Guzergah_SDT/install/sdt_project/include/sdt_project/sdt_project/msg/detail/sensor_values__struct.h
[1.520s] -- Up-to-date: /home/yusuf/Guzergah_SDT/install/sdt_project/include/sdt_project/sdt_project/msg/detail/motor_values__functions.c
[1.520s] -- Up-to-date: /home/yusuf/Guzergah_SDT/install/sdt_project/include/sdt_project/sdt_project/msg/detail/sensor_values__functions.c
[1.520s] -- Up-to-date: /home/yusuf/Guzergah_SDT/install/sdt_project/include/sdt_project/sdt_project/msg/detail/sensor_values__functions.h
[1.521s] -- Up-to-date: /home/yusuf/Guzergah_SDT/install/sdt_project/include/sdt_project/sdt_project/msg/rosidl_generator_c__visibility_control.h
[1.521s] -- Up-to-date: /home/yusuf/Guzergah_SDT/install/sdt_project/share/sdt_project/environment/library_path.sh
[1.521s] -- Installing: /home/yusuf/Guzergah_SDT/install/sdt_project/share/sdt_project/environment/library_path.dsv
[1.521s] -- Up-to-date: /home/yusuf/Guzergah_SDT/install/sdt_project/lib/libsdt_project__rosidl_generator_c.so
[1.521s] -- Up-to-date: /home/yusuf/Guzergah_SDT/install/sdt_project/include/sdt_project/sdt_project
[1.521s] -- Up-to-date: /home/yusuf/Guzergah_SDT/install/sdt_project/include/sdt_project/sdt_project/msg
[1.521s] -- Up-to-date: /home/yusuf/Guzergah_SDT/install/sdt_project/include/sdt_project/sdt_project/msg/rosidl_typesupport_fastrtps_c__visibility_control.h
[1.521s] -- Up-to-date: /home/yusuf/Guzergah_SDT/install/sdt_project/include/sdt_project/sdt_project/msg/detail
[1.521s] -- Up-to-date: /home/yusuf/Guzergah_SDT/install/sdt_project/include/sdt_project/sdt_project/msg/detail/motor_values__rosidl_typesupport_fastrtps_c.h
[1.522s] -- Up-to-date: /home/yusuf/Guzergah_SDT/install/sdt_project/include/sdt_project/sdt_project/msg/detail/sensor_values__rosidl_typesupport_fastrtps_c.h
[1.522s] -- Up-to-date: /home/yusuf/Guzergah_SDT/install/sdt_project/lib/libsdt_project__rosidl_typesupport_fastrtps_c.so
[1.522s] -- Up-to-date: /home/yusuf/Guzergah_SDT/install/sdt_project/include/sdt_project/sdt_project
[1.522s] -- Up-to-date: /home/yusuf/Guzergah_SDT/install/sdt_project/include/sdt_project/sdt_project/msg
[1.522s] -- Up-to-date: /home/yusuf/Guzergah_SDT/install/sdt_project/include/sdt_project/sdt_project/msg/rosidl_typesupport_introspection_c__visibility_control.h
[1.522s] -- Up-to-date: /home/yusuf/Guzergah_SDT/install/sdt_project/include/sdt_project/sdt_project/msg/detail
[1.522s] -- Up-to-date: /home/yusuf/Guzergah_SDT/install/sdt_project/include/sdt_project/sdt_project/msg/detail/motor_values__rosidl_typesupport_introspection_c.h
[1.522s] -- Up-to-date: /home/yusuf/Guzergah_SDT/install/sdt_project/include/sdt_project/sdt_project/msg/detail/sensor_values__type_support.c
[1.522s] -- Up-to-date: /home/yusuf/Guzergah_SDT/install/sdt_project/include/sdt_project/sdt_project/msg/detail/motor_values__type_support.c
[1.523s] -- Up-to-date: /home/yusuf/Guzergah_SDT/install/sdt_project/include/sdt_project/sdt_project/msg/detail/sensor_values__rosidl_typesupport_introspection_c.h
[1.523s] -- Up-to-date: /home/yusuf/Guzergah_SDT/install/sdt_project/lib/libsdt_project__rosidl_typesupport_introspection_c.so
[1.523s] -- Up-to-date: /home/yusuf/Guzergah_SDT/install/sdt_project/lib/libsdt_project__rosidl_typesupport_c.so
[1.523s] -- Up-to-date: /home/yusuf/Guzergah_SDT/install/sdt_project/include/sdt_project/sdt_project
[1.523s] -- Up-to-date: /home/yusuf/Guzergah_SDT/install/sdt_project/include/sdt_project/sdt_project/msg
[1.523s] -- Up-to-date: /home/yusuf/Guzergah_SDT/install/sdt_project/include/sdt_project/sdt_project/msg/sensor_values.hpp
[1.523s] -- Up-to-date: /home/yusuf/Guzergah_SDT/install/sdt_project/include/sdt_project/sdt_project/msg/detail
[1.523s] -- Up-to-date: /home/yusuf/Guzergah_SDT/install/sdt_project/include/sdt_project/sdt_project/msg/detail/sensor_values__struct.hpp
[1.523s] -- Up-to-date: /home/yusuf/Guzergah_SDT/install/sdt_project/include/sdt_project/sdt_project/msg/detail/motor_values__traits.hpp
[1.523s] -- Up-to-date: /home/yusuf/Guzergah_SDT/install/sdt_project/include/sdt_project/sdt_project/msg/detail/sensor_values__traits.hpp
[1.523s] -- Up-to-date: /home/yusuf/Guzergah_SDT/install/sdt_project/include/sdt_project/sdt_project/msg/detail/motor_values__builder.hpp
[1.524s] -- Up-to-date: /home/yusuf/Guzergah_SDT/install/sdt_project/include/sdt_project/sdt_project/msg/detail/sensor_values__builder.hpp
[1.524s] -- Up-to-date: /home/yusuf/Guzergah_SDT/install/sdt_project/include/sdt_project/sdt_project/msg/detail/motor_values__struct.hpp
[1.524s] -- Up-to-date: /home/yusuf/Guzergah_SDT/install/sdt_project/include/sdt_project/sdt_project/msg/motor_values.hpp
[1.524s] -- Up-to-date: /home/yusuf/Guzergah_SDT/install/sdt_project/include/sdt_project/sdt_project
[1.524s] -- Up-to-date: /home/yusuf/Guzergah_SDT/install/sdt_project/include/sdt_project/sdt_project/msg
[1.524s] -- Up-to-date: /home/yusuf/Guzergah_SDT/install/sdt_project/include/sdt_project/sdt_project/msg/detail
[1.524s] -- Up-to-date: /home/yusuf/Guzergah_SDT/install/sdt_project/include/sdt_project/sdt_project/msg/detail/sensor_values__rosidl_typesupport_fastrtps_cpp.hpp
[1.524s] -- Up-to-date: /home/yusuf/Guzergah_SDT/install/sdt_project/include/sdt_project/sdt_project/msg/detail/dds_fastrtps
[1.524s] -- Up-to-date: /home/yusuf/Guzergah_SDT/install/sdt_project/include/sdt_project/sdt_project/msg/detail/motor_values__rosidl_typesupport_fastrtps_cpp.hpp
[1.524s] -- Up-to-date: /home/yusuf/Guzergah_SDT/install/sdt_project/include/sdt_project/sdt_project/msg/rosidl_typesupport_fastrtps_cpp__visibility_control.h
[1.524s] -- Up-to-date: /home/yusuf/Guzergah_SDT/install/sdt_project/lib/libsdt_project__rosidl_typesupport_fastrtps_cpp.so
[1.525s] -- Up-to-date: /home/yusuf/Guzergah_SDT/install/sdt_project/include/sdt_project/sdt_project
[1.525s] -- Up-to-date: /home/yusuf/Guzergah_SDT/install/sdt_project/include/sdt_project/sdt_project/msg
[1.525s] -- Up-to-date: /home/yusuf/Guzergah_SDT/install/sdt_project/include/sdt_project/sdt_project/msg/detail
[1.525s] -- Up-to-date: /home/yusuf/Guzergah_SDT/install/sdt_project/include/sdt_project/sdt_project/msg/detail/motor_values__type_support.cpp
[1.525s] -- Up-to-date: /home/yusuf/Guzergah_SDT/install/sdt_project/include/sdt_project/sdt_project/msg/detail/motor_values__rosidl_typesupport_introspection_cpp.hpp
[1.525s] -- Up-to-date: /home/yusuf/Guzergah_SDT/install/sdt_project/include/sdt_project/sdt_project/msg/detail/sensor_values__rosidl_typesupport_introspection_cpp.hpp
[1.525s] -- Up-to-date: /home/yusuf/Guzergah_SDT/install/sdt_project/include/sdt_project/sdt_project/msg/detail/sensor_values__type_support.cpp
[1.525s] -- Up-to-date: /home/yusuf/Guzergah_SDT/install/sdt_project/lib/libsdt_project__rosidl_typesupport_introspection_cpp.so
[1.525s] -- Up-to-date: /home/yusuf/Guzergah_SDT/install/sdt_project/lib/libsdt_project__rosidl_typesupport_cpp.so
[1.525s] -- Up-to-date: /home/yusuf/Guzergah_SDT/install/sdt_project/share/sdt_project/environment/pythonpath.sh
[1.525s] -- Installing: /home/yusuf/Guzergah_SDT/install/sdt_project/share/sdt_project/environment/pythonpath.dsv
[1.526s] -- Up-to-date: /home/yusuf/Guzergah_SDT/install/sdt_project/local/lib/python3.10/dist-packages/sdt_project-0.0.0-py3.10.egg-info
[1.526s] -- Installing: /home/yusuf/Guzergah_SDT/install/sdt_project/local/lib/python3.10/dist-packages/sdt_project-0.0.0-py3.10.egg-info/dependency_links.txt
[1.526s] -- Installing: /home/yusuf/Guzergah_SDT/install/sdt_project/local/lib/python3.10/dist-packages/sdt_project-0.0.0-py3.10.egg-info/SOURCES.txt
[1.526s] -- Installing: /home/yusuf/Guzergah_SDT/install/sdt_project/local/lib/python3.10/dist-packages/sdt_project-0.0.0-py3.10.egg-info/top_level.txt
[1.526s] -- Installing: /home/yusuf/Guzergah_SDT/install/sdt_project/local/lib/python3.10/dist-packages/sdt_project-0.0.0-py3.10.egg-info/PKG-INFO
[1.526s] -- Up-to-date: /home/yusuf/Guzergah_SDT/install/sdt_project/local/lib/python3.10/dist-packages/sdt_project
[1.526s] -- Up-to-date: /home/yusuf/Guzergah_SDT/install/sdt_project/local/lib/python3.10/dist-packages/sdt_project/sdt_project_s__rosidl_typesupport_c.cpython-310-x86_64-linux-gnu.so
[1.526s] -- Up-to-date: /home/yusuf/Guzergah_SDT/install/sdt_project/local/lib/python3.10/dist-packages/sdt_project/_sdt_project_s.ep.rosidl_typesupport_introspection_c.c
[1.526s] -- Up-to-date: /home/yusuf/Guzergah_SDT/install/sdt_project/local/lib/python3.10/dist-packages/sdt_project/sdt_project_s__rosidl_typesupport_fastrtps_c.cpython-310-x86_64-linux-gnu.so
[1.526s] -- Up-to-date: /home/yusuf/Guzergah_SDT/install/sdt_project/local/lib/python3.10/dist-packages/sdt_project/libsdt_project__rosidl_generator_py.so
[1.527s] -- Up-to-date: /home/yusuf/Guzergah_SDT/install/sdt_project/local/lib/python3.10/dist-packages/sdt_project/sdt_project_s__rosidl_typesupport_introspection_c.cpython-310-x86_64-linux-gnu.so
[1.527s] -- Up-to-date: /home/yusuf/Guzergah_SDT/install/sdt_project/local/lib/python3.10/dist-packages/sdt_project/msg
[1.527s] -- Up-to-date: /home/yusuf/Guzergah_SDT/install/sdt_project/local/lib/python3.10/dist-packages/sdt_project/msg/_sensor_values_s.c
[1.527s] -- Up-to-date: /home/yusuf/Guzergah_SDT/install/sdt_project/local/lib/python3.10/dist-packages/sdt_project/msg/_sensor_values.py
[1.527s] -- Up-to-date: /home/yusuf/Guzergah_SDT/install/sdt_project/local/lib/python3.10/dist-packages/sdt_project/msg/_motor_values_s.c
[1.527s] -- Up-to-date: /home/yusuf/Guzergah_SDT/install/sdt_project/local/lib/python3.10/dist-packages/sdt_project/msg/_motor_values.py
[1.527s] -- Up-to-date: /home/yusuf/Guzergah_SDT/install/sdt_project/local/lib/python3.10/dist-packages/sdt_project/msg/__init__.py
[1.527s] -- Installing: /home/yusuf/Guzergah_SDT/install/sdt_project/local/lib/python3.10/dist-packages/sdt_project/__init__.py
[1.527s] -- Up-to-date: /home/yusuf/Guzergah_SDT/install/sdt_project/local/lib/python3.10/dist-packages/sdt_project/_sdt_project_s.ep.rosidl_typesupport_c.c
[1.527s] -- Up-to-date: /home/yusuf/Guzergah_SDT/install/sdt_project/local/lib/python3.10/dist-packages/sdt_project/_sdt_project_s.ep.rosidl_typesupport_fastrtps_c.c
[1.552s] Listing '/home/yusuf/Guzergah_SDT/install/sdt_project/local/lib/python3.10/dist-packages/sdt_project'...
[1.553s] Compiling '/home/yusuf/Guzergah_SDT/install/sdt_project/local/lib/python3.10/dist-packages/sdt_project/__init__.py'...
[1.553s] Listing '/home/yusuf/Guzergah_SDT/install/sdt_project/local/lib/python3.10/dist-packages/sdt_project/msg'...
[1.557s] -- Up-to-date: /home/yusuf/Guzergah_SDT/install/sdt_project/local/lib/python3.10/dist-packages/sdt_project/sdt_project_s__rosidl_typesupport_fastrtps_c.cpython-310-x86_64-linux-gnu.so
[1.557s] -- Up-to-date: /home/yusuf/Guzergah_SDT/install/sdt_project/local/lib/python3.10/dist-packages/sdt_project/sdt_project_s__rosidl_typesupport_introspection_c.cpython-310-x86_64-linux-gnu.so
[1.557s] -- Up-to-date: /home/yusuf/Guzergah_SDT/install/sdt_project/local/lib/python3.10/dist-packages/sdt_project/sdt_project_s__rosidl_typesupport_c.cpython-310-x86_64-linux-gnu.so
[1.557s] -- Up-to-date: /home/yusuf/Guzergah_SDT/install/sdt_project/lib/libsdt_project__rosidl_generator_py.so
[1.557s] -- Up-to-date: /home/yusuf/Guzergah_SDT/install/sdt_project/share/sdt_project/msg/MotorValues.idl
[1.557s] -- Up-to-date: /home/yusuf/Guzergah_SDT/install/sdt_project/share/sdt_project/msg/SensorValues.idl
[1.557s] -- Up-to-date: /home/yusuf/Guzergah_SDT/install/sdt_project/share/sdt_project/msg/MotorValues.msg
[1.557s] -- Up-to-date: /home/yusuf/Guzergah_SDT/install/sdt_project/share/sdt_project/msg/SensorValues.msg
[1.557s] -- Up-to-date: /home/yusuf/Guzergah_SDT/install/sdt_project/lib/sdt_project/usb_com.py
[1.558s] -- Up-to-date: /home/yusuf/Guzergah_SDT/install/sdt_project/lib/sdt_project/manuel_kumanda.py
[1.558s] -- Installing: /home/yusuf/Guzergah_SDT/install/sdt_project/lib/sdt_project/UI_try.py
[1.558s] -- Up-to-date: /home/yusuf/Guzergah_SDT/install/sdt_project/share/sdt_project/launch/node_start.launch.py
[1.558s] -- Up-to-date: /home/yusuf/Guzergah_SDT/install/sdt_project/share/ament_index/resource_index/package_run_dependencies/sdt_project
[1.558s] -- Installing: /home/yusuf/Guzergah_SDT/install/sdt_project/share/ament_index/resource_index/parent_prefix_path/sdt_project
[1.558s] -- Up-to-date: /home/yusuf/Guzergah_SDT/install/sdt_project/share/sdt_project/environment/ament_prefix_path.sh
[1.558s] -- Installing: /home/yusuf/Guzergah_SDT/install/sdt_project/share/sdt_project/environment/ament_prefix_path.dsv
[1.558s] -- Up-to-date: /home/yusuf/Guzergah_SDT/install/sdt_project/share/sdt_project/environment/path.sh
[1.558s] -- Installing: /home/yusuf/Guzergah_SDT/install/sdt_project/share/sdt_project/environment/path.dsv
[1.558s] -- Up-to-date: /home/yusuf/Guzergah_SDT/install/sdt_project/share/sdt_project/local_setup.bash
[1.558s] -- Up-to-date: /home/yusuf/Guzergah_SDT/install/sdt_project/share/sdt_project/local_setup.sh
[1.558s] -- Up-to-date: /home/yusuf/Guzergah_SDT/install/sdt_project/share/sdt_project/local_setup.zsh
[1.559s] -- Installing: /home/yusuf/Guzergah_SDT/install/sdt_project/share/sdt_project/local_setup.dsv
[1.559s] -- Installing: /home/yusuf/Guzergah_SDT/install/sdt_project/share/sdt_project/package.dsv
[1.559s] -- Up-to-date: /home/yusuf/Guzergah_SDT/install/sdt_project/share/ament_index/resource_index/packages/sdt_project
[1.559s] -- Up-to-date: /home/yusuf/Guzergah_SDT/install/sdt_project/share/sdt_project/cmake/export_sdt_project__rosidl_generator_cExport.cmake
[1.559s] -- Up-to-date: /home/yusuf/Guzergah_SDT/install/sdt_project/share/sdt_project/cmake/export_sdt_project__rosidl_generator_cExport-noconfig.cmake
[1.559s] -- Up-to-date: /home/yusuf/Guzergah_SDT/install/sdt_project/share/sdt_project/cmake/export_sdt_project__rosidl_typesupport_fastrtps_cExport.cmake
[1.559s] -- Up-to-date: /home/yusuf/Guzergah_SDT/install/sdt_project/share/sdt_project/cmake/export_sdt_project__rosidl_typesupport_fastrtps_cExport-noconfig.cmake
[1.559s] -- Up-to-date: /home/yusuf/Guzergah_SDT/install/sdt_project/share/sdt_project/cmake/sdt_project__rosidl_typesupport_introspection_cExport.cmake
[1.559s] -- Up-to-date: /home/yusuf/Guzergah_SDT/install/sdt_project/share/sdt_project/cmake/sdt_project__rosidl_typesupport_introspection_cExport-noconfig.cmake
[1.559s] -- Up-to-date: /home/yusuf/Guzergah_SDT/install/sdt_project/share/sdt_project/cmake/sdt_project__rosidl_typesupport_cExport.cmake
[1.559s] -- Up-to-date: /home/yusuf/Guzergah_SDT/install/sdt_project/share/sdt_project/cmake/sdt_project__rosidl_typesupport_cExport-noconfig.cmake
[1.559s] -- Up-to-date: /home/yusuf/Guzergah_SDT/install/sdt_project/share/sdt_project/cmake/export_sdt_project__rosidl_generator_cppExport.cmake
[1.559s] -- Up-to-date: /home/yusuf/Guzergah_SDT/install/sdt_project/share/sdt_project/cmake/export_sdt_project__rosidl_typesupport_fastrtps_cppExport.cmake
[1.559s] -- Up-to-date: /home/yusuf/Guzergah_SDT/install/sdt_project/share/sdt_project/cmake/export_sdt_project__rosidl_typesupport_fastrtps_cppExport-noconfig.cmake
[1.560s] -- Up-to-date: /home/yusuf/Guzergah_SDT/install/sdt_project/share/sdt_project/cmake/sdt_project__rosidl_typesupport_introspection_cppExport.cmake
[1.560s] -- Up-to-date: /home/yusuf/Guzergah_SDT/install/sdt_project/share/sdt_project/cmake/sdt_project__rosidl_typesupport_introspection_cppExport-noconfig.cmake
[1.560s] -- Up-to-date: /home/yusuf/Guzergah_SDT/install/sdt_project/share/sdt_project/cmake/sdt_project__rosidl_typesupport_cppExport.cmake
[1.560s] -- Up-to-date: /home/yusuf/Guzergah_SDT/install/sdt_project/share/sdt_project/cmake/sdt_project__rosidl_typesupport_cppExport-noconfig.cmake
[1.560s] -- Up-to-date: /home/yusuf/Guzergah_SDT/install/sdt_project/share/sdt_project/cmake/export_sdt_project__rosidl_generator_pyExport.cmake
[1.560s] -- Up-to-date: /home/yusuf/Guzergah_SDT/install/sdt_project/share/sdt_project/cmake/export_sdt_project__rosidl_generator_pyExport-noconfig.cmake
[1.560s] -- Up-to-date: /home/yusuf/Guzergah_SDT/install/sdt_project/share/sdt_project/cmake/rosidl_cmake-extras.cmake
[1.560s] -- Up-to-date: /home/yusuf/Guzergah_SDT/install/sdt_project/share/sdt_project/cmake/ament_cmake_export_include_directories-extras.cmake
[1.560s] -- Up-to-date: /home/yusuf/Guzergah_SDT/install/sdt_project/share/sdt_project/cmake/ament_cmake_export_libraries-extras.cmake
[1.560s] -- Up-to-date: /home/yusuf/Guzergah_SDT/install/sdt_project/share/sdt_project/cmake/ament_cmake_export_targets-extras.cmake
[1.560s] -- Up-to-date: /home/yusuf/Guzergah_SDT/install/sdt_project/share/sdt_project/cmake/rosidl_cmake_export_typesupport_targets-extras.cmake
[1.560s] -- Up-to-date: /home/yusuf/Guzergah_SDT/install/sdt_project/share/sdt_project/cmake/ament_cmake_export_dependencies-extras.cmake
[1.560s] -- Up-to-date: /home/yusuf/Guzergah_SDT/install/sdt_project/share/sdt_project/cmake/rosidl_cmake_export_typesupport_libraries-extras.cmake
[1.560s] -- Up-to-date: /home/yusuf/Guzergah_SDT/install/sdt_project/share/sdt_project/cmake/sdt_projectConfig.cmake
[1.560s] -- Up-to-date: /home/yusuf/Guzergah_SDT/install/sdt_project/share/sdt_project/cmake/sdt_projectConfig-version.cmake
[1.560s] -- Up-to-date: /home/yusuf/Guzergah_SDT/install/sdt_project/share/sdt_project/package.xml
[1.561s] Invoked command in '/home/yusuf/Guzergah_SDT/build/sdt_project' returned '0': CMAKE_PREFIX_PATH=${CMAKE_PREFIX_PATH}:/home/yusuf/tcp/install/tcp_package:/opt/ros/humble /usr/bin/cmake --install /home/yusuf/Guzergah_SDT/build/sdt_project
