[0.024s] Invoking command in '/home/yusuf/Guzergah_SDT/build/openslam_gmapping': CMAKE_PREFIX_PATH=${CMAKE_PREFIX_PATH}:/home/yusuf/Guzergah_SDT/install/nav2_simple_commander:/opt/ros/humble /usr/bin/cmake /home/yusuf/Guzergah_SDT/src/slam_gmapping_Humble/openslam_gmapping -DCMAKE_INSTALL_PREFIX=/home/yusuf/Guzergah_SDT/install/openslam_gmapping
[0.090s] -- The C compiler identification is GNU 12.3.0
[0.165s] -- The CXX compiler identification is GNU 12.3.0
[0.175s] -- Detecting C compiler ABI info
[0.259s] -- Detecting C compiler ABI info - done
[0.271s] -- Check for working C compiler: /usr/bin/cc - skipped
[0.271s] -- Detecting C compile features
[0.272s] -- Detecting C compile features - done
[0.275s] -- Detecting CXX compiler ABI info
[0.373s] -- Detecting CXX compiler ABI info - done
[0.385s] -- Check for working CXX compiler: /usr/bin/c++ - skipped
[0.386s] -- Detecting CXX compile features
[0.386s] -- Detecting CXX compile features - done
[0.390s] -- Found ament_cmake: 1.3.10 (/opt/ros/humble/share/ament_cmake/cmake)
[0.584s] -- Found Python3: /usr/bin/python3 (found version "3.10.12") found components: Interpreter 
[0.795s] -- Configuring done
[0.813s] -- Generating done
[0.815s] -- Build files have been written to: /home/yusuf/Guzergah_SDT/build/openslam_gmapping
[0.821s] Invoked command in '/home/yusuf/Guzergah_SDT/build/openslam_gmapping' returned '0': CMAKE_PREFIX_PATH=${CMAKE_PREFIX_PATH}:/home/yusuf/Guzergah_SDT/install/nav2_simple_commander:/opt/ros/humble /usr/bin/cmake /home/yusuf/Guzergah_SDT/src/slam_gmapping_Humble/openslam_gmapping -DCMAKE_INSTALL_PREFIX=/home/yusuf/Guzergah_SDT/install/openslam_gmapping
[0.824s] Invoking command in '/home/yusuf/Guzergah_SDT/build/openslam_gmapping': CMAKE_PREFIX_PATH=${CMAKE_PREFIX_PATH}:/home/yusuf/Guzergah_SDT/install/nav2_simple_commander:/opt/ros/humble /usr/bin/cmake --build /home/yusuf/Guzergah_SDT/build/openslam_gmapping -- -j8 -l8
[0.879s] [  4%] [32mBuilding CXX object utils/CMakeFiles/utils.dir/movement.cpp.o[0m
[0.882s] [  9%] [32mBuilding CXX object utils/CMakeFiles/utils.dir/stat.cpp.o[0m
[0.888s] [ 18%] [32mBuilding CXX object sensor/sensor_base/CMakeFiles/sensor_base.dir/sensorreading.cpp.o[0m
[0.889s] [ 18%] [32mBuilding CXX object sensor/sensor_base/CMakeFiles/sensor_base.dir/sensor.cpp.o[0m
[1.346s] [ 22%] [32m[1mLinking CXX static library libsensor_base.a[0m
[1.452s] [ 22%] Built target sensor_base
[1.490s] [ 40%] [32mBuilding CXX object sensor/sensor_odometry/CMakeFiles/sensor_odometry.dir/odometrysensor.cpp.o[0m
[1.491s] [ 40%] [32mBuilding CXX object sensor/sensor_range/CMakeFiles/sensor_range.dir/rangereading.cpp.o[0m
[1.491s] [ 40%] [32mBuilding CXX object sensor/sensor_odometry/CMakeFiles/sensor_odometry.dir/odometryreading.cpp.o[0m
[1.491s] [ 40%] [32mBuilding CXX object sensor/sensor_range/CMakeFiles/sensor_range.dir/rangesensor.cpp.o[0m
[1.585s] [ 45%] [32m[1mLinking CXX static library libutils.a[0m
[1.701s] [ 45%] Built target utils
[2.255s] [ 50%] [32m[1mLinking CXX static library libsensor_odometry.a[0m
[2.377s] [ 50%] Built target sensor_odometry
[2.520s] [ 54%] [32m[1mLinking CXX static library libsensor_range.a[0m
[2.636s] [ 54%] Built target sensor_range
[2.685s] [ 59%] [32mBuilding CXX object scanmatcher/CMakeFiles/scanmatcher.dir/eig3.cpp.o[0m
[2.685s] [ 68%] [32mBuilding CXX object scanmatcher/CMakeFiles/scanmatcher.dir/scanmatcherprocessor.cpp.o[0m
[2.686s] [ 68%] [32mBuilding CXX object scanmatcher/CMakeFiles/scanmatcher.dir/scanmatcher.cpp.o[0m
[2.691s] [ 72%] [32mBuilding CXX object scanmatcher/CMakeFiles/scanmatcher.dir/smmap.cpp.o[0m
[8.592s] [ 77%] [32m[1mLinking CXX static library libscanmatcher.a[0m
[8.720s] [ 77%] Built target scanmatcher
[8.779s] [ 81%] [32mBuilding CXX object gridfastslam/CMakeFiles/gridfastslam.dir/gridslamprocessor.cpp.o[0m
[8.779s] [ 86%] [32mBuilding CXX object gridfastslam/CMakeFiles/gridfastslam.dir/gridslamprocessor_tree.cpp.o[0m
[8.780s] [ 90%] [32mBuilding CXX object gridfastslam/CMakeFiles/gridfastslam.dir/motionmodel.cpp.o[0m
[8.785s] [ 95%] [32mBuilding CXX object gridfastslam/CMakeFiles/gridfastslam.dir/gfsreader.cpp.o[0m
[13.091s] [100%] [32m[1mLinking CXX static library libgridfastslam.a[0m
[13.213s] [100%] Built target gridfastslam
[13.234s] Invoked command in '/home/yusuf/Guzergah_SDT/build/openslam_gmapping' returned '0': CMAKE_PREFIX_PATH=${CMAKE_PREFIX_PATH}:/home/yusuf/Guzergah_SDT/install/nav2_simple_commander:/opt/ros/humble /usr/bin/cmake --build /home/yusuf/Guzergah_SDT/build/openslam_gmapping -- -j8 -l8
[13.307s] Invoking command in '/home/yusuf/Guzergah_SDT/build/openslam_gmapping': CMAKE_PREFIX_PATH=${CMAKE_PREFIX_PATH}:/home/yusuf/Guzergah_SDT/install/nav2_simple_commander:/opt/ros/humble /usr/bin/cmake --install /home/yusuf/Guzergah_SDT/build/openslam_gmapping
[13.320s] -- Install configuration: ""
[13.321s] -- Installing: /home/yusuf/Guzergah_SDT/install/openslam_gmapping/share/openslam_gmapping/environment/library_path.sh
[13.321s] -- Installing: /home/yusuf/Guzergah_SDT/install/openslam_gmapping/share/openslam_gmapping/environment/library_path.dsv
[13.321s] -- Installing: /home/yusuf/Guzergah_SDT/install/openslam_gmapping/include/
[13.321s] -- Installing: /home/yusuf/Guzergah_SDT/install/openslam_gmapping/include//gmapping
[13.322s] -- Installing: /home/yusuf/Guzergah_SDT/install/openslam_gmapping/include//gmapping/gridfastslam
[13.322s] -- Installing: /home/yusuf/Guzergah_SDT/install/openslam_gmapping/include//gmapping/gridfastslam/gridslamprocessor.h
[13.322s] -- Installing: /home/yusuf/Guzergah_SDT/install/openslam_gmapping/include//gmapping/gridfastslam/gridslamprocessor.hxx
[13.322s] -- Installing: /home/yusuf/Guzergah_SDT/install/openslam_gmapping/include//gmapping/gridfastslam/motionmodel.h
[13.322s] -- Installing: /home/yusuf/Guzergah_SDT/install/openslam_gmapping/include//gmapping/particlefilter
[13.322s] -- Installing: /home/yusuf/Guzergah_SDT/install/openslam_gmapping/include//gmapping/particlefilter/particlefilter.h
[13.323s] -- Installing: /home/yusuf/Guzergah_SDT/install/openslam_gmapping/include//gmapping/grid
[13.323s] -- Installing: /home/yusuf/Guzergah_SDT/install/openslam_gmapping/include//gmapping/grid/map.h
[13.323s] -- Installing: /home/yusuf/Guzergah_SDT/install/openslam_gmapping/include//gmapping/grid/array2d.h
[13.323s] -- Installing: /home/yusuf/Guzergah_SDT/install/openslam_gmapping/include//gmapping/grid/harray2d.h
[13.323s] -- Installing: /home/yusuf/Guzergah_SDT/install/openslam_gmapping/include//gmapping/grid/accessstate.h
[13.323s] -- Installing: /home/yusuf/Guzergah_SDT/install/openslam_gmapping/include//gmapping/sensor
[13.324s] -- Installing: /home/yusuf/Guzergah_SDT/install/openslam_gmapping/include//gmapping/sensor/sensor_base
[13.324s] -- Installing: /home/yusuf/Guzergah_SDT/install/openslam_gmapping/include//gmapping/sensor/sensor_base/sensor.h
[13.324s] -- Installing: /home/yusuf/Guzergah_SDT/install/openslam_gmapping/include//gmapping/sensor/sensor_base/sensorreading.h
[13.324s] -- Installing: /home/yusuf/Guzergah_SDT/install/openslam_gmapping/include//gmapping/sensor/sensor_range
[13.324s] -- Installing: /home/yusuf/Guzergah_SDT/install/openslam_gmapping/include//gmapping/sensor/sensor_range/rangereading.h
[13.325s] -- Installing: /home/yusuf/Guzergah_SDT/install/openslam_gmapping/include//gmapping/sensor/sensor_range/rangesensor.h
[13.325s] -- Installing: /home/yusuf/Guzergah_SDT/install/openslam_gmapping/include//gmapping/sensor/sensor_odometry
[13.325s] -- Installing: /home/yusuf/Guzergah_SDT/install/openslam_gmapping/include//gmapping/sensor/sensor_odometry/odometryreading.h
[13.325s] -- Installing: /home/yusuf/Guzergah_SDT/install/openslam_gmapping/include//gmapping/sensor/sensor_odometry/odometrysensor.h
[13.325s] -- Installing: /home/yusuf/Guzergah_SDT/install/openslam_gmapping/include//gmapping/scanmatcher
[13.325s] -- Installing: /home/yusuf/Guzergah_SDT/install/openslam_gmapping/include//gmapping/scanmatcher/scanmatcher.h
[13.325s] -- Installing: /home/yusuf/Guzergah_SDT/install/openslam_gmapping/include//gmapping/scanmatcher/icp.h
[13.325s] -- Installing: /home/yusuf/Guzergah_SDT/install/openslam_gmapping/include//gmapping/scanmatcher/smmap.h
[13.325s] -- Installing: /home/yusuf/Guzergah_SDT/install/openslam_gmapping/include//gmapping/log
[13.325s] -- Installing: /home/yusuf/Guzergah_SDT/install/openslam_gmapping/include//gmapping/log/configuration.h
[13.326s] -- Installing: /home/yusuf/Guzergah_SDT/install/openslam_gmapping/include//gmapping/log/sensorlog.h
[13.326s] -- Installing: /home/yusuf/Guzergah_SDT/install/openslam_gmapping/include//gmapping/utils
[13.326s] -- Installing: /home/yusuf/Guzergah_SDT/install/openslam_gmapping/include//gmapping/utils/commandline.h
[13.335s] -- Installing: /home/yusuf/Guzergah_SDT/install/openslam_gmapping/include//gmapping/utils/point.h
[13.335s] -- Installing: /home/yusuf/Guzergah_SDT/install/openslam_gmapping/include//gmapping/utils/autoptr.h
[13.335s] -- Installing: /home/yusuf/Guzergah_SDT/install/openslam_gmapping/include//gmapping/utils/macro_params.h
[13.335s] -- Installing: /home/yusuf/Guzergah_SDT/install/openslam_gmapping/include//gmapping/utils/stat.h
[13.336s] -- Installing: /home/yusuf/Guzergah_SDT/install/openslam_gmapping/include//gmapping/utils/gvalues.h
[13.336s] -- Installing: /home/yusuf/Guzergah_SDT/install/openslam_gmapping/share/ament_index/resource_index/package_run_dependencies/openslam_gmapping
[13.336s] -- Installing: /home/yusuf/Guzergah_SDT/install/openslam_gmapping/share/ament_index/resource_index/parent_prefix_path/openslam_gmapping
[13.336s] -- Installing: /home/yusuf/Guzergah_SDT/install/openslam_gmapping/share/openslam_gmapping/environment/ament_prefix_path.sh
[13.336s] -- Installing: /home/yusuf/Guzergah_SDT/install/openslam_gmapping/share/openslam_gmapping/environment/ament_prefix_path.dsv
[13.337s] -- Installing: /home/yusuf/Guzergah_SDT/install/openslam_gmapping/share/openslam_gmapping/environment/path.sh
[13.337s] -- Installing: /home/yusuf/Guzergah_SDT/install/openslam_gmapping/share/openslam_gmapping/environment/path.dsv
[13.337s] -- Installing: /home/yusuf/Guzergah_SDT/install/openslam_gmapping/share/openslam_gmapping/local_setup.bash
[13.337s] -- Installing: /home/yusuf/Guzergah_SDT/install/openslam_gmapping/share/openslam_gmapping/local_setup.sh
[13.337s] -- Installing: /home/yusuf/Guzergah_SDT/install/openslam_gmapping/share/openslam_gmapping/local_setup.zsh
[13.338s] -- Installing: /home/yusuf/Guzergah_SDT/install/openslam_gmapping/share/openslam_gmapping/local_setup.dsv
[13.338s] -- Installing: /home/yusuf/Guzergah_SDT/install/openslam_gmapping/share/openslam_gmapping/package.dsv
[13.338s] -- Installing: /home/yusuf/Guzergah_SDT/install/openslam_gmapping/share/ament_index/resource_index/packages/openslam_gmapping
[13.338s] -- Installing: /home/yusuf/Guzergah_SDT/install/openslam_gmapping/share/openslam_gmapping/cmake/ament_cmake_export_libraries-extras.cmake
[13.338s] -- Installing: /home/yusuf/Guzergah_SDT/install/openslam_gmapping/share/openslam_gmapping/cmake/ament_cmake_export_include_directories-extras.cmake
[13.339s] -- Installing: /home/yusuf/Guzergah_SDT/install/openslam_gmapping/share/openslam_gmapping/cmake/openslam_gmappingConfig.cmake
[13.339s] -- Installing: /home/yusuf/Guzergah_SDT/install/openslam_gmapping/share/openslam_gmapping/cmake/openslam_gmappingConfig-version.cmake
[13.339s] -- Installing: /home/yusuf/Guzergah_SDT/install/openslam_gmapping/share/openslam_gmapping/package.xml
[13.339s] -- Installing: /home/yusuf/Guzergah_SDT/install/openslam_gmapping/lib/libgridfastslam.a
[13.340s] -- Installing: /home/yusuf/Guzergah_SDT/install/openslam_gmapping/lib/libscanmatcher.a
[13.341s] -- Up-to-date: /home/yusuf/Guzergah_SDT/install/openslam_gmapping/share/openslam_gmapping/environment/library_path.sh
[13.341s] -- Up-to-date: /home/yusuf/Guzergah_SDT/install/openslam_gmapping/share/openslam_gmapping/environment/library_path.dsv
[13.341s] -- Installing: /home/yusuf/Guzergah_SDT/install/openslam_gmapping/lib/libsensor_base.a
[13.342s] -- Up-to-date: /home/yusuf/Guzergah_SDT/install/openslam_gmapping/share/openslam_gmapping/environment/library_path.sh
[13.342s] -- Up-to-date: /home/yusuf/Guzergah_SDT/install/openslam_gmapping/share/openslam_gmapping/environment/library_path.dsv
[13.342s] -- Installing: /home/yusuf/Guzergah_SDT/install/openslam_gmapping/lib/libsensor_odometry.a
[13.342s] -- Installing: /home/yusuf/Guzergah_SDT/install/openslam_gmapping/lib/libsensor_range.a
[13.343s] -- Installing: /home/yusuf/Guzergah_SDT/install/openslam_gmapping/lib/libutils.a
[13.343s] -- Up-to-date: /home/yusuf/Guzergah_SDT/install/openslam_gmapping/share/openslam_gmapping/environment/library_path.sh
[13.343s] -- Up-to-date: /home/yusuf/Guzergah_SDT/install/openslam_gmapping/share/openslam_gmapping/environment/library_path.dsv
[13.349s] Invoked command in '/home/yusuf/Guzergah_SDT/build/openslam_gmapping' returned '0': CMAKE_PREFIX_PATH=${CMAKE_PREFIX_PATH}:/home/yusuf/Guzergah_SDT/install/nav2_simple_commander:/opt/ros/humble /usr/bin/cmake --install /home/yusuf/Guzergah_SDT/build/openslam_gmapping
