[0.035s] Invoking command in '/home/yusuf/Guzergah_SDT/build/sdt_project': CMAKE_PREFIX_PATH=${CMAKE_PREFIX_PATH}:/opt/ros/humble /usr/bin/cmake --build /home/yusuf/Guzergah_SDT/build/sdt_project -- -j8 -l8
[0.148s] [  3%] Built target sdt_project__cpp
[0.160s] [ 12%] Built target sdt_project__rosidl_generator_c
[0.190s] [ 12%] Built target ament_cmake_python_copy_sdt_project
[0.237s] [ 22%] Built target sdt_project__rosidl_typesupport_fastrtps_cpp
[0.241s] [ 32%] Built target sdt_project__rosidl_typesupport_cpp
[0.241s] [ 41%] Built target sdt_project__rosidl_typesupport_introspection_cpp
[0.252s] [ 61%] Built target sdt_project__rosidl_typesupport_fastrtps_c
[0.253s] [ 61%] Built target sdt_project__rosidl_typesupport_c
[0.253s] [ 70%] Built target sdt_project__rosidl_typesupport_introspection_c
[0.299s] [ 70%] Built target sdt_project
[0.348s] [ 74%] Built target sdt_project__py
[0.400s] [ 80%] Built target sdt_project__rosidl_generator_py
[0.465s] [ 87%] Built target sdt_project__rosidl_typesupport_fastrtps_c__pyext
[0.467s] [ 93%] Built target sdt_project__rosidl_typesupport_c__pyext
[0.473s] [100%] Built target sdt_project__rosidl_typesupport_introspection_c__pyext
[0.913s] running egg_info
[0.915s] writing sdt_project.egg-info/PKG-INFO
[0.915s] writing dependency_links to sdt_project.egg-info/dependency_links.txt
[0.916s] writing top-level names to sdt_project.egg-info/top_level.txt
[0.922s] reading manifest file 'sdt_project.egg-info/SOURCES.txt'
[0.923s] writing manifest file 'sdt_project.egg-info/SOURCES.txt'
[0.979s] [100%] Built target ament_cmake_python_build_sdt_project_egg
[1.001s] Invoked command in '/home/yusuf/Guzergah_SDT/build/sdt_project' returned '0': CMAKE_PREFIX_PATH=${CMAKE_PREFIX_PATH}:/opt/ros/humble /usr/bin/cmake --build /home/yusuf/Guzergah_SDT/build/sdt_project -- -j8 -l8
[1.139s] Invoking command in '/home/yusuf/Guzergah_SDT/build/sdt_project': CMAKE_PREFIX_PATH=${CMAKE_PREFIX_PATH}:/opt/ros/humble /usr/bin/cmake --install /home/yusuf/Guzergah_SDT/build/sdt_project
[1.154s] -- Install configuration: ""
[1.154s] -- Up-to-date: /home/yusuf/Guzergah_SDT/install/sdt_project/share/ament_index/resource_index/rosidl_interfaces/sdt_project
[1.154s] -- Up-to-date: /home/yusuf/Guzergah_SDT/install/sdt_project/include/sdt_project/sdt_project
[1.155s] -- Up-to-date: /home/yusuf/Guzergah_SDT/install/sdt_project/include/sdt_project/sdt_project/msg
[1.155s] -- Up-to-date: /home/yusuf/Guzergah_SDT/install/sdt_project/include/sdt_project/sdt_project/msg/motor_values.h
[1.155s] -- Up-to-date: /home/yusuf/Guzergah_SDT/install/sdt_project/include/sdt_project/sdt_project/msg/detail
[1.155s] -- Up-to-date: /home/yusuf/Guzergah_SDT/install/sdt_project/include/sdt_project/sdt_project/msg/detail/motor_values__type_support.h
[1.155s] -- Up-to-date: /home/yusuf/Guzergah_SDT/install/sdt_project/include/sdt_project/sdt_project/msg/detail/motor_values__functions.h
[1.156s] -- Up-to-date: /home/yusuf/Guzergah_SDT/install/sdt_project/include/sdt_project/sdt_project/msg/detail/motor_values__struct.h
[1.156s] -- Up-to-date: /home/yusuf/Guzergah_SDT/install/sdt_project/include/sdt_project/sdt_project/msg/detail/motor_values__functions.c
[1.156s] -- Up-to-date: /home/yusuf/Guzergah_SDT/install/sdt_project/include/sdt_project/sdt_project/msg/rosidl_generator_c__visibility_control.h
[1.156s] -- Up-to-date: /home/yusuf/Guzergah_SDT/install/sdt_project/share/sdt_project/environment/library_path.sh
[1.156s] -- Up-to-date: /home/yusuf/Guzergah_SDT/install/sdt_project/share/sdt_project/environment/library_path.dsv
[1.157s] -- Up-to-date: /home/yusuf/Guzergah_SDT/install/sdt_project/lib/libsdt_project__rosidl_generator_c.so
[1.157s] -- Up-to-date: /home/yusuf/Guzergah_SDT/install/sdt_project/include/sdt_project/sdt_project
[1.157s] -- Up-to-date: /home/yusuf/Guzergah_SDT/install/sdt_project/include/sdt_project/sdt_project/msg
[1.157s] -- Up-to-date: /home/yusuf/Guzergah_SDT/install/sdt_project/include/sdt_project/sdt_project/msg/rosidl_typesupport_fastrtps_c__visibility_control.h
[1.157s] -- Up-to-date: /home/yusuf/Guzergah_SDT/install/sdt_project/include/sdt_project/sdt_project/msg/detail
[1.158s] -- Up-to-date: /home/yusuf/Guzergah_SDT/install/sdt_project/include/sdt_project/sdt_project/msg/detail/motor_values__rosidl_typesupport_fastrtps_c.h
[1.158s] -- Up-to-date: /home/yusuf/Guzergah_SDT/install/sdt_project/lib/libsdt_project__rosidl_typesupport_fastrtps_c.so
[1.158s] -- Up-to-date: /home/yusuf/Guzergah_SDT/install/sdt_project/include/sdt_project/sdt_project
[1.158s] -- Up-to-date: /home/yusuf/Guzergah_SDT/install/sdt_project/include/sdt_project/sdt_project/msg
[1.158s] -- Up-to-date: /home/yusuf/Guzergah_SDT/install/sdt_project/include/sdt_project/sdt_project/msg/rosidl_typesupport_introspection_c__visibility_control.h
[1.159s] -- Up-to-date: /home/yusuf/Guzergah_SDT/install/sdt_project/include/sdt_project/sdt_project/msg/detail
[1.159s] -- Up-to-date: /home/yusuf/Guzergah_SDT/install/sdt_project/include/sdt_project/sdt_project/msg/detail/motor_values__rosidl_typesupport_introspection_c.h
[1.159s] -- Up-to-date: /home/yusuf/Guzergah_SDT/install/sdt_project/include/sdt_project/sdt_project/msg/detail/motor_values__type_support.c
[1.159s] -- Up-to-date: /home/yusuf/Guzergah_SDT/install/sdt_project/lib/libsdt_project__rosidl_typesupport_introspection_c.so
[1.159s] -- Up-to-date: /home/yusuf/Guzergah_SDT/install/sdt_project/lib/libsdt_project__rosidl_typesupport_c.so
[1.159s] -- Up-to-date: /home/yusuf/Guzergah_SDT/install/sdt_project/include/sdt_project/sdt_project
[1.160s] -- Up-to-date: /home/yusuf/Guzergah_SDT/install/sdt_project/include/sdt_project/sdt_project/msg
[1.160s] -- Up-to-date: /home/yusuf/Guzergah_SDT/install/sdt_project/include/sdt_project/sdt_project/msg/detail
[1.160s] -- Up-to-date: /home/yusuf/Guzergah_SDT/install/sdt_project/include/sdt_project/sdt_project/msg/detail/motor_values__traits.hpp
[1.160s] -- Up-to-date: /home/yusuf/Guzergah_SDT/install/sdt_project/include/sdt_project/sdt_project/msg/detail/motor_values__builder.hpp
[1.160s] -- Up-to-date: /home/yusuf/Guzergah_SDT/install/sdt_project/include/sdt_project/sdt_project/msg/detail/motor_values__struct.hpp
[1.160s] -- Up-to-date: /home/yusuf/Guzergah_SDT/install/sdt_project/include/sdt_project/sdt_project/msg/motor_values.hpp
[1.161s] -- Up-to-date: /home/yusuf/Guzergah_SDT/install/sdt_project/include/sdt_project/sdt_project
[1.161s] -- Up-to-date: /home/yusuf/Guzergah_SDT/install/sdt_project/include/sdt_project/sdt_project/msg
[1.161s] -- Up-to-date: /home/yusuf/Guzergah_SDT/install/sdt_project/include/sdt_project/sdt_project/msg/detail
[1.161s] -- Up-to-date: /home/yusuf/Guzergah_SDT/install/sdt_project/include/sdt_project/sdt_project/msg/detail/dds_fastrtps
[1.162s] -- Up-to-date: /home/yusuf/Guzergah_SDT/install/sdt_project/include/sdt_project/sdt_project/msg/detail/motor_values__rosidl_typesupport_fastrtps_cpp.hpp
[1.162s] -- Up-to-date: /home/yusuf/Guzergah_SDT/install/sdt_project/include/sdt_project/sdt_project/msg/rosidl_typesupport_fastrtps_cpp__visibility_control.h
[1.162s] -- Up-to-date: /home/yusuf/Guzergah_SDT/install/sdt_project/lib/libsdt_project__rosidl_typesupport_fastrtps_cpp.so
[1.162s] -- Up-to-date: /home/yusuf/Guzergah_SDT/install/sdt_project/include/sdt_project/sdt_project
[1.162s] -- Up-to-date: /home/yusuf/Guzergah_SDT/install/sdt_project/include/sdt_project/sdt_project/msg
[1.162s] -- Up-to-date: /home/yusuf/Guzergah_SDT/install/sdt_project/include/sdt_project/sdt_project/msg/detail
[1.162s] -- Up-to-date: /home/yusuf/Guzergah_SDT/install/sdt_project/include/sdt_project/sdt_project/msg/detail/motor_values__type_support.cpp
[1.163s] -- Up-to-date: /home/yusuf/Guzergah_SDT/install/sdt_project/include/sdt_project/sdt_project/msg/detail/motor_values__rosidl_typesupport_introspection_cpp.hpp
[1.163s] -- Up-to-date: /home/yusuf/Guzergah_SDT/install/sdt_project/lib/libsdt_project__rosidl_typesupport_introspection_cpp.so
[1.163s] -- Up-to-date: /home/yusuf/Guzergah_SDT/install/sdt_project/lib/libsdt_project__rosidl_typesupport_cpp.so
[1.163s] -- Up-to-date: /home/yusuf/Guzergah_SDT/install/sdt_project/share/sdt_project/environment/pythonpath.sh
[1.163s] -- Up-to-date: /home/yusuf/Guzergah_SDT/install/sdt_project/share/sdt_project/environment/pythonpath.dsv
[1.163s] -- Up-to-date: /home/yusuf/Guzergah_SDT/install/sdt_project/local/lib/python3.10/dist-packages/sdt_project-0.0.0-py3.10.egg-info
[1.163s] -- Installing: /home/yusuf/Guzergah_SDT/install/sdt_project/local/lib/python3.10/dist-packages/sdt_project-0.0.0-py3.10.egg-info/dependency_links.txt
[1.164s] -- Installing: /home/yusuf/Guzergah_SDT/install/sdt_project/local/lib/python3.10/dist-packages/sdt_project-0.0.0-py3.10.egg-info/SOURCES.txt
[1.164s] -- Installing: /home/yusuf/Guzergah_SDT/install/sdt_project/local/lib/python3.10/dist-packages/sdt_project-0.0.0-py3.10.egg-info/top_level.txt
[1.164s] -- Installing: /home/yusuf/Guzergah_SDT/install/sdt_project/local/lib/python3.10/dist-packages/sdt_project-0.0.0-py3.10.egg-info/PKG-INFO
[1.164s] -- Up-to-date: /home/yusuf/Guzergah_SDT/install/sdt_project/local/lib/python3.10/dist-packages/sdt_project
[1.164s] -- Up-to-date: /home/yusuf/Guzergah_SDT/install/sdt_project/local/lib/python3.10/dist-packages/sdt_project/sdt_project_s__rosidl_typesupport_c.cpython-310-x86_64-linux-gnu.so
[1.164s] -- Up-to-date: /home/yusuf/Guzergah_SDT/install/sdt_project/local/lib/python3.10/dist-packages/sdt_project/_sdt_project_s.ep.rosidl_typesupport_introspection_c.c
[1.164s] -- Up-to-date: /home/yusuf/Guzergah_SDT/install/sdt_project/local/lib/python3.10/dist-packages/sdt_project/sdt_project_s__rosidl_typesupport_fastrtps_c.cpython-310-x86_64-linux-gnu.so
[1.164s] -- Up-to-date: /home/yusuf/Guzergah_SDT/install/sdt_project/local/lib/python3.10/dist-packages/sdt_project/libsdt_project__rosidl_generator_py.so
[1.165s] -- Up-to-date: /home/yusuf/Guzergah_SDT/install/sdt_project/local/lib/python3.10/dist-packages/sdt_project/sdt_project_s__rosidl_typesupport_introspection_c.cpython-310-x86_64-linux-gnu.so
[1.165s] -- Up-to-date: /home/yusuf/Guzergah_SDT/install/sdt_project/local/lib/python3.10/dist-packages/sdt_project/msg
[1.165s] -- Up-to-date: /home/yusuf/Guzergah_SDT/install/sdt_project/local/lib/python3.10/dist-packages/sdt_project/msg/_motor_values_s.c
[1.165s] -- Up-to-date: /home/yusuf/Guzergah_SDT/install/sdt_project/local/lib/python3.10/dist-packages/sdt_project/msg/_motor_values.py
[1.165s] -- Up-to-date: /home/yusuf/Guzergah_SDT/install/sdt_project/local/lib/python3.10/dist-packages/sdt_project/msg/__init__.py
[1.165s] -- Up-to-date: /home/yusuf/Guzergah_SDT/install/sdt_project/local/lib/python3.10/dist-packages/sdt_project/__init__.py
[1.165s] -- Up-to-date: /home/yusuf/Guzergah_SDT/install/sdt_project/local/lib/python3.10/dist-packages/sdt_project/_sdt_project_s.ep.rosidl_typesupport_c.c
[1.166s] -- Up-to-date: /home/yusuf/Guzergah_SDT/install/sdt_project/local/lib/python3.10/dist-packages/sdt_project/_sdt_project_s.ep.rosidl_typesupport_fastrtps_c.c
[1.238s] Listing '/home/yusuf/Guzergah_SDT/install/sdt_project/local/lib/python3.10/dist-packages/sdt_project'...
[1.238s] Listing '/home/yusuf/Guzergah_SDT/install/sdt_project/local/lib/python3.10/dist-packages/sdt_project/msg'...
[1.248s] -- Up-to-date: /home/yusuf/Guzergah_SDT/install/sdt_project/local/lib/python3.10/dist-packages/sdt_project/sdt_project_s__rosidl_typesupport_fastrtps_c.cpython-310-x86_64-linux-gnu.so
[1.248s] -- Up-to-date: /home/yusuf/Guzergah_SDT/install/sdt_project/local/lib/python3.10/dist-packages/sdt_project/sdt_project_s__rosidl_typesupport_introspection_c.cpython-310-x86_64-linux-gnu.so
[1.249s] -- Up-to-date: /home/yusuf/Guzergah_SDT/install/sdt_project/local/lib/python3.10/dist-packages/sdt_project/sdt_project_s__rosidl_typesupport_c.cpython-310-x86_64-linux-gnu.so
[1.249s] -- Up-to-date: /home/yusuf/Guzergah_SDT/install/sdt_project/lib/libsdt_project__rosidl_generator_py.so
[1.250s] -- Up-to-date: /home/yusuf/Guzergah_SDT/install/sdt_project/share/sdt_project/msg/MotorValues.idl
[1.250s] -- Up-to-date: /home/yusuf/Guzergah_SDT/install/sdt_project/share/sdt_project/msg/MotorValues.msg
[1.250s] -- Up-to-date: /home/yusuf/Guzergah_SDT/install/sdt_project/lib/sdt_project/deneme_pid2.py
[1.250s] -- Up-to-date: /home/yusuf/Guzergah_SDT/install/sdt_project/lib/sdt_project/usb_com.py
[1.251s] -- Up-to-date: /home/yusuf/Guzergah_SDT/install/sdt_project/lib/sdt_project/TCP_com.py
[1.251s] -- Up-to-date: /home/yusuf/Guzergah_SDT/install/sdt_project/lib/sdt_project/diff_node.py
[1.252s] -- Installing: /home/yusuf/Guzergah_SDT/install/sdt_project/lib/sdt_project/line_follow_main.py
[1.252s] -- Up-to-date: /home/yusuf/Guzergah_SDT/install/sdt_project/lib/sdt_project/manuel_kumanda.py
[1.252s] -- Up-to-date: /home/yusuf/Guzergah_SDT/install/sdt_project/lib/sdt_project/navigation_1.py
[1.253s] -- Up-to-date: /home/yusuf/Guzergah_SDT/install/sdt_project/lib/sdt_project/navigation_2.py
[1.253s] -- Up-to-date: /home/yusuf/Guzergah_SDT/install/sdt_project/lib/sdt_project/navigation_3.py
[1.253s] -- Up-to-date: /home/yusuf/Guzergah_SDT/install/sdt_project/lib/sdt_project/navigation_4.py
[1.253s] -- Up-to-date: /home/yusuf/Guzergah_SDT/install/sdt_project/lib/sdt_project/qr_detect.py
[1.254s] -- Up-to-date: /home/yusuf/Guzergah_SDT/install/sdt_project/lib/sdt_project/tcp_usb.py
[1.254s] -- Up-to-date: /home/yusuf/Guzergah_SDT/install/sdt_project/lib/sdt_project/pid_line_follower.py
[1.254s] -- Up-to-date: /home/yusuf/Guzergah_SDT/install/sdt_project/share/sdt_project/launch/SLAM.launch.py
[1.255s] -- Up-to-date: /home/yusuf/Guzergah_SDT/install/sdt_project/share/sdt_project/launch/mission1.launch.py
[1.255s] -- Up-to-date: /home/yusuf/Guzergah_SDT/install/sdt_project/share/sdt_project/launch/mission2.launch.py
[1.255s] -- Up-to-date: /home/yusuf/Guzergah_SDT/install/sdt_project/share/sdt_project/launch/mission3.launch.py
[1.256s] -- Up-to-date: /home/yusuf/Guzergah_SDT/install/sdt_project/share/sdt_project/launch/mission4.launch.py
[1.256s] -- Up-to-date: /home/yusuf/Guzergah_SDT/install/sdt_project/share/sdt_project/launch/cartographer.launch.py
[1.256s] -- Up-to-date: /home/yusuf/Guzergah_SDT/install/sdt_project/share/sdt_project/launch/occupancy_grid.launch.py
[1.256s] -- Up-to-date: /home/yusuf/Guzergah_SDT/install/sdt_project/share/ament_index/resource_index/package_run_dependencies/sdt_project
[1.257s] -- Up-to-date: /home/yusuf/Guzergah_SDT/install/sdt_project/share/ament_index/resource_index/parent_prefix_path/sdt_project
[1.257s] -- Up-to-date: /home/yusuf/Guzergah_SDT/install/sdt_project/share/sdt_project/environment/ament_prefix_path.sh
[1.257s] -- Up-to-date: /home/yusuf/Guzergah_SDT/install/sdt_project/share/sdt_project/environment/ament_prefix_path.dsv
[1.257s] -- Up-to-date: /home/yusuf/Guzergah_SDT/install/sdt_project/share/sdt_project/environment/path.sh
[1.258s] -- Up-to-date: /home/yusuf/Guzergah_SDT/install/sdt_project/share/sdt_project/environment/path.dsv
[1.258s] -- Up-to-date: /home/yusuf/Guzergah_SDT/install/sdt_project/share/sdt_project/local_setup.bash
[1.258s] -- Up-to-date: /home/yusuf/Guzergah_SDT/install/sdt_project/share/sdt_project/local_setup.sh
[1.258s] -- Up-to-date: /home/yusuf/Guzergah_SDT/install/sdt_project/share/sdt_project/local_setup.zsh
[1.259s] -- Up-to-date: /home/yusuf/Guzergah_SDT/install/sdt_project/share/sdt_project/local_setup.dsv
[1.260s] -- Installing: /home/yusuf/Guzergah_SDT/install/sdt_project/share/sdt_project/package.dsv
[1.263s] -- Up-to-date: /home/yusuf/Guzergah_SDT/install/sdt_project/share/ament_index/resource_index/packages/sdt_project
[1.263s] -- Up-to-date: /home/yusuf/Guzergah_SDT/install/sdt_project/share/sdt_project/cmake/export_sdt_project__rosidl_generator_cExport.cmake
[1.263s] -- Up-to-date: /home/yusuf/Guzergah_SDT/install/sdt_project/share/sdt_project/cmake/export_sdt_project__rosidl_generator_cExport-noconfig.cmake
[1.264s] -- Up-to-date: /home/yusuf/Guzergah_SDT/install/sdt_project/share/sdt_project/cmake/export_sdt_project__rosidl_typesupport_fastrtps_cExport.cmake
[1.264s] -- Up-to-date: /home/yusuf/Guzergah_SDT/install/sdt_project/share/sdt_project/cmake/export_sdt_project__rosidl_typesupport_fastrtps_cExport-noconfig.cmake
[1.264s] -- Up-to-date: /home/yusuf/Guzergah_SDT/install/sdt_project/share/sdt_project/cmake/sdt_project__rosidl_typesupport_introspection_cExport.cmake
[1.265s] -- Up-to-date: /home/yusuf/Guzergah_SDT/install/sdt_project/share/sdt_project/cmake/sdt_project__rosidl_typesupport_introspection_cExport-noconfig.cmake
[1.265s] -- Up-to-date: /home/yusuf/Guzergah_SDT/install/sdt_project/share/sdt_project/cmake/sdt_project__rosidl_typesupport_cExport.cmake
[1.266s] -- Up-to-date: /home/yusuf/Guzergah_SDT/install/sdt_project/share/sdt_project/cmake/sdt_project__rosidl_typesupport_cExport-noconfig.cmake
[1.266s] -- Up-to-date: /home/yusuf/Guzergah_SDT/install/sdt_project/share/sdt_project/cmake/export_sdt_project__rosidl_generator_cppExport.cmake
[1.266s] -- Up-to-date: /home/yusuf/Guzergah_SDT/install/sdt_project/share/sdt_project/cmake/export_sdt_project__rosidl_typesupport_fastrtps_cppExport.cmake
[1.266s] -- Up-to-date: /home/yusuf/Guzergah_SDT/install/sdt_project/share/sdt_project/cmake/export_sdt_project__rosidl_typesupport_fastrtps_cppExport-noconfig.cmake
[1.267s] -- Up-to-date: /home/yusuf/Guzergah_SDT/install/sdt_project/share/sdt_project/cmake/sdt_project__rosidl_typesupport_introspection_cppExport.cmake
[1.268s] -- Up-to-date: /home/yusuf/Guzergah_SDT/install/sdt_project/share/sdt_project/cmake/sdt_project__rosidl_typesupport_introspection_cppExport-noconfig.cmake
[1.268s] -- Up-to-date: /home/yusuf/Guzergah_SDT/install/sdt_project/share/sdt_project/cmake/sdt_project__rosidl_typesupport_cppExport.cmake
[1.268s] -- Up-to-date: /home/yusuf/Guzergah_SDT/install/sdt_project/share/sdt_project/cmake/sdt_project__rosidl_typesupport_cppExport-noconfig.cmake
[1.269s] -- Up-to-date: /home/yusuf/Guzergah_SDT/install/sdt_project/share/sdt_project/cmake/export_sdt_project__rosidl_generator_pyExport.cmake
[1.269s] -- Up-to-date: /home/yusuf/Guzergah_SDT/install/sdt_project/share/sdt_project/cmake/export_sdt_project__rosidl_generator_pyExport-noconfig.cmake
[1.269s] -- Up-to-date: /home/yusuf/Guzergah_SDT/install/sdt_project/share/sdt_project/cmake/rosidl_cmake-extras.cmake
[1.269s] -- Up-to-date: /home/yusuf/Guzergah_SDT/install/sdt_project/share/sdt_project/cmake/ament_cmake_export_include_directories-extras.cmake
[1.270s] -- Up-to-date: /home/yusuf/Guzergah_SDT/install/sdt_project/share/sdt_project/cmake/ament_cmake_export_libraries-extras.cmake
[1.270s] -- Up-to-date: /home/yusuf/Guzergah_SDT/install/sdt_project/share/sdt_project/cmake/ament_cmake_export_targets-extras.cmake
[1.270s] -- Up-to-date: /home/yusuf/Guzergah_SDT/install/sdt_project/share/sdt_project/cmake/rosidl_cmake_export_typesupport_targets-extras.cmake
[1.270s] -- Up-to-date: /home/yusuf/Guzergah_SDT/install/sdt_project/share/sdt_project/cmake/ament_cmake_export_dependencies-extras.cmake
[1.271s] -- Up-to-date: /home/yusuf/Guzergah_SDT/install/sdt_project/share/sdt_project/cmake/rosidl_cmake_export_typesupport_libraries-extras.cmake
[1.271s] -- Up-to-date: /home/yusuf/Guzergah_SDT/install/sdt_project/share/sdt_project/cmake/sdt_projectConfig.cmake
[1.271s] -- Up-to-date: /home/yusuf/Guzergah_SDT/install/sdt_project/share/sdt_project/cmake/sdt_projectConfig-version.cmake
[1.272s] -- Up-to-date: /home/yusuf/Guzergah_SDT/install/sdt_project/share/sdt_project/package.xml
[1.272s] Invoked command in '/home/yusuf/Guzergah_SDT/build/sdt_project' returned '0': CMAKE_PREFIX_PATH=${CMAKE_PREFIX_PATH}:/opt/ros/humble /usr/bin/cmake --install /home/yusuf/Guzergah_SDT/build/sdt_project
